         w __deregister_frame_info
         w __register_frame_info
         w userAppExit
         w userAppInit
00000000 00000401 B __ctru_dev_path_buf
00000000 b _TLS_MODULE_BASE_
00000000 a shift
00000404 00000802 B __ctru_dev_utf16_buf
00100000 A __start__
00100000 T _start
00100008 T __service_ptr
0010000c T __apt_appid
00100010 T __heap_size
00100014 T __linear_heap_size
00100018 T __system_arglist
0010001c T __system_runflags
00100020 t startup
00100058 t ClearMem
0010006c t ClrLoop
00100094 T _init
001000ac T __aeabi_drsub
001000b4 000002b0 T __aeabi_dsub
001000b4 000002b0 T __subdf3
001000b8 000002ac T __adddf3
001000b8 000002ac T __aeabi_dadd
00100364 00000024 T __aeabi_ui2d
00100364 00000024 T __floatunsidf
00100388 00000028 T __aeabi_i2d
00100388 00000028 T __floatsidf
001003b0 00000048 T __aeabi_f2d
001003b0 00000048 T __extendsfdf2
001003f8 00000074 T __aeabi_ul2d
001003f8 00000074 T __floatundidf
0010040c 00000060 T __aeabi_l2d
0010040c 00000060 T __floatdidf
0010046c T __aeabi_ldivmod
00100540 00000004 W __aeabi_idiv0
00100540 00000004 W __aeabi_ldiv0
00100568 00000390 T strcmp
001008f0 t .udivsi3_skip_div0_test
001008f0 T __aeabi_uidiv
001008f0 000001ec T __udivsi3
00100adc 00000020 T __aeabi_uidivmod
00100afc t __do_global_dtors_aux
00100b3c t frame_dummy
00100b68 000000fc t sceneRender
00100c64 000002dc T main
00100f40 00000004 W C3Di_LightEnvUpdate
00100f44 00000004 W C3Di_LightEnvDirty
00100f48 00000004 W C3Di_ProcTexUpdate
00100f4c 00000004 W C3Di_ProcTexDirty
00100f50 000000b4 t C3Di_AptEventHook
00101004 00000004 W C3Di_GasUpdate
00101008 000001e0 T C3D_Init
001011e8 00000098 T C3D_SetViewport
00101280 000004ec T C3Di_UpdateContext
0010176c 000000e0 T C3Di_SplitFrame
0010184c 00000044 T C3D_Fini
00101890 00000108 T C3D_BindProgram
00101998 00000060 T C3D_FixedAttribGetWritePtr
001019f8 0000004c t onVBlank0
00101a44 0000004c t onVBlank1
00101a90 00000080 t C3Di_RenderTargetDestroy
00101b10 000000f4 t onQueueFinish
00101c04 00000038 T C3Di_RenderQueueEnableVBlank
00101c3c 00000030 T C3Di_RenderQueueDisableVBlank
00101c6c 00000060 T C3Di_RenderQueueInit
00101ccc 000000b0 T C3Di_RenderQueueExit
00101d7c 00000034 T C3Di_RenderQueueWaitDone
00101db0 000000e4 T C3D_FrameBegin
00101e94 00000048 T C3D_FrameDrawOn
00101edc 000001d8 T C3D_FrameEnd
001020b4 00000128 T C3D_RenderTargetCreate
001021dc 000000a8 T C3D_RenderTargetSetOutput
00102284 0000016c T C3Di_SetTex
001023f0 0000001c T C3D_CalcColorBufSize
0010240c 0000001c T C3D_CalcDepthBufSize
00102428 00000044 T C3D_SetFrameBuf
0010246c 0000016c T C3Di_FrameBufBind
001025d8 000000cc T C3D_FrameBufClear
001026a4 00000044 T C3D_FrameBufTransfer
001026e8 00000034 T C3D_GetTexEnv
0010271c 00000024 T C3Di_TexEnvBind
00102740 00000024 T BufInfo_Init
00102764 00000080 T BufInfo_Add
001027e4 00000020 T C3D_GetBufInfo
00102804 00000048 T C3Di_BufInfoBind
0010284c 00000148 T C3D_DrawArrays
00102994 00000040 T C3D_DepthMap
001029d4 0000001c T C3D_CullFace
001029f0 00000040 T C3D_StencilTest
00102a30 00000024 T C3D_StencilOp
00102a54 0000001c T C3D_BlendingColor
00102a70 00000024 T C3D_EarlyDepthTest
00102a94 0000002c T C3D_DepthTest
00102ac0 0000002c T C3D_AlphaTest
00102aec 00000050 T C3D_AlphaBlend
00102b3c 00000030 T C3D_FragOpMode
00102b6c 00000044 T C3D_FragOpShadow
00102bb0 000001ac T C3Di_EffectBind
00102d5c 00000028 T AttrInfo_Init
00102d84 00000098 T AttrInfo_AddLoader
00102e1c 00000060 T AttrInfo_AddFixed
00102e7c 00000020 T C3D_GetAttrInfo
00102e9c 00000080 T C3Di_AttrInfoBind
00102f1c 000000a8 T C3D_ImmSendAttrib
00102fc4 0000029c T C3D_UpdateUniforms
00103260 000000c0 T C3Di_DirtyUniforms
00103320 000000d8 T C3Di_LoadShaderUniforms
001033f8 00000028 T C3Di_ClearShaderUniforms
00103420 000000cc T Mtx_OrthoTilt
001034ec 00000024 t addrMapNodeComparator(rbtree_node const*, rbtree_node const*)
00103510 00000004 t addrMapNodeDestructor(rbtree_node*)
00103514 00000114 T vramMemAlign
00103628 00000008 T vramAlloc
00103630 0000005c T vramFree
0010368c 00000024 t addrMapNodeComparator(rbtree_node const*, rbtree_node const*)
001036b0 00000004 t addrMapNodeDestructor(rbtree_node*)
001036b4 00000120 T linearMemAlign
001037d4 00000008 T linearAlloc
001037dc 0000005c T linearFree
00103838 00000084 T MemPool::CoalesceRight(MemBlock*)
001038bc 00000170 T MemPool::Allocate(MemChunk&, unsigned long, int)
00103a2c 000000fc T MemPool::Deallocate(MemChunk const&)
00103b28 00000074 T osConvertVirtToPhys
00103b9c 00000054 T osGetTimeRef
00103bf0 000000e4 T osGetTime
00103cd4 00000074 T __libctru_gtod
00103d48 00000034 T __ctru_speedup_config
00103d7c 000000d0 t gfxPresentFramebuffer
00103e4c 000000ec T gfxSetScreenFormat
00103f38 00000108 T gfxInit
00104040 00000010 T gfxInitDefault
00104050 000000b4 T gfxExit
00104104 000000a0 T gfxGetFramebuffer
001041a4 00000030 T gfxScreenSwapBuffers
001041d4 000001e0 T shaderInstanceInit
001043b4 00000018 T shaderInstanceGetUniformLocation
001043cc 0000001c T shaderProgramInit
001043e8 00000064 T shaderProgramFree
0010444c 00000080 T shaderProgramSetVsh
001044cc 000008c0 T shaderProgramConfigure
00104d8c 000001f8 t DVLE_GenerateOutmap.part.0
00104f84 000001cc T DVLB_ParseFile
00105150 00000038 T DVLB_Free
00105188 00000074 T DVLE_GetUniformRegister
001051fc 00000010 T GX_BindQueue
0010520c 00000078 T GX_ProcessCommandList
00105284 00000074 T GX_MemoryFill
001052f8 00000070 T GX_DisplayTransfer
00105368 00000068 t gxCmdQueueDoCommands.part.0
001053d0 000000c8 T gxCmdQueueInterrupt
00105498 0000004c T gxCmdQueueClear
001054e4 000000f8 T gxCmdQueueAdd
001055dc 00000080 T gxCmdQueueRun
0010565c 00000060 T gxCmdQueueStop
001056bc 00000074 T gxCmdQueueWait
00105730 0000013c T GPUCMD_Add
0010586c 000000ac T GPUCMD_Split
00105918 00000040 T f32tof16
00105958 00000040 T f32tof24
00105998 00000044 T f32tof31
001059dc 00000c58 t gspHardwareInit
00106634 00000254 T gspInit
00106888 000000f0 T gspExit
00106978 00000010 T gspHasGpuRight
00106988 00000098 T gspPresentBuffer
00106a20 00000030 T gspSetEventCallback
00106a50 00000050 T gspWaitForEvent
00106aa0 0000004c T gspWaitForAnyEvent
00106aec 00000160 t gspEventThreadMain
00106c4c 00000130 T gspSubmitGxCommand
00106d7c 00000050 T GSPGPU_FlushDataCache
00106dcc 00000034 T GSPGPU_SetLcdForceBlack
00106e00 00000068 T GSPGPU_AcquireRight
00106e68 00000048 T GSPGPU_ReleaseRight
00106eb0 0000007c T GSPGPU_ImportDisplayCaptureInfo
00106f2c 0000002c T GSPGPU_SaveVramSysArea
00106f58 0000002c T GSPGPU_RestoreVramSysArea
00106f84 000001b0 t aptConvertScreenForCapture
00107134 00000008 W aptDspSleep
0010713c 00000004 W aptDspWakeup
00107140 00000004 W aptDspCancel
00107144 0000015c T aptSendCommand
001072a0 00000038 t aptExitProcess
001072d8 000002f0 T aptExit
001075c8 000000d8 T aptHandleSleep
001076a0 00000030 T aptHook
001076d0 00000030 T aptUnhook
00107700 00000084 T APT_SleepIfShellClosed
00107784 00000084 T aptSetSleepAllowed
00107808 00000084 T APT_UnlockTransition
00107890 00000484 t aptEventHandler
00107d14 000000b0 T APT_ReceiveParameter
00107dc4 000000b0 t aptReceiveParameter.constprop.0
00107e78 000002bc t aptScreenTransfer
00108134 000002d0 t aptWaitForWakeUp.isra.0
00108404 000000f8 T aptJumpToHomeMenu
001084fc 0000004c T aptMainLoop
00108548 00000234 T aptInit
0010877c 0000007c T APT_CheckNew3DS
001087f8 00000024 W hidShouldUseIrrst
0010881c 0000018c T hidInit
001089a8 000000e8 T hidExit
00108a90 00000294 T hidScanInput
00108d24 00000010 T hidKeysDown
00108d34 00000074 T ptmSysmInit
00108da8 0000003c T ptmSysmExit
00108de4 00000034 T PTMSYSM_ConfigureNew3DSCPU
00108e18 00000010 T rbtree_init
00108e28 000001a0 t do_insert
00108fc8 00000008 T rbtree_insert
00108fd0 00000090 T rbtree_rotate
00109060 00000338 T rbtree_remove
00109398 00000074 T rbtree_find
00109410 000001e0 W __system_allocateHeaps
001095f0 00000038 W __libctru_init
00109628 000000f0 W __system_initArgv
00109718 T svcControlMemory
00109738 T svcQueryMemory
00109768 T svcExitProcess
00109770 T svcCreateThread
00109790 T svcExitThread
00109798 T svcSleepThread
001097a0 T svcReleaseMutex
001097a8 T svcCreateEvent
001097bc T svcSignalEvent
001097c4 T svcClearEvent
001097cc T svcMapMemoryBlock
001097d4 T svcUnmapMemoryBlock
001097dc T svcCreateAddressArbiter
001097f0 T svcArbitrateAddressNoTimeout
001097f8 T svcCloseHandle
00109800 T svcWaitSynchronization
00109808 T svcWaitSynchronizationN
00109830 T svcDuplicateHandle
00109844 T svcGetSystemTick
0010984c T svcConnectToPort
00109860 T svcSendSyncRequest
00109868 T svcGetResourceLimit
0010987c T svcGetResourceLimitLimitValues
00109884 T svcGetResourceLimitCurrentValues
0010988c T svcBreak
00109894 W initSystem
001098e4 W __ctru_exit
001098fc 0000000c T __sync_init
00109908 00000018 T __sync_fini
00109920 0000002c T syncArbitrateAddress
0010994c 0000001c T LightLock_Init
00109968 00000094 T LightLock_Lock
001099fc 00000044 T LightLock_TryLock
00109a40 00000040 T LightLock_Unlock
00109a80 00000024 T RecursiveLock_Init
00109aa4 00000030 T RecursiveLock_Lock
00109ad4 00000078 T RecursiveLock_TryLock
00109b4c 00000054 T RecursiveLock_Unlock
00109ba0 00000040 T LightEvent_Init
00109be0 000000a4 T LightEvent_Clear
00109c84 000000c8 T LightEvent_Signal
00109d4c 00000058 T LightEvent_TryWait
00109da4 000000b0 T LightEvent_Wait
00109e54 00000124 T srvInit
00109f78 00000058 T srvExit
00109fd0 00000080 T srvGetServiceHandleDirect
0010a050 00000048 T srvGetServiceHandle
0010a098 00000038 T srvPublishToSubscriber
0010a0d0 00000188 T threadCreate
0010a258 0000002c T threadFree
0010a284 00000024 T threadJoin
0010a2a8 00000030 T threadGetCurrent
0010a2d8 00000040 T threadExit
0010a318 00000044 t _thread_begin
0010a35c 00000094 t mappableFindAddressWithin
0010a3f0 00000028 T mappableInit
0010a418 00000080 T mappableAlloc
0010a498 00000004 T mappableFree
0010a49c 00000160 T irrstInit
0010a5fc 000000cc T irrstExit
0010a6c8 000000b0 T irrstScanInput
0010a778 00000024 T irrstKeysHeld
0010a79c 0000000c T srvPmGetSessionHandle
0010a7a8 00000050 T rbtree_node_next
0010a7f8 00000030 W __appInit
0010a828 00000030 t __libctru_nanosleep
0010a858 00000030 t __libctru_get_reent
0010a888 000000f8 T __system_initSyscalls
0010a980 00000030 W __appExit
0010a9b0 00000090 W __libctru_exit
0010aa40 00000084 W envGetHandle
0010aac4 00000050 W envDestroyHandles
0010ab14 00000014 t archive_link
0010ab28 00000014 t archive_dirreset
0010ab3c 00000014 t archive_chmod
0010ab50 00000024 t error_cmp
0010ab74 00000050 t archive_translate_error
0010abc4 000000d4 t archive_seek
0010ac98 0000007c t _archiveInit.part.0
0010ad14 0000008c t archiveFindDevice.part.0
0010ada0 00000294 t archive_utf16path
0010b034 000000a0 t _archiveUnmountDeviceStruct.part.0
0010b0d4 00000014 t archive_fchmod
0010b0e8 00000014 t archive_statvfs
0010b0fc 00000158 t _archiveMountDevice
0010b254 000000e8 t archive_diropen
0010b33c 000000a4 t archive_fstat
0010b3e0 0000006c t archive_close
0010b44c 0000006c t archive_fsync
0010b4b8 00000070 t archive_dirclose
0010b528 000000e8 t sdmc_statvfs
0010b610 00000080 t archive_ftruncate
0010b690 000000fc t archive_chdir
0010b78c 000000b0 t archive_read
0010b83c 000000ac t archive_unlink
0010b8e8 000000c8 t archive_rmdir
0010b9b0 000000ec t archive_mkdir
0010ba9c 000001a8 t archive_stat
0010bc44 00000184 t archive_rename
0010bdc8 00000168 t archive_dirnext
0010bf30 0000012c t archive_write
0010c05c 000001f0 t archive_open
0010c24c 000001a4 T archiveMountSdmc
0010c3f0 00000054 T archiveUnmountAll
0010c444 000000c8 T fsInit
0010c50c 0000003c T fsExit
0010c548 00000060 T fsExemptFromSession
0010c5a8 00000050 T fsUnexemptFromSession
0010c5f8 000000cc T FSUSER_OpenFile
0010c6c4 000000bc T FSUSER_DeleteFile
0010c780 000000f8 T FSUSER_RenameFile
0010c878 000000bc T FSUSER_DeleteDirectory
0010c934 000000d4 T FSUSER_CreateFile
0010ca08 000000c4 T FSUSER_CreateDirectory
0010cacc 000000f8 T FSUSER_RenameDirectory
0010cbc4 000000b4 T FSUSER_OpenDirectory
0010cc78 00000094 T FSUSER_OpenArchive
0010cd0c 0000008c T FSUSER_CloseArchive
0010cd98 00000074 T FSUSER_GetSdmcArchiveResource
0010ce0c 00000064 T FSUSER_IsSdmcWritable
0010ce70 00000058 T FSFILE_Read
0010cec8 00000060 T FSFILE_Write
0010cf28 00000038 T FSFILE_GetSize
0010cf60 00000028 T FSFILE_SetSize
0010cf88 0000003c T FSFILE_Close
0010cfc4 00000024 T FSFILE_Flush
0010cfe8 00000050 T FSDIR_Read
0010d038 0000003c T FSDIR_Close
0010d074 000000e8 T utf16_to_utf8
0010d15c 00000064 T decode_utf16
0010d1c0 0000013c T decode_utf8
0010d2fc 000000c0 T utf8_to_utf16
0010d3bc T __aeabi_read_tp
0010d3c8 00000060 T encode_utf16
0010d428 000000fc T encode_utf8
0010d528 0000022c T cosf
0010d754 00000024 t with_errnof
0010d778 0000001c T __math_invalidf
0010d794 00000120 T __udivmoddi4
0010d8b4 00000078 T bsearch
0010d92c 00000028 T calloc
0010d954 00000094 T _calloc_r
0010d9e8 0000000c T __errno
0010d9f4 00000034 T exit
0010da28 0000003c T __libc_fini_array
0010da64 0000007c T __libc_init_array
0010dae0 00000028 T memalign
0010db08 00000148 T _memalign_r
0010dc50 00000020 T malloc
0010dc70 00000020 T free
0010dc90 000007f0 T _malloc_r
0010e480 0000011c T memcpy
0010e59c 00000118 T memset
0010e6b4 0000000c T __malloc_lock
0010e6c0 0000000c T __malloc_unlock
0010e6cc 0000005c T strlen
0010e728 000000ec T strncat
0010e814 000000dc T strncmp
0010e8f0 000000c0 T strncpy
0010e9b0 00000048 T strnlen
0010e9f8 00000114 T __call_exitprocs
0010eb0c 000000f8 T _malloc_trim_r
0010ec04 000002e4 T _free_r
0010eee8 00000008 t null_write
0010eef0 00000018 T setDefaultDevice
0010ef08 000000c8 T FindDevice
0010efd0 00000028 T RemoveDevice
0010eff8 0000009c T AddDevice
0010f094 00000020 T GetDeviceOpTab
0010f0b4 00000078 T _sbrk_r
0010f12c 00000024 T _exit
0010f150 000001b8 T _concatenate_path
0010f308 00000160 T chdir
0010f468 00000018 T __libc_lock_acquire_recursive
0010f480 00000018 T __libc_lock_release_recursive
0010f498 00000028 T __getreent
0010f4c0 00000144 T strchr
0010f604 00000044 T strrchr
0010f648 T _fini
00110000 00000024 r vertex_list
00110034 R vshader_shbin
0011014c R vshader_shbin_end
0011014c R vshader_shbin_size
0011015c 00000005 r colorFmtSizes
00110164 00000004 r depthFmtSizes
0011018c 00000008 r morton_x.3
00110194 00000008 r morton_y.2
0011019c 00000008 r s_sleepWakeEvents.4
001101f4 00000070 r archive_devoptab
00110264 00000030 r error_table
0011029c 00000060 R __inv_pio4
00110300 000000e0 R __sincosf_table
001103e0 00000004 R _global_impure_ptr
001103e4 00000070 R dotab_stdnull
00110454 00000101 R _ctype_
00110558 r 
00110558 R __exidx_end
00110558 R __exidx_start
00111000 00000004 d framerate
00111004 00000008 d framerateCounter
0011100c 00000004 d queueLock
00111010 00000004 d kCount
00111014 00000004 d kDelay
00111018 00000004 d kInterval
0011101c W __stacksize__
00111020 00000004 D _impure_ptr
00111028 00000460 d impure_data
00111488 00000408 D __malloc_av_
00111890 00000004 D __malloc_sbrk_base
00111894 00000004 D __malloc_trim_threshold
00111898 0000000c d __malloc_recursive_mutex
001118a4 0000000c D __atexit_recursive_mutex
001118b0 00000004 d defaultDevice
001118b4 0000008c D devoptab_list
00111940 00000400 d _current_working_directory
00111d48 d _GLOBAL_OFFSET_TABLE_
00111d54 d __frame_dummy_init_array_entry
00111d54 D __init_array_start
00111d54 B __preinit_array_end
00111d54 B __preinit_array_start
00111d54 D __tdata_lma
00111d54 D __tdata_lma_end
00111d58 d __do_global_dtors_aux_fini_array_entry
00111d58 D __fini_array_start
00111d58 D __init_array_end
00111d5c D __bss_start__
00111d5c D __fini_array_end
00111d5c 00000040 b projectionTop
00111d9c 00000040 b projectionBot
00111ddc 00000004 b uLoc_projection
00111de0 00000004 b vshader_dvlb
00111de4 00000014 b program
00111df8 00000004 b vbo_data
00111dfc b completed.1
00111e00 b object.0
00111e18 000002d0 B __C3D_Context
001120e8 0000000c b hookCookie
001120f8 00000010 b cpuTime
00112108 00000004 b firstTarget
0011210c 00000008 b frameCounter
00112114 00000004 b frameEndCb
00112118 00000004 b frameEndCbData
00112120 00000010 b gpuTime
00112130 00000001 b inFrame
00112131 00000001 b inSafeTransfer
00112132 00000001 b isTopStereo
00112134 00000004 b lastTarget
00112138 0000000c b linkedTarget
00112144 00000001 b measureGpuTime
00112145 00000001 b needSwapBot
00112146 00000001 b needSwapTop
00112148 00000004 B C3D_BoolUnifs
0011214c 00000002 B C3D_BoolUnifsDirty
00112150 00000c00 B C3D_FVUnif
00112d50 000000c0 B C3D_FVUnifDirty
00112e10 00000020 B C3D_IVUnif
00112e30 00000008 B C3D_IVUnifDirty
00112e38 000000c0 b C3Di_FVUnifEverDirty
00112ef8 00000008 b C3Di_IVUnifEverDirty
00112f00 00000018 b C3Di_ShaderFVecData
00112f18 0000000c b sAddrMap
00112f24 00000008 b sVramPool
00112f2c 00000008 b sLinearPool
00112f34 0000000c b sAddrMap
00112f40 00000001 V __ctru_speedup
00112f44 00000004 b gfxBottomFramebufferMaxSize
00112f48 00000008 b gfxBottomFramebuffers
00112f50 00000002 b gfxCurBuf
00112f54 00000002 b gfxFramebufferFormats
00112f58 00000002 b gfxIsDoubleBuf
00112f5a 00000001 b gfxIsVram
00112f5c 00000004 b gfxTopFramebufferMaxSize
00112f60 00000008 b gfxTopFramebuffers
00112f68 00000001 b gfxTopMode
00112f6c 00000004 b screenAlloc
00112f70 00000004 b screenFree
00112f74 00000004 b boundQueue
00112f78 00000004 b curQueue
00112f7c 00000001 b isActive
00112f7d 00000001 b isRunning
00112f7e 00000001 b shouldStop
00112f80 00000004 B gpuCmdBuf
00112f84 00000004 B gpuCmdBufOffset
00112f88 00000004 B gpuCmdBufSize
00112f8c 00000004 b gspEvent
00112f90 0000001c b gspEventCb
00112fac 0000001c b gspEventCbData
00112fc8 00000007 b gspEventCbOneShot
00112fd0 00000004 b gspEventThread
00112fd4 00000038 b gspEvents
0011300c 00000004 b gspGpuHandle
00113010 00000001 b gspGpuRight
00113014 00000004 b gspLastEvent
00113018 00000004 b gspRefCount
0011301c 00000001 b gspRunEvents
00113020 00000004 b gspSharedMem
00113024 00000004 b gspSharedMemHandle
00113028 00000001 b gspThreadId
00113029 00000001 b aptChainloadFlags
0011302a 00000001 b aptChainloadMediatype
00113030 00000008 b aptChainloadTid
00113038 00000004 b aptEventHandlerThread
0011303c 00000001 b aptEventHandlerThreadQuit
00113040 00000008 b aptEvents
00113048 0000000c b aptFirstHook
00113054 00000004 b aptFlags
00113058 00000001 b aptHomeButtonState
0011305c 00000004 b aptLockHandle
00113060 00000004 b aptMessageFunc
00113064 00000004 b aptMessageFuncData
00113068 00001000 b aptParameters
00114068 00000008 b aptReceiveEvent
00114070 00000004 b aptRefCount
00114074 00000008 b aptSleepEvent
0011407c 00000001 b flagInit.1
0011407d 00000001 b flagValue.0
00114080 00000004 b serviceName.6
00114084 00000006 b aVec
0011408c 00000004 b cPos
00114090 00000006 b gRate
00114098 00000014 B hidEvents
001140ac 00000004 B hidHandle
001140b0 00000004 B hidMemHandle
001140b4 00000004 b hidRefCount
001140b8 00000004 B hidSharedMem
001140bc 00000004 b kDown
001140c0 00000004 b kHeld
001140c4 00000004 b kOld
001140c8 00000004 b kRepeat
001140cc 00000004 b kUp
001140d0 00000004 b tPos
001140d4 00000001 b usingIrrst
001140d8 00000004 b ptmSysmHandle
001140dc 00000004 b ptmSysmRefCount
001140e0 00000004 B __ctru_heap
001140e4 00000004 V __ctru_heap_size
001140e8 00000004 B __ctru_linear_heap
001140ec 00000004 V __ctru_linear_heap_size
001140f0 00000004 B __system_retAddr
001140f4 00000004 B __system_argc
001140f8 00000004 B __system_argv
001140fc b saved_stack
00114104 00000004 b arbiter
00114108 00000004 b srvHandle
0011410c 00000004 b srvRefCount
00114110 00000004 b currentAddr
00114114 00000004 b maxAddr
00114118 00000004 b minAddr
0011411c 00000004 b csPos
00114120 00000004 B irrstEvent
00114124 00000004 B irrstHandle
00114128 00000004 B irrstMemHandle
0011412c 00000004 b irrstRefCount
00114130 00000004 B irrstSharedMem
00114134 00000004 b kHeld
00114138 00000004 b srvPmHandle
0011413c 00000004 b archive_device_cwd
00114140 00000540 b archive_devices
00114680 00000001 b archive_initialized
00114688 00000080 b fsExemptArchives
00114708 00000004 b fsuHandle
0011470c 00000004 b fsuRefCount
00114710 00000028 B __malloc_current_mallinfo
00114738 00000004 B __malloc_max_sbrked_mem
0011473c 00000004 B __malloc_max_total_mem
00114740 00000004 B __malloc_top_pad
00114744 00000004 b heap_start.0
00114748 00000004 B fake_heap_end
0011474c 00000004 B fake_heap_start
00114750 00000400 b temp_cwd
00114b50 00000048 B __syscalls
00114b98 B __tls_start
001157a0 B __bss_end__
001157a0 A __end__
001157a0 B __tls_end
