         w __deregister_frame_info
         w __register_frame_info
         w userAppExit
         w userAppInit
00000000 00000401 B __ctru_dev_path_buf
00000000 b _TLS_MODULE_BASE_
00000000 a shift
00000000 a shift
00000404 00000802 B __ctru_dev_utf16_buf
00100000 A __start__
00100000 T _start
00100008 T __service_ptr
0010000c T __apt_appid
00100010 T __heap_size
00100014 T __linear_heap_size
00100018 T __system_arglist
0010001c T __system_runflags
00100020 t startup
00100058 t ClearMem
0010006c t ClrLoop
00100094 T _init
001000ac T __aeabi_idiv
001000ac 00000220 T __divsi3
001000b4 t .divsi3_skip_div0_test
001002cc 00000020 T __aeabi_idivmod
001002ec 00000004 W __aeabi_idiv0
001002ec 00000004 W __aeabi_ldiv0
001002f0 T __aeabi_drsub
001002f8 000002b0 T __aeabi_dsub
001002f8 000002b0 T __subdf3
001002fc 000002ac T __adddf3
001002fc 000002ac T __aeabi_dadd
001005a8 00000024 T __aeabi_ui2d
001005a8 00000024 T __floatunsidf
001005cc 00000028 T __aeabi_i2d
001005cc 00000028 T __floatsidf
001005f4 00000048 T __aeabi_f2d
001005f4 00000048 T __extendsfdf2
0010063c 00000074 T __aeabi_ul2d
0010063c 00000074 T __floatundidf
00100650 00000060 T __aeabi_l2d
00100650 00000060 T __floatdidf
001006b0 T __aeabi_ldivmod
00100784 T __aeabi_uldivmod
001007c8 00000390 T strcmp
00100b50 t .udivsi3_skip_div0_test
00100b50 T __aeabi_uidiv
00100b50 000001ec T __udivsi3
00100d3c 00000020 T __aeabi_uidivmod
00100d5c t __do_global_dtors_aux
00100d9c t frame_dummy
00100dc8 0000001c t toon_specular
00100de4 00000028 t toon_diffuse
00100e10 000001dc t sceneRender
00100ff0 00000384 T main
00101374 00000004 W C3Di_ProcTexUpdate
00101378 00000004 W C3Di_ProcTexDirty
0010137c 000000b4 t C3Di_AptEventHook
00101430 00000004 W C3Di_GasUpdate
00101434 000001e0 T C3D_Init
00101614 00000098 T C3D_SetViewport
001016ac 000004ec T C3Di_UpdateContext
00101b98 000000e0 T C3Di_SplitFrame
00101c78 00000044 T C3D_Fini
00101cbc 00000108 T C3D_BindProgram
00101dc4 0000004c t onVBlank0
00101e10 0000004c t onVBlank1
00101e5c 00000080 t C3Di_RenderTargetDestroy
00101edc 000000f4 t onQueueFinish
00101fd0 00000038 T C3Di_RenderQueueEnableVBlank
00102008 00000030 T C3Di_RenderQueueDisableVBlank
00102038 00000060 T C3Di_RenderQueueInit
00102098 000000b0 T C3Di_RenderQueueExit
00102148 00000034 T C3Di_RenderQueueWaitDone
0010217c 000000e4 T C3D_FrameBegin
00102260 00000048 T C3D_FrameDrawOn
001022a8 000001d8 T C3D_FrameEnd
00102480 00000128 T C3D_RenderTargetCreate
001025a8 000000a8 T C3D_RenderTargetSetOutput
00102650 0000016c T C3Di_SetTex
001027bc 000000dc T C3Di_LightMtlBlend
00102898 00000090 T C3D_LightInit
00102928 0000005c T C3D_LightPosition
00102984 0000001c T C3D_CalcColorBufSize
001029a0 0000001c T C3D_CalcDepthBufSize
001029bc 00000044 T C3D_SetFrameBuf
00102a00 0000016c T C3Di_FrameBufBind
00102b6c 000000cc T C3D_FrameBufClear
00102c38 00000044 T C3D_FrameBufTransfer
00102c7c 00000034 T C3D_GetTexEnv
00102cb0 00000024 T C3Di_TexEnvBind
00102cd4 00000218 T C3D_DrawElements
00102eec 00000024 T BufInfo_Init
00102f10 00000080 T BufInfo_Add
00102f90 00000020 T C3D_GetBufInfo
00102fb0 00000048 T C3Di_BufInfoBind
00102ff8 00000040 T C3D_DepthMap
00103038 0000001c T C3D_CullFace
00103054 00000040 T C3D_StencilTest
00103094 00000024 T C3D_StencilOp
001030b8 0000001c T C3D_BlendingColor
001030d4 00000024 T C3D_EarlyDepthTest
001030f8 0000002c T C3D_DepthTest
00103124 0000002c T C3D_AlphaTest
00103150 00000050 T C3D_AlphaBlend
001031a0 00000030 T C3D_FragOpMode
001031d0 00000044 T C3D_FragOpShadow
00103214 000001ac T C3Di_EffectBind
001033c0 00000028 T AttrInfo_Init
001033e8 00000098 T AttrInfo_AddLoader
00103480 00000020 T C3D_GetAttrInfo
001034a0 00000080 T C3Di_AttrInfoBind
00103520 000003d8 T C3Di_LightEnvUpdate
001038f8 0000009c T C3Di_LightEnvDirty
00103994 0000005c T C3D_LightEnvInit
001039f0 0000002c T C3D_LightEnvBind
00103a1c 00000084 T C3D_LightEnvMaterial
00103aa0 000000b8 T C3D_LightEnvLut
00103b58 000000a8 T C3D_ImmSendAttrib
00103c00 000000a8 T LightLut_FromArray
00103ca8 000000d8 T LightLut_FromFunc
00103d80 0000029c T C3D_UpdateUniforms
0010401c 000000c0 T C3Di_DirtyUniforms
001040dc 000000d8 T C3Di_LoadShaderUniforms
001041b4 00000028 T C3Di_ClearShaderUniforms
001041dc 000000a4 T Mtx_RotateX
00104280 000000b8 T Mtx_PerspStereoTilt
00104338 000000a0 T Mtx_Translate
001043d8 000000a0 T Mtx_RotateY
00104478 00000024 t addrMapNodeComparator(rbtree_node const*, rbtree_node const*)
0010449c 00000004 t addrMapNodeDestructor(rbtree_node*)
001044a0 00000114 T vramMemAlign
001045b4 00000008 T vramAlloc
001045bc 0000005c T vramFree
00104618 00000024 t addrMapNodeComparator(rbtree_node const*, rbtree_node const*)
0010463c 00000004 t addrMapNodeDestructor(rbtree_node*)
00104640 00000120 T linearMemAlign
00104760 00000008 T linearAlloc
00104768 0000005c T linearFree
001047c4 00000084 T MemPool::CoalesceRight(MemBlock*)
00104848 00000170 T MemPool::Allocate(MemChunk&, unsigned long, int)
001049b8 000000fc T MemPool::Deallocate(MemChunk const&)
00104ab4 00000074 T osConvertVirtToPhys
00104b28 00000054 T osGetTimeRef
00104b7c 000000e4 T osGetTime
00104c60 00000074 T __libctru_gtod
00104cd4 00000034 T __ctru_speedup_config
00104d08 00000178 T consoleDrawChar
00104e80 00000124 T consolePrintChar
00104fa4 00000a00 T con_write
001059a4 00000168 T consoleInit
00105b0c 000000f4 t newRow
00105c00 000000d0 t gfxPresentFramebuffer
00105cd0 00000010 T gfxSet3D
00105ce0 0000001c T gfxIsWide
00105cfc 000000ec T gfxSetScreenFormat
00105de8 00000010 T gfxSetDoubleBuffering
00105df8 00000108 T gfxInit
00105f00 00000010 T gfxInitDefault
00105f10 000000b4 T gfxExit
00105fc4 000000a0 T gfxGetFramebuffer
00106064 0000010c T gfxFlushBuffers
00106170 00000030 T gfxScreenSwapBuffers
001061a0 00000050 T gfxSwapBuffersGpu
001061f0 000001e0 T shaderInstanceInit
001063d0 00000018 T shaderInstanceGetUniformLocation
001063e8 0000001c T shaderProgramInit
00106404 00000064 T shaderProgramFree
00106468 00000080 T shaderProgramSetVsh
001064e8 000008c0 T shaderProgramConfigure
00106da8 000001f8 t DVLE_GenerateOutmap.part.0
00106fa0 000001cc T DVLB_ParseFile
0010716c 00000038 T DVLB_Free
001071a4 00000074 T DVLE_GetUniformRegister
00107218 00000010 T GX_BindQueue
00107228 00000078 T GX_ProcessCommandList
001072a0 00000074 T GX_MemoryFill
00107314 00000070 T GX_DisplayTransfer
00107384 00000068 t gxCmdQueueDoCommands.part.0
001073ec 000000c8 T gxCmdQueueInterrupt
001074b4 0000004c T gxCmdQueueClear
00107500 000000f8 T gxCmdQueueAdd
001075f8 00000080 T gxCmdQueueRun
00107678 00000060 T gxCmdQueueStop
001076d8 00000074 T gxCmdQueueWait
0010774c 0000013c T GPUCMD_Add
00107888 000000ac T GPUCMD_Split
00107934 00000040 T f32tof16
00107974 00000040 T f32tof24
001079b4 00000044 T f32tof31
001079f8 00000c58 t gspHardwareInit
00108650 00000254 T gspInit
001088a4 000000f0 T gspExit
00108994 00000010 T gspHasGpuRight
001089a4 00000098 T gspPresentBuffer
00108a3c 00000030 T gspSetEventCallback
00108a6c 00000050 T gspWaitForEvent
00108abc 0000004c T gspWaitForAnyEvent
00108b08 00000160 t gspEventThreadMain
00108c68 00000130 T gspSubmitGxCommand
00108d98 00000050 T GSPGPU_FlushDataCache
00108de8 00000034 T GSPGPU_SetLcdForceBlack
00108e1c 00000068 T GSPGPU_AcquireRight
00108e84 00000048 T GSPGPU_ReleaseRight
00108ecc 0000007c T GSPGPU_ImportDisplayCaptureInfo
00108f48 0000002c T GSPGPU_SaveVramSysArea
00108f74 0000002c T GSPGPU_RestoreVramSysArea
00108fa0 000001b0 t aptConvertScreenForCapture
00109150 00000008 W aptDspSleep
00109158 00000004 W aptDspWakeup
0010915c 00000004 W aptDspCancel
00109160 0000015c T aptSendCommand
001092bc 00000038 t aptExitProcess
001092f4 000002f0 T aptExit
001095e4 000000d8 T aptHandleSleep
001096bc 00000030 T aptHook
001096ec 00000030 T aptUnhook
0010971c 00000084 T APT_SleepIfShellClosed
001097a0 00000084 T aptSetSleepAllowed
00109824 00000084 T APT_UnlockTransition
001098a8 00000484 t aptEventHandler
00109d2c 000000b0 T APT_ReceiveParameter
00109ddc 000000b0 t aptReceiveParameter.constprop.0
00109e90 000002bc t aptScreenTransfer
0010a14c 000002d0 t aptWaitForWakeUp.isra.0
0010a41c 000000f8 T aptJumpToHomeMenu
0010a514 0000004c T aptMainLoop
0010a560 00000234 T aptInit
0010a794 0000007c T APT_CheckNew3DS
0010a810 00000024 W hidShouldUseIrrst
0010a834 0000018c T hidInit
0010a9c0 000000e8 T hidExit
0010aaa8 00000294 T hidScanInput
0010ad3c 00000010 T hidKeysHeld
0010ad4c 00000010 T hidKeysDown
0010ad5c 00000074 T ptmSysmInit
0010add0 0000003c T ptmSysmExit
0010ae0c 00000034 T PTMSYSM_ConfigureNew3DSCPU
0010ae40 00000010 T rbtree_init
0010ae50 000001a0 t do_insert
0010aff0 00000008 T rbtree_insert
0010aff8 00000090 T rbtree_rotate
0010b088 00000338 T rbtree_remove
0010b3c0 00000074 T rbtree_find
0010b438 000001e0 W __system_allocateHeaps
0010b618 00000038 W __libctru_init
0010b650 000000f0 W __system_initArgv
0010b740 T svcControlMemory
0010b760 T svcQueryMemory
0010b790 T svcExitProcess
0010b798 T svcCreateThread
0010b7b8 T svcExitThread
0010b7c0 T svcSleepThread
0010b7c8 T svcReleaseMutex
0010b7d0 T svcCreateEvent
0010b7e4 T svcSignalEvent
0010b7ec T svcClearEvent
0010b7f4 T svcMapMemoryBlock
0010b7fc T svcUnmapMemoryBlock
0010b804 T svcCreateAddressArbiter
0010b818 T svcArbitrateAddressNoTimeout
0010b820 T svcCloseHandle
0010b828 T svcWaitSynchronization
0010b830 T svcWaitSynchronizationN
0010b858 T svcDuplicateHandle
0010b86c T svcGetSystemTick
0010b874 T svcConnectToPort
0010b888 T svcSendSyncRequest
0010b890 T svcGetResourceLimit
0010b8a4 T svcGetResourceLimitLimitValues
0010b8ac T svcGetResourceLimitCurrentValues
0010b8b4 T svcBreak
0010b8bc W initSystem
0010b90c W __ctru_exit
0010b924 0000000c T __sync_init
0010b930 00000018 T __sync_fini
0010b948 0000002c T syncArbitrateAddress
0010b974 0000001c T LightLock_Init
0010b990 00000094 T LightLock_Lock
0010ba24 00000044 T LightLock_TryLock
0010ba68 00000040 T LightLock_Unlock
0010baa8 00000024 T RecursiveLock_Init
0010bacc 00000030 T RecursiveLock_Lock
0010bafc 00000078 T RecursiveLock_TryLock
0010bb74 00000054 T RecursiveLock_Unlock
0010bbc8 00000040 T LightEvent_Init
0010bc08 000000a4 T LightEvent_Clear
0010bcac 000000c8 T LightEvent_Signal
0010bd74 00000058 T LightEvent_TryWait
0010bdcc 000000b0 T LightEvent_Wait
0010be7c 00000124 T srvInit
0010bfa0 00000058 T srvExit
0010bff8 00000080 T srvGetServiceHandleDirect
0010c078 00000048 T srvGetServiceHandle
0010c0c0 00000038 T srvPublishToSubscriber
0010c0f8 00000188 T threadCreate
0010c280 0000002c T threadFree
0010c2ac 00000024 T threadJoin
0010c2d0 00000030 T threadGetCurrent
0010c300 00000040 T threadExit
0010c340 00000044 t _thread_begin
0010c384 00000094 t mappableFindAddressWithin
0010c418 00000028 T mappableInit
0010c440 00000080 T mappableAlloc
0010c4c0 00000004 T mappableFree
0010c4c4 00000160 T irrstInit
0010c624 000000cc T irrstExit
0010c6f0 000000b0 T irrstScanInput
0010c7a0 00000024 T irrstKeysHeld
0010c7c4 0000000c T srvPmGetSessionHandle
0010c7d0 00000050 T rbtree_node_next
0010c820 00000030 W __appInit
0010c850 00000030 t __libctru_nanosleep
0010c880 00000030 t __libctru_get_reent
0010c8b0 000000f8 T __system_initSyscalls
0010c9a8 00000030 W __appExit
0010c9d8 00000090 W __libctru_exit
0010ca68 00000084 W envGetHandle
0010caec 00000050 W envDestroyHandles
0010cb3c 00000014 t archive_link
0010cb50 00000014 t archive_dirreset
0010cb64 00000014 t archive_chmod
0010cb78 00000024 t error_cmp
0010cb9c 00000050 t archive_translate_error
0010cbec 000000d4 t archive_seek
0010ccc0 0000007c t _archiveInit.part.0
0010cd3c 0000008c t archiveFindDevice.part.0
0010cdc8 00000294 t archive_utf16path
0010d05c 000000a0 t _archiveUnmountDeviceStruct.part.0
0010d0fc 00000014 t archive_fchmod
0010d110 00000014 t archive_statvfs
0010d124 00000158 t _archiveMountDevice
0010d27c 000000e8 t archive_diropen
0010d364 000000a4 t archive_fstat
0010d408 0000006c t archive_close
0010d474 0000006c t archive_fsync
0010d4e0 00000070 t archive_dirclose
0010d550 000000e8 t sdmc_statvfs
0010d638 00000080 t archive_ftruncate
0010d6b8 000000fc t archive_chdir
0010d7b4 000000b0 t archive_read
0010d864 000000ac t archive_unlink
0010d910 000000c8 t archive_rmdir
0010d9d8 000000ec t archive_mkdir
0010dac4 000001a8 t archive_stat
0010dc6c 00000184 t archive_rename
0010ddf0 00000168 t archive_dirnext
0010df58 0000012c t archive_write
0010e084 000001f0 t archive_open
0010e274 000001a4 T archiveMountSdmc
0010e418 00000054 T archiveUnmountAll
0010e46c 000000c8 T fsInit
0010e534 0000003c T fsExit
0010e570 00000060 T fsExemptFromSession
0010e5d0 00000050 T fsUnexemptFromSession
0010e620 000000cc T FSUSER_OpenFile
0010e6ec 000000bc T FSUSER_DeleteFile
0010e7a8 000000f8 T FSUSER_RenameFile
0010e8a0 000000bc T FSUSER_DeleteDirectory
0010e95c 000000d4 T FSUSER_CreateFile
0010ea30 000000c4 T FSUSER_CreateDirectory
0010eaf4 000000f8 T FSUSER_RenameDirectory
0010ebec 000000b4 T FSUSER_OpenDirectory
0010eca0 00000094 T FSUSER_OpenArchive
0010ed34 0000008c T FSUSER_CloseArchive
0010edc0 00000074 T FSUSER_GetSdmcArchiveResource
0010ee34 00000064 T FSUSER_IsSdmcWritable
0010ee98 00000058 T FSFILE_Read
0010eef0 00000060 T FSFILE_Write
0010ef50 00000038 T FSFILE_GetSize
0010ef88 00000028 T FSFILE_SetSize
0010efb0 0000003c T FSFILE_Close
0010efec 00000024 T FSFILE_Flush
0010f010 00000050 T FSDIR_Read
0010f060 0000003c T FSDIR_Close
0010f09c 000000e8 T utf16_to_utf8
0010f184 00000064 T decode_utf16
0010f1e8 0000013c T decode_utf8
0010f324 000000c0 T utf8_to_utf16
0010f3e4 T __aeabi_read_tp
0010f3f0 00000060 T encode_utf16
0010f450 000000fc T encode_utf8
0010f550 0000022c T cosf
0010f77c 00000024 t with_errnof
0010f7a0 00000018 t xflowf
0010f7b8 0000000c T __math_uflowf
0010f7c4 0000000c T __math_may_uflowf
0010f7d0 0000000c T __math_oflowf
0010f7dc 00000030 T __math_divzerof
0010f80c 0000001c T __math_invalidf
0010f828 000000b4 T floorf
0010f8e0 000003ec T powf
0010fccc 00000070 T tanf
0010fd40 00000274 T sinf
0010ffb4 000002f0 T __ieee754_rem_pio2f
001102a4 00000868 T __kernel_rem_pio2f
00110b0c 00000208 T __kernel_tanf
00110d14 00000010 T fabsf
00110d24 00000154 T scalbnf
00110e78 00000120 T __udivmoddi4
00110f98 00000078 T bsearch
00111010 00000028 T calloc
00111038 00000094 T _calloc_r
001110cc 0000000c T __errno
001110d8 00000034 T exit
0011110c 0000003c T __libc_fini_array
00111148 0000007c T __libc_init_array
001111c4 00000028 T memalign
001111ec 00000148 T _memalign_r
00111334 00000020 T malloc
00111354 00000020 T free
00111374 000007f0 T _malloc_r
00111b64 000000e0 T memchr
00111c44 0000011c T memcpy
00111d60 00000118 T memset
00111e78 0000000c T __malloc_lock
00111e84 0000000c T __malloc_unlock
00111e90 00000260 T setvbuf
001120f0 00000074 T sscanf
00112164 00000044 T __sread
001121a8 00000008 T __seofread
001121b0 00000068 T __swrite
00112218 00000048 T __sseek
00112260 00000008 T __sclose
00112268 0000005c T strlen
001122c4 000000ec T strncat
001123b0 000000dc T strncmp
0011248c 000000c0 T strncpy
0011254c 00000048 T strnlen
00112594 00000050 t get_arg
001125e4 00002b68 T __ssvfscanf_r
0011514c 0000064c t get_arg
00115798 00000034 T __sprint_r
001157cc 00002584 T _vfiprintf_r
00117d50 000000d4 t __sbprintf
00117e24 00000054 T _wcrtomb_r
00117e78 00000028 T _wcsrtombs_r
00117ea0 00000154 T __swsetup_r
00117ff4 00000114 T __call_exitprocs
00118108 00000258 T __sflush_r
00118360 00000094 T _fflush_r
001183f4 0000000c T _cleanup_r
00118400 00000184 T __sinit
00118584 0000000c T __sfp_lock_acquire
00118590 0000000c T __sfp_lock_release
0011859c 000000f8 T _malloc_trim_r
00118694 000002e4 T _free_r
00118978 000004a4 T __sfvwrite_r
00118e1c 00000070 T _fwalk_reent
00118e8c 00000008 T iswspace
00118e94 0000000c T _localeconv_r
00118ea0 00000010 T __locale_mb_cur_max
00118eb0 00000138 T __smakebuf_r
00118fe8 00000094 T __swhatbuf_r
0011907c 00000068 T _mbrtowc_r
001190e4 000002fc T __utf8_mbtowc
001193e0 00000154 T memmove
00119534 00000028 T realloc
0011955c 00000598 T _realloc_r
00119af4 000000e4 T __sccl
00119bd8 0000000c T nanf
00119be4 00000064 T sprintf
00119c48 000000b8 T stpncpy
00119d00 00000144 T strchr
00119e48 0000130c T _strtod_l
0011b154 0000000c T _strtod_r
0011b160 0000022c t _strtoll_l.constprop.0
0011b38c 00000004 T _strtoll_r
0011b390 000001b0 t _strtol_l.part.0
0011b540 0000003c T _strtol_r
0011b57c 00000244 t _strtoull_l.constprop.0
0011b7c0 00000004 T _strtoull_r
0011b7c4 000001c8 t _strtoul_l.constprop.0
0011b98c 00000004 T _strtoul_r
0011b990 00000188 T __ssprint_r
0011bb18 000000e0 T _sungetc_r
0011bbf8 0000006c T __ssrefill_r
0011bc64 000000c8 T _sfread_r
0011bd2c 0000064c t get_arg
0011c378 00003808 T _svfprintf_r
0011fb80 000000a8 T __submore
0011fc28 00000190 T _wcsnrtombs_l
0011fdb8 0000004c T _wcsnrtombs_r
0011fe04 000000f0 T __utf8_wctomb
0011fef4 000001a8 t quorem
001200a0 000012ec T _dtoa_r
0012138c 00000160 T _fclose_r
001214ec 000000ec t rshift
001215d8 00000928 T __gethex
00121f00 0000004c T __match
00121f4c 0000029c T __hexnan
001221e8 0000003c T iswspace_l
00122224 000001d4 t __jp2uc
001223f8 0000009c T _jp2uc_l
00122494 00000088 T _Balloc
0012251c 0000001c T _Bfree
00122538 000000f4 T __multadd
0012262c 00000110 T __s2b
0012273c 00000058 T __hi0bits
00122794 0000009c T __lo0bits
00122830 000000a4 T __i2b
001228d4 00000204 T __multiply
00122ad8 00000120 T __pow5mult
00122bf8 0000013c T __lshift
00122d34 00000058 T __mcmp
00122d8c 000001cc T __mdiff
00122f58 00000088 T __ulp
00122fe0 000000d4 T __b2d
001230b4 0000012c T __d2b
001231e0 00000078 T __ratio
00123258 00000088 T __copybits
001232e0 0000005c T __any_on
00123340 000000a8 T frexp
001233e8 00000010 T nan
001233f8 0000005c T __assert_func
00123454 00000084 T category
001234d8 0000003c T fiprintf
00123514 00000014 T abort
00123528 00000098 T _raise_r
001235c0 00000020 T raise
001235e0 00000008 t null_write
001235e8 00000018 T setDefaultDevice
00123600 000000c8 T FindDevice
001236c8 00000028 T RemoveDevice
001236f0 0000009c T AddDevice
0012378c 00000020 T GetDeviceOpTab
001237ac 00000078 T _fstat_r
00123824 00000014 T _getpid_r
00123838 00000008 T _isatty_r
00123840 00000014 T _kill_r
00123854 00000084 T _lseek_r
001238d8 00000080 T _read_r
00123958 00000078 T _sbrk_r
001239d0 00000080 T _write_r
00123a50 00000024 T _exit
00123a74 000001b8 T _concatenate_path
00123c2c 00000160 T chdir
00123d8c 00000008 T __flockfile
00123d94 00000008 T __funlockfile
00123d9c 00000018 T __libc_lock_acquire
00123db4 00000018 T __libc_lock_release
00123dcc 00000018 T __libc_lock_init_recursive
00123de4 00000018 T __libc_lock_acquire_recursive
00123dfc 00000018 T __libc_lock_release_recursive
00123e14 00000018 T __libc_lock_close_recursive
00123e2c 0000003c T __get_handle
00123e68 000000f4 T _close_r
00123f5c 00000028 T __getreent
00123f84 00000038 T __aeabi_d2lz
00123f84 00000038 T __fixdfdi
00123fc0 00000040 T __aeabi_d2ulz
00123fc0 00000040 T __fixunsdfdi
00124000 00000044 T strrchr
00124044 T _fini
00125000 0000003c r material.0
0012503c 000039c0 R vertex_elements
001289fc 00007920 R vertex_array
0013032c R vshader_shbin
001304ec R vshader_shbin_end
001304ec R vshader_shbin_size
00130508 00000005 r colorFmtSizes
00130510 00000004 r depthFmtSizes
00130514 00000008 r ids.0
0013051c 00000007 r layer_enabled.1
00130524 00000006 r lutIds.2
00130590 00000030 r colorTable
001305c0 00000070 r dotab_stdout
00130654 00000008 r morton_x.3
0013065c 00000008 r morton_y.2
00130664 00000008 r s_sleepWakeEvents.4
00130690 R default_font_bin
00130e90 R default_font_bin_end
00130ebc 00000070 r archive_devoptab
00130f2c 00000030 r error_table
00130f64 00000060 R __inv_pio4
00130fc8 000000e0 R __sincosf_table
001310a8 00000080 r npio2_hw
00131128 00000318 r two_over_pi
00131440 0000002c r PIo2
0013146c 0000000c r init_jk
00131478 00000148 R __exp2f_data
001315c0 00000128 R __powf_log2_data
001316e8 00000004 R _global_impure_ptr
001316f4 00000022 r basefix.0
00131740 00000010 r blanks.1
00131750 00000010 r zeroes.0
00131760 00000101 R _ctype_
001318bc 00000014 r fpi.1
001318d0 00000014 r fpinan.0
001318e8 00000028 r tinytens
00131910 0000006c R __action_table
0013197c 00000100 R __chclass
00131a7c 0000006c R __state_table
00131afc 00000010 r blanks.1
00131b0c 00000010 r zeroes.0
00131b2c r .LC2
00131bcc 00000100 R __hexdig
00131ce0 000000bc r a1
00131d9c 000000bc r a2
00131e58 0000005b r a3
00131eb4 00000070 r a6
00131f24 000000a2 r a7
00131fc8 00000040 r a8
00132008 0000172a r b02cf
00133734 00001a7c r d02f4
001351b0 0000000c R _C_numeric_locale
00135200 00000028 R __mprec_bigtens
00135228 000000c8 R __mprec_tens
001352f0 0000000c r p05.0
0013533c 000031e6 r categories
00138524 00000070 R dotab_stdnull
00138594 r 
00138594 R __exidx_end
00138594 R __exidx_start
00139000 00000004 d framerate
00139004 00000008 d framerateCounter
0013900c 00000004 D currentConsole
00139010 0000004c D defaultConsole
0013905c 00000001 d firstConsoleInit.0
00139060 00000004 d queueLock
00139064 00000004 d kCount
00139068 00000004 d kDelay
0013906c 00000004 d kInterval
00139070 W __stacksize__
00139074 00000004 D _impure_ptr
00139078 00000460 d impure_data
001394d8 00000408 D __malloc_av_
001398e0 00000004 D __malloc_sbrk_base
001398e4 00000004 D __malloc_trim_threshold
001398e8 0000000c d __malloc_recursive_mutex
001398f4 0000000c D __atexit_recursive_mutex
00139900 0000000c d __sfp_recursive_mutex
0013990c 0000000c d __sinit_recursive_mutex
00139918 0000016c D __global_locale
00139a84 00000002 d numempty
00139a88 00000004 d defaultDevice
00139a8c 0000008c D devoptab_list
00139b18 00000400 d _current_working_directory
00139f18 00000004 d __hndl_lock
00139f1c 0000000c d __stderr_handle
00139f28 0000000c d __stdin_handle
00139f34 0000000c d __stdout_handle
00139f40 00001000 d handles
0013af48 d _GLOBAL_OFFSET_TABLE_
0013af54 d __frame_dummy_init_array_entry
0013af54 D __init_array_start
0013af54 B __preinit_array_end
0013af54 B __preinit_array_start
0013af54 D __tdata_lma
0013af54 D __tdata_lma_end
0013af58 d __do_global_dtors_aux_fini_array_entry
0013af58 D __fini_array_start
0013af58 D __init_array_end
0013af5c D __bss_start__
0013af5c D __fini_array_end
0013af5c 00000040 b projection
0013af9c 00000004 b angleX
0013afa0 00000004 b angleY
0013afa4 00000070 b light
0013b014 00000004 b uLoc_projection
0013b018 00000004 b uLoc_modelView
0013b01c 00000004 b ibo_data
0013b020 00000004 b vshader_dvlb
0013b024 00000014 b program
0013b038 00000004 b vbo_data
0013b03c 000000a4 b lightEnv
0013b0e0 00000400 b lut_Toon
0013b4e0 00000400 b lut_Spec
0013b8e0 b completed.1
0013b8e4 b object.0
0013b900 000002d0 B __C3D_Context
0013bbd0 0000000c b hookCookie
0013bbe0 00000010 b cpuTime
0013bbf0 00000004 b firstTarget
0013bbf4 00000008 b frameCounter
0013bbfc 00000004 b frameEndCb
0013bc00 00000004 b frameEndCbData
0013bc08 00000010 b gpuTime
0013bc18 00000001 b inFrame
0013bc19 00000001 b inSafeTransfer
0013bc1a 00000001 b isTopStereo
0013bc1c 00000004 b lastTarget
0013bc20 0000000c b linkedTarget
0013bc2c 00000001 b measureGpuTime
0013bc2d 00000001 b needSwapBot
0013bc2e 00000001 b needSwapTop
0013bc30 00000004 B C3D_BoolUnifs
0013bc34 00000002 B C3D_BoolUnifsDirty
0013bc38 00000c00 B C3D_FVUnif
0013c838 000000c0 B C3D_FVUnifDirty
0013c8f8 00000020 B C3D_IVUnif
0013c918 00000008 B C3D_IVUnifDirty
0013c920 000000c0 b C3Di_FVUnifEverDirty
0013c9e0 00000008 b C3Di_IVUnifEverDirty
0013c9e8 00000018 b C3Di_ShaderFVecData
0013ca00 0000000c b sAddrMap
0013ca0c 00000008 b sVramPool
0013ca14 00000008 b sLinearPool
0013ca1c 0000000c b sAddrMap
0013ca28 00000001 V __ctru_speedup
0013ca2c 0000004c B currentCopy
0013ca78 00000004 b gfxBottomFramebufferMaxSize
0013ca7c 00000008 b gfxBottomFramebuffers
0013ca84 00000002 b gfxCurBuf
0013ca88 00000002 b gfxFramebufferFormats
0013ca8c 00000002 b gfxIsDoubleBuf
0013ca8e 00000001 b gfxIsVram
0013ca90 00000004 b gfxTopFramebufferMaxSize
0013ca94 00000008 b gfxTopFramebuffers
0013ca9c 00000001 b gfxTopMode
0013caa0 00000004 b screenAlloc
0013caa4 00000004 b screenFree
0013caa8 00000004 b boundQueue
0013caac 00000004 b curQueue
0013cab0 00000001 b isActive
0013cab1 00000001 b isRunning
0013cab2 00000001 b shouldStop
0013cab4 00000004 B gpuCmdBuf
0013cab8 00000004 B gpuCmdBufOffset
0013cabc 00000004 B gpuCmdBufSize
0013cac0 00000004 b gspEvent
0013cac4 0000001c b gspEventCb
0013cae0 0000001c b gspEventCbData
0013cafc 00000007 b gspEventCbOneShot
0013cb04 00000004 b gspEventThread
0013cb08 00000038 b gspEvents
0013cb40 00000004 b gspGpuHandle
0013cb44 00000001 b gspGpuRight
0013cb48 00000004 b gspLastEvent
0013cb4c 00000004 b gspRefCount
0013cb50 00000001 b gspRunEvents
0013cb54 00000004 b gspSharedMem
0013cb58 00000004 b gspSharedMemHandle
0013cb5c 00000001 b gspThreadId
0013cb5d 00000001 b aptChainloadFlags
0013cb5e 00000001 b aptChainloadMediatype
0013cb60 00000008 b aptChainloadTid
0013cb68 00000004 b aptEventHandlerThread
0013cb6c 00000001 b aptEventHandlerThreadQuit
0013cb70 00000008 b aptEvents
0013cb78 0000000c b aptFirstHook
0013cb84 00000004 b aptFlags
0013cb88 00000001 b aptHomeButtonState
0013cb8c 00000004 b aptLockHandle
0013cb90 00000004 b aptMessageFunc
0013cb94 00000004 b aptMessageFuncData
0013cb98 00001000 b aptParameters
0013db98 00000008 b aptReceiveEvent
0013dba0 00000004 b aptRefCount
0013dba4 00000008 b aptSleepEvent
0013dbac 00000001 b flagInit.1
0013dbad 00000001 b flagValue.0
0013dbb0 00000004 b serviceName.6
0013dbb4 00000006 b aVec
0013dbbc 00000004 b cPos
0013dbc0 00000006 b gRate
0013dbc8 00000014 B hidEvents
0013dbdc 00000004 B hidHandle
0013dbe0 00000004 B hidMemHandle
0013dbe4 00000004 b hidRefCount
0013dbe8 00000004 B hidSharedMem
0013dbec 00000004 b kDown
0013dbf0 00000004 b kHeld
0013dbf4 00000004 b kOld
0013dbf8 00000004 b kRepeat
0013dbfc 00000004 b kUp
0013dc00 00000004 b tPos
0013dc04 00000001 b usingIrrst
0013dc08 00000004 b ptmSysmHandle
0013dc0c 00000004 b ptmSysmRefCount
0013dc10 00000004 B __ctru_heap
0013dc14 00000004 V __ctru_heap_size
0013dc18 00000004 B __ctru_linear_heap
0013dc1c 00000004 V __ctru_linear_heap_size
0013dc20 00000004 B __system_retAddr
0013dc24 00000004 B __system_argc
0013dc28 00000004 B __system_argv
0013dc2c b saved_stack
0013dc34 00000004 b arbiter
0013dc38 00000004 b srvHandle
0013dc3c 00000004 b srvRefCount
0013dc40 00000004 b currentAddr
0013dc44 00000004 b maxAddr
0013dc48 00000004 b minAddr
0013dc4c 00000004 b csPos
0013dc50 00000004 B irrstEvent
0013dc54 00000004 B irrstHandle
0013dc58 00000004 B irrstMemHandle
0013dc5c 00000004 b irrstRefCount
0013dc60 00000004 B irrstSharedMem
0013dc64 00000004 b kHeld
0013dc68 00000004 b srvPmHandle
0013dc6c 00000004 b archive_device_cwd
0013dc70 00000540 b archive_devices
0013e1b0 00000001 b archive_initialized
0013e1b8 00000080 b fsExemptArchives
0013e238 00000004 b fsuHandle
0013e23c 00000004 b fsuRefCount
0013e240 00000028 B __malloc_current_mallinfo
0013e268 00000004 B __malloc_max_sbrked_mem
0013e26c 00000004 B __malloc_max_total_mem
0013e270 00000004 B __malloc_top_pad
0013e274 00000004 b heap_start.0
0013e278 00000004 B fake_heap_end
0013e27c 00000004 B fake_heap_start
0013e280 00000400 b temp_cwd
0013e680 00000048 B __syscalls
0013e6c8 B __tls_start
0013f2d0 B __bss_end__
0013f2d0 A __end__
0013f2d0 B __tls_end
