         w __deregister_frame_info
         w __register_frame_info
         w userAppExit
         w userAppInit
00000000 00000401 B __ctru_dev_path_buf
00000000 b _TLS_MODULE_BASE_
00000000 a shift
00000000 a shift
00000404 00000802 B __ctru_dev_utf16_buf
00100000 A __start__
00100000 T _start
00100008 T __service_ptr
0010000c T __apt_appid
00100010 T __heap_size
00100014 T __linear_heap_size
00100018 T __system_arglist
0010001c T __system_runflags
00100020 t startup
00100058 t ClearMem
0010006c t ClrLoop
00100094 T _init
001000ac T __aeabi_idiv
001000ac 00000220 T __divsi3
001000b4 t .divsi3_skip_div0_test
001002cc 00000020 T __aeabi_idivmod
001002ec 00000004 W __aeabi_idiv0
001002ec 00000004 W __aeabi_ldiv0
001002f0 T __aeabi_ldivmod
001003c4 T __aeabi_uldivmod
00100408 00000390 T strcmp
00100790 t .udivsi3_skip_div0_test
00100790 T __aeabi_uidiv
00100790 000001ec T __udivsi3
0010097c 00000020 T __aeabi_uidivmod
0010099c T __aeabi_drsub
001009a4 000002b0 T __aeabi_dsub
001009a4 000002b0 T __subdf3
001009a8 000002ac T __adddf3
001009a8 000002ac T __aeabi_dadd
00100c54 00000024 T __aeabi_ui2d
00100c54 00000024 T __floatunsidf
00100c78 00000028 T __aeabi_i2d
00100c78 00000028 T __floatsidf
00100ca0 00000048 T __aeabi_f2d
00100ca0 00000048 T __extendsfdf2
00100ce8 00000074 T __aeabi_ul2d
00100ce8 00000074 T __floatundidf
00100cfc 00000060 T __aeabi_l2d
00100cfc 00000060 T __floatdidf
00100d5c t __do_global_dtors_aux
00100d9c t frame_dummy
00100dc8 000003dc T http_download
001011a4 00000074 T main
00101218 00000178 T consoleDrawChar
00101390 00000124 T consolePrintChar
001014b4 00000a00 T con_write
00101eb4 00000168 T consoleInit
0010201c 000000f4 t newRow
00102110 000000d0 t gfxPresentFramebuffer
001021e0 0000001c T gfxIsWide
001021fc 000000ec T gfxSetScreenFormat
001022e8 00000010 T gfxSetDoubleBuffering
001022f8 00000108 T gfxInit
00102400 00000010 T gfxInitDefault
00102410 000000b4 T gfxExit
001024c4 000000a0 T gfxGetFramebuffer
00102564 0000010c T gfxFlushBuffers
00102670 00000050 T gfxSwapBuffers
001026c0 00000050 T gfxSwapBuffersGpu
00102710 00000c58 t gspHardwareInit
00103368 00000254 T gspInit
001035bc 000000f0 T gspExit
001036ac 00000010 T gspHasGpuRight
001036bc 00000098 T gspPresentBuffer
00103754 00000050 T gspWaitForEvent
001037a4 00000004 W gxCmdQueueInterrupt
001037a8 00000160 t gspEventThreadMain
00103908 00000050 T GSPGPU_FlushDataCache
00103958 00000034 T GSPGPU_SetLcdForceBlack
0010398c 00000068 T GSPGPU_AcquireRight
001039f4 00000048 T GSPGPU_ReleaseRight
00103a3c 0000007c T GSPGPU_ImportDisplayCaptureInfo
00103ab8 0000002c T GSPGPU_SaveVramSysArea
00103ae4 0000002c T GSPGPU_RestoreVramSysArea
00103b10 000001b0 t aptConvertScreenForCapture
00103cc0 00000008 W aptDspSleep
00103cc8 00000004 W aptDspWakeup
00103ccc 00000004 W aptDspCancel
00103cd0 0000015c T aptSendCommand
00103e2c 00000038 t aptExitProcess
00103e64 000002f0 T aptExit
00104154 000000d8 T aptHandleSleep
0010422c 00000084 T APT_SleepIfShellClosed
001042b0 00000084 T aptSetSleepAllowed
00104334 00000084 T APT_UnlockTransition
001043b8 00000484 t aptEventHandler
0010483c 000000b0 T APT_ReceiveParameter
001048ec 000000b0 t aptReceiveParameter.constprop.0
001049a0 000002bc t aptScreenTransfer
00104c5c 000002d0 t aptWaitForWakeUp.isra.0
00104f2c 000000f8 T aptJumpToHomeMenu
00105024 0000004c T aptMainLoop
00105070 00000234 T aptInit
001052a4 0000007c T APT_CheckNew3DS
00105320 00000024 W hidShouldUseIrrst
00105344 0000018c T hidInit
001054d0 000000e8 T hidExit
001055b8 00000294 T hidScanInput
0010584c 00000010 T hidKeysDown
0010585c 0000019c T httpcInit
001059f8 00000094 T httpcExit
00105a8c 00000150 T httpcOpenContext
00105bdc 00000040 T httpcCloseContext
00105c1c 0000012c T httpcDownloadData
00105d48 00000084 T httpcAddRequestHeaderField
00105dcc 00000030 T httpcBeginRequest
00105dfc 00000054 T httpcGetDownloadSizeState
00105e50 00000078 T httpcGetResponseHeader
00105ec8 0000003c T httpcGetResponseStatusCode
00105f04 00000034 T httpcSetSSLOpt
00105f38 00000034 T httpcSetKeepAlive
00105f6c 00000038 W __libctru_init
00105fa4 000000f0 W __system_initArgv
00106094 T svcControlMemory
001060b4 T svcQueryMemory
001060e4 T svcExitProcess
001060ec T svcCreateThread
0010610c T svcExitThread
00106114 T svcSleepThread
0010611c T svcReleaseMutex
00106124 T svcCreateEvent
00106138 T svcSignalEvent
00106140 T svcClearEvent
00106148 T svcCreateMemoryBlock
00106160 T svcMapMemoryBlock
00106168 T svcUnmapMemoryBlock
00106170 T svcCreateAddressArbiter
00106184 T svcArbitrateAddressNoTimeout
0010618c T svcCloseHandle
00106194 T svcWaitSynchronization
0010619c T svcWaitSynchronizationN
001061c4 T svcDuplicateHandle
001061d8 T svcGetSystemTick
001061e0 T svcConnectToPort
001061f4 T svcSendSyncRequest
001061fc T svcGetResourceLimit
00106210 T svcGetResourceLimitLimitValues
00106218 T svcGetResourceLimitCurrentValues
00106220 T svcBreak
00106228 W initSystem
00106278 W __ctru_exit
00106290 00000024 t addrMapNodeComparator(rbtree_node const*, rbtree_node const*)
001062b4 00000004 t addrMapNodeDestructor(rbtree_node*)
001062b8 00000114 T vramMemAlign
001063cc 00000008 T vramAlloc
001063d4 0000005c T vramFree
00106430 00000024 t addrMapNodeComparator(rbtree_node const*, rbtree_node const*)
00106454 00000004 t addrMapNodeDestructor(rbtree_node*)
00106458 00000120 T linearMemAlign
00106578 00000008 T linearAlloc
00106580 0000005c T linearFree
001065dc 00000084 T MemPool::CoalesceRight(MemBlock*)
00106660 00000170 T MemPool::Allocate(MemChunk&, unsigned long, int)
001067d0 000000fc T MemPool::Deallocate(MemChunk const&)
001068cc 0000000c T __sync_init
001068d8 00000018 T __sync_fini
001068f0 0000002c T syncArbitrateAddress
0010691c 0000001c T LightLock_Init
00106938 00000094 T LightLock_Lock
001069cc 00000044 T LightLock_TryLock
00106a10 00000040 T LightLock_Unlock
00106a50 00000024 T RecursiveLock_Init
00106a74 00000030 T RecursiveLock_Lock
00106aa4 00000078 T RecursiveLock_TryLock
00106b1c 00000054 T RecursiveLock_Unlock
00106b70 00000040 T LightEvent_Init
00106bb0 000000a4 T LightEvent_Clear
00106c54 000000c8 T LightEvent_Signal
00106d1c 00000058 T LightEvent_TryWait
00106d74 000000b0 T LightEvent_Wait
00106e24 00000054 T osGetTimeRef
00106e78 000000e4 T osGetTime
00106f5c 00000074 T __libctru_gtod
00106fd0 00000034 T __ctru_speedup_config
00107004 00000124 T srvInit
00107128 00000058 T srvExit
00107180 00000080 T srvGetServiceHandleDirect
00107200 00000048 T srvGetServiceHandle
00107248 00000038 T srvPublishToSubscriber
00107280 00000188 T threadCreate
00107408 0000002c T threadFree
00107434 00000024 T threadJoin
00107458 00000030 T threadGetCurrent
00107488 00000040 T threadExit
001074c8 00000044 t _thread_begin
0010750c 00000094 t mappableFindAddressWithin
001075a0 00000028 T mappableInit
001075c8 00000080 T mappableAlloc
00107648 00000004 T mappableFree
0010764c 00000160 T irrstInit
001077ac 000000cc T irrstExit
00107878 000000b0 T irrstScanInput
00107928 00000024 T irrstKeysHeld
0010794c 0000000c T srvPmGetSessionHandle
00107958 00000074 T ptmSysmInit
001079cc 0000003c T ptmSysmExit
00107a08 00000034 T PTMSYSM_ConfigureNew3DSCPU
00107a3c 00000010 T rbtree_init
00107a4c 000001a0 t do_insert
00107bec 00000008 T rbtree_insert
00107bf4 00000090 T rbtree_rotate
00107c84 00000338 T rbtree_remove
00107fbc 00000074 T rbtree_find
00108030 00000030 W __appInit
00108060 00000030 t __libctru_nanosleep
00108090 00000030 t __libctru_get_reent
001080c0 000000f8 T __system_initSyscalls
001081b8 000001e0 W __system_allocateHeaps
00108398 00000030 W __appExit
001083c8 00000090 W __libctru_exit
00108458 00000084 W envGetHandle
001084dc 00000050 W envDestroyHandles
0010852c 00000014 t archive_link
00108540 00000014 t archive_dirreset
00108554 00000014 t archive_chmod
00108568 00000024 t error_cmp
0010858c 00000050 t archive_translate_error
001085dc 000000d4 t archive_seek
001086b0 0000007c t _archiveInit.part.0
0010872c 0000008c t archiveFindDevice.part.0
001087b8 00000294 t archive_utf16path
00108a4c 000000a0 t _archiveUnmountDeviceStruct.part.0
00108aec 00000014 t archive_fchmod
00108b00 00000014 t archive_statvfs
00108b14 00000158 t _archiveMountDevice
00108c6c 000000e8 t archive_diropen
00108d54 000000a4 t archive_fstat
00108df8 0000006c t archive_close
00108e64 0000006c t archive_fsync
00108ed0 00000070 t archive_dirclose
00108f40 000000e8 t sdmc_statvfs
00109028 00000080 t archive_ftruncate
001090a8 000000fc t archive_chdir
001091a4 000000b0 t archive_read
00109254 000000ac t archive_unlink
00109300 000000c8 t archive_rmdir
001093c8 000000ec t archive_mkdir
001094b4 000001a8 t archive_stat
0010965c 00000184 t archive_rename
001097e0 00000168 t archive_dirnext
00109948 0000012c t archive_write
00109a74 000001f0 t archive_open
00109c64 000001a4 T archiveMountSdmc
00109e08 00000054 T archiveUnmountAll
00109e5c 000000c8 T fsInit
00109f24 0000003c T fsExit
00109f60 00000060 T fsExemptFromSession
00109fc0 00000050 T fsUnexemptFromSession
0010a010 000000cc T FSUSER_OpenFile
0010a0dc 000000bc T FSUSER_DeleteFile
0010a198 000000f8 T FSUSER_RenameFile
0010a290 000000bc T FSUSER_DeleteDirectory
0010a34c 000000d4 T FSUSER_CreateFile
0010a420 000000c4 T FSUSER_CreateDirectory
0010a4e4 000000f8 T FSUSER_RenameDirectory
0010a5dc 000000b4 T FSUSER_OpenDirectory
0010a690 00000094 T FSUSER_OpenArchive
0010a724 0000008c T FSUSER_CloseArchive
0010a7b0 00000074 T FSUSER_GetSdmcArchiveResource
0010a824 00000064 T FSUSER_IsSdmcWritable
0010a888 00000058 T FSFILE_Read
0010a8e0 00000060 T FSFILE_Write
0010a940 00000038 T FSFILE_GetSize
0010a978 00000028 T FSFILE_SetSize
0010a9a0 0000003c T FSFILE_Close
0010a9dc 00000024 T FSFILE_Flush
0010aa00 00000050 T FSDIR_Read
0010aa50 0000003c T FSDIR_Close
0010aa8c 00000050 T rbtree_node_next
0010aadc 000000e8 T utf16_to_utf8
0010abc4 00000064 T decode_utf16
0010ac28 0000013c T decode_utf8
0010ad64 000000c0 T utf8_to_utf16
0010ae24 T __aeabi_read_tp
0010ae30 00000060 T encode_utf16
0010ae90 000000fc T encode_utf8
0010af8c 00000120 T __udivmoddi4
0010b0ac 00000078 T bsearch
0010b124 0000000c T __errno
0010b130 00000034 T exit
0010b164 0000003c T __libc_fini_array
0010b1a0 0000007c T __libc_init_array
0010b21c 00000028 T memalign
0010b244 00000148 T _memalign_r
0010b38c 00000020 T malloc
0010b3ac 00000020 T free
0010b3cc 000007f0 T _malloc_r
0010bbbc 000000e0 T memchr
0010bc9c 0000011c T memcpy
0010bdb8 00000118 T memset
0010bed0 0000000c T __malloc_lock
0010bedc 0000000c T __malloc_unlock
0010bee8 00000034 T printf
0010bf1c 00000028 T realloc
0010bf44 00000598 T _realloc_r
0010c4dc 00000260 T setvbuf
0010c73c 00000074 T sscanf
0010c7b0 00000044 T __sread
0010c7f4 00000008 T __seofread
0010c7fc 00000068 T __swrite
0010c864 00000048 T __sseek
0010c8ac 00000008 T __sclose
0010c8b4 0000005c T strlen
0010c910 000000ec T strncat
0010c9fc 000000dc T strncmp
0010cad8 000000c0 T strncpy
0010cb98 00000048 T strnlen
0010cbe0 00000050 t get_arg
0010cc30 00002b68 T __ssvfscanf_r
0010f798 0000064c t get_arg
0010fde4 00000034 T __sprint_r
0010fe18 00002584 T _vfiprintf_r
0011239c 000000d4 t __sbprintf
00112470 0000064c t get_arg
00112ac0 000038d4 T _vfprintf_r
00116394 000000d4 t __sbprintf
00116468 00000054 T _wcrtomb_r
001164bc 00000028 T _wcsrtombs_r
001164e4 00000154 T __swsetup_r
00116638 00000114 T __call_exitprocs
0011674c 000001a8 t quorem
001168f8 000012ec T _dtoa_r
00117be4 00000258 T __sflush_r
00117e3c 00000094 T _fflush_r
00117ed0 0000000c T _cleanup_r
00117edc 00000184 T __sinit
00118060 0000000c T __sfp_lock_acquire
0011806c 0000000c T __sfp_lock_release
00118078 000000f8 T _malloc_trim_r
00118170 000002e4 T _free_r
00118454 000004a4 T __sfvwrite_r
001188f8 00000070 T _fwalk_reent
00118968 00000008 T iswspace
00118970 0000000c T _localeconv_r
0011897c 00000010 T __locale_mb_cur_max
0011898c 00000138 T __smakebuf_r
00118ac4 00000094 T __swhatbuf_r
00118b58 00000068 T _mbrtowc_r
00118bc0 000002fc T __utf8_mbtowc
00118ebc 00000154 T memmove
00119010 00000088 T _Balloc
00119098 0000001c T _Bfree
001190b4 000000f4 T __multadd
001191a8 00000110 T __s2b
001192b8 00000058 T __hi0bits
00119310 0000009c T __lo0bits
001193ac 000000a4 T __i2b
00119450 00000204 T __multiply
00119654 00000120 T __pow5mult
00119774 0000013c T __lshift
001198b0 00000058 T __mcmp
00119908 000001cc T __mdiff
00119ad4 00000088 T __ulp
00119b5c 000000d4 T __b2d
00119c30 0000012c T __d2b
00119d5c 00000078 T __ratio
00119dd4 00000088 T __copybits
00119e5c 0000005c T __any_on
00119eb8 000000e4 T __sccl
00119f9c 0000000c T nanf
00119fa8 000000a8 T frexp
0011a050 00000064 T sprintf
0011a0b4 000000b8 T stpncpy
0011a16c 00000144 T strchr
0011a2b0 0000130c T _strtod_l
0011b5bc 0000000c T _strtod_r
0011b5c8 0000022c t _strtoll_l.constprop.0
0011b7f4 00000004 T _strtoll_r
0011b7f8 000001b0 t _strtol_l.part.0
0011b9a8 0000003c T _strtol_r
0011b9e4 00000244 t _strtoull_l.constprop.0
0011bc28 00000004 T _strtoull_r
0011bc2c 000001c8 t _strtoul_l.constprop.0
0011bdf4 00000004 T _strtoul_r
0011bdf8 00000188 T __ssprint_r
0011bf80 000000e0 T _sungetc_r
0011c060 0000006c T __ssrefill_r
0011c0cc 000000c8 T _sfread_r
0011c194 0000064c t get_arg
0011c7e0 00003808 T _svfprintf_r
0011ffe8 000000a8 T __submore
00120090 00000190 T _wcsnrtombs_l
00120220 0000004c T _wcsnrtombs_r
0012026c 000000f0 T __utf8_wctomb
0012035c 0000005c T __assert_func
001203b8 00000094 T _calloc_r
0012044c 00000160 T _fclose_r
001205ac 0000003c T fiprintf
001205e8 000000ec t rshift
001206d4 00000928 T __gethex
00120ffc 0000004c T __match
00121048 0000029c T __hexnan
001212e4 0000003c T iswspace_l
00121320 000001d4 t __jp2uc
001214f4 0000009c T _jp2uc_l
00121590 00000010 T nan
001215a0 00000014 T abort
001215b4 00000084 T category
00121638 00000098 T _raise_r
001216d0 00000020 T raise
001216f0 00000008 t null_write
001216f8 00000018 T setDefaultDevice
00121710 000000c8 T FindDevice
001217d8 00000028 T RemoveDevice
00121800 0000009c T AddDevice
0012189c 00000020 T GetDeviceOpTab
001218bc 00000078 T _fstat_r
00121934 00000014 T _getpid_r
00121948 00000008 T _isatty_r
00121950 00000014 T _kill_r
00121964 00000084 T _lseek_r
001219e8 00000080 T _read_r
00121a68 00000078 T _sbrk_r
00121ae0 00000080 T _write_r
00121b60 00000024 T _exit
00121b84 000001b8 T _concatenate_path
00121d3c 00000160 T chdir
00121e9c 00000008 T __flockfile
00121ea4 00000008 T __funlockfile
00121eac 00000018 T __libc_lock_acquire
00121ec4 00000018 T __libc_lock_release
00121edc 00000018 T __libc_lock_init_recursive
00121ef4 00000018 T __libc_lock_acquire_recursive
00121f0c 00000018 T __libc_lock_release_recursive
00121f24 00000018 T __libc_lock_close_recursive
00121f3c 0000003c T __get_handle
00121f78 000000f4 T _close_r
0012206c 00000028 T __getreent
00122094 00000038 T __aeabi_d2lz
00122094 00000038 T __fixdfdi
001220d0 00000040 T __aeabi_d2ulz
001220d0 00000040 T __fixunsdfdi
00122110 00000044 T strrchr
00122154 T _fini
00123218 00000030 r colorTable
00123248 00000070 r dotab_stdout
001232dc 00000008 r morton_x.3
001232e4 00000008 r morton_y.2
001232ec 00000008 r s_sleepWakeEvents.4
00123314 R default_font_bin
00123b14 R default_font_bin_end
00123b4c 00000070 r archive_devoptab
00123bbc 00000030 r error_table
00123bf4 00000004 R _global_impure_ptr
00123c00 00000022 r basefix.0
00123c4c 00000010 r blanks.1
00123c5c 00000010 r zeroes.0
00123c80 00000010 r blanks.1
00123c90 00000010 r zeroes.0
00123ca0 00000101 R _ctype_
00123db4 r .LC2
00123e98 00000028 R __mprec_bigtens
00123ec0 000000c8 R __mprec_tens
00123f88 0000000c r p05.0
00123fa4 00000014 r fpi.1
00123fb8 00000014 r fpinan.0
00123fd0 00000028 r tinytens
00123ff8 0000006c R __action_table
00124064 00000100 R __chclass
00124164 0000006c R __state_table
001241d0 00000010 r blanks.1
001241e0 00000010 r zeroes.0
00124278 00000100 R __hexdig
0012438c 000000bc r a1
00124448 000000bc r a2
00124504 0000005b r a3
00124560 00000070 r a6
001245d0 000000a2 r a7
00124674 00000040 r a8
001246b4 0000172a r b02cf
00125de0 00001a7c r d02f4
0012785c 0000000c R _C_numeric_locale
00127868 000031e6 r categories
0012aa50 00000070 R dotab_stdnull
0012aac0 r 
0012aac0 R __exidx_end
0012aac0 R __exidx_start
0012b000 00000004 D currentConsole
0012b004 0000004c D defaultConsole
0012b050 00000001 d firstConsoleInit.0
0012b054 00000004 d kCount
0012b058 00000004 d kDelay
0012b05c 00000004 d kInterval
0012b060 W __stacksize__
0012b064 00000004 D _impure_ptr
0012b068 00000460 d impure_data
0012b4c8 00000408 D __malloc_av_
0012b8d0 00000004 D __malloc_sbrk_base
0012b8d4 00000004 D __malloc_trim_threshold
0012b8d8 0000000c d __malloc_recursive_mutex
0012b8e4 0000000c D __atexit_recursive_mutex
0012b8f0 0000000c d __sfp_recursive_mutex
0012b8fc 0000000c d __sinit_recursive_mutex
0012b908 0000016c D __global_locale
0012ba74 00000002 d numempty
0012ba78 00000004 d defaultDevice
0012ba7c 0000008c D devoptab_list
0012bb08 00000400 d _current_working_directory
0012bf08 00000004 d __hndl_lock
0012bf0c 0000000c d __stderr_handle
0012bf18 0000000c d __stdin_handle
0012bf24 0000000c d __stdout_handle
0012bf30 00001000 d handles
0012cf38 d _GLOBAL_OFFSET_TABLE_
0012cf44 d __frame_dummy_init_array_entry
0012cf44 D __init_array_start
0012cf44 B __preinit_array_end
0012cf44 B __preinit_array_start
0012cf44 D __tdata_lma
0012cf44 D __tdata_lma_end
0012cf48 d __do_global_dtors_aux_fini_array_entry
0012cf48 D __fini_array_start
0012cf48 D __init_array_end
0012cf4c D __bss_start__
0012cf4c D __fini_array_end
0012cf4c b completed.1
0012cf50 b object.0
0012cf68 0000004c B currentCopy
0012cfb4 00000004 b gfxBottomFramebufferMaxSize
0012cfb8 00000008 b gfxBottomFramebuffers
0012cfc0 00000002 b gfxCurBuf
0012cfc4 00000002 b gfxFramebufferFormats
0012cfc8 00000002 b gfxIsDoubleBuf
0012cfca 00000001 b gfxIsVram
0012cfcc 00000004 b gfxTopFramebufferMaxSize
0012cfd0 00000008 b gfxTopFramebuffers
0012cfd8 00000001 b gfxTopMode
0012cfdc 00000004 b screenAlloc
0012cfe0 00000004 b screenFree
0012cfe4 00000004 b gspEvent
0012cfe8 0000001c b gspEventCb
0012d004 0000001c b gspEventCbData
0012d020 00000007 b gspEventCbOneShot
0012d028 00000004 b gspEventThread
0012d02c 00000038 b gspEvents
0012d064 00000004 b gspGpuHandle
0012d068 00000001 b gspGpuRight
0012d06c 00000004 b gspLastEvent
0012d070 00000004 b gspRefCount
0012d074 00000001 b gspRunEvents
0012d078 00000004 b gspSharedMem
0012d07c 00000004 b gspSharedMemHandle
0012d080 00000001 b gspThreadId
0012d081 00000001 b aptChainloadFlags
0012d082 00000001 b aptChainloadMediatype
0012d088 00000008 b aptChainloadTid
0012d090 00000004 b aptEventHandlerThread
0012d094 00000001 b aptEventHandlerThreadQuit
0012d098 00000008 b aptEvents
0012d0a0 0000000c b aptFirstHook
0012d0ac 00000004 b aptFlags
0012d0b0 00000001 b aptHomeButtonState
0012d0b4 00000004 b aptLockHandle
0012d0b8 00000004 b aptMessageFunc
0012d0bc 00000004 b aptMessageFuncData
0012d0c0 00001000 b aptParameters
0012e0c0 00000008 b aptReceiveEvent
0012e0c8 00000004 b aptRefCount
0012e0cc 00000008 b aptSleepEvent
0012e0d4 00000001 b flagInit.1
0012e0d5 00000001 b flagValue.0
0012e0d8 00000004 b serviceName.6
0012e0dc 00000006 b aVec
0012e0e4 00000004 b cPos
0012e0e8 00000006 b gRate
0012e0f0 00000014 B hidEvents
0012e104 00000004 B hidHandle
0012e108 00000004 B hidMemHandle
0012e10c 00000004 b hidRefCount
0012e110 00000004 B hidSharedMem
0012e114 00000004 b kDown
0012e118 00000004 b kHeld
0012e11c 00000004 b kOld
0012e120 00000004 b kRepeat
0012e124 00000004 b kUp
0012e128 00000004 b tPos
0012e12c 00000001 b usingIrrst
0012e130 00000004 b __httpc_refcount
0012e134 00000004 B __httpc_servhandle
0012e138 00000004 B __httpc_sharedmem_addr
0012e13c 00000004 b __httpc_sharedmem_handle
0012e140 00000004 b __httpc_sharedmem_size
0012e144 00000004 B __system_retAddr
0012e148 00000004 B __system_argc
0012e14c 00000004 B __system_argv
0012e150 b saved_stack
0012e158 0000000c b sAddrMap
0012e164 00000008 b sVramPool
0012e16c 00000008 b sLinearPool
0012e174 0000000c b sAddrMap
0012e180 00000004 b arbiter
0012e184 00000001 V __ctru_speedup
0012e188 00000004 b srvHandle
0012e18c 00000004 b srvRefCount
0012e190 00000004 b currentAddr
0012e194 00000004 b maxAddr
0012e198 00000004 b minAddr
0012e19c 00000004 b csPos
0012e1a0 00000004 B irrstEvent
0012e1a4 00000004 B irrstHandle
0012e1a8 00000004 B irrstMemHandle
0012e1ac 00000004 b irrstRefCount
0012e1b0 00000004 B irrstSharedMem
0012e1b4 00000004 b kHeld
0012e1b8 00000004 b srvPmHandle
0012e1bc 00000004 b ptmSysmHandle
0012e1c0 00000004 b ptmSysmRefCount
0012e1c4 00000004 B __ctru_heap
0012e1c8 00000004 V __ctru_heap_size
0012e1cc 00000004 B __ctru_linear_heap
0012e1d0 00000004 V __ctru_linear_heap_size
0012e1d4 00000004 b archive_device_cwd
0012e1d8 00000540 b archive_devices
0012e718 00000001 b archive_initialized
0012e720 00000080 b fsExemptArchives
0012e7a0 00000004 b fsuHandle
0012e7a4 00000004 b fsuRefCount
0012e7a8 00000028 B __malloc_current_mallinfo
0012e7d0 00000004 B __malloc_max_sbrked_mem
0012e7d4 00000004 B __malloc_max_total_mem
0012e7d8 00000004 B __malloc_top_pad
0012e7dc 00000004 b heap_start.0
0012e7e0 00000004 B fake_heap_end
0012e7e4 00000004 B fake_heap_start
0012e7e8 00000400 b temp_cwd
0012ebe8 00000048 B __syscalls
0012ec30 B __tls_start
0012f838 B __bss_end__
0012f838 A __end__
0012f838 B __tls_end
