         w __deregister_frame_info
         w __register_frame_info
         w userAppExit
         w userAppInit
00000000 00000401 B __ctru_dev_path_buf
00000000 b _TLS_MODULE_BASE_
00000000 a shift
00000000 a shift
00000404 00000802 B __ctru_dev_utf16_buf
00100000 A __start__
00100000 T _start
00100008 T __service_ptr
0010000c T __apt_appid
00100010 T __heap_size
00100014 T __linear_heap_size
00100018 T __system_arglist
0010001c T __system_runflags
00100020 t startup
00100058 t ClearMem
0010006c t ClrLoop
00100094 T _init
001000ac T __aeabi_idiv
001000ac 00000220 T __divsi3
001000b4 t .divsi3_skip_div0_test
001002cc 00000020 T __aeabi_idivmod
001002ec 00000004 W __aeabi_idiv0
001002ec 00000004 W __aeabi_ldiv0
001002f0 T __aeabi_drsub
001002f8 000002b0 T __aeabi_dsub
001002f8 000002b0 T __subdf3
001002fc 000002ac T __adddf3
001002fc 000002ac T __aeabi_dadd
001005a8 00000024 T __aeabi_ui2d
001005a8 00000024 T __floatunsidf
001005cc 00000028 T __aeabi_i2d
001005cc 00000028 T __floatsidf
001005f4 00000048 T __aeabi_f2d
001005f4 00000048 T __extendsfdf2
0010063c 00000074 T __aeabi_ul2d
0010063c 00000074 T __floatundidf
00100650 00000060 T __aeabi_l2d
00100650 00000060 T __floatdidf
001006b0 T __aeabi_ldivmod
00100784 T __aeabi_uldivmod
001007c8 00000390 T strcmp
00100b50 t .udivsi3_skip_div0_test
00100b50 T __aeabi_uidiv
00100b50 000001ec T __udivsi3
00100d3c 00000020 T __aeabi_uidivmod
00100d5c t __do_global_dtors_aux
00100d9c t frame_dummy
00100dc8 00000298 t sceneInit
00101060 0000024c T main
001012ac 00000004 W C3Di_LightEnvUpdate
001012b0 00000004 W C3Di_LightEnvDirty
001012b4 000000b4 t C3Di_AptEventHook
00101368 00000004 W C3Di_GasUpdate
0010136c 000001e0 T C3D_Init
0010154c 00000098 T C3D_SetViewport
001015e4 000004ec T C3Di_UpdateContext
00101ad0 000000e0 T C3Di_SplitFrame
00101bb0 00000010 T C3D_GetCmdBufUsage
00101bc0 00000044 T C3D_Fini
00101c04 00000108 T C3D_BindProgram
00101d0c 0000004c t onVBlank0
00101d58 0000004c t onVBlank1
00101da4 00000080 t C3Di_RenderTargetDestroy
00101e24 000000f4 t onQueueFinish
00101f18 00000038 T C3Di_RenderQueueEnableVBlank
00101f50 00000030 T C3Di_RenderQueueDisableVBlank
00101f80 00000060 T C3Di_RenderQueueInit
00101fe0 000000b0 T C3Di_RenderQueueExit
00102090 00000034 T C3Di_RenderQueueWaitDone
001020c4 000000e4 T C3D_FrameBegin
001021a8 00000048 T C3D_FrameDrawOn
001021f0 000001d8 T C3D_FrameEnd
001023c8 00000018 T C3D_GetDrawingTime
001023e0 00000018 T C3D_GetProcessingTime
001023f8 00000128 T C3D_RenderTargetCreate
00102520 000000a8 T C3D_RenderTargetSetOutput
001025c8 0000016c T C3Di_SetTex
00102734 0000001c T C3D_CalcColorBufSize
00102750 0000001c T C3D_CalcDepthBufSize
0010276c 00000044 T C3D_SetFrameBuf
001027b0 0000016c T C3Di_FrameBufBind
0010291c 000000cc T C3D_FrameBufClear
001029e8 00000044 T C3D_FrameBufTransfer
00102a2c 00000034 T C3D_GetTexEnv
00102a60 00000024 T C3Di_TexEnvBind
00102a84 00000070 T C3D_ProcTexInit
00102af4 00000078 T C3D_ProcTexNoiseCoefs
00102b6c 00000054 T C3D_ProcTexBind
00102bc0 0000005c T C3D_ProcTexLutBind
00102c1c 000000a4 T ProcTexLut_FromArray
00102cc0 0000002c T C3D_ProcTexColorLutBind
00102cec 000000c8 T ProcTexColorLut_Write
00102db4 0000017c T C3Di_ProcTexUpdate
00102f30 00000068 T C3Di_ProcTexDirty
00102f98 00000048 T C3Di_BufInfoBind
00102fe0 00000040 T C3D_DepthMap
00103020 0000001c T C3D_CullFace
0010303c 00000040 T C3D_StencilTest
0010307c 00000024 T C3D_StencilOp
001030a0 0000001c T C3D_BlendingColor
001030bc 00000024 T C3D_EarlyDepthTest
001030e0 0000002c T C3D_DepthTest
0010310c 0000002c T C3D_AlphaTest
00103138 00000050 T C3D_AlphaBlend
00103188 00000030 T C3D_FragOpMode
001031b8 00000044 T C3D_FragOpShadow
001031fc 000001ac T C3Di_EffectBind
001033a8 00000028 T AttrInfo_Init
001033d0 00000098 T AttrInfo_AddLoader
00103468 00000020 T C3D_GetAttrInfo
00103488 00000080 T C3Di_AttrInfoBind
00103508 000000b8 T C3D_ImmDrawBegin
001035c0 000000a8 T C3D_ImmSendAttrib
00103668 00000070 T C3D_ImmDrawEnd
001036d8 0000029c T C3D_UpdateUniforms
00103974 000000c0 T C3Di_DirtyUniforms
00103a34 000000d8 T C3Di_LoadShaderUniforms
00103b0c 00000028 T C3Di_ClearShaderUniforms
00103b34 000000cc T Mtx_OrthoTilt
00103c00 00000024 t addrMapNodeComparator(rbtree_node const*, rbtree_node const*)
00103c24 00000004 t addrMapNodeDestructor(rbtree_node*)
00103c28 00000114 T vramMemAlign
00103d3c 00000008 T vramAlloc
00103d44 0000005c T vramFree
00103da0 00000024 t addrMapNodeComparator(rbtree_node const*, rbtree_node const*)
00103dc4 00000004 t addrMapNodeDestructor(rbtree_node*)
00103dc8 00000120 T linearMemAlign
00103ee8 00000008 T linearAlloc
00103ef0 0000005c T linearFree
00103f4c 00000084 T MemPool::CoalesceRight(MemBlock*)
00103fd0 00000170 T MemPool::Allocate(MemChunk&, unsigned long, int)
00104140 000000fc T MemPool::Deallocate(MemChunk const&)
0010423c 00000074 T osConvertVirtToPhys
001042b0 00000054 T osGetTimeRef
00104304 000000e4 T osGetTime
001043e8 00000074 T __libctru_gtod
00104460 00000038 T osTickCounterRead
00104498 00000034 T __ctru_speedup_config
001044cc 00000178 T consoleDrawChar
00104644 00000124 T consolePrintChar
00104768 00000a00 T con_write
00105168 00000168 T consoleInit
001052d0 000000f4 t newRow
001053c4 000000d0 t gfxPresentFramebuffer
00105494 0000001c T gfxIsWide
001054b0 000000ec T gfxSetScreenFormat
0010559c 00000010 T gfxSetDoubleBuffering
001055ac 00000108 T gfxInit
001056b4 00000010 T gfxInitDefault
001056c4 000000b4 T gfxExit
00105778 000000a0 T gfxGetFramebuffer
00105818 0000010c T gfxFlushBuffers
00105924 00000030 T gfxScreenSwapBuffers
00105954 00000050 T gfxSwapBuffersGpu
001059a4 000001e0 T shaderInstanceInit
00105b84 00000018 T shaderInstanceGetUniformLocation
00105b9c 0000001c T shaderProgramInit
00105bb8 00000064 T shaderProgramFree
00105c1c 00000080 T shaderProgramSetVsh
00105c9c 000008c0 T shaderProgramConfigure
0010655c 000001f8 t DVLE_GenerateOutmap.part.0
00106754 000001cc T DVLB_ParseFile
00106920 00000038 T DVLB_Free
00106958 00000074 T DVLE_GetUniformRegister
001069cc 00000010 T GX_BindQueue
001069dc 00000078 T GX_ProcessCommandList
00106a54 00000074 T GX_MemoryFill
00106ac8 00000070 T GX_DisplayTransfer
00106b38 00000068 t gxCmdQueueDoCommands.part.0
00106ba0 000000c8 T gxCmdQueueInterrupt
00106c68 0000004c T gxCmdQueueClear
00106cb4 000000f8 T gxCmdQueueAdd
00106dac 00000080 T gxCmdQueueRun
00106e2c 00000060 T gxCmdQueueStop
00106e8c 00000074 T gxCmdQueueWait
00106f00 0000013c T GPUCMD_Add
0010703c 000000ac T GPUCMD_Split
001070e8 00000040 T f32tof16
00107128 00000040 T f32tof24
00107168 00000044 T f32tof31
001071ac 00000c58 t gspHardwareInit
00107e04 00000254 T gspInit
00108058 000000f0 T gspExit
00108148 00000010 T gspHasGpuRight
00108158 00000098 T gspPresentBuffer
001081f0 00000030 T gspSetEventCallback
00108220 00000050 T gspWaitForEvent
00108270 0000004c T gspWaitForAnyEvent
001082bc 00000160 t gspEventThreadMain
0010841c 00000130 T gspSubmitGxCommand
0010854c 00000050 T GSPGPU_FlushDataCache
0010859c 00000034 T GSPGPU_SetLcdForceBlack
001085d0 00000068 T GSPGPU_AcquireRight
00108638 00000048 T GSPGPU_ReleaseRight
00108680 0000007c T GSPGPU_ImportDisplayCaptureInfo
001086fc 0000002c T GSPGPU_SaveVramSysArea
00108728 0000002c T GSPGPU_RestoreVramSysArea
00108754 000001b0 t aptConvertScreenForCapture
00108904 00000008 W aptDspSleep
0010890c 00000004 W aptDspWakeup
00108910 00000004 W aptDspCancel
00108914 0000015c T aptSendCommand
00108a70 00000038 t aptExitProcess
00108aa8 000002f0 T aptExit
00108d98 000000d8 T aptHandleSleep
00108e70 00000030 T aptHook
00108ea0 00000030 T aptUnhook
00108ed0 00000084 T APT_SleepIfShellClosed
00108f54 00000084 T aptSetSleepAllowed
00108fd8 00000084 T APT_UnlockTransition
00109060 00000484 t aptEventHandler
001094e4 000000b0 T APT_ReceiveParameter
00109594 000000b0 t aptReceiveParameter.constprop.0
00109648 000002bc t aptScreenTransfer
00109904 000002d0 t aptWaitForWakeUp.isra.0
00109bd4 000000f8 T aptJumpToHomeMenu
00109ccc 0000004c T aptMainLoop
00109d18 00000234 T aptInit
00109f4c 0000007c T APT_CheckNew3DS
00109fc8 00000024 W hidShouldUseIrrst
00109fec 0000018c T hidInit
0010a178 000000e8 T hidExit
0010a260 00000294 T hidScanInput
0010a4f4 00000010 T hidKeysDown
0010a504 00000074 T ptmSysmInit
0010a578 0000003c T ptmSysmExit
0010a5b4 00000034 T PTMSYSM_ConfigureNew3DSCPU
0010a5e8 00000010 T rbtree_init
0010a5f8 000001a0 t do_insert
0010a798 00000008 T rbtree_insert
0010a7a0 00000090 T rbtree_rotate
0010a830 00000338 T rbtree_remove
0010ab68 00000074 T rbtree_find
0010abe0 000001e0 W __system_allocateHeaps
0010adc0 00000038 W __libctru_init
0010adf8 000000f0 W __system_initArgv
0010aee8 T svcControlMemory
0010af08 T svcQueryMemory
0010af38 T svcExitProcess
0010af40 T svcCreateThread
0010af60 T svcExitThread
0010af68 T svcSleepThread
0010af70 T svcReleaseMutex
0010af78 T svcCreateEvent
0010af8c T svcSignalEvent
0010af94 T svcClearEvent
0010af9c T svcMapMemoryBlock
0010afa4 T svcUnmapMemoryBlock
0010afac T svcCreateAddressArbiter
0010afc0 T svcArbitrateAddressNoTimeout
0010afc8 T svcCloseHandle
0010afd0 T svcWaitSynchronization
0010afd8 T svcWaitSynchronizationN
0010b000 T svcDuplicateHandle
0010b014 T svcGetSystemTick
0010b01c T svcConnectToPort
0010b030 T svcSendSyncRequest
0010b038 T svcGetResourceLimit
0010b04c T svcGetResourceLimitLimitValues
0010b054 T svcGetResourceLimitCurrentValues
0010b05c T svcBreak
0010b064 W initSystem
0010b0b4 W __ctru_exit
0010b0cc 0000000c T __sync_init
0010b0d8 00000018 T __sync_fini
0010b0f0 0000002c T syncArbitrateAddress
0010b11c 0000001c T LightLock_Init
0010b138 00000094 T LightLock_Lock
0010b1cc 00000044 T LightLock_TryLock
0010b210 00000040 T LightLock_Unlock
0010b250 00000024 T RecursiveLock_Init
0010b274 00000030 T RecursiveLock_Lock
0010b2a4 00000078 T RecursiveLock_TryLock
0010b31c 00000054 T RecursiveLock_Unlock
0010b370 00000040 T LightEvent_Init
0010b3b0 000000a4 T LightEvent_Clear
0010b454 000000c8 T LightEvent_Signal
0010b51c 00000058 T LightEvent_TryWait
0010b574 000000b0 T LightEvent_Wait
0010b624 00000124 T srvInit
0010b748 00000058 T srvExit
0010b7a0 00000080 T srvGetServiceHandleDirect
0010b820 00000048 T srvGetServiceHandle
0010b868 00000038 T srvPublishToSubscriber
0010b8a0 00000188 T threadCreate
0010ba28 0000002c T threadFree
0010ba54 00000024 T threadJoin
0010ba78 00000030 T threadGetCurrent
0010baa8 00000040 T threadExit
0010bae8 00000044 t _thread_begin
0010bb2c 00000094 t mappableFindAddressWithin
0010bbc0 00000028 T mappableInit
0010bbe8 00000080 T mappableAlloc
0010bc68 00000004 T mappableFree
0010bc6c 00000160 T irrstInit
0010bdcc 000000cc T irrstExit
0010be98 000000b0 T irrstScanInput
0010bf48 00000024 T irrstKeysHeld
0010bf6c 0000000c T srvPmGetSessionHandle
0010bf78 00000050 T rbtree_node_next
0010bfc8 00000030 W __appInit
0010bff8 00000030 t __libctru_nanosleep
0010c028 00000030 t __libctru_get_reent
0010c058 000000f8 T __system_initSyscalls
0010c150 00000030 W __appExit
0010c180 00000090 W __libctru_exit
0010c210 00000084 W envGetHandle
0010c294 00000050 W envDestroyHandles
0010c2e4 00000014 t archive_link
0010c2f8 00000014 t archive_dirreset
0010c30c 00000014 t archive_chmod
0010c320 00000024 t error_cmp
0010c344 00000050 t archive_translate_error
0010c394 000000d4 t archive_seek
0010c468 0000007c t _archiveInit.part.0
0010c4e4 0000008c t archiveFindDevice.part.0
0010c570 00000294 t archive_utf16path
0010c804 000000a0 t _archiveUnmountDeviceStruct.part.0
0010c8a4 00000014 t archive_fchmod
0010c8b8 00000014 t archive_statvfs
0010c8cc 00000158 t _archiveMountDevice
0010ca24 000000e8 t archive_diropen
0010cb0c 000000a4 t archive_fstat
0010cbb0 0000006c t archive_close
0010cc1c 0000006c t archive_fsync
0010cc88 00000070 t archive_dirclose
0010ccf8 000000e8 t sdmc_statvfs
0010cde0 00000080 t archive_ftruncate
0010ce60 000000fc t archive_chdir
0010cf5c 000000b0 t archive_read
0010d00c 000000ac t archive_unlink
0010d0b8 000000c8 t archive_rmdir
0010d180 000000ec t archive_mkdir
0010d26c 000001a8 t archive_stat
0010d414 00000184 t archive_rename
0010d598 00000168 t archive_dirnext
0010d700 0000012c t archive_write
0010d82c 000001f0 t archive_open
0010da1c 000001a4 T archiveMountSdmc
0010dbc0 00000054 T archiveUnmountAll
0010dc14 000000c8 T fsInit
0010dcdc 0000003c T fsExit
0010dd18 00000060 T fsExemptFromSession
0010dd78 00000050 T fsUnexemptFromSession
0010ddc8 000000cc T FSUSER_OpenFile
0010de94 000000bc T FSUSER_DeleteFile
0010df50 000000f8 T FSUSER_RenameFile
0010e048 000000bc T FSUSER_DeleteDirectory
0010e104 000000d4 T FSUSER_CreateFile
0010e1d8 000000c4 T FSUSER_CreateDirectory
0010e29c 000000f8 T FSUSER_RenameDirectory
0010e394 000000b4 T FSUSER_OpenDirectory
0010e448 00000094 T FSUSER_OpenArchive
0010e4dc 0000008c T FSUSER_CloseArchive
0010e568 00000074 T FSUSER_GetSdmcArchiveResource
0010e5dc 00000064 T FSUSER_IsSdmcWritable
0010e640 00000058 T FSFILE_Read
0010e698 00000060 T FSFILE_Write
0010e6f8 00000038 T FSFILE_GetSize
0010e730 00000028 T FSFILE_SetSize
0010e758 0000003c T FSFILE_Close
0010e794 00000024 T FSFILE_Flush
0010e7b8 00000050 T FSDIR_Read
0010e808 0000003c T FSDIR_Close
0010e844 000000e8 T utf16_to_utf8
0010e92c 00000064 T decode_utf16
0010e990 0000013c T decode_utf8
0010eacc 000000c0 T utf8_to_utf16
0010eb8c T __aeabi_read_tp
0010eb98 00000060 T encode_utf16
0010ebf8 000000fc T encode_utf8
0010ecf8 00000274 T sinf
0010ef6c 00000024 t with_errnof
0010ef90 0000001c T __math_invalidf
0010efac 00000120 T __udivmoddi4
0010f0cc 00000078 T bsearch
0010f144 00000028 T calloc
0010f16c 00000094 T _calloc_r
0010f200 0000000c T __errno
0010f20c 00000034 T exit
0010f240 0000003c T __libc_fini_array
0010f27c 0000007c T __libc_init_array
0010f2f8 00000028 T memalign
0010f320 00000148 T _memalign_r
0010f468 00000020 T malloc
0010f488 00000020 T free
0010f4a8 000007f0 T _malloc_r
0010fc98 000000e0 T memchr
0010fd78 0000011c T memcpy
0010fe94 00000118 T memset
0010ffac 0000000c T __malloc_lock
0010ffb8 0000000c T __malloc_unlock
0010ffc4 00000034 T printf
0010fff8 00000260 T setvbuf
00110258 00000074 T sscanf
001102cc 00000044 T __sread
00110310 00000008 T __seofread
00110318 00000068 T __swrite
00110380 00000048 T __sseek
001103c8 00000008 T __sclose
001103d0 0000005c T strlen
0011042c 000000ec T strncat
00110518 000000dc T strncmp
001105f4 000000c0 T strncpy
001106b4 00000048 T strnlen
001106fc 00000050 t get_arg
0011074c 00002b68 T __ssvfscanf_r
001132b4 0000064c t get_arg
00113900 00000034 T __sprint_r
00113934 00002584 T _vfiprintf_r
00115eb8 000000d4 t __sbprintf
00115f8c 0000064c t get_arg
001165d8 000038d4 T _vfprintf_r
00119eac 000000d4 t __sbprintf
00119f80 00000054 T _wcrtomb_r
00119fd4 00000028 T _wcsrtombs_r
00119ffc 00000154 T __swsetup_r
0011a150 00000114 T __call_exitprocs
0011a264 000001a8 t quorem
0011a410 000012ec T _dtoa_r
0011b6fc 00000258 T __sflush_r
0011b954 00000094 T _fflush_r
0011b9e8 0000000c T _cleanup_r
0011b9f4 00000184 T __sinit
0011bb78 0000000c T __sfp_lock_acquire
0011bb84 0000000c T __sfp_lock_release
0011bb90 000000f8 T _malloc_trim_r
0011bc88 000002e4 T _free_r
0011bf6c 000004a4 T __sfvwrite_r
0011c410 00000070 T _fwalk_reent
0011c480 00000008 T iswspace
0011c488 0000000c T _localeconv_r
0011c494 00000010 T __locale_mb_cur_max
0011c4a4 00000138 T __smakebuf_r
0011c5dc 00000094 T __swhatbuf_r
0011c670 00000068 T _mbrtowc_r
0011c6d8 000002fc T __utf8_mbtowc
0011c9d4 00000154 T memmove
0011cb28 00000088 T _Balloc
0011cbb0 0000001c T _Bfree
0011cbcc 000000f4 T __multadd
0011ccc0 00000110 T __s2b
0011cdd0 00000058 T __hi0bits
0011ce28 0000009c T __lo0bits
0011cec4 000000a4 T __i2b
0011cf68 00000204 T __multiply
0011d16c 00000120 T __pow5mult
0011d28c 0000013c T __lshift
0011d3c8 00000058 T __mcmp
0011d420 000001cc T __mdiff
0011d5ec 00000088 T __ulp
0011d674 000000d4 T __b2d
0011d748 0000012c T __d2b
0011d874 00000078 T __ratio
0011d8ec 00000088 T __copybits
0011d974 0000005c T __any_on
0011d9d0 00000028 T realloc
0011d9f8 00000598 T _realloc_r
0011df90 000000e4 T __sccl
0011e074 0000000c T nanf
0011e080 000000a8 T frexp
0011e128 00000064 T sprintf
0011e18c 000000b8 T stpncpy
0011e244 00000144 T strchr
0011e388 0000130c T _strtod_l
0011f694 0000000c T _strtod_r
0011f6a0 0000022c t _strtoll_l.constprop.0
0011f8cc 00000004 T _strtoll_r
0011f8d0 000001b0 t _strtol_l.part.0
0011fa80 0000003c T _strtol_r
0011fabc 00000244 t _strtoull_l.constprop.0
0011fd00 00000004 T _strtoull_r
0011fd04 000001c8 t _strtoul_l.constprop.0
0011fecc 00000004 T _strtoul_r
0011fed0 00000188 T __ssprint_r
00120058 000000e0 T _sungetc_r
00120138 0000006c T __ssrefill_r
001201a4 000000c8 T _sfread_r
0012026c 0000064c t get_arg
001208b8 00003808 T _svfprintf_r
001240c0 000000a8 T __submore
00124168 00000190 T _wcsnrtombs_l
001242f8 0000004c T _wcsnrtombs_r
00124344 000000f0 T __utf8_wctomb
00124434 0000005c T __assert_func
00124490 00000160 T _fclose_r
001245f0 0000003c T fiprintf
0012462c 000000ec t rshift
00124718 00000928 T __gethex
00125040 0000004c T __match
0012508c 0000029c T __hexnan
00125328 0000003c T iswspace_l
00125364 000001d4 t __jp2uc
00125538 0000009c T _jp2uc_l
001255d8 00000010 T nan
001255e8 00000014 T abort
001255fc 00000084 T category
00125680 00000098 T _raise_r
00125718 00000020 T raise
00125738 00000008 t null_write
00125740 00000018 T setDefaultDevice
00125758 000000c8 T FindDevice
00125820 00000028 T RemoveDevice
00125848 0000009c T AddDevice
001258e4 00000020 T GetDeviceOpTab
00125904 00000078 T _fstat_r
0012597c 00000014 T _getpid_r
00125990 00000008 T _isatty_r
00125998 00000014 T _kill_r
001259ac 00000084 T _lseek_r
00125a30 00000080 T _read_r
00125ab0 00000078 T _sbrk_r
00125b28 00000080 T _write_r
00125ba8 00000024 T _exit
00125bcc 000001b8 T _concatenate_path
00125d84 00000160 T chdir
00125ee4 00000008 T __flockfile
00125eec 00000008 T __funlockfile
00125ef4 00000018 T __libc_lock_acquire
00125f0c 00000018 T __libc_lock_release
00125f24 00000018 T __libc_lock_init_recursive
00125f3c 00000018 T __libc_lock_acquire_recursive
00125f54 00000018 T __libc_lock_release_recursive
00125f6c 00000018 T __libc_lock_close_recursive
00125f84 0000003c T __get_handle
00125fc0 000000f4 T _close_r
001260b4 00000028 T __getreent
001260dc 00000038 T __aeabi_d2lz
001260dc 00000038 T __fixdfdi
00126118 00000040 T __aeabi_d2ulz
00126118 00000040 T __fixunsdfdi
00126158 00000044 T strrchr
0012619c T _fini
00127010 R vshader_shbin
00127128 R vshader_shbin_end
00127128 R vshader_shbin_size
00127168 00000005 r colorFmtSizes
00127170 00000004 r depthFmtSizes
00127174 00000010 r CSWTCH.9
001271e8 00000030 r colorTable
00127218 00000070 r dotab_stdout
001272ac 00000008 r morton_x.3
001272b4 00000008 r morton_y.2
001272bc 00000008 r s_sleepWakeEvents.4
001272e8 R default_font_bin
00127ae8 R default_font_bin_end
00127b14 00000070 r archive_devoptab
00127b84 00000030 r error_table
00127bbc 00000060 R __inv_pio4
00127c20 000000e0 R __sincosf_table
00127d00 00000004 R _global_impure_ptr
00127d0c 00000022 r basefix.0
00127d58 00000010 r blanks.1
00127d68 00000010 r zeroes.0
00127d8c 00000010 r blanks.1
00127d9c 00000010 r zeroes.0
00127dac 00000101 R _ctype_
00127ec0 r .LC2
00127fa0 00000028 R __mprec_bigtens
00127fc8 000000c8 R __mprec_tens
00128090 0000000c r p05.0
001280ac 00000014 r fpi.1
001280c0 00000014 r fpinan.0
001280d8 00000028 r tinytens
00128100 0000006c R __action_table
0012816c 00000100 R __chclass
0012826c 0000006c R __state_table
001282d8 00000010 r blanks.1
001282e8 00000010 r zeroes.0
00128380 00000100 R __hexdig
00128494 000000bc r a1
00128550 000000bc r a2
0012860c 0000005b r a3
00128668 00000070 r a6
001286d8 000000a2 r a7
0012877c 00000040 r a8
001287bc 0000172a r b02cf
00129ee8 00001a7c r d02f4
0012b964 0000000c R _C_numeric_locale
0012b970 000031e6 r categories
0012eb58 00000070 R dotab_stdnull
0012ebc8 r 
0012ebc8 R __exidx_end
0012ebc8 R __exidx_start
0012f000 00000004 d framerate
0012f004 00000008 d framerateCounter
0012f00c 00000004 D currentConsole
0012f010 0000004c D defaultConsole
0012f05c 00000001 d firstConsoleInit.0
0012f060 00000004 d queueLock
0012f064 00000004 d kCount
0012f068 00000004 d kDelay
0012f06c 00000004 d kInterval
0012f070 W __stacksize__
0012f074 00000004 D _impure_ptr
0012f078 00000460 d impure_data
0012f4d8 00000408 D __malloc_av_
0012f8e0 00000004 D __malloc_sbrk_base
0012f8e4 00000004 D __malloc_trim_threshold
0012f8e8 0000000c d __malloc_recursive_mutex
0012f8f4 0000000c D __atexit_recursive_mutex
0012f900 0000000c d __sfp_recursive_mutex
0012f90c 0000000c d __sinit_recursive_mutex
0012f918 0000016c D __global_locale
0012fa84 00000002 d numempty
0012fa88 00000004 d defaultDevice
0012fa8c 0000008c D devoptab_list
0012fb18 00000400 d _current_working_directory
0012ff18 00000004 d __hndl_lock
0012ff1c 0000000c d __stderr_handle
0012ff28 0000000c d __stdin_handle
0012ff34 0000000c d __stdout_handle
0012ff40 00001000 d handles
00130f48 d _GLOBAL_OFFSET_TABLE_
00130f54 d __frame_dummy_init_array_entry
00130f54 D __init_array_start
00130f54 B __preinit_array_end
00130f54 B __preinit_array_start
00130f54 D __tdata_lma
00130f54 D __tdata_lma_end
00130f58 d __do_global_dtors_aux_fini_array_entry
00130f58 D __fini_array_start
00130f58 D __init_array_end
00130f5c D __bss_start__
00130f5c D __fini_array_end
00130f5c 00000004 b vshader_dvlb
00130f60 00000014 b program
00130f74 00000004 b uLoc_projection
00130f78 00000040 b projection
00130fb8 00000018 b pt
00130fd0 00000200 b pt_map
001311d0 00000200 b pt_noise
001313d0 00000800 b pt_clr
00131bd0 b completed.1
00131bd4 b object.0
00131bf0 000002d0 B __C3D_Context
00131ec0 0000000c b hookCookie
00131ed0 00000010 b cpuTime
00131ee0 00000004 b firstTarget
00131ee4 00000008 b frameCounter
00131eec 00000004 b frameEndCb
00131ef0 00000004 b frameEndCbData
00131ef8 00000010 b gpuTime
00131f08 00000001 b inFrame
00131f09 00000001 b inSafeTransfer
00131f0a 00000001 b isTopStereo
00131f0c 00000004 b lastTarget
00131f10 0000000c b linkedTarget
00131f1c 00000001 b measureGpuTime
00131f1d 00000001 b needSwapBot
00131f1e 00000001 b needSwapTop
00131f20 00000004 B C3D_BoolUnifs
00131f24 00000002 B C3D_BoolUnifsDirty
00131f28 00000c00 B C3D_FVUnif
00132b28 000000c0 B C3D_FVUnifDirty
00132be8 00000020 B C3D_IVUnif
00132c08 00000008 B C3D_IVUnifDirty
00132c10 000000c0 b C3Di_FVUnifEverDirty
00132cd0 00000008 b C3Di_IVUnifEverDirty
00132cd8 00000018 b C3Di_ShaderFVecData
00132cf0 0000000c b sAddrMap
00132cfc 00000008 b sVramPool
00132d04 00000008 b sLinearPool
00132d0c 0000000c b sAddrMap
00132d18 00000001 V __ctru_speedup
00132d1c 0000004c B currentCopy
00132d68 00000004 b gfxBottomFramebufferMaxSize
00132d6c 00000008 b gfxBottomFramebuffers
00132d74 00000002 b gfxCurBuf
00132d78 00000002 b gfxFramebufferFormats
00132d7c 00000002 b gfxIsDoubleBuf
00132d7e 00000001 b gfxIsVram
00132d80 00000004 b gfxTopFramebufferMaxSize
00132d84 00000008 b gfxTopFramebuffers
00132d8c 00000001 b gfxTopMode
00132d90 00000004 b screenAlloc
00132d94 00000004 b screenFree
00132d98 00000004 b boundQueue
00132d9c 00000004 b curQueue
00132da0 00000001 b isActive
00132da1 00000001 b isRunning
00132da2 00000001 b shouldStop
00132da4 00000004 B gpuCmdBuf
00132da8 00000004 B gpuCmdBufOffset
00132dac 00000004 B gpuCmdBufSize
00132db0 00000004 b gspEvent
00132db4 0000001c b gspEventCb
00132dd0 0000001c b gspEventCbData
00132dec 00000007 b gspEventCbOneShot
00132df4 00000004 b gspEventThread
00132df8 00000038 b gspEvents
00132e30 00000004 b gspGpuHandle
00132e34 00000001 b gspGpuRight
00132e38 00000004 b gspLastEvent
00132e3c 00000004 b gspRefCount
00132e40 00000001 b gspRunEvents
00132e44 00000004 b gspSharedMem
00132e48 00000004 b gspSharedMemHandle
00132e4c 00000001 b gspThreadId
00132e4d 00000001 b aptChainloadFlags
00132e4e 00000001 b aptChainloadMediatype
00132e50 00000008 b aptChainloadTid
00132e58 00000004 b aptEventHandlerThread
00132e5c 00000001 b aptEventHandlerThreadQuit
00132e60 00000008 b aptEvents
00132e68 0000000c b aptFirstHook
00132e74 00000004 b aptFlags
00132e78 00000001 b aptHomeButtonState
00132e7c 00000004 b aptLockHandle
00132e80 00000004 b aptMessageFunc
00132e84 00000004 b aptMessageFuncData
00132e88 00001000 b aptParameters
00133e88 00000008 b aptReceiveEvent
00133e90 00000004 b aptRefCount
00133e94 00000008 b aptSleepEvent
00133e9c 00000001 b flagInit.1
00133e9d 00000001 b flagValue.0
00133ea0 00000004 b serviceName.6
00133ea4 00000006 b aVec
00133eac 00000004 b cPos
00133eb0 00000006 b gRate
00133eb8 00000014 B hidEvents
00133ecc 00000004 B hidHandle
00133ed0 00000004 B hidMemHandle
00133ed4 00000004 b hidRefCount
00133ed8 00000004 B hidSharedMem
00133edc 00000004 b kDown
00133ee0 00000004 b kHeld
00133ee4 00000004 b kOld
00133ee8 00000004 b kRepeat
00133eec 00000004 b kUp
00133ef0 00000004 b tPos
00133ef4 00000001 b usingIrrst
00133ef8 00000004 b ptmSysmHandle
00133efc 00000004 b ptmSysmRefCount
00133f00 00000004 B __ctru_heap
00133f04 00000004 V __ctru_heap_size
00133f08 00000004 B __ctru_linear_heap
00133f0c 00000004 V __ctru_linear_heap_size
00133f10 00000004 B __system_retAddr
00133f14 00000004 B __system_argc
00133f18 00000004 B __system_argv
00133f1c b saved_stack
00133f24 00000004 b arbiter
00133f28 00000004 b srvHandle
00133f2c 00000004 b srvRefCount
00133f30 00000004 b currentAddr
00133f34 00000004 b maxAddr
00133f38 00000004 b minAddr
00133f3c 00000004 b csPos
00133f40 00000004 B irrstEvent
00133f44 00000004 B irrstHandle
00133f48 00000004 B irrstMemHandle
00133f4c 00000004 b irrstRefCount
00133f50 00000004 B irrstSharedMem
00133f54 00000004 b kHeld
00133f58 00000004 b srvPmHandle
00133f5c 00000004 b archive_device_cwd
00133f60 00000540 b archive_devices
001344a0 00000001 b archive_initialized
001344a8 00000080 b fsExemptArchives
00134528 00000004 b fsuHandle
0013452c 00000004 b fsuRefCount
00134530 00000028 B __malloc_current_mallinfo
00134558 00000004 B __malloc_max_sbrked_mem
0013455c 00000004 B __malloc_max_total_mem
00134560 00000004 B __malloc_top_pad
00134564 00000004 b heap_start.0
00134568 00000004 B fake_heap_end
0013456c 00000004 B fake_heap_start
00134570 00000400 b temp_cwd
00134970 00000048 B __syscalls
001349b8 B __tls_start
001355c0 B __bss_end__
001355c0 A __end__
001355c0 B __tls_end
