         w __deregister_frame_info
         w __register_frame_info
         w userAppExit
         w userAppInit
00000000 00000401 B __ctru_dev_path_buf
00000000 b _TLS_MODULE_BASE_
00000000 a shift
00000000 a shift
00000404 00000802 B __ctru_dev_utf16_buf
00100000 A __start__
00100000 T _start
00100008 T __service_ptr
0010000c T __apt_appid
00100010 T __heap_size
00100014 T __linear_heap_size
00100018 T __system_arglist
0010001c T __system_runflags
00100020 t startup
00100058 t ClearMem
0010006c t ClrLoop
00100094 T _init
001000ac t .udivsi3_skip_div0_test
001000ac T __aeabi_uidiv
001000ac 000001ec T __udivsi3
00100298 00000020 T __aeabi_uidivmod
001002b8 T __aeabi_idiv
001002b8 00000220 T __divsi3
001002c0 t .divsi3_skip_div0_test
001004d8 00000020 T __aeabi_idivmod
001004f8 00000004 W __aeabi_idiv0
001004f8 00000004 W __aeabi_ldiv0
001004fc T __aeabi_ldivmod
001005d0 T __aeabi_uldivmod
00100628 00000390 T strcmp
001009b0 T __aeabi_drsub
001009b8 000002b0 T __aeabi_dsub
001009b8 000002b0 T __subdf3
001009bc 000002ac T __adddf3
001009bc 000002ac T __aeabi_dadd
00100c68 00000024 T __aeabi_ui2d
00100c68 00000024 T __floatunsidf
00100c8c 00000028 T __aeabi_i2d
00100c8c 00000028 T __floatsidf
00100cb4 00000048 T __aeabi_f2d
00100cb4 00000048 T __extendsfdf2
00100cfc 00000074 T __aeabi_ul2d
00100cfc 00000074 T __floatundidf
00100d10 00000060 T __aeabi_l2d
00100d10 00000060 T __floatdidf
00100d70 t __do_global_dtors_aux
00100db0 t frame_dummy
00100ddc 000000a0 T printfile
00100e7c 0000009c T main
00100f18 00000008 t romfs_close
00100f20 000000c8 t romfs_seek
00100fe8 00000024 t romfs_dirreset
0010100c 000000c8 t fill_dir
001010d4 000002b0 t romfs_dirnext
00101384 00000084 t romfs_free
00101408 000000d4 t searchForFile.constprop.0
001014dc 000000d8 t searchForDir.constprop.0
001015b4 000001c0 t navigateToDir.constprop.0
00101774 00000128 t romfs_open
0010189c 0000004c t romfs_chdir
001018e8 00000070 t romfs_diropen
00101958 0000017c t romfs_stat
00101ad4 00000008 t romfs_dirclose
00101adc 0000007c t romfs_fstat
00101b58 000000d4 t romfs_read
00101c2c 00000290 T romfsMountFromFile
00101ebc 00000098 T romfsMountFromCurrentProcess
00101f54 0000025c T romfsMountSelf
001021b0 000000ac T romfsUnmount
0010225c 00000178 T consoleDrawChar
001023d4 00000124 T consolePrintChar
001024f8 00000a00 T con_write
00102ef8 00000168 T consoleInit
00103060 000000f4 t newRow
00103154 000000d0 t gfxPresentFramebuffer
00103224 0000001c T gfxIsWide
00103240 000000ec T gfxSetScreenFormat
0010332c 00000010 T gfxSetDoubleBuffering
0010333c 00000108 T gfxInit
00103444 00000010 T gfxInitDefault
00103454 000000b4 T gfxExit
00103508 000000a0 T gfxGetFramebuffer
001035a8 0000010c T gfxFlushBuffers
001036b4 00000050 T gfxSwapBuffersGpu
00103704 00000c58 t gspHardwareInit
0010435c 00000254 T gspInit
001045b0 000000f0 T gspExit
001046a0 00000010 T gspHasGpuRight
001046b0 00000098 T gspPresentBuffer
00104748 00000050 T gspWaitForEvent
00104798 00000004 W gxCmdQueueInterrupt
0010479c 00000160 t gspEventThreadMain
001048fc 00000050 T GSPGPU_FlushDataCache
0010494c 00000034 T GSPGPU_SetLcdForceBlack
00104980 00000068 T GSPGPU_AcquireRight
001049e8 00000048 T GSPGPU_ReleaseRight
00104a30 0000007c T GSPGPU_ImportDisplayCaptureInfo
00104aac 0000002c T GSPGPU_SaveVramSysArea
00104ad8 0000002c T GSPGPU_RestoreVramSysArea
00104b04 000001b0 t aptConvertScreenForCapture
00104cb4 00000008 W aptDspSleep
00104cbc 00000004 W aptDspWakeup
00104cc0 00000004 W aptDspCancel
00104cc4 0000015c T aptSendCommand
00104e20 00000038 t aptExitProcess
00104e58 000002f0 T aptExit
00105148 000000d8 T aptHandleSleep
00105220 00000084 T APT_SleepIfShellClosed
001052a4 00000084 T aptSetSleepAllowed
00105328 00000084 T APT_UnlockTransition
001053b0 00000484 t aptEventHandler
00105834 000000b0 T APT_ReceiveParameter
001058e4 000000b0 t aptReceiveParameter.constprop.0
00105998 000002bc t aptScreenTransfer
00105c54 000002d0 t aptWaitForWakeUp.isra.0
00105f24 000000f8 T aptJumpToHomeMenu
0010601c 0000004c T aptMainLoop
00106068 00000234 T aptInit
0010629c 0000007c T APT_CheckNew3DS
00106318 00000024 W hidShouldUseIrrst
0010633c 0000018c T hidInit
001064c8 000000e8 T hidExit
001065b0 00000294 T hidScanInput
00106844 00000010 T hidKeysDown
00106854 000000c8 T fsInit
0010691c 0000003c T fsExit
00106958 00000060 T fsExemptFromSession
001069b8 00000050 T fsUnexemptFromSession
00106a08 000000cc T FSUSER_OpenFile
00106ad4 000000d4 T FSUSER_OpenFileDirectly
00106ba8 000000bc T FSUSER_DeleteFile
00106c64 000000f8 T FSUSER_RenameFile
00106d5c 000000bc T FSUSER_DeleteDirectory
00106e18 000000d4 T FSUSER_CreateFile
00106eec 000000c4 T FSUSER_CreateDirectory
00106fb0 000000f8 T FSUSER_RenameDirectory
001070a8 000000b4 T FSUSER_OpenDirectory
0010715c 00000094 T FSUSER_OpenArchive
001071f0 0000008c T FSUSER_CloseArchive
0010727c 00000074 T FSUSER_GetSdmcArchiveResource
001072f0 00000064 T FSUSER_IsSdmcWritable
00107354 00000058 T FSFILE_Read
001073ac 00000060 T FSFILE_Write
0010740c 00000038 T FSFILE_GetSize
00107444 00000028 T FSFILE_SetSize
0010746c 0000003c T FSFILE_Close
001074a8 00000024 T FSFILE_Flush
001074cc 00000050 T FSDIR_Read
0010751c 0000003c T FSDIR_Close
00107558 000000e8 T utf16_to_utf8
00107640 00000064 T decode_utf16
001076a4 000000c0 T utf8_to_utf16
00107764 00000038 W __libctru_init
0010779c 000000f0 W __system_initArgv
0010788c T svcControlMemory
001078ac T svcQueryMemory
001078dc T svcExitProcess
001078e4 T svcCreateThread
00107904 T svcExitThread
0010790c T svcSleepThread
00107914 T svcReleaseMutex
0010791c T svcCreateEvent
00107930 T svcSignalEvent
00107938 T svcClearEvent
00107940 T svcMapMemoryBlock
00107948 T svcUnmapMemoryBlock
00107950 T svcCreateAddressArbiter
00107964 T svcArbitrateAddressNoTimeout
0010796c T svcCloseHandle
00107974 T svcWaitSynchronization
0010797c T svcWaitSynchronizationN
001079a4 T svcDuplicateHandle
001079b8 T svcGetSystemTick
001079c0 T svcConnectToPort
001079d4 T svcSendSyncRequest
001079dc T svcGetResourceLimit
001079f0 T svcGetResourceLimitLimitValues
001079f8 T svcGetResourceLimitCurrentValues
00107a00 T svcBreak
00107a08 W initSystem
00107a58 W __ctru_exit
00107a70 T __aeabi_read_tp
00107a7c 00000024 t addrMapNodeComparator(rbtree_node const*, rbtree_node const*)
00107aa0 00000004 t addrMapNodeDestructor(rbtree_node*)
00107aa4 00000114 T vramMemAlign
00107bb8 00000008 T vramAlloc
00107bc0 0000005c T vramFree
00107c1c 00000024 t addrMapNodeComparator(rbtree_node const*, rbtree_node const*)
00107c40 00000004 t addrMapNodeDestructor(rbtree_node*)
00107c44 00000120 T linearMemAlign
00107d64 00000008 T linearAlloc
00107d6c 0000005c T linearFree
00107dc8 00000084 T MemPool::CoalesceRight(MemBlock*)
00107e4c 00000170 T MemPool::Allocate(MemChunk&, unsigned long, int)
00107fbc 000000fc T MemPool::Deallocate(MemChunk const&)
001080b8 0000000c T __sync_init
001080c4 00000018 T __sync_fini
001080dc 0000002c T syncArbitrateAddress
00108108 0000001c T LightLock_Init
00108124 00000094 T LightLock_Lock
001081b8 00000044 T LightLock_TryLock
001081fc 00000040 T LightLock_Unlock
0010823c 00000024 T RecursiveLock_Init
00108260 00000030 T RecursiveLock_Lock
00108290 00000078 T RecursiveLock_TryLock
00108308 00000054 T RecursiveLock_Unlock
0010835c 00000040 T LightEvent_Init
0010839c 000000a4 T LightEvent_Clear
00108440 000000c8 T LightEvent_Signal
00108508 00000058 T LightEvent_TryWait
00108560 000000b0 T LightEvent_Wait
00108610 00000084 W envGetHandle
00108694 00000050 W envDestroyHandles
001086e4 00000054 T osGetTimeRef
00108738 000000e4 T osGetTime
0010881c 00000074 T __libctru_gtod
00108890 00000034 T __ctru_speedup_config
001088c4 00000124 T srvInit
001089e8 00000058 T srvExit
00108a40 00000080 T srvGetServiceHandleDirect
00108ac0 00000048 T srvGetServiceHandle
00108b08 00000038 T srvPublishToSubscriber
00108b40 00000188 T threadCreate
00108cc8 0000002c T threadFree
00108cf4 00000024 T threadJoin
00108d18 00000030 T threadGetCurrent
00108d48 00000040 T threadExit
00108d88 00000044 t _thread_begin
00108dcc 00000094 t mappableFindAddressWithin
00108e60 00000028 T mappableInit
00108e88 00000080 T mappableAlloc
00108f08 00000004 T mappableFree
00108f0c 00000160 T irrstInit
0010906c 000000cc T irrstExit
00109138 000000b0 T irrstScanInput
001091e8 00000024 T irrstKeysHeld
0010920c 0000000c T srvPmGetSessionHandle
00109218 00000074 T ptmSysmInit
0010928c 0000003c T ptmSysmExit
001092c8 00000034 T PTMSYSM_ConfigureNew3DSCPU
001092fc 00000010 T rbtree_init
0010930c 000001a0 t do_insert
001094ac 00000008 T rbtree_insert
001094b4 00000090 T rbtree_rotate
00109544 00000338 T rbtree_remove
0010987c 00000074 T rbtree_find
001098f0 00000060 T encode_utf16
00109950 000000fc T encode_utf8
00109a4c 0000013c T decode_utf8
00109b88 00000030 W __appInit
00109bb8 00000030 t __libctru_nanosleep
00109be8 00000030 t __libctru_get_reent
00109c18 000000f8 T __system_initSyscalls
00109d10 000001e0 W __system_allocateHeaps
00109ef0 00000030 W __appExit
00109f20 00000090 W __libctru_exit
00109fb0 00000014 t archive_link
00109fc4 00000014 t archive_dirreset
00109fd8 00000014 t archive_chmod
00109fec 00000024 t error_cmp
0010a010 00000050 t archive_translate_error
0010a060 000000d4 t archive_seek
0010a134 0000007c t _archiveInit.part.0
0010a1b0 0000008c t archiveFindDevice.part.0
0010a23c 00000294 t archive_utf16path
0010a4d0 000000a0 t _archiveUnmountDeviceStruct.part.0
0010a570 00000014 t archive_fchmod
0010a584 00000014 t archive_statvfs
0010a598 00000158 t _archiveMountDevice
0010a6f0 000000e8 t archive_diropen
0010a7d8 000000a4 t archive_fstat
0010a87c 0000006c t archive_close
0010a8e8 0000006c t archive_fsync
0010a954 00000070 t archive_dirclose
0010a9c4 000000e8 t sdmc_statvfs
0010aaac 00000080 t archive_ftruncate
0010ab2c 000000fc t archive_chdir
0010ac28 000000b0 t archive_read
0010acd8 000000ac t archive_unlink
0010ad84 000000c8 t archive_rmdir
0010ae4c 000000ec t archive_mkdir
0010af38 000001a8 t archive_stat
0010b0e0 00000184 t archive_rename
0010b264 00000168 t archive_dirnext
0010b3cc 0000012c t archive_write
0010b4f8 000001f0 t archive_open
0010b6e8 000001a4 T archiveMountSdmc
0010b88c 00000054 T archiveUnmountAll
0010b8e0 00000050 T rbtree_node_next
0010b930 00000120 T __udivmoddi4
0010ba50 00000078 T bsearch
0010bac8 0000000c T __errno
0010bad4 00000034 T exit
0010bb08 00000160 T _fclose_r
0010bc68 00000020 T fclose
0010bc88 00000258 T __sflush_r
0010bee0 00000094 T _fflush_r
0010bf74 00000038 T fflush
0010bfac 000001a0 T _fgets_r
0010c14c 00000030 T fgets
0010c17c 0000000c T _cleanup_r
0010c188 00000184 T __sinit
0010c30c 00000134 T __sfp
0010c440 0000000c T __sfp_lock_acquire
0010c44c 0000000c T __sfp_lock_release
0010c458 0000003c T __libc_fini_array
0010c494 00000140 T _fopen_r
0010c5d4 00000028 T fopen
0010c5fc 000000f8 T _malloc_trim_r
0010c6f4 000002e4 T _free_r
0010c9d8 0000001c T _fseek_r
0010c9f4 000004f8 T _fseeko_r
0010ceec 000001bc T _ftello_r
0010d0a8 00000068 T _fwalk
0010d110 00000070 T _fwalk_reent
0010d180 0000007c T __libc_init_array
0010d1fc 00000138 T __smakebuf_r
0010d334 00000094 T __swhatbuf_r
0010d3c8 00000028 T memalign
0010d3f0 00000148 T _memalign_r
0010d538 00000020 T malloc
0010d558 00000020 T free
0010d578 000007f0 T _malloc_r
0010dd68 000000e0 T memchr
0010de48 000000a8 T memcmp
0010def0 0000011c T memcpy
0010e00c 00000118 T memset
0010e124 0000000c T __malloc_lock
0010e130 0000000c T __malloc_unlock
0010e13c 00000034 T printf
0010e170 000000e0 T _puts_r
0010e250 00000020 T puts
0010e270 0000001c t lflush
0010e28c 000001ac T __srefill_r
0010e438 00000260 T setvbuf
0010e698 00000074 T sscanf
0010e70c 00000044 T __sread
0010e750 00000008 T __seofread
0010e758 00000068 T __swrite
0010e7c0 00000048 T __sseek
0010e808 00000008 T __sclose
0010e810 00000144 T strchr
0010e954 0000005c T strlen
0010e9b0 000000ec T strncat
0010ea9c 000000dc T strncmp
0010eb78 000000c0 T strncpy
0010ec38 00000048 T strnlen
0010ec80 00000050 t get_arg
0010ecd0 00002b68 T __ssvfscanf_r
00111838 0000003c T time
00111874 0000064c t get_arg
00111ec0 00000034 T __sprint_r
00111ef4 00002584 T _vfiprintf_r
00114478 000000d4 t __sbprintf
0011454c 0000064c t get_arg
00114b98 000038d4 T _vfprintf_r
0011846c 000000d4 t __sbprintf
00118540 00000054 T _wcrtomb_r
00118594 00000028 T _wcsrtombs_r
001185bc 00000154 T __swsetup_r
00118710 00000114 T __call_exitprocs
00118824 000001a8 t quorem
001189d0 000012ec T _dtoa_r
00119cbc 000000c8 T __sflags
00119d84 000004a4 T __sfvwrite_r
0011a228 00000008 T iswspace
0011a230 0000000c T _localeconv_r
0011a23c 00000010 T __locale_mb_cur_max
0011a24c 00000068 T _mbrtowc_r
0011a2b4 000002fc T __utf8_mbtowc
0011a5b0 00000154 T memmove
0011a704 00000088 T _Balloc
0011a78c 0000001c T _Bfree
0011a7a8 000000f4 T __multadd
0011a89c 00000110 T __s2b
0011a9ac 00000058 T __hi0bits
0011aa04 0000009c T __lo0bits
0011aaa0 000000a4 T __i2b
0011ab44 00000204 T __multiply
0011ad48 00000120 T __pow5mult
0011ae68 0000013c T __lshift
0011afa4 00000058 T __mcmp
0011affc 000001cc T __mdiff
0011b1c8 00000088 T __ulp
0011b250 000000d4 T __b2d
0011b324 0000012c T __d2b
0011b450 00000078 T __ratio
0011b4c8 00000088 T __copybits
0011b550 0000005c T __any_on
0011b5ac 00000028 T realloc
0011b5d4 00000598 T _realloc_r
0011bb6c 000000e4 T __sccl
0011bc50 0000000c T nanf
0011bc60 000000a8 T frexp
0011bd08 00000064 T sprintf
0011bd6c 000000b8 T stpncpy
0011be28 0000130c T _strtod_l
0011d134 0000000c T _strtod_r
0011d140 0000022c t _strtoll_l.constprop.0
0011d36c 00000004 T _strtoll_r
0011d370 000001b0 t _strtol_l.part.0
0011d520 0000003c T _strtol_r
0011d55c 00000244 t _strtoull_l.constprop.0
0011d7a0 00000004 T _strtoull_r
0011d7a4 000001c8 t _strtoul_l.constprop.0
0011d96c 00000004 T _strtoul_r
0011d970 00000188 T __ssprint_r
0011daf8 000000e0 T _sungetc_r
0011dbd8 0000006c T __ssrefill_r
0011dc44 000000c8 T _sfread_r
0011dd0c 0000064c t get_arg
0011e358 00003808 T _svfprintf_r
00121b60 000000a8 T __submore
00121c08 00000190 T _wcsnrtombs_l
00121d98 0000004c T _wcsnrtombs_r
00121de4 000000f0 T __utf8_wctomb
00121ed4 0000005c T __assert_func
00121f30 00000094 T _calloc_r
00121fc4 0000003c T fiprintf
00122000 000000ec t rshift
001220ec 00000928 T __gethex
00122a14 0000004c T __match
00122a60 0000029c T __hexnan
00122cfc 0000003c T iswspace_l
00122d38 000001d4 t __jp2uc
00122f0c 0000009c T _jp2uc_l
00122fa8 00000010 T nan
00122fb8 00000014 T abort
00122fcc 00000084 T category
00123050 00000098 T _raise_r
001230e8 00000020 T raise
00123108 00000008 t null_write
00123110 00000018 T setDefaultDevice
00123128 000000c8 T FindDevice
001231f0 00000028 T RemoveDevice
00123218 0000009c T AddDevice
001232b4 00000020 T GetDeviceOpTab
001232d4 00000078 T _fstat_r
0012334c 00000014 T _getpid_r
00123360 00000038 T _gettimeofday_r
00123398 00000008 T _isatty_r
001233a0 00000014 T _kill_r
001233b4 00000084 T _lseek_r
00123438 000000c8 T _open_r
00123500 00000080 T _read_r
00123580 00000078 T _sbrk_r
001235f8 00000080 T _write_r
00123678 00000024 T _exit
0012369c 000001b8 T _concatenate_path
00123854 00000160 T chdir
001239b4 00000008 T __flockfile
001239bc 00000008 T __funlockfile
001239c4 00000018 T __libc_lock_acquire
001239dc 00000018 T __libc_lock_release
001239f4 00000018 T __libc_lock_init_recursive
00123a0c 00000018 T __libc_lock_acquire_recursive
00123a24 00000018 T __libc_lock_release_recursive
00123a3c 00000018 T __libc_lock_close_recursive
00123a54 0000008c T __release_handle
00123ae0 000000b4 T __alloc_handle
00123b94 0000003c T __get_handle
00123bd0 000000f4 T _close_r
00123cc4 00000028 T __getreent
00123cec 00000038 T __aeabi_d2lz
00123cec 00000038 T __fixdfdi
00123d28 00000040 T __aeabi_d2ulz
00123d28 00000040 T __fixunsdfdi
00123d68 00000044 T strrchr
00123dac T _fini
001240c0 00000070 r romFS_devoptab
00124194 00000030 r colorTable
001241c4 00000070 r dotab_stdout
00124258 00000008 r morton_x.3
00124260 00000008 r morton_y.2
00124268 00000008 r s_sleepWakeEvents.4
00124290 R default_font_bin
00124a90 R default_font_bin_end
00124ac8 00000070 r archive_devoptab
00124b38 00000030 r error_table
00124b68 00000004 R _global_impure_ptr
00124b74 00000022 r basefix.0
00124bc0 00000010 r blanks.1
00124bd0 00000010 r zeroes.0
00124bf4 00000010 r blanks.1
00124c04 00000010 r zeroes.0
00124c14 00000101 R _ctype_
00124d28 r .LC2
00124e08 00000028 R __mprec_bigtens
00124e30 000000c8 R __mprec_tens
00124ef8 0000000c r p05.0
00124f14 00000014 r fpi.1
00124f28 00000014 r fpinan.0
00124f40 00000028 r tinytens
00124f68 0000006c R __action_table
00124fd4 00000100 R __chclass
001250d4 0000006c R __state_table
00125140 00000010 r blanks.1
00125150 00000010 r zeroes.0
001251e8 00000100 R __hexdig
001252fc 000000bc r a1
001253b8 000000bc r a2
00125474 0000005b r a3
001254d0 00000070 r a6
00125540 000000a2 r a7
001255e4 00000040 r a8
00125624 0000172a r b02cf
00126d50 00001a7c r d02f4
001287cc 0000000c R _C_numeric_locale
001287d8 000031e6 r categories
0012b9c0 00000070 R dotab_stdnull
0012ba30 r 
0012ba30 R __exidx_end
0012ba30 R __exidx_start
0012c000 00000004 D currentConsole
0012c004 0000004c D defaultConsole
0012c050 00000001 d firstConsoleInit.0
0012c054 00000004 d kCount
0012c058 00000004 d kDelay
0012c05c 00000004 d kInterval
0012c060 W __stacksize__
0012c064 0000000c d __sfp_recursive_mutex
0012c070 0000000c d __sinit_recursive_mutex
0012c07c 00000004 D _impure_ptr
0012c080 00000460 d impure_data
0012c4e0 00000408 D __malloc_av_
0012c8e8 00000004 D __malloc_sbrk_base
0012c8ec 00000004 D __malloc_trim_threshold
0012c8f0 0000000c d __malloc_recursive_mutex
0012c8fc 0000000c D __atexit_recursive_mutex
0012c908 0000016c D __global_locale
0012ca74 00000002 d numempty
0012ca78 00000004 d defaultDevice
0012ca7c 0000008c D devoptab_list
0012cb08 00000400 d _current_working_directory
0012cf08 00000004 d __hndl_lock
0012cf0c 0000000c d __stderr_handle
0012cf18 0000000c d __stdin_handle
0012cf24 0000000c d __stdout_handle
0012cf30 00001000 d handles
0012df38 d _GLOBAL_OFFSET_TABLE_
0012df44 d __frame_dummy_init_array_entry
0012df44 D __init_array_start
0012df44 B __preinit_array_end
0012df44 B __preinit_array_start
0012df44 D __tdata_lma
0012df44 D __tdata_lma_end
0012df48 d __do_global_dtors_aux_fini_array_entry
0012df48 D __fini_array_start
0012df48 D __init_array_end
0012df4c D __bss_start__
0012df4c D __fini_array_end
0012df4c b completed.1
0012df50 b object.0
0012df68 00000004 V __romfs_path
0012df6c 00000004 b romfs_mount_list
0012df70 0000004c B currentCopy
0012dfbc 00000004 b gfxBottomFramebufferMaxSize
0012dfc0 00000008 b gfxBottomFramebuffers
0012dfc8 00000002 b gfxCurBuf
0012dfcc 00000002 b gfxFramebufferFormats
0012dfd0 00000002 b gfxIsDoubleBuf
0012dfd2 00000001 b gfxIsVram
0012dfd4 00000004 b gfxTopFramebufferMaxSize
0012dfd8 00000008 b gfxTopFramebuffers
0012dfe0 00000001 b gfxTopMode
0012dfe4 00000004 b screenAlloc
0012dfe8 00000004 b screenFree
0012dfec 00000004 b gspEvent
0012dff0 0000001c b gspEventCb
0012e00c 0000001c b gspEventCbData
0012e028 00000007 b gspEventCbOneShot
0012e030 00000004 b gspEventThread
0012e034 00000038 b gspEvents
0012e06c 00000004 b gspGpuHandle
0012e070 00000001 b gspGpuRight
0012e074 00000004 b gspLastEvent
0012e078 00000004 b gspRefCount
0012e07c 00000001 b gspRunEvents
0012e080 00000004 b gspSharedMem
0012e084 00000004 b gspSharedMemHandle
0012e088 00000001 b gspThreadId
0012e089 00000001 b aptChainloadFlags
0012e08a 00000001 b aptChainloadMediatype
0012e090 00000008 b aptChainloadTid
0012e098 00000004 b aptEventHandlerThread
0012e09c 00000001 b aptEventHandlerThreadQuit
0012e0a0 00000008 b aptEvents
0012e0a8 0000000c b aptFirstHook
0012e0b4 00000004 b aptFlags
0012e0b8 00000001 b aptHomeButtonState
0012e0bc 00000004 b aptLockHandle
0012e0c0 00000004 b aptMessageFunc
0012e0c4 00000004 b aptMessageFuncData
0012e0c8 00001000 b aptParameters
0012f0c8 00000008 b aptReceiveEvent
0012f0d0 00000004 b aptRefCount
0012f0d4 00000008 b aptSleepEvent
0012f0dc 00000001 b flagInit.1
0012f0dd 00000001 b flagValue.0
0012f0e0 00000004 b serviceName.6
0012f0e4 00000006 b aVec
0012f0ec 00000004 b cPos
0012f0f0 00000006 b gRate
0012f0f8 00000014 B hidEvents
0012f10c 00000004 B hidHandle
0012f110 00000004 B hidMemHandle
0012f114 00000004 b hidRefCount
0012f118 00000004 B hidSharedMem
0012f11c 00000004 b kDown
0012f120 00000004 b kHeld
0012f124 00000004 b kOld
0012f128 00000004 b kRepeat
0012f12c 00000004 b kUp
0012f130 00000004 b tPos
0012f134 00000001 b usingIrrst
0012f138 00000080 b fsExemptArchives
0012f1b8 00000004 b fsuHandle
0012f1bc 00000004 b fsuRefCount
0012f1c0 00000004 B __system_retAddr
0012f1c4 00000004 B __system_argc
0012f1c8 00000004 B __system_argv
0012f1cc b saved_stack
0012f1d4 0000000c b sAddrMap
0012f1e0 00000008 b sVramPool
0012f1e8 00000008 b sLinearPool
0012f1f0 0000000c b sAddrMap
0012f1fc 00000004 b arbiter
0012f200 00000001 V __ctru_speedup
0012f204 00000004 b srvHandle
0012f208 00000004 b srvRefCount
0012f20c 00000004 b currentAddr
0012f210 00000004 b maxAddr
0012f214 00000004 b minAddr
0012f218 00000004 b csPos
0012f21c 00000004 B irrstEvent
0012f220 00000004 B irrstHandle
0012f224 00000004 B irrstMemHandle
0012f228 00000004 b irrstRefCount
0012f22c 00000004 B irrstSharedMem
0012f230 00000004 b kHeld
0012f234 00000004 b srvPmHandle
0012f238 00000004 b ptmSysmHandle
0012f23c 00000004 b ptmSysmRefCount
0012f240 00000004 B __ctru_heap
0012f244 00000004 V __ctru_heap_size
0012f248 00000004 B __ctru_linear_heap
0012f24c 00000004 V __ctru_linear_heap_size
0012f250 00000004 b archive_device_cwd
0012f258 00000540 b archive_devices
0012f798 00000001 b archive_initialized
0012f79c 00000028 B __malloc_current_mallinfo
0012f7c4 00000004 B __malloc_max_sbrked_mem
0012f7c8 00000004 B __malloc_max_total_mem
0012f7cc 00000004 B __malloc_top_pad
0012f7d0 00000004 b heap_start.0
0012f7d4 00000004 B fake_heap_end
0012f7d8 00000004 B fake_heap_start
0012f7dc 00000400 b temp_cwd
0012fbdc 00000048 B __syscalls
0012fc24 B __tls_start
0013082c B __bss_end__
0013082c A __end__
0013082c B __tls_end
