         w __deregister_frame_info
         w __register_frame_info
         w userAppExit
         w userAppInit
00000000 00000401 B __ctru_dev_path_buf
00000000 b _TLS_MODULE_BASE_
00000000 a shift
00000000 a shift
00000404 00000802 B __ctru_dev_utf16_buf
00100000 A __start__
00100000 T _start
00100008 T __service_ptr
0010000c T __apt_appid
00100010 T __heap_size
00100014 T __linear_heap_size
00100018 T __system_arglist
0010001c T __system_runflags
00100020 t startup
00100058 t ClearMem
0010006c t ClrLoop
00100094 T _init
001000ac T __aeabi_idiv
001000ac 00000220 T __divsi3
001000b4 t .divsi3_skip_div0_test
001002cc 00000020 T __aeabi_idivmod
001002ec 00000004 W __aeabi_idiv0
001002ec 00000004 W __aeabi_ldiv0
001002f0 T __aeabi_ldivmod
001003c4 T __aeabi_uldivmod
00100408 00000390 T strcmp
00100790 t .udivsi3_skip_div0_test
00100790 T __aeabi_uidiv
00100790 000001ec T __udivsi3
0010097c 00000020 T __aeabi_uidivmod
0010099c T __aeabi_drsub
001009a4 000002b0 T __aeabi_dsub
001009a4 000002b0 T __subdf3
001009a8 000002ac T __adddf3
001009a8 000002ac T __aeabi_dadd
00100c54 00000024 T __aeabi_ui2d
00100c54 00000024 T __floatunsidf
00100c78 00000028 T __aeabi_i2d
00100c78 00000028 T __floatsidf
00100ca0 00000048 T __aeabi_f2d
00100ca0 00000048 T __extendsfdf2
00100ce8 00000074 T __aeabi_ul2d
00100ce8 00000074 T __floatundidf
00100cfc 00000060 T __aeabi_l2d
00100cfc 00000060 T __floatdidf
00100d5c t __do_global_dtors_aux
00100d9c t frame_dummy
00100dc8 000000a8 T fill_buffer
00100e70 00000224 T main
00101094 00000024 t addrMapNodeComparator(rbtree_node const*, rbtree_node const*)
001010b8 00000004 t addrMapNodeDestructor(rbtree_node*)
001010bc 00000120 T linearMemAlign
001011dc 00000008 T linearAlloc
001011e4 0000005c T linearFree
00101240 00000084 T MemPool::CoalesceRight(MemBlock*)
001012c4 00000170 T MemPool::Allocate(MemChunk&, unsigned long, int)
00101434 000000fc T MemPool::Deallocate(MemChunk const&)
00101530 00000018 T consoleSelect
00101548 00000178 T consoleDrawChar
001016c0 00000124 T consolePrintChar
001017e4 00000a00 T con_write
001021e4 00000168 T consoleInit
0010234c 000000f4 t newRow
00102440 000000d0 t gfxPresentFramebuffer
00102510 0000001c T gfxIsWide
0010252c 000000ec T gfxSetScreenFormat
00102618 00000010 T gfxSetDoubleBuffering
00102628 00000108 T gfxInit
00102730 00000010 T gfxInitDefault
00102740 000000b4 T gfxExit
001027f4 000000a0 T gfxGetFramebuffer
00102894 0000010c T gfxFlushBuffers
001029a0 00000050 T gfxSwapBuffers
001029f0 00000050 T gfxSwapBuffersGpu
00102a40 00000158 t ndspUpdateMaster
00102b98 00000110 t ndspFinalize
00102ca8 00000318 t ndspThreadMain
00102fc0 0000024c t ndspInitialize.part.0
0010320c 000000fc t ndspHookCallback
00103308 000003dc T ndspInit
001036e4 000000cc T ndspExit
001037b0 00000034 T ndspSetOutputMode
001037e4 000000c8 T ndspChnReset
001038ac 00000018 T ndspChnSetFormat
001038c4 00000050 T ndspChnSetInterp
00103914 00000064 T ndspChnSetRate
00103978 00000088 T ndspChnSetMix
00103a00 000000b8 T ndspChnWaveBufAdd
00103ab8 00000040 T ndspiInitChn
00103af8 0000002c T ndspiDirtyChn
00103b24 00000480 T ndspiUpdateChn
00103fa4 00000180 T ndspiReadChnState
00104124 000000a4 T cfguInit
001041c8 0000003c T cfguExit
00104204 0000004c T CFGU_GetConfigInfoBlk2
00104250 000000a4 t DSP_LoadComponent.part.0
001042f4 000000dc T dspInit
001043d0 00000078 T dspExit
00104448 00000024 T dspHook
0010446c 00000030 T dspUnhook
0010449c 000000ac T aptDspSleep
00104548 000000b4 T aptDspWakeup
001045fc 00000044 T aptDspCancel
00104640 00000050 T DSP_FlushDataCache
00104690 00000034 T DSP_SetSemaphore
001046c4 00000034 T DSP_SetSemaphoreMask
001046f8 00000038 T DSP_GetSemaphoreHandle
00104730 0000003c T DSP_LoadComponent
0010476c 00000044 T DSP_RegisterInterruptEvents
001047b0 00000074 T DSP_ReadPipeIfPossible
00104824 0000004c T DSP_WriteProcessPipe
00104870 00000040 T DSP_ConvertProcessAddressFromDspDram
001048b0 00000040 T DSP_RecvData
001048f0 0000004c T DSP_RecvDataIsReady
0010493c 00000c58 t gspHardwareInit
00105594 00000254 T gspInit
001057e8 000000f0 T gspExit
001058d8 00000010 T gspHasGpuRight
001058e8 00000098 T gspPresentBuffer
00105980 00000050 T gspWaitForEvent
001059d0 00000004 W gxCmdQueueInterrupt
001059d4 00000160 t gspEventThreadMain
00105b34 00000050 T GSPGPU_FlushDataCache
00105b84 00000034 T GSPGPU_SetLcdForceBlack
00105bb8 00000068 T GSPGPU_AcquireRight
00105c20 00000048 T GSPGPU_ReleaseRight
00105c68 0000007c T GSPGPU_ImportDisplayCaptureInfo
00105ce4 0000002c T GSPGPU_SaveVramSysArea
00105d10 0000002c T GSPGPU_RestoreVramSysArea
00105d3c 000001b0 t aptConvertScreenForCapture
00105eec 0000015c T aptSendCommand
00106048 00000038 t aptExitProcess
00106080 000002f0 T aptExit
00106370 000000d8 T aptHandleSleep
00106448 00000084 T APT_SleepIfShellClosed
001064cc 00000084 T aptSetSleepAllowed
00106550 00000084 T APT_UnlockTransition
001065d8 00000484 t aptEventHandler
00106a5c 000000b0 T APT_ReceiveParameter
00106b0c 000000b0 t aptReceiveParameter.constprop.0
00106bc0 000002bc t aptScreenTransfer
00106e7c 000002d0 t aptWaitForWakeUp.isra.0
0010714c 000000f8 T aptJumpToHomeMenu
00107244 0000004c T aptMainLoop
00107290 00000234 T aptInit
001074c4 0000007c T APT_CheckNew3DS
00107540 00000024 W hidShouldUseIrrst
00107564 0000018c T hidInit
001076f0 000000e8 T hidExit
001077d8 00000294 T hidScanInput
00107a6c 00000010 T hidKeysDown
00107a7c 000000c8 T fsInit
00107b44 0000003c T fsExit
00107b80 00000060 T fsExemptFromSession
00107be0 00000050 T fsUnexemptFromSession
00107c30 000000cc T FSUSER_OpenFile
00107cfc 000000d4 T FSUSER_OpenFileDirectly
00107dd0 000000bc T FSUSER_DeleteFile
00107e8c 000000f8 T FSUSER_RenameFile
00107f84 000000bc T FSUSER_DeleteDirectory
00108040 000000d4 T FSUSER_CreateFile
00108114 000000c4 T FSUSER_CreateDirectory
001081d8 000000f8 T FSUSER_RenameDirectory
001082d0 000000b4 T FSUSER_OpenDirectory
00108384 00000094 T FSUSER_OpenArchive
00108418 0000008c T FSUSER_CloseArchive
001084a4 00000074 T FSUSER_GetSdmcArchiveResource
00108518 00000064 T FSUSER_IsSdmcWritable
0010857c 00000058 T FSFILE_Read
001085d4 00000060 T FSFILE_Write
00108634 00000038 T FSFILE_GetSize
0010866c 00000028 T FSFILE_SetSize
00108694 0000003c T FSFILE_Close
001086d0 00000024 T FSFILE_Flush
001086f4 00000050 T FSDIR_Read
00108744 0000003c T FSDIR_Close
00108780 00000010 T rbtree_init
00108790 000001a0 t do_insert
00108930 00000008 T rbtree_insert
00108938 00000090 T rbtree_rotate
001089c8 00000338 T rbtree_remove
00108d00 00000074 T rbtree_find
00108d78 000001e0 W __system_allocateHeaps
00108f58 00000038 W __libctru_init
00108f90 000000f0 W __system_initArgv
00109080 T svcControlMemory
001090a0 T svcQueryMemory
001090d0 T svcExitProcess
001090d8 T svcCreateThread
001090f8 T svcExitThread
00109100 T svcSleepThread
00109108 T svcReleaseMutex
00109110 T svcCreateEvent
00109124 T svcSignalEvent
0010912c T svcClearEvent
00109134 T svcMapMemoryBlock
0010913c T svcUnmapMemoryBlock
00109144 T svcCreateAddressArbiter
00109158 T svcArbitrateAddressNoTimeout
00109160 T svcCloseHandle
00109168 T svcWaitSynchronization
00109170 T svcWaitSynchronizationN
00109198 T svcDuplicateHandle
001091ac T svcGetSystemTick
001091b4 T svcConnectToPort
001091c8 T svcSendSyncRequest
001091d0 T svcGetResourceLimit
001091e4 T svcGetResourceLimitLimitValues
001091ec T svcGetResourceLimitCurrentValues
001091f4 T svcBreak
001091fc W initSystem
0010924c W __ctru_exit
00109264 00000024 t addrMapNodeComparator(rbtree_node const*, rbtree_node const*)
00109288 00000004 t addrMapNodeDestructor(rbtree_node*)
0010928c 00000114 T vramMemAlign
001093a0 00000008 T vramAlloc
001093a8 0000005c T vramFree
00109404 0000000c T __sync_init
00109410 00000018 T __sync_fini
00109428 0000002c T syncArbitrateAddress
00109454 0000001c T LightLock_Init
00109470 00000094 T LightLock_Lock
00109504 00000044 T LightLock_TryLock
00109548 00000040 T LightLock_Unlock
00109588 00000024 T RecursiveLock_Init
001095ac 00000030 T RecursiveLock_Lock
001095dc 00000078 T RecursiveLock_TryLock
00109654 00000054 T RecursiveLock_Unlock
001096a8 00000040 T LightEvent_Init
001096e8 000000a4 T LightEvent_Clear
0010978c 000000c8 T LightEvent_Signal
00109854 00000058 T LightEvent_TryWait
001098ac 000000b0 T LightEvent_Wait
0010995c 00000084 W envGetHandle
001099e0 00000050 W envDestroyHandles
00109a30 00000074 T osConvertVirtToPhys
00109aa4 00000054 T osGetTimeRef
00109af8 000000e4 T osGetTime
00109bdc 00000074 T __libctru_gtod
00109c50 00000034 T __ctru_speedup_config
00109c84 00000124 T srvInit
00109da8 00000058 T srvExit
00109e00 00000080 T srvGetServiceHandleDirect
00109e80 00000048 T srvGetServiceHandle
00109ec8 00000038 T srvPublishToSubscriber
00109f00 00000188 T threadCreate
0010a088 0000002c T threadFree
0010a0b4 00000024 T threadJoin
0010a0d8 00000030 T threadGetCurrent
0010a108 00000040 T threadExit
0010a148 00000044 t _thread_begin
0010a18c 00000094 t mappableFindAddressWithin
0010a220 00000028 T mappableInit
0010a248 00000080 T mappableAlloc
0010a2c8 00000004 T mappableFree
0010a2cc 00000160 T irrstInit
0010a42c 000000cc T irrstExit
0010a4f8 000000b0 T irrstScanInput
0010a5a8 00000024 T irrstKeysHeld
0010a5cc 0000000c T srvPmGetSessionHandle
0010a5d8 00000074 T ptmSysmInit
0010a64c 0000003c T ptmSysmExit
0010a688 00000034 T PTMSYSM_ConfigureNew3DSCPU
0010a6bc 00000050 T rbtree_node_next
0010a70c 00000030 W __appInit
0010a73c 00000030 t __libctru_nanosleep
0010a76c 00000030 t __libctru_get_reent
0010a79c 000000f8 T __system_initSyscalls
0010a894 00000030 W __appExit
0010a8c4 00000090 W __libctru_exit
0010a954 00000014 t archive_link
0010a968 00000014 t archive_dirreset
0010a97c 00000014 t archive_chmod
0010a990 00000024 t error_cmp
0010a9b4 00000050 t archive_translate_error
0010aa04 000000d4 t archive_seek
0010aad8 0000007c t _archiveInit.part.0
0010ab54 0000008c t archiveFindDevice.part.0
0010abe0 00000294 t archive_utf16path
0010ae74 000000a0 t _archiveUnmountDeviceStruct.part.0
0010af14 00000014 t archive_fchmod
0010af28 00000014 t archive_statvfs
0010af3c 00000158 t _archiveMountDevice
0010b094 000000e8 t archive_diropen
0010b17c 000000a4 t archive_fstat
0010b220 0000006c t archive_close
0010b28c 0000006c t archive_fsync
0010b2f8 00000070 t archive_dirclose
0010b368 000000e8 t sdmc_statvfs
0010b450 00000080 t archive_ftruncate
0010b4d0 000000fc t archive_chdir
0010b5cc 000000b0 t archive_read
0010b67c 000000ac t archive_unlink
0010b728 000000c8 t archive_rmdir
0010b7f0 000000ec t archive_mkdir
0010b8dc 000001a8 t archive_stat
0010ba84 00000184 t archive_rename
0010bc08 00000168 t archive_dirnext
0010bd70 0000012c t archive_write
0010be9c 000001f0 t archive_open
0010c08c 000001a4 T archiveMountSdmc
0010c230 00000054 T archiveUnmountAll
0010c284 000000e8 T utf16_to_utf8
0010c36c 00000064 T decode_utf16
0010c3d0 0000013c T decode_utf8
0010c50c 000000c0 T utf8_to_utf16
0010c5cc T __aeabi_read_tp
0010c5d8 00000060 T encode_utf16
0010c638 000000fc T encode_utf8
0010c738 000000c8 T sin
0010c800 00000328 T __ieee754_rem_pio2
0010cb28 00000158 T __kernel_cos
0010cc80 0000088c T __kernel_rem_pio2
0010d510 000000c0 T __kernel_sin
0010d5d0 00000014 T fabs
0010d5e8 00000164 T floor
0010d750 00000138 T scalbn
0010d888 00000120 T __udivmoddi4
0010d9a8 00000078 T bsearch
0010da20 0000000c T __errno
0010da2c 00000034 T exit
0010da60 0000003c T __libc_fini_array
0010da9c 0000007c T __libc_init_array
0010db18 00000028 T memalign
0010db40 00000148 T _memalign_r
0010dc88 00000020 T malloc
0010dca8 00000020 T free
0010dcc8 000007f0 T _malloc_r
0010e4b8 000000e0 T memchr
0010e598 0000011c T memcpy
0010e6b4 00000118 T memset
0010e7cc 0000000c T __malloc_lock
0010e7d8 0000000c T __malloc_unlock
0010e7e4 000000e0 T _puts_r
0010e8c4 00000020 T puts
0010e8e4 00000260 T setvbuf
0010eb44 00000074 T sscanf
0010ebb8 00000044 T __sread
0010ebfc 00000008 T __seofread
0010ec04 00000068 T __swrite
0010ec6c 00000048 T __sseek
0010ecb4 00000008 T __sclose
0010ecbc 0000005c T strlen
0010ed18 000000ec T strncat
0010ee04 000000dc T strncmp
0010eee0 000000c0 T strncpy
0010efa0 00000048 T strnlen
0010efe8 00000050 t get_arg
0010f038 00002b68 T __ssvfscanf_r
00111ba0 0000064c t get_arg
001121ec 00000034 T __sprint_r
00112220 00002584 T _vfiprintf_r
001147a4 000000d4 t __sbprintf
00114878 00000054 T _wcrtomb_r
001148cc 00000028 T _wcsrtombs_r
001148f4 00000154 T __swsetup_r
00114a48 00000114 T __call_exitprocs
00114b5c 00000258 T __sflush_r
00114db4 00000094 T _fflush_r
00114e48 0000000c T _cleanup_r
00114e54 00000184 T __sinit
00114fd8 0000000c T __sfp_lock_acquire
00114fe4 0000000c T __sfp_lock_release
00114ff0 000000f8 T _malloc_trim_r
001150e8 000002e4 T _free_r
001153cc 000004a4 T __sfvwrite_r
00115870 00000070 T _fwalk_reent
001158e0 00000008 T iswspace
001158e8 0000000c T _localeconv_r
001158f4 00000010 T __locale_mb_cur_max
00115904 00000138 T __smakebuf_r
00115a3c 00000094 T __swhatbuf_r
00115ad0 00000068 T _mbrtowc_r
00115b38 000002fc T __utf8_mbtowc
00115e34 00000154 T memmove
00115f88 00000028 T realloc
00115fb0 00000598 T _realloc_r
00116548 000000e4 T __sccl
0011662c 0000000c T nanf
00116638 00000064 T sprintf
0011669c 000000b8 T stpncpy
00116754 00000144 T strchr
00116898 0000130c T _strtod_l
00117ba4 0000000c T _strtod_r
00117bb0 0000022c t _strtoll_l.constprop.0
00117ddc 00000004 T _strtoll_r
00117de0 000001b0 t _strtol_l.part.0
00117f90 0000003c T _strtol_r
00117fcc 00000244 t _strtoull_l.constprop.0
00118210 00000004 T _strtoull_r
00118214 000001c8 t _strtoul_l.constprop.0
001183dc 00000004 T _strtoul_r
001183e0 00000188 T __ssprint_r
00118568 000000e0 T _sungetc_r
00118648 0000006c T __ssrefill_r
001186b4 000000c8 T _sfread_r
0011877c 0000064c t get_arg
00118dc8 00003808 T _svfprintf_r
0011c5d0 000000a8 T __submore
0011c678 00000190 T _wcsnrtombs_l
0011c808 0000004c T _wcsnrtombs_r
0011c854 000000f0 T __utf8_wctomb
0011c944 000001a8 t quorem
0011caf0 000012ec T _dtoa_r
0011dddc 00000160 T _fclose_r
0011df3c 000000ec t rshift
0011e028 00000928 T __gethex
0011e950 0000004c T __match
0011e99c 0000029c T __hexnan
0011ec38 0000003c T iswspace_l
0011ec74 000001d4 t __jp2uc
0011ee48 0000009c T _jp2uc_l
0011eee4 00000088 T _Balloc
0011ef6c 0000001c T _Bfree
0011ef88 000000f4 T __multadd
0011f07c 00000110 T __s2b
0011f18c 00000058 T __hi0bits
0011f1e4 0000009c T __lo0bits
0011f280 000000a4 T __i2b
0011f324 00000204 T __multiply
0011f528 00000120 T __pow5mult
0011f648 0000013c T __lshift
0011f784 00000058 T __mcmp
0011f7dc 000001cc T __mdiff
0011f9a8 00000088 T __ulp
0011fa30 000000d4 T __b2d
0011fb04 0000012c T __d2b
0011fc30 00000078 T __ratio
0011fca8 00000088 T __copybits
0011fd30 0000005c T __any_on
0011fd90 000000a8 T frexp
0011fe38 00000010 T nan
0011fe48 0000005c T __assert_func
0011fea4 00000094 T _calloc_r
0011ff38 00000084 T category
0011ffbc 0000003c T fiprintf
0011fff8 00000014 T abort
0012000c 00000098 T _raise_r
001200a4 00000020 T raise
001200c4 00000008 t null_write
001200cc 00000018 T setDefaultDevice
001200e4 000000c8 T FindDevice
001201ac 00000028 T RemoveDevice
001201d4 0000009c T AddDevice
00120270 00000020 T GetDeviceOpTab
00120290 00000078 T _fstat_r
00120308 00000014 T _getpid_r
0012031c 00000008 T _isatty_r
00120324 00000014 T _kill_r
00120338 00000084 T _lseek_r
001203bc 00000080 T _read_r
0012043c 00000078 T _sbrk_r
001204b4 00000080 T _write_r
00120534 00000024 T _exit
00120558 000001b8 T _concatenate_path
00120710 00000160 T chdir
00120870 00000008 T __flockfile
00120878 00000008 T __funlockfile
00120880 00000018 T __libc_lock_acquire
00120898 00000018 T __libc_lock_release
001208b0 00000018 T __libc_lock_init_recursive
001208c8 00000018 T __libc_lock_acquire_recursive
001208e0 00000018 T __libc_lock_release_recursive
001208f8 00000018 T __libc_lock_close_recursive
00120910 0000003c T __get_handle
0012094c 000000f4 T _close_r
00120a40 00000028 T __getreent
00120a68 00000038 T __aeabi_d2lz
00120a68 00000038 T __fixdfdi
00120aa0 00000040 T __aeabi_d2ulz
00120aa0 00000040 T __fixunsdfdi
00120ae0 00000044 T strrchr
00120b24 T _fini
001210f4 00000030 r colorTable
00121124 00000070 r dotab_stdout
0012119c 00000011 r dsp_filename.0
001211f8 00000008 r morton_x.3
00121200 00000008 r morton_y.2
00121208 00000008 r s_sleepWakeEvents.4
00121230 R default_font_bin
00121a30 R default_font_bin_end
00121a68 00000070 r archive_devoptab
00121ad8 00000030 r error_table
00121b08 00000080 r npio2_hw
00121b88 00000108 r two_over_pi
00121c90 00000040 r PIo2
00121cd0 00000010 r init_jk
00121ce0 00000004 R _global_impure_ptr
00121cec 00000022 r basefix.0
00121d38 00000010 r blanks.1
00121d48 00000010 r zeroes.0
00121d58 00000101 R _ctype_
00121eb4 00000014 r fpi.1
00121ec8 00000014 r fpinan.0
00121ee0 00000028 r tinytens
00121f08 0000006c R __action_table
00121f74 00000100 R __chclass
00122074 0000006c R __state_table
001220f4 00000010 r blanks.1
00122104 00000010 r zeroes.0
00122124 r .LC2
001221c4 00000100 R __hexdig
001222d8 000000bc r a1
00122394 000000bc r a2
00122450 0000005b r a3
001224ac 00000070 r a6
0012251c 000000a2 r a7
001225c0 00000040 r a8
00122600 0000172a r b02cf
00123d2c 00001a7c r d02f4
001257a8 0000000c R _C_numeric_locale
001257f8 00000028 R __mprec_bigtens
00125820 000000c8 R __mprec_tens
001258e8 0000000c r p05.0
00125934 000031e6 r categories
00128b1c 00000070 R dotab_stdnull
00128b8c r 
00128b8c R __exidx_end
00128b8c R __exidx_start
00129000 00000004 D currentConsole
00129004 0000004c D defaultConsole
00129050 00000001 d firstConsoleInit.0
00129054 00000004 d kCount
00129058 00000004 d kDelay
0012905c 00000004 d kInterval
00129060 W __stacksize__
00129064 00000004 D _impure_ptr
00129068 00000460 d impure_data
001294c8 00000408 D __malloc_av_
001298d0 00000004 D __malloc_sbrk_base
001298d4 00000004 D __malloc_trim_threshold
001298d8 0000000c d __malloc_recursive_mutex
001298e4 0000000c D __atexit_recursive_mutex
001298f0 0000000c d __sfp_recursive_mutex
001298fc 0000000c d __sinit_recursive_mutex
00129908 0000016c D __global_locale
00129a74 00000002 d numempty
00129a78 00000004 d defaultDevice
00129a7c 0000008c D devoptab_list
00129b08 00000400 d _current_working_directory
00129f08 00000004 d __hndl_lock
00129f0c 0000000c d __stderr_handle
00129f18 0000000c d __stdin_handle
00129f24 0000000c d __stdout_handle
00129f30 00001000 d handles
0012af38 d _GLOBAL_OFFSET_TABLE_
0012af44 d __frame_dummy_init_array_entry
0012af44 D __init_array_start
0012af44 B __preinit_array_end
0012af44 B __preinit_array_start
0012af44 D __tdata_lma
0012af44 D __tdata_lma_end
0012af48 d __do_global_dtors_aux_fini_array_entry
0012af48 D __fini_array_start
0012af48 D __init_array_end
0012af4c D __bss_start__
0012af4c D __fini_array_end
0012af4c b completed.1
0012af50 b object.0
0012af68 00000008 b sLinearPool
0012af70 0000000c b sAddrMap
0012af7c 0000004c B currentCopy
0012afc8 00000004 b gfxBottomFramebufferMaxSize
0012afcc 00000008 b gfxBottomFramebuffers
0012afd4 00000002 b gfxCurBuf
0012afd8 00000002 b gfxFramebufferFormats
0012afdc 00000002 b gfxIsDoubleBuf
0012afde 00000001 b gfxIsVram
0012afe0 00000004 b gfxTopFramebufferMaxSize
0012afe4 00000008 b gfxTopFramebuffers
0012afec 00000001 b gfxTopMode
0012aff0 00000004 b screenAlloc
0012aff4 00000004 b screenFree
0012aff8 00000001 b bCancelReceived
0012aff9 00000001 b bDspReady
0012affa 00000001 b bEnteringSleep
0012affb 00000001 b bSleeping
0012affc 00000004 b componentBin
0012b000 00000002 b componentDataMask
0012b002 00000001 b componentFree
0012b004 00000002 b componentProgMask
0012b008 00000004 b componentSize
0012b00c 00000004 b droppedFrames
0012b010 00000004 b dspSem
0012b014 00001080 b dspVar5Backup
0012c094 00000004 b frameCount
0012c098 00000004 b irqEvent
0012c09c 00000002 B ndspBufferCurId
0012c09e 00000002 B ndspBufferId
0012c0a0 00000002 B ndspFrameId
0012c0a4 00000008 b ndspHookCookie
0012c0ac 00000048 b ndspMaster
0012c0f4 00000004 b ndspMutex
0012c0f8 00000004 b ndspRefCount
0012c0fc 00000004 b ndspThread
0012c100 00000001 b ndspThreadRun
0012c104 00000080 B ndspVars
0012c184 00000008 b sleepEvent
0012c18c 00000c60 b ndspChn
0012cdec 00000004 b cfguHandle
0012cdf0 00000004 b cfguRefCount
0012cdf4 00000001 b dspComponentLoaded
0012cdf8 00000008 b dspFirstHook
0012ce00 00000004 b dspHandle
0012ce04 00000004 b dspRefCount
0012ce08 00000004 b dspSavedCompBin
0012ce0c 00000002 b dspSavedCompDataMask
0012ce0e 00000002 b dspSavedCompProgMask
0012ce10 00000004 b dspSavedCompSize
0012ce14 00000001 b dspSleeping
0012ce18 00000004 b gspEvent
0012ce1c 0000001c b gspEventCb
0012ce38 0000001c b gspEventCbData
0012ce54 00000007 b gspEventCbOneShot
0012ce5c 00000004 b gspEventThread
0012ce60 00000038 b gspEvents
0012ce98 00000004 b gspGpuHandle
0012ce9c 00000001 b gspGpuRight
0012cea0 00000004 b gspLastEvent
0012cea4 00000004 b gspRefCount
0012cea8 00000001 b gspRunEvents
0012ceac 00000004 b gspSharedMem
0012ceb0 00000004 b gspSharedMemHandle
0012ceb4 00000001 b gspThreadId
0012ceb5 00000001 b aptChainloadFlags
0012ceb6 00000001 b aptChainloadMediatype
0012ceb8 00000008 b aptChainloadTid
0012cec0 00000004 b aptEventHandlerThread
0012cec4 00000001 b aptEventHandlerThreadQuit
0012cec8 00000008 b aptEvents
0012ced0 0000000c b aptFirstHook
0012cedc 00000004 b aptFlags
0012cee0 00000001 b aptHomeButtonState
0012cee4 00000004 b aptLockHandle
0012cee8 00000004 b aptMessageFunc
0012ceec 00000004 b aptMessageFuncData
0012cef0 00001000 b aptParameters
0012def0 00000008 b aptReceiveEvent
0012def8 00000004 b aptRefCount
0012defc 00000008 b aptSleepEvent
0012df04 00000001 b flagInit.1
0012df05 00000001 b flagValue.0
0012df08 00000004 b serviceName.6
0012df0c 00000006 b aVec
0012df14 00000004 b cPos
0012df18 00000006 b gRate
0012df20 00000014 B hidEvents
0012df34 00000004 B hidHandle
0012df38 00000004 B hidMemHandle
0012df3c 00000004 b hidRefCount
0012df40 00000004 B hidSharedMem
0012df44 00000004 b kDown
0012df48 00000004 b kHeld
0012df4c 00000004 b kOld
0012df50 00000004 b kRepeat
0012df54 00000004 b kUp
0012df58 00000004 b tPos
0012df5c 00000001 b usingIrrst
0012df60 00000080 b fsExemptArchives
0012dfe0 00000004 b fsuHandle
0012dfe4 00000004 b fsuRefCount
0012dfe8 00000004 B __ctru_heap
0012dfec 00000004 V __ctru_heap_size
0012dff0 00000004 B __ctru_linear_heap
0012dff4 00000004 V __ctru_linear_heap_size
0012dff8 00000004 B __system_retAddr
0012dffc 00000004 B __system_argc
0012e000 00000004 B __system_argv
0012e004 b saved_stack
0012e00c 0000000c b sAddrMap
0012e018 00000008 b sVramPool
0012e020 00000004 b arbiter
0012e024 00000001 V __ctru_speedup
0012e028 00000004 b srvHandle
0012e02c 00000004 b srvRefCount
0012e030 00000004 b currentAddr
0012e034 00000004 b maxAddr
0012e038 00000004 b minAddr
0012e03c 00000004 b csPos
0012e040 00000004 B irrstEvent
0012e044 00000004 B irrstHandle
0012e048 00000004 B irrstMemHandle
0012e04c 00000004 b irrstRefCount
0012e050 00000004 B irrstSharedMem
0012e054 00000004 b kHeld
0012e058 00000004 b srvPmHandle
0012e05c 00000004 b ptmSysmHandle
0012e060 00000004 b ptmSysmRefCount
0012e064 00000004 b archive_device_cwd
0012e068 00000540 b archive_devices
0012e5a8 00000001 b archive_initialized
0012e5ac 00000028 B __malloc_current_mallinfo
0012e5d4 00000004 B __malloc_max_sbrked_mem
0012e5d8 00000004 B __malloc_max_total_mem
0012e5dc 00000004 B __malloc_top_pad
0012e5e0 00000004 b heap_start.0
0012e5e4 00000004 B fake_heap_end
0012e5e8 00000004 B fake_heap_start
0012e5ec 00000400 b temp_cwd
0012e9ec 00000048 B __syscalls
0012ea34 B __tls_start
0012f63c B __bss_end__
0012f63c A __end__
0012f63c B __tls_end
