         w __deregister_frame_info
         w __register_frame_info
         w userAppExit
         w userAppInit
00000000 00000401 B __ctru_dev_path_buf
00000000 b _TLS_MODULE_BASE_
00000000 a shift
00000000 a shift
00000404 00000802 B __ctru_dev_utf16_buf
00100000 A __start__
00100000 T _start
00100008 T __service_ptr
0010000c T __apt_appid
00100010 T __heap_size
00100014 T __linear_heap_size
00100018 T __system_arglist
0010001c T __system_runflags
00100020 t startup
00100058 t ClearMem
0010006c t ClrLoop
00100094 T _init
001000ac T __aeabi_idiv
001000ac 00000220 T __divsi3
001000b4 t .divsi3_skip_div0_test
001002cc 00000020 T __aeabi_idivmod
001002ec 00000004 W __aeabi_idiv0
001002ec 00000004 W __aeabi_ldiv0
001002f0 T __aeabi_ldivmod
001003c4 T __aeabi_uldivmod
00100408 00000390 T strcmp
00100790 t .udivsi3_skip_div0_test
00100790 T __aeabi_uidiv
00100790 000001ec T __udivsi3
0010097c 00000020 T __aeabi_uidivmod
0010099c T __aeabi_drsub
001009a4 000002b0 T __aeabi_dsub
001009a4 000002b0 T __subdf3
001009a8 000002ac T __adddf3
001009a8 000002ac T __aeabi_dadd
00100c54 00000024 T __aeabi_ui2d
00100c54 00000024 T __floatunsidf
00100c78 00000028 T __aeabi_i2d
00100c78 00000028 T __floatsidf
00100ca0 00000048 T __aeabi_f2d
00100ca0 00000048 T __extendsfdf2
00100ce8 00000074 T __aeabi_ul2d
00100ce8 00000074 T __floatundidf
00100cfc 00000060 T __aeabi_l2d
00100cfc 00000060 T __floatdidf
00100d5c t __do_global_dtors_aux
00100d9c t frame_dummy
00100dc8 0000006c T main
00100e34 00000178 T consoleDrawChar
00100fac 00000124 T consolePrintChar
001010d0 00000a00 T con_write
00101ad0 00000168 T consoleInit
00101c38 000000f4 t newRow
00101d2c 000000d0 t gfxPresentFramebuffer
00101dfc 0000001c T gfxIsWide
00101e18 000000ec T gfxSetScreenFormat
00101f04 00000010 T gfxSetDoubleBuffering
00101f14 00000108 T gfxInit
0010201c 00000010 T gfxInitDefault
0010202c 000000b4 T gfxExit
001020e0 000000a0 T gfxGetFramebuffer
00102180 0000010c T gfxFlushBuffers
0010228c 00000050 T gfxSwapBuffers
001022dc 00000050 T gfxSwapBuffersGpu
0010232c 00000c58 t gspHardwareInit
00102f84 00000254 T gspInit
001031d8 000000f0 T gspExit
001032c8 00000010 T gspHasGpuRight
001032d8 00000098 T gspPresentBuffer
00103370 00000050 T gspWaitForEvent
001033c0 00000004 W gxCmdQueueInterrupt
001033c4 00000160 t gspEventThreadMain
00103524 00000050 T GSPGPU_FlushDataCache
00103574 00000034 T GSPGPU_SetLcdForceBlack
001035a8 00000068 T GSPGPU_AcquireRight
00103610 00000048 T GSPGPU_ReleaseRight
00103658 0000007c T GSPGPU_ImportDisplayCaptureInfo
001036d4 0000002c T GSPGPU_SaveVramSysArea
00103700 0000002c T GSPGPU_RestoreVramSysArea
0010372c 000001b0 t aptConvertScreenForCapture
001038dc 00000008 W aptDspSleep
001038e4 00000004 W aptDspWakeup
001038e8 00000004 W aptDspCancel
001038ec 0000015c T aptSendCommand
00103a48 00000038 t aptExitProcess
00103a80 000002f0 T aptExit
00103d70 000000d8 T aptHandleSleep
00103e48 00000084 T APT_SleepIfShellClosed
00103ecc 00000084 T aptSetSleepAllowed
00103f50 00000084 T APT_UnlockTransition
00103fd8 00000484 t aptEventHandler
0010445c 000000b0 T APT_ReceiveParameter
0010450c 000000b0 t aptReceiveParameter.constprop.0
001045c0 000002bc t aptScreenTransfer
0010487c 000002d0 t aptWaitForWakeUp.isra.0
00104b4c 000000f8 T aptJumpToHomeMenu
00104c44 0000004c T aptMainLoop
00104c90 00000234 T aptInit
00104ec4 0000007c T APT_CheckNew3DS
00104f40 00000024 W hidShouldUseIrrst
00104f64 0000018c T hidInit
001050f0 000000e8 T hidExit
001051d8 00000294 T hidScanInput
0010546c 00000010 T hidKeysDown
0010547c 00000038 W __libctru_init
001054b4 000000f0 W __system_initArgv
001055a4 T svcControlMemory
001055c4 T svcQueryMemory
001055f4 T svcExitProcess
001055fc T svcCreateThread
0010561c T svcExitThread
00105624 T svcSleepThread
0010562c T svcReleaseMutex
00105634 T svcCreateEvent
00105648 T svcSignalEvent
00105650 T svcClearEvent
00105658 T svcMapMemoryBlock
00105660 T svcUnmapMemoryBlock
00105668 T svcCreateAddressArbiter
0010567c T svcArbitrateAddressNoTimeout
00105684 T svcCloseHandle
0010568c T svcWaitSynchronization
00105694 T svcWaitSynchronizationN
001056bc T svcDuplicateHandle
001056d0 T svcGetSystemTick
001056d8 T svcConnectToPort
001056ec T svcSendSyncRequest
001056f4 T svcGetResourceLimit
00105708 T svcGetResourceLimitLimitValues
00105710 T svcGetResourceLimitCurrentValues
00105718 T svcBreak
00105720 W initSystem
00105770 W __ctru_exit
00105788 00000024 t addrMapNodeComparator(rbtree_node const*, rbtree_node const*)
001057ac 00000004 t addrMapNodeDestructor(rbtree_node*)
001057b0 00000114 T vramMemAlign
001058c4 00000008 T vramAlloc
001058cc 0000005c T vramFree
00105928 00000024 t addrMapNodeComparator(rbtree_node const*, rbtree_node const*)
0010594c 00000004 t addrMapNodeDestructor(rbtree_node*)
00105950 00000120 T linearMemAlign
00105a70 00000008 T linearAlloc
00105a78 0000005c T linearFree
00105ad4 00000084 T MemPool::CoalesceRight(MemBlock*)
00105b58 00000170 T MemPool::Allocate(MemChunk&, unsigned long, int)
00105cc8 000000fc T MemPool::Deallocate(MemChunk const&)
00105dc4 0000000c T __sync_init
00105dd0 00000018 T __sync_fini
00105de8 0000002c T syncArbitrateAddress
00105e14 0000001c T LightLock_Init
00105e30 00000094 T LightLock_Lock
00105ec4 00000044 T LightLock_TryLock
00105f08 00000040 T LightLock_Unlock
00105f48 00000024 T RecursiveLock_Init
00105f6c 00000030 T RecursiveLock_Lock
00105f9c 00000078 T RecursiveLock_TryLock
00106014 00000054 T RecursiveLock_Unlock
00106068 00000040 T LightEvent_Init
001060a8 000000a4 T LightEvent_Clear
0010614c 000000c8 T LightEvent_Signal
00106214 00000058 T LightEvent_TryWait
0010626c 000000b0 T LightEvent_Wait
0010631c 00000054 T osGetTimeRef
00106370 000000e4 T osGetTime
00106454 00000074 T __libctru_gtod
001064c8 00000034 T __ctru_speedup_config
001064fc 00000124 T srvInit
00106620 00000058 T srvExit
00106678 00000080 T srvGetServiceHandleDirect
001066f8 00000048 T srvGetServiceHandle
00106740 00000038 T srvPublishToSubscriber
00106778 00000188 T threadCreate
00106900 0000002c T threadFree
0010692c 00000024 T threadJoin
00106950 00000030 T threadGetCurrent
00106980 00000040 T threadExit
001069c0 00000044 t _thread_begin
00106a04 00000094 t mappableFindAddressWithin
00106a98 00000028 T mappableInit
00106ac0 00000080 T mappableAlloc
00106b40 00000004 T mappableFree
00106b44 00000160 T irrstInit
00106ca4 000000cc T irrstExit
00106d70 000000b0 T irrstScanInput
00106e20 00000024 T irrstKeysHeld
00106e44 0000000c T srvPmGetSessionHandle
00106e50 00000074 T ptmSysmInit
00106ec4 0000003c T ptmSysmExit
00106f00 00000034 T PTMSYSM_ConfigureNew3DSCPU
00106f34 00000010 T rbtree_init
00106f44 000001a0 t do_insert
001070e4 00000008 T rbtree_insert
001070ec 00000090 T rbtree_rotate
0010717c 00000338 T rbtree_remove
001074b4 00000074 T rbtree_find
00107528 00000030 W __appInit
00107558 00000030 t __libctru_nanosleep
00107588 00000030 t __libctru_get_reent
001075b8 000000f8 T __system_initSyscalls
001076b0 000001e0 W __system_allocateHeaps
00107890 00000030 W __appExit
001078c0 00000090 W __libctru_exit
00107950 00000084 W envGetHandle
001079d4 00000050 W envDestroyHandles
00107a24 00000014 t archive_link
00107a38 00000014 t archive_dirreset
00107a4c 00000014 t archive_chmod
00107a60 00000024 t error_cmp
00107a84 00000050 t archive_translate_error
00107ad4 000000d4 t archive_seek
00107ba8 0000007c t _archiveInit.part.0
00107c24 0000008c t archiveFindDevice.part.0
00107cb0 00000294 t archive_utf16path
00107f44 000000a0 t _archiveUnmountDeviceStruct.part.0
00107fe4 00000014 t archive_fchmod
00107ff8 00000014 t archive_statvfs
0010800c 00000158 t _archiveMountDevice
00108164 000000e8 t archive_diropen
0010824c 000000a4 t archive_fstat
001082f0 0000006c t archive_close
0010835c 0000006c t archive_fsync
001083c8 00000070 t archive_dirclose
00108438 000000e8 t sdmc_statvfs
00108520 00000080 t archive_ftruncate
001085a0 000000fc t archive_chdir
0010869c 000000b0 t archive_read
0010874c 000000ac t archive_unlink
001087f8 000000c8 t archive_rmdir
001088c0 000000ec t archive_mkdir
001089ac 000001a8 t archive_stat
00108b54 00000184 t archive_rename
00108cd8 00000168 t archive_dirnext
00108e40 0000012c t archive_write
00108f6c 000001f0 t archive_open
0010915c 000001a4 T archiveMountSdmc
00109300 00000054 T archiveUnmountAll
00109354 000000c8 T fsInit
0010941c 0000003c T fsExit
00109458 00000060 T fsExemptFromSession
001094b8 00000050 T fsUnexemptFromSession
00109508 000000cc T FSUSER_OpenFile
001095d4 000000bc T FSUSER_DeleteFile
00109690 000000f8 T FSUSER_RenameFile
00109788 000000bc T FSUSER_DeleteDirectory
00109844 000000d4 T FSUSER_CreateFile
00109918 000000c4 T FSUSER_CreateDirectory
001099dc 000000f8 T FSUSER_RenameDirectory
00109ad4 000000b4 T FSUSER_OpenDirectory
00109b88 00000094 T FSUSER_OpenArchive
00109c1c 0000008c T FSUSER_CloseArchive
00109ca8 00000074 T FSUSER_GetSdmcArchiveResource
00109d1c 00000064 T FSUSER_IsSdmcWritable
00109d80 00000058 T FSFILE_Read
00109dd8 00000060 T FSFILE_Write
00109e38 00000038 T FSFILE_GetSize
00109e70 00000028 T FSFILE_SetSize
00109e98 0000003c T FSFILE_Close
00109ed4 00000024 T FSFILE_Flush
00109ef8 00000050 T FSDIR_Read
00109f48 0000003c T FSDIR_Close
00109f84 00000050 T rbtree_node_next
00109fd4 000000e8 T utf16_to_utf8
0010a0bc 00000064 T decode_utf16
0010a120 0000013c T decode_utf8
0010a25c 000000c0 T utf8_to_utf16
0010a31c T __aeabi_read_tp
0010a328 00000060 T encode_utf16
0010a388 000000fc T encode_utf8
0010a484 00000120 T __udivmoddi4
0010a5a4 00000078 T bsearch
0010a61c 0000000c T __errno
0010a628 00000034 T exit
0010a65c 0000003c T __libc_fini_array
0010a698 0000007c T __libc_init_array
0010a714 00000028 T memalign
0010a73c 00000148 T _memalign_r
0010a884 00000020 T malloc
0010a8a4 00000020 T free
0010a8c4 000007f0 T _malloc_r
0010b0b4 000000e0 T memchr
0010b194 0000011c T memcpy
0010b2b0 00000118 T memset
0010b3c8 0000000c T __malloc_lock
0010b3d4 0000000c T __malloc_unlock
0010b3e0 00000034 T printf
0010b414 00000260 T setvbuf
0010b674 00000074 T sscanf
0010b6e8 00000044 T __sread
0010b72c 00000008 T __seofread
0010b734 00000068 T __swrite
0010b79c 00000048 T __sseek
0010b7e4 00000008 T __sclose
0010b7ec 0000005c T strlen
0010b848 000000ec T strncat
0010b934 000000dc T strncmp
0010ba10 000000c0 T strncpy
0010bad0 00000048 T strnlen
0010bb18 00000050 t get_arg
0010bb68 00002b68 T __ssvfscanf_r
0010e6d0 0000064c t get_arg
0010ed1c 00000034 T __sprint_r
0010ed50 00002584 T _vfiprintf_r
001112d4 000000d4 t __sbprintf
001113a8 0000064c t get_arg
001119f8 000038d4 T _vfprintf_r
001152cc 000000d4 t __sbprintf
001153a0 00000054 T _wcrtomb_r
001153f4 00000028 T _wcsrtombs_r
0011541c 00000154 T __swsetup_r
00115570 00000114 T __call_exitprocs
00115684 000001a8 t quorem
00115830 000012ec T _dtoa_r
00116b1c 00000258 T __sflush_r
00116d74 00000094 T _fflush_r
00116e08 0000000c T _cleanup_r
00116e14 00000184 T __sinit
00116f98 0000000c T __sfp_lock_acquire
00116fa4 0000000c T __sfp_lock_release
00116fb0 000000f8 T _malloc_trim_r
001170a8 000002e4 T _free_r
0011738c 000004a4 T __sfvwrite_r
00117830 00000070 T _fwalk_reent
001178a0 00000008 T iswspace
001178a8 0000000c T _localeconv_r
001178b4 00000010 T __locale_mb_cur_max
001178c4 00000138 T __smakebuf_r
001179fc 00000094 T __swhatbuf_r
00117a90 00000068 T _mbrtowc_r
00117af8 000002fc T __utf8_mbtowc
00117df4 00000154 T memmove
00117f48 00000088 T _Balloc
00117fd0 0000001c T _Bfree
00117fec 000000f4 T __multadd
001180e0 00000110 T __s2b
001181f0 00000058 T __hi0bits
00118248 0000009c T __lo0bits
001182e4 000000a4 T __i2b
00118388 00000204 T __multiply
0011858c 00000120 T __pow5mult
001186ac 0000013c T __lshift
001187e8 00000058 T __mcmp
00118840 000001cc T __mdiff
00118a0c 00000088 T __ulp
00118a94 000000d4 T __b2d
00118b68 0000012c T __d2b
00118c94 00000078 T __ratio
00118d0c 00000088 T __copybits
00118d94 0000005c T __any_on
00118df0 00000028 T realloc
00118e18 00000598 T _realloc_r
001193b0 000000e4 T __sccl
00119494 0000000c T nanf
001194a0 000000a8 T frexp
00119548 00000064 T sprintf
001195ac 000000b8 T stpncpy
00119664 00000144 T strchr
001197a8 0000130c T _strtod_l
0011aab4 0000000c T _strtod_r
0011aac0 0000022c t _strtoll_l.constprop.0
0011acec 00000004 T _strtoll_r
0011acf0 000001b0 t _strtol_l.part.0
0011aea0 0000003c T _strtol_r
0011aedc 00000244 t _strtoull_l.constprop.0
0011b120 00000004 T _strtoull_r
0011b124 000001c8 t _strtoul_l.constprop.0
0011b2ec 00000004 T _strtoul_r
0011b2f0 00000188 T __ssprint_r
0011b478 000000e0 T _sungetc_r
0011b558 0000006c T __ssrefill_r
0011b5c4 000000c8 T _sfread_r
0011b68c 0000064c t get_arg
0011bcd8 00003808 T _svfprintf_r
0011f4e0 000000a8 T __submore
0011f588 00000190 T _wcsnrtombs_l
0011f718 0000004c T _wcsnrtombs_r
0011f764 000000f0 T __utf8_wctomb
0011f854 0000005c T __assert_func
0011f8b0 00000094 T _calloc_r
0011f944 00000160 T _fclose_r
0011faa4 0000003c T fiprintf
0011fae0 000000ec t rshift
0011fbcc 00000928 T __gethex
001204f4 0000004c T __match
00120540 0000029c T __hexnan
001207dc 0000003c T iswspace_l
00120818 000001d4 t __jp2uc
001209ec 0000009c T _jp2uc_l
00120a88 00000010 T nan
00120a98 00000014 T abort
00120aac 00000084 T category
00120b30 00000098 T _raise_r
00120bc8 00000020 T raise
00120be8 00000008 t null_write
00120bf0 00000018 T setDefaultDevice
00120c08 000000c8 T FindDevice
00120cd0 00000028 T RemoveDevice
00120cf8 0000009c T AddDevice
00120d94 00000020 T GetDeviceOpTab
00120db4 00000078 T _fstat_r
00120e2c 00000014 T _getpid_r
00120e40 00000008 T _isatty_r
00120e48 00000014 T _kill_r
00120e5c 00000084 T _lseek_r
00120ee0 00000080 T _read_r
00120f60 00000078 T _sbrk_r
00120fd8 00000080 T _write_r
00121058 00000024 T _exit
0012107c 000001b8 T _concatenate_path
00121234 00000160 T chdir
00121394 00000008 T __flockfile
0012139c 00000008 T __funlockfile
001213a4 00000018 T __libc_lock_acquire
001213bc 00000018 T __libc_lock_release
001213d4 00000018 T __libc_lock_init_recursive
001213ec 00000018 T __libc_lock_acquire_recursive
00121404 00000018 T __libc_lock_release_recursive
0012141c 00000018 T __libc_lock_close_recursive
00121434 0000003c T __get_handle
00121470 000000f4 T _close_r
00121564 00000028 T __getreent
0012158c 00000038 T __aeabi_d2lz
0012158c 00000038 T __fixdfdi
001215c8 00000040 T __aeabi_d2ulz
001215c8 00000040 T __fixunsdfdi
00121608 00000044 T strrchr
0012164c T _fini
001220ac 00000030 r colorTable
001220dc 00000070 r dotab_stdout
00122170 00000008 r morton_x.3
00122178 00000008 r morton_y.2
00122180 00000008 r s_sleepWakeEvents.4
001221a0 R default_font_bin
001229a0 R default_font_bin_end
001229d8 00000070 r archive_devoptab
00122a48 00000030 r error_table
00122a80 00000004 R _global_impure_ptr
00122a8c 00000022 r basefix.0
00122ad8 00000010 r blanks.1
00122ae8 00000010 r zeroes.0
00122b0c 00000010 r blanks.1
00122b1c 00000010 r zeroes.0
00122b2c 00000101 R _ctype_
00122c40 r .LC2
00122d20 00000028 R __mprec_bigtens
00122d48 000000c8 R __mprec_tens
00122e10 0000000c r p05.0
00122e2c 00000014 r fpi.1
00122e40 00000014 r fpinan.0
00122e58 00000028 r tinytens
00122e80 0000006c R __action_table
00122eec 00000100 R __chclass
00122fec 0000006c R __state_table
00123058 00000010 r blanks.1
00123068 00000010 r zeroes.0
00123100 00000100 R __hexdig
00123214 000000bc r a1
001232d0 000000bc r a2
0012338c 0000005b r a3
001233e8 00000070 r a6
00123458 000000a2 r a7
001234fc 00000040 r a8
0012353c 0000172a r b02cf
00124c68 00001a7c r d02f4
001266e4 0000000c R _C_numeric_locale
001266f0 000031e6 r categories
001298d8 00000070 R dotab_stdnull
00129948 r 
00129948 R __exidx_end
00129948 R __exidx_start
0012a000 00000004 D currentConsole
0012a004 0000004c D defaultConsole
0012a050 00000001 d firstConsoleInit.0
0012a054 00000004 d kCount
0012a058 00000004 d kDelay
0012a05c 00000004 d kInterval
0012a060 W __stacksize__
0012a064 00000004 D _impure_ptr
0012a068 00000460 d impure_data
0012a4c8 00000408 D __malloc_av_
0012a8d0 00000004 D __malloc_sbrk_base
0012a8d4 00000004 D __malloc_trim_threshold
0012a8d8 0000000c d __malloc_recursive_mutex
0012a8e4 0000000c D __atexit_recursive_mutex
0012a8f0 0000000c d __sfp_recursive_mutex
0012a8fc 0000000c d __sinit_recursive_mutex
0012a908 0000016c D __global_locale
0012aa74 00000002 d numempty
0012aa78 00000004 d defaultDevice
0012aa7c 0000008c D devoptab_list
0012ab08 00000400 d _current_working_directory
0012af08 00000004 d __hndl_lock
0012af0c 0000000c d __stderr_handle
0012af18 0000000c d __stdin_handle
0012af24 0000000c d __stdout_handle
0012af30 00001000 d handles
0012bf38 d _GLOBAL_OFFSET_TABLE_
0012bf44 d __frame_dummy_init_array_entry
0012bf44 D __init_array_start
0012bf44 B __preinit_array_end
0012bf44 B __preinit_array_start
0012bf44 D __tdata_lma
0012bf44 D __tdata_lma_end
0012bf48 d __do_global_dtors_aux_fini_array_entry
0012bf48 D __fini_array_start
0012bf48 D __init_array_end
0012bf4c D __bss_start__
0012bf4c D __fini_array_end
0012bf4c b completed.1
0012bf50 b object.0
0012bf68 0000004c B currentCopy
0012bfb4 00000004 b gfxBottomFramebufferMaxSize
0012bfb8 00000008 b gfxBottomFramebuffers
0012bfc0 00000002 b gfxCurBuf
0012bfc4 00000002 b gfxFramebufferFormats
0012bfc8 00000002 b gfxIsDoubleBuf
0012bfca 00000001 b gfxIsVram
0012bfcc 00000004 b gfxTopFramebufferMaxSize
0012bfd0 00000008 b gfxTopFramebuffers
0012bfd8 00000001 b gfxTopMode
0012bfdc 00000004 b screenAlloc
0012bfe0 00000004 b screenFree
0012bfe4 00000004 b gspEvent
0012bfe8 0000001c b gspEventCb
0012c004 0000001c b gspEventCbData
0012c020 00000007 b gspEventCbOneShot
0012c028 00000004 b gspEventThread
0012c02c 00000038 b gspEvents
0012c064 00000004 b gspGpuHandle
0012c068 00000001 b gspGpuRight
0012c06c 00000004 b gspLastEvent
0012c070 00000004 b gspRefCount
0012c074 00000001 b gspRunEvents
0012c078 00000004 b gspSharedMem
0012c07c 00000004 b gspSharedMemHandle
0012c080 00000001 b gspThreadId
0012c081 00000001 b aptChainloadFlags
0012c082 00000001 b aptChainloadMediatype
0012c088 00000008 b aptChainloadTid
0012c090 00000004 b aptEventHandlerThread
0012c094 00000001 b aptEventHandlerThreadQuit
0012c098 00000008 b aptEvents
0012c0a0 0000000c b aptFirstHook
0012c0ac 00000004 b aptFlags
0012c0b0 00000001 b aptHomeButtonState
0012c0b4 00000004 b aptLockHandle
0012c0b8 00000004 b aptMessageFunc
0012c0bc 00000004 b aptMessageFuncData
0012c0c0 00001000 b aptParameters
0012d0c0 00000008 b aptReceiveEvent
0012d0c8 00000004 b aptRefCount
0012d0cc 00000008 b aptSleepEvent
0012d0d4 00000001 b flagInit.1
0012d0d5 00000001 b flagValue.0
0012d0d8 00000004 b serviceName.6
0012d0dc 00000006 b aVec
0012d0e4 00000004 b cPos
0012d0e8 00000006 b gRate
0012d0f0 00000014 B hidEvents
0012d104 00000004 B hidHandle
0012d108 00000004 B hidMemHandle
0012d10c 00000004 b hidRefCount
0012d110 00000004 B hidSharedMem
0012d114 00000004 b kDown
0012d118 00000004 b kHeld
0012d11c 00000004 b kOld
0012d120 00000004 b kRepeat
0012d124 00000004 b kUp
0012d128 00000004 b tPos
0012d12c 00000001 b usingIrrst
0012d130 00000004 B __system_retAddr
0012d134 00000004 B __system_argc
0012d138 00000004 B __system_argv
0012d13c b saved_stack
0012d144 0000000c b sAddrMap
0012d150 00000008 b sVramPool
0012d158 00000008 b sLinearPool
0012d160 0000000c b sAddrMap
0012d16c 00000004 b arbiter
0012d170 00000001 V __ctru_speedup
0012d174 00000004 b srvHandle
0012d178 00000004 b srvRefCount
0012d17c 00000004 b currentAddr
0012d180 00000004 b maxAddr
0012d184 00000004 b minAddr
0012d188 00000004 b csPos
0012d18c 00000004 B irrstEvent
0012d190 00000004 B irrstHandle
0012d194 00000004 B irrstMemHandle
0012d198 00000004 b irrstRefCount
0012d19c 00000004 B irrstSharedMem
0012d1a0 00000004 b kHeld
0012d1a4 00000004 b srvPmHandle
0012d1a8 00000004 b ptmSysmHandle
0012d1ac 00000004 b ptmSysmRefCount
0012d1b0 00000004 B __ctru_heap
0012d1b4 00000004 V __ctru_heap_size
0012d1b8 00000004 B __ctru_linear_heap
0012d1bc 00000004 V __ctru_linear_heap_size
0012d1c0 00000004 b archive_device_cwd
0012d1c8 00000540 b archive_devices
0012d708 00000001 b archive_initialized
0012d710 00000080 b fsExemptArchives
0012d790 00000004 b fsuHandle
0012d794 00000004 b fsuRefCount
0012d798 00000028 B __malloc_current_mallinfo
0012d7c0 00000004 B __malloc_max_sbrked_mem
0012d7c4 00000004 B __malloc_max_total_mem
0012d7c8 00000004 B __malloc_top_pad
0012d7cc 00000004 b heap_start.0
0012d7d0 00000004 B fake_heap_end
0012d7d4 00000004 B fake_heap_start
0012d7d8 00000400 b temp_cwd
0012dbd8 00000048 B __syscalls
0012dc20 B __tls_start
0012e828 B __bss_end__
0012e828 A __end__
0012e828 B __tls_end
