         w __deregister_frame_info
         w __register_frame_info
         w userAppExit
         w userAppInit
00000000 00000401 B __ctru_dev_path_buf
00000000 b _TLS_MODULE_BASE_
00000000 a shift
00000000 a shift
00000404 00000802 B __ctru_dev_utf16_buf
00100000 A __start__
00100000 T _start
00100008 T __service_ptr
0010000c T __apt_appid
00100010 T __heap_size
00100014 T __linear_heap_size
00100018 T __system_arglist
0010001c T __system_runflags
00100020 t startup
00100058 t ClearMem
0010006c t ClrLoop
00100094 T _init
001000ac t .udivsi3_skip_div0_test
001000ac T __aeabi_uidiv
001000ac 000001ec T __udivsi3
00100298 00000020 T __aeabi_uidivmod
001002b8 T __aeabi_idiv
001002b8 00000220 T __divsi3
001002c0 t .divsi3_skip_div0_test
001004d8 00000020 T __aeabi_idivmod
001004f8 00000004 W __aeabi_idiv0
001004f8 00000004 W __aeabi_ldiv0
001004fc T __aeabi_ldivmod
001005e8 00000390 T strcmp
00100970 t __do_global_dtors_aux
001009b0 t frame_dummy
001009dc 00000228 T main
00100c04 00000034 t C2Di_FrameEndHook
00100c38 00000330 T C2D_Init
00100f68 00000044 T C2D_Fini
00100fac 000000d0 T C2D_Prepare
0010107c 0000003c T C2D_Flush
001010b8 00000108 T C2D_SceneSize
001011c0 00000058 T C2D_CreateScreenTarget
00101218 00000058 T C2D_TargetClear
00101270 00000040 T C2Di_AppendVtx
001012b0 0000022c T C2Di_Update
001014dc 00000018 t C2Di_GlyphComp
001014f4 00000140 t C2Di_CalcLineWidths
00101634 000001d0 T C2D_TextBufNew
00101804 00000004 T C2D_TextBufDelete
00101808 000001c8 T C2D_TextFontParseLine
001019d0 000000a8 T C2D_TextFontParse
00101a78 00000030 T C2D_TextOptimize
00101aa8 000010d4 T C2D_DrawText
00102b7c 00000028 T C2D_FontFree
00102ba4 000000f0 t C2Di_PostLoadFont
00102c94 000000b4 T C2D_FontLoadFromHandle
00102d48 00000034 T C2D_FontLoad
00102d7c 000001c0 T C2D_FontLoadSystem
00102f3c 00000044 T C2D_FontGlyphIndexFromCodePoint
00102f80 00000078 T C2D_FontCalcGlyphPos
00102ff8 00000004 W C3Di_LightEnvUpdate
00102ffc 00000004 W C3Di_LightEnvDirty
00103000 000000b4 t C3Di_AptEventHook
001030b4 00000004 W C3Di_GasUpdate
001030b8 000001e0 T C3D_Init
00103298 00000098 T C3D_SetViewport
00103330 000004ec T C3Di_UpdateContext
0010381c 000000e0 T C3Di_SplitFrame
001038fc 00000044 T C3D_Fini
00103940 00000108 T C3D_BindProgram
00103a48 0000004c t onVBlank0
00103a94 0000004c t onVBlank1
00103ae0 00000080 t C3Di_RenderTargetDestroy
00103b60 000000f4 t onQueueFinish
00103c54 00000038 T C3Di_RenderQueueEnableVBlank
00103c8c 00000030 T C3Di_RenderQueueDisableVBlank
00103cbc 00000060 T C3Di_RenderQueueInit
00103d1c 000000b0 T C3Di_RenderQueueExit
00103dcc 00000034 T C3Di_RenderQueueWaitDone
00103e00 000000e4 T C3D_FrameBegin
00103ee4 00000048 T C3D_FrameDrawOn
00103f2c 00000058 T C3D_FrameSplit
00103f84 000001d8 T C3D_FrameEnd
0010415c 0000001c T C3D_FrameEndHook
00104178 00000128 T C3D_RenderTargetCreate
001042a0 000000a8 T C3D_RenderTargetSetOutput
00104348 00000044 T C3D_TexBind
0010438c 0000016c T C3Di_SetTex
001044f8 0000001c T C3D_CalcColorBufSize
00104514 0000001c T C3D_CalcDepthBufSize
00104530 00000044 T C3D_SetFrameBuf
00104574 0000016c T C3Di_FrameBufBind
001046e0 000000cc T C3D_FrameBufClear
001047ac 00000044 T C3D_FrameBufTransfer
001047f0 00000034 T C3D_GetTexEnv
00104824 00000024 T C3Di_TexEnvBind
00104848 00000070 T C3D_ProcTexInit
001048b8 00000054 T C3D_ProcTexBind
0010490c 0000005c T C3D_ProcTexLutBind
00104968 000000a4 T ProcTexLut_FromArray
00104a0c 0000017c T C3Di_ProcTexUpdate
00104b88 00000068 T C3Di_ProcTexDirty
00104bf0 00000024 T BufInfo_Init
00104c14 00000080 T BufInfo_Add
00104c94 00000040 T C3D_SetBufInfo
00104cd4 00000048 T C3Di_BufInfoBind
00104d1c 00000148 T C3D_DrawArrays
00104e64 00000040 T C3D_DepthMap
00104ea4 0000001c T C3D_CullFace
00104ec0 00000040 T C3D_StencilTest
00104f00 00000024 T C3D_StencilOp
00104f24 0000001c T C3D_BlendingColor
00104f40 00000024 T C3D_EarlyDepthTest
00104f64 0000002c T C3D_DepthTest
00104f90 0000002c T C3D_AlphaTest
00104fbc 00000050 T C3D_AlphaBlend
0010500c 00000030 T C3D_FragOpMode
0010503c 00000044 T C3D_FragOpShadow
00105080 000001ac T C3Di_EffectBind
0010522c 00000028 T AttrInfo_Init
00105254 00000098 T AttrInfo_AddLoader
001052ec 00000054 T C3D_SetAttrInfo
00105340 00000080 T C3Di_AttrInfoBind
001053c0 000000a8 T C3D_ImmSendAttrib
00105468 0000029c T C3D_UpdateUniforms
00105704 000000c0 T C3Di_DirtyUniforms
001057c4 000000d8 T C3Di_LoadShaderUniforms
0010589c 00000028 T C3Di_ClearShaderUniforms
001058c4 000000cc T Mtx_Ortho
00105990 000000cc T Mtx_OrthoTilt
00105a5c 00000024 t addrMapNodeComparator(rbtree_node const*, rbtree_node const*)
00105a80 00000004 t addrMapNodeDestructor(rbtree_node*)
00105a84 00000114 T vramMemAlign
00105b98 00000008 T vramAlloc
00105ba0 0000005c T vramFree
00105bfc 00000024 t addrMapNodeComparator(rbtree_node const*, rbtree_node const*)
00105c20 00000004 t addrMapNodeDestructor(rbtree_node*)
00105c24 00000120 T linearMemAlign
00105d44 00000008 T linearAlloc
00105d4c 0000005c T linearFree
00105da8 00000084 T MemPool::CoalesceRight(MemBlock*)
00105e2c 00000170 T MemPool::Allocate(MemChunk&, unsigned long, int)
00105f9c 000000fc T MemPool::Deallocate(MemChunk const&)
00106098 00000008 t romfs_close
001060a0 000000c8 t romfs_seek
00106168 00000024 t romfs_dirreset
0010618c 000000c8 t fill_dir
00106254 000002b0 t romfs_dirnext
00106504 00000084 t romfs_free
00106588 000000d4 t searchForFile.constprop.0
0010665c 000000d8 t searchForDir.constprop.0
00106734 000001c0 t navigateToDir.constprop.0
001068f4 00000128 t romfs_open
00106a1c 0000004c t romfs_chdir
00106a68 00000070 t romfs_diropen
00106ad8 0000017c t romfs_stat
00106c54 00000008 t romfs_dirclose
00106c5c 0000007c t romfs_fstat
00106cd8 000000d4 t romfs_read
00106dac 00000290 T romfsMountFromFile
0010703c 00000098 T romfsMountFromCurrentProcess
001070d4 0000025c T romfsMountSelf
00107330 000000b0 T romfsMountFromTitle
001073e0 000000ac T romfsUnmount
0010748c 00000074 T osConvertVirtToPhys
00107500 00000054 T osGetTimeRef
00107554 000000e4 T osGetTime
00107638 00000074 T __libctru_gtod
001076ac 00000034 T __ctru_speedup_config
001076e0 0000009c T fontEnsureMapped
0010777c 0000007c T fontFixPointers
001077f8 000000fc T fontGlyphIndexFromCodePoint
001078f4 0000006c T fontGetCharWidthInfo
00107960 000001c0 T fontCalcGlyphPos
00107b20 000000d0 t gfxPresentFramebuffer
00107bf0 0000001c T gfxIsWide
00107c0c 000000ec T gfxSetScreenFormat
00107cf8 00000108 T gfxInit
00107e00 00000010 T gfxInitDefault
00107e10 000000b4 T gfxExit
00107ec4 000000a0 T gfxGetFramebuffer
00107f64 00000030 T gfxScreenSwapBuffers
00107f94 000001e0 T shaderInstanceInit
00108174 00000018 T shaderInstanceGetUniformLocation
0010818c 0000001c T shaderProgramInit
001081a8 00000064 T shaderProgramFree
0010820c 00000080 T shaderProgramSetVsh
0010828c 000008c0 T shaderProgramConfigure
00108b4c 000001f8 t DVLE_GenerateOutmap.part.0
00108d44 000001cc T DVLB_ParseFile
00108f10 00000038 T DVLB_Free
00108f48 00000074 T DVLE_GetUniformRegister
00108fbc 00000010 T GX_BindQueue
00108fcc 00000078 T GX_ProcessCommandList
00109044 00000074 T GX_MemoryFill
001090b8 00000070 T GX_DisplayTransfer
00109128 00000068 t gxCmdQueueDoCommands.part.0
00109190 000000c8 T gxCmdQueueInterrupt
00109258 0000004c T gxCmdQueueClear
001092a4 000000f8 T gxCmdQueueAdd
0010939c 00000080 T gxCmdQueueRun
0010941c 00000060 T gxCmdQueueStop
0010947c 00000074 T gxCmdQueueWait
001094f0 0000013c T GPUCMD_Add
0010962c 000000ac T GPUCMD_Split
001096d8 00000040 T f32tof16
00109718 00000040 T f32tof24
00109758 00000044 T f32tof31
0010979c 000000a4 T cfguInit
00109840 0000003c T cfguExit
0010987c 00000038 T CFGU_SecureInfoGetRegion
001098b4 00000c58 t gspHardwareInit
0010a50c 00000254 T gspInit
0010a760 000000f0 T gspExit
0010a850 00000010 T gspHasGpuRight
0010a860 00000098 T gspPresentBuffer
0010a8f8 00000030 T gspSetEventCallback
0010a928 00000050 T gspWaitForEvent
0010a978 0000004c T gspWaitForAnyEvent
0010a9c4 00000160 t gspEventThreadMain
0010ab24 00000130 T gspSubmitGxCommand
0010ac54 00000050 T GSPGPU_FlushDataCache
0010aca4 00000034 T GSPGPU_SetLcdForceBlack
0010acd8 00000068 T GSPGPU_AcquireRight
0010ad40 00000048 T GSPGPU_ReleaseRight
0010ad88 0000007c T GSPGPU_ImportDisplayCaptureInfo
0010ae04 0000002c T GSPGPU_SaveVramSysArea
0010ae30 0000002c T GSPGPU_RestoreVramSysArea
0010ae5c 000001b0 t aptConvertScreenForCapture
0010b00c 00000008 W aptDspSleep
0010b014 00000004 W aptDspWakeup
0010b018 00000004 W aptDspCancel
0010b01c 0000015c T aptSendCommand
0010b178 00000038 t aptExitProcess
0010b1b0 000002f0 T aptExit
0010b4a0 000000d8 T aptHandleSleep
0010b578 00000030 T aptHook
0010b5a8 00000030 T aptUnhook
0010b5d8 00000084 T APT_SleepIfShellClosed
0010b65c 00000084 T aptSetSleepAllowed
0010b6e0 00000084 T APT_UnlockTransition
0010b768 00000484 t aptEventHandler
0010bbec 000000b0 T APT_ReceiveParameter
0010bc9c 000000b0 t aptReceiveParameter.constprop.0
0010bd50 000002bc t aptScreenTransfer
0010c00c 000002d0 t aptWaitForWakeUp.isra.0
0010c2dc 000000f8 T aptJumpToHomeMenu
0010c3d4 0000004c T aptMainLoop
0010c420 00000234 T aptInit
0010c654 0000007c T APT_CheckNew3DS
0010c6d0 00000048 T APT_GetSharedFont
0010c718 00000024 W hidShouldUseIrrst
0010c73c 0000018c T hidInit
0010c8c8 000000e8 T hidExit
0010c9b0 00000294 T hidScanInput
0010cc44 00000010 T hidKeysDown
0010cc54 00000074 T ptmSysmInit
0010ccc8 0000003c T ptmSysmExit
0010cd04 00000034 T PTMSYSM_ConfigureNew3DSCPU
0010cd38 000000c8 T fsInit
0010ce00 0000003c T fsExit
0010ce3c 00000060 T fsExemptFromSession
0010ce9c 00000050 T fsUnexemptFromSession
0010ceec 000000cc T FSUSER_OpenFile
0010cfb8 000000d4 T FSUSER_OpenFileDirectly
0010d08c 000000bc T FSUSER_DeleteFile
0010d148 000000f8 T FSUSER_RenameFile
0010d240 000000bc T FSUSER_DeleteDirectory
0010d2fc 000000d4 T FSUSER_CreateFile
0010d3d0 000000c4 T FSUSER_CreateDirectory
0010d494 000000f8 T FSUSER_RenameDirectory
0010d58c 000000b4 T FSUSER_OpenDirectory
0010d640 00000094 T FSUSER_OpenArchive
0010d6d4 0000008c T FSUSER_CloseArchive
0010d760 00000074 T FSUSER_GetSdmcArchiveResource
0010d7d4 00000064 T FSUSER_IsSdmcWritable
0010d838 00000058 T FSFILE_Read
0010d890 00000060 T FSFILE_Write
0010d8f0 00000038 T FSFILE_GetSize
0010d928 00000028 T FSFILE_SetSize
0010d950 0000003c T FSFILE_Close
0010d98c 00000024 T FSFILE_Flush
0010d9b0 00000050 T FSDIR_Read
0010da00 0000003c T FSDIR_Close
0010da3c 000000cc t buffer_read
0010db08 00000128 t iov_memmove
0010dc30 00000440 t decompress_lz11
0010e070 000000fc T decompressV_LZ11
0010e16c 00000010 T rbtree_init
0010e17c 000001a0 t do_insert
0010e31c 00000008 T rbtree_insert
0010e324 00000090 T rbtree_rotate
0010e3b4 00000338 T rbtree_remove
0010e6ec 00000074 T rbtree_find
0010e760 000000e8 T utf16_to_utf8
0010e848 00000064 T decode_utf16
0010e8ac 0000013c T decode_utf8
0010e9e8 000000c0 T utf8_to_utf16
0010eaa8 000001e0 W __system_allocateHeaps
0010ec88 00000038 W __libctru_init
0010ecc0 000000f0 W __system_initArgv
0010edb0 T svcControlMemory
0010edd0 T svcQueryMemory
0010ee00 T svcExitProcess
0010ee08 T svcCreateThread
0010ee28 T svcExitThread
0010ee30 T svcSleepThread
0010ee38 T svcReleaseMutex
0010ee40 T svcCreateEvent
0010ee54 T svcSignalEvent
0010ee5c T svcClearEvent
0010ee64 T svcMapMemoryBlock
0010ee6c T svcUnmapMemoryBlock
0010ee74 T svcCreateAddressArbiter
0010ee88 T svcArbitrateAddressNoTimeout
0010ee90 T svcCloseHandle
0010ee98 T svcWaitSynchronization
0010eea0 T svcWaitSynchronizationN
0010eec8 T svcDuplicateHandle
0010eedc T svcGetSystemTick
0010eee4 T svcConnectToPort
0010eef8 T svcSendSyncRequest
0010ef00 T svcGetResourceLimit
0010ef14 T svcGetResourceLimitLimitValues
0010ef1c T svcGetResourceLimitCurrentValues
0010ef24 T svcBreak
0010ef2c W initSystem
0010ef7c W __ctru_exit
0010ef94 T __aeabi_read_tp
0010efa0 0000000c T __sync_init
0010efac 00000018 T __sync_fini
0010efc4 0000002c T syncArbitrateAddress
0010eff0 0000001c T LightLock_Init
0010f00c 00000094 T LightLock_Lock
0010f0a0 00000044 T LightLock_TryLock
0010f0e4 00000040 T LightLock_Unlock
0010f124 00000024 T RecursiveLock_Init
0010f148 00000030 T RecursiveLock_Lock
0010f178 00000078 T RecursiveLock_TryLock
0010f1f0 00000054 T RecursiveLock_Unlock
0010f244 00000040 T LightEvent_Init
0010f284 000000a4 T LightEvent_Clear
0010f328 000000c8 T LightEvent_Signal
0010f3f0 00000058 T LightEvent_TryWait
0010f448 000000b0 T LightEvent_Wait
0010f4f8 00000084 W envGetHandle
0010f57c 00000050 W envDestroyHandles
0010f5cc 00000124 T srvInit
0010f6f0 00000058 T srvExit
0010f748 00000080 T srvGetServiceHandleDirect
0010f7c8 00000048 T srvGetServiceHandle
0010f810 00000038 T srvPublishToSubscriber
0010f848 00000188 T threadCreate
0010f9d0 0000002c T threadFree
0010f9fc 00000024 T threadJoin
0010fa20 00000030 T threadGetCurrent
0010fa50 00000040 T threadExit
0010fa90 00000044 t _thread_begin
0010fad4 00000094 t mappableFindAddressWithin
0010fb68 00000028 T mappableInit
0010fb90 00000080 T mappableAlloc
0010fc10 00000004 T mappableFree
0010fc14 00000160 T irrstInit
0010fd74 000000cc T irrstExit
0010fe40 000000b0 T irrstScanInput
0010fef0 00000024 T irrstKeysHeld
0010ff14 0000000c T srvPmGetSessionHandle
0010ff20 00000050 T rbtree_node_next
0010ff70 00000060 T encode_utf16
0010ffd0 000000fc T encode_utf8
001100cc 00000030 W __appInit
001100fc 00000030 t __libctru_nanosleep
0011012c 00000030 t __libctru_get_reent
0011015c 000000f8 T __system_initSyscalls
00110254 00000030 W __appExit
00110284 00000090 W __libctru_exit
00110314 00000014 t archive_link
00110328 00000014 t archive_dirreset
0011033c 00000014 t archive_chmod
00110350 00000024 t error_cmp
00110374 00000050 t archive_translate_error
001103c4 000000d4 t archive_seek
00110498 0000007c t _archiveInit.part.0
00110514 0000008c t archiveFindDevice.part.0
001105a0 00000294 t archive_utf16path
00110834 000000a0 t _archiveUnmountDeviceStruct.part.0
001108d4 00000014 t archive_fchmod
001108e8 00000014 t archive_statvfs
001108fc 00000158 t _archiveMountDevice
00110a54 000000e8 t archive_diropen
00110b3c 000000a4 t archive_fstat
00110be0 0000006c t archive_close
00110c4c 0000006c t archive_fsync
00110cb8 00000070 t archive_dirclose
00110d28 000000e8 t sdmc_statvfs
00110e10 00000080 t archive_ftruncate
00110e90 000000fc t archive_chdir
00110f8c 000000b0 t archive_read
0011103c 000000ac t archive_unlink
001110e8 000000c8 t archive_rmdir
001111b0 000000ec t archive_mkdir
0011129c 000001a8 t archive_stat
00111444 00000184 t archive_rename
001115c8 00000168 t archive_dirnext
00111730 0000012c t archive_write
0011185c 000001f0 t archive_open
00111a4c 000001a4 T archiveMountSdmc
00111bf0 00000054 T archiveUnmountAll
00111c44 000000b4 T ceilf
00111cf8 00000120 T __udivmoddi4
00111e18 00000078 T bsearch
00111e90 00000028 T calloc
00111eb8 00000094 T _calloc_r
00111f4c 0000000c T __errno
00111f58 00000034 T exit
00111f8c 00000160 T _fclose_r
001120ec 00000020 T fclose
0011210c 00000258 T __sflush_r
00112364 00000094 T _fflush_r
001123f8 00000038 T fflush
00112430 0000000c T _cleanup_r
0011243c 00000184 T __sinit
001125c0 00000134 T __sfp
001126f4 0000000c T __sfp_lock_acquire
00112700 0000000c T __sfp_lock_release
0011270c 0000003c T __libc_fini_array
00112748 00000140 T _fopen_r
00112888 00000028 T fopen
001128b0 000002d0 T _fread_r
00112b80 00000038 T fread
00112bb8 000000f8 T _malloc_trim_r
00112cb0 000002e4 T _free_r
00112f94 0000001c T _fseek_r
00112fb0 00000034 T fseek
00112fe4 000004f8 T _fseeko_r
001134dc 00000034 T ftell
00113510 000001bc T _ftello_r
001136cc 00000068 T _fwalk
00113734 00000070 T _fwalk_reent
001137a4 0000007c T __libc_init_array
00113820 00000138 T __smakebuf_r
00113958 00000028 T memalign
00113980 00000148 T _memalign_r
00113ac8 00000020 T malloc
00113ae8 00000020 T free
00113b08 000007f0 T _malloc_r
001142f8 000000a8 T memcmp
001143a0 0000011c T memcpy
001144bc 00000118 T memset
001145d4 0000000c T __malloc_lock
001145e0 0000000c T __malloc_unlock
001145ec 00000958 T qsort
00114f44 0000001c t lflush
00114f60 000001ac T __srefill_r
0011510c 0000002c T rewind
00115138 00000044 T __sread
0011517c 00000068 T __swrite
001151e4 00000048 T __sseek
0011522c 00000008 T __sclose
00115234 00000144 T strchr
00115378 0000005c T strlen
001153d4 000000ec T strncat
001154c0 000000dc T strncmp
0011559c 000000c0 T strncpy
0011565c 00000048 T strnlen
001156a4 0000003c T time
001156e0 00000114 T __call_exitprocs
001157f4 000000c8 T __sflags
001158bc 00000008 t null_write
001158c4 00000018 T setDefaultDevice
001158dc 000000c8 T FindDevice
001159a4 00000028 T RemoveDevice
001159cc 0000009c T AddDevice
00115a68 00000020 T GetDeviceOpTab
00115a88 00000078 T _fstat_r
00115b00 00000038 T _gettimeofday_r
00115b38 00000008 T _isatty_r
00115b40 00000084 T _lseek_r
00115bc4 000000c8 T _open_r
00115c8c 00000080 T _read_r
00115d0c 00000078 T _sbrk_r
00115d84 00000080 T _write_r
00115e04 00000024 T _exit
00115e28 000001b8 T _concatenate_path
00115fe0 00000160 T chdir
00116140 00000008 T __flockfile
00116148 00000008 T __funlockfile
00116150 00000018 T __libc_lock_acquire
00116168 00000018 T __libc_lock_release
00116180 00000018 T __libc_lock_init_recursive
00116198 00000018 T __libc_lock_acquire_recursive
001161b0 00000018 T __libc_lock_release_recursive
001161c8 00000018 T __libc_lock_close_recursive
001161e0 0000008c T __release_handle
0011626c 000000b4 T __alloc_handle
00116320 0000003c T __get_handle
0011635c 000000f4 T _close_r
00116450 00000028 T __getreent
00116478 00000044 T strrchr
001164bc T _fini
00117134 00000010 r C2Di_FontPaths
00117144 R render2d_shbin
001172d0 R render2d_shbin_end
001172d0 R render2d_shbin_size
001172d4 00000005 r colorFmtSizes
001172dc 00000004 r depthFmtSizes
001172e0 00000010 r CSWTCH.9
00117310 00000070 r romFS_devoptab
001173bc 00000008 r morton_x.3
001173c4 00000008 r morton_y.2
001173cc 00000008 r s_sleepWakeEvents.4
0011742c 00000070 r archive_devoptab
0011749c 00000030 r error_table
001174cc 00000004 R _global_impure_ptr
001174d0 00000070 R dotab_stdnull
00117540 00000101 R _ctype_
00117644 r 
00117644 R __exidx_end
00117644 R __exidx_start
00118000 00000004 d framerate
00118004 00000008 d framerateCounter
0011800c 00000004 d queueLock
00118010 00000004 d kCount
00118014 00000004 d kDelay
00118018 00000004 d kInterval
0011801c W __stacksize__
00118020 0000000c d __sfp_recursive_mutex
0011802c 0000000c d __sinit_recursive_mutex
00118038 00000004 D _impure_ptr
00118040 00000460 d impure_data
001184a0 00000408 D __malloc_av_
001188a8 00000004 D __malloc_sbrk_base
001188ac 00000004 D __malloc_trim_threshold
001188b0 0000000c d __malloc_recursive_mutex
001188bc 0000000c D __atexit_recursive_mutex
001188c8 00000004 d defaultDevice
001188cc 0000008c D devoptab_list
00118958 00000400 d _current_working_directory
00118d58 00000004 d __hndl_lock
00118d5c 0000000c d __stderr_handle
00118d68 0000000c d __stdin_handle
00118d74 0000000c d __stdout_handle
00118d80 00001000 d handles
00119d88 d _GLOBAL_OFFSET_TABLE_
00119d94 d __frame_dummy_init_array_entry
00119d94 D __init_array_start
00119d94 B __preinit_array_end
00119d94 B __preinit_array_start
00119d94 D __tdata_lma
00119d94 D __tdata_lma_end
00119d98 d __do_global_dtors_aux_fini_array_entry
00119d98 D __fini_array_start
00119d98 D __init_array_end
00119d9c D __bss_start__
00119d9c D __fini_array_end
00119d9c 00000004 B g_staticBuf
00119da0 0000000c B font
00119dac 00000054 B g_staticText
00119e00 b completed.1
00119e04 b object.0
00119e20 000005a0 B __C2Di_Context
0011a3c0 00000040 b s_projBot
0011a400 00000040 b s_projTop
0011a440 00000004 b uLoc_mdlvMtx
0011a444 00000004 b uLoc_projMtx
0011a448 00000004 b s_glyphSheets
0011a44c 00000004 b s_textScale
0011a450 000002d0 B __C3D_Context
0011a720 0000000c b hookCookie
0011a730 00000010 b cpuTime
0011a740 00000004 b firstTarget
0011a744 00000008 b frameCounter
0011a74c 00000004 b frameEndCb
0011a750 00000004 b frameEndCbData
0011a758 00000010 b gpuTime
0011a768 00000001 b inFrame
0011a769 00000001 b inSafeTransfer
0011a76a 00000001 b isTopStereo
0011a76c 00000004 b lastTarget
0011a770 0000000c b linkedTarget
0011a77c 00000001 b measureGpuTime
0011a77d 00000001 b needSwapBot
0011a77e 00000001 b needSwapTop
0011a780 00000004 B C3D_BoolUnifs
0011a784 00000002 B C3D_BoolUnifsDirty
0011a788 00000c00 B C3D_FVUnif
0011b388 000000c0 B C3D_FVUnifDirty
0011b448 00000020 B C3D_IVUnif
0011b468 00000008 B C3D_IVUnifDirty
0011b470 000000c0 b C3Di_FVUnifEverDirty
0011b530 00000008 b C3Di_IVUnifEverDirty
0011b538 00000018 b C3Di_ShaderFVecData
0011b550 0000000c b sAddrMap
0011b55c 00000008 b sVramPool
0011b564 00000008 b sLinearPool
0011b56c 0000000c b sAddrMap
0011b578 00000004 V __romfs_path
0011b57c 00000004 b romfs_mount_list
0011b580 00000001 V __ctru_speedup
0011b584 00000004 B g_sharedFont
0011b588 00000004 b sharedFontAddr
0011b58c 00000004 b gfxBottomFramebufferMaxSize
0011b590 00000008 b gfxBottomFramebuffers
0011b598 00000002 b gfxCurBuf
0011b59c 00000002 b gfxFramebufferFormats
0011b5a0 00000002 b gfxIsDoubleBuf
0011b5a2 00000001 b gfxIsVram
0011b5a4 00000004 b gfxTopFramebufferMaxSize
0011b5a8 00000008 b gfxTopFramebuffers
0011b5b0 00000001 b gfxTopMode
0011b5b4 00000004 b screenAlloc
0011b5b8 00000004 b screenFree
0011b5bc 00000004 b boundQueue
0011b5c0 00000004 b curQueue
0011b5c4 00000001 b isActive
0011b5c5 00000001 b isRunning
0011b5c6 00000001 b shouldStop
0011b5c8 00000004 B gpuCmdBuf
0011b5cc 00000004 B gpuCmdBufOffset
0011b5d0 00000004 B gpuCmdBufSize
0011b5d4 00000004 b cfguHandle
0011b5d8 00000004 b cfguRefCount
0011b5dc 00000004 b gspEvent
0011b5e0 0000001c b gspEventCb
0011b5fc 0000001c b gspEventCbData
0011b618 00000007 b gspEventCbOneShot
0011b620 00000004 b gspEventThread
0011b624 00000038 b gspEvents
0011b65c 00000004 b gspGpuHandle
0011b660 00000001 b gspGpuRight
0011b664 00000004 b gspLastEvent
0011b668 00000004 b gspRefCount
0011b66c 00000001 b gspRunEvents
0011b670 00000004 b gspSharedMem
0011b674 00000004 b gspSharedMemHandle
0011b678 00000001 b gspThreadId
0011b679 00000001 b aptChainloadFlags
0011b67a 00000001 b aptChainloadMediatype
0011b680 00000008 b aptChainloadTid
0011b688 00000004 b aptEventHandlerThread
0011b68c 00000001 b aptEventHandlerThreadQuit
0011b690 00000008 b aptEvents
0011b698 0000000c b aptFirstHook
0011b6a4 00000004 b aptFlags
0011b6a8 00000001 b aptHomeButtonState
0011b6ac 00000004 b aptLockHandle
0011b6b0 00000004 b aptMessageFunc
0011b6b4 00000004 b aptMessageFuncData
0011b6b8 00001000 b aptParameters
0011c6b8 00000008 b aptReceiveEvent
0011c6c0 00000004 b aptRefCount
0011c6c4 00000008 b aptSleepEvent
0011c6cc 00000001 b flagInit.1
0011c6cd 00000001 b flagValue.0
0011c6d0 00000004 b serviceName.6
0011c6d4 00000006 b aVec
0011c6dc 00000004 b cPos
0011c6e0 00000006 b gRate
0011c6e8 00000014 B hidEvents
0011c6fc 00000004 B hidHandle
0011c700 00000004 B hidMemHandle
0011c704 00000004 b hidRefCount
0011c708 00000004 B hidSharedMem
0011c70c 00000004 b kDown
0011c710 00000004 b kHeld
0011c714 00000004 b kOld
0011c718 00000004 b kRepeat
0011c71c 00000004 b kUp
0011c720 00000004 b tPos
0011c724 00000001 b usingIrrst
0011c728 00000004 b ptmSysmHandle
0011c72c 00000004 b ptmSysmRefCount
0011c730 00000080 b fsExemptArchives
0011c7b0 00000004 b fsuHandle
0011c7b4 00000004 b fsuRefCount
0011c7b8 00000004 B __ctru_heap
0011c7bc 00000004 V __ctru_heap_size
0011c7c0 00000004 B __ctru_linear_heap
0011c7c4 00000004 V __ctru_linear_heap_size
0011c7c8 00000004 B __system_retAddr
0011c7cc 00000004 B __system_argc
0011c7d0 00000004 B __system_argv
0011c7d4 b saved_stack
0011c7dc 00000004 b arbiter
0011c7e0 00000004 b srvHandle
0011c7e4 00000004 b srvRefCount
0011c7e8 00000004 b currentAddr
0011c7ec 00000004 b maxAddr
0011c7f0 00000004 b minAddr
0011c7f4 00000004 b csPos
0011c7f8 00000004 B irrstEvent
0011c7fc 00000004 B irrstHandle
0011c800 00000004 B irrstMemHandle
0011c804 00000004 b irrstRefCount
0011c808 00000004 B irrstSharedMem
0011c80c 00000004 b kHeld
0011c810 00000004 b srvPmHandle
0011c814 00000004 b archive_device_cwd
0011c818 00000540 b archive_devices
0011cd58 00000001 b archive_initialized
0011cd5c 00000028 B __malloc_current_mallinfo
0011cd84 00000004 B __malloc_max_sbrked_mem
0011cd88 00000004 B __malloc_max_total_mem
0011cd8c 00000004 B __malloc_top_pad
0011cd90 00000004 b heap_start.0
0011cd94 00000004 B fake_heap_end
0011cd98 00000004 B fake_heap_start
0011cd9c 00000400 b temp_cwd
0011d19c 00000048 B __syscalls
0011d1e4 B __tls_start
0011ddec B __bss_end__
0011ddec A __end__
0011ddec B __tls_end
