         w __deregister_frame_info
         w __register_frame_info
         w userAppExit
         w userAppInit
00000000 00000401 B __ctru_dev_path_buf
00000000 b _TLS_MODULE_BASE_
00000000 a shift
00000404 00000802 B __ctru_dev_utf16_buf
00100000 A __start__
00100000 T _start
00100008 T __service_ptr
0010000c T __apt_appid
00100010 T __heap_size
00100014 T __linear_heap_size
00100018 T __system_arglist
0010001c T __system_runflags
00100020 t startup
00100058 t ClearMem
0010006c t ClrLoop
00100094 T _init
001000ac t .udivsi3_skip_div0_test
001000ac T __aeabi_uidiv
001000ac 000001ec T __udivsi3
00100298 00000020 T __aeabi_uidivmod
001002b8 00000004 W __aeabi_idiv0
001002b8 00000004 W __aeabi_ldiv0
001002bc T __aeabi_drsub
001002c4 000002b0 T __aeabi_dsub
001002c4 000002b0 T __subdf3
001002c8 000002ac T __adddf3
001002c8 000002ac T __aeabi_dadd
00100574 00000024 T __aeabi_ui2d
00100574 00000024 T __floatunsidf
00100598 00000028 T __aeabi_i2d
00100598 00000028 T __floatsidf
001005c0 00000048 T __aeabi_f2d
001005c0 00000048 T __extendsfdf2
00100608 00000074 T __aeabi_ul2d
00100608 00000074 T __floatundidf
0010061c 00000060 T __aeabi_l2d
0010061c 00000060 T __floatdidf
0010067c T __aeabi_ldivmod
00100768 00000390 T strcmp
00100af0 t __do_global_dtors_aux
00100b30 t frame_dummy
00100b60 00000490 T main
00100ff0 00000004 W C3Di_LightEnvUpdate
00100ff4 00000004 W C3Di_LightEnvDirty
00100ff8 00000004 W C3Di_ProcTexUpdate
00100ffc 00000004 W C3Di_ProcTexDirty
00101000 000000b4 t C3Di_AptEventHook
001010b4 00000004 W C3Di_GasUpdate
001010b8 000001e0 T C3D_Init
00101298 00000098 T C3D_SetViewport
00101330 000004ec T C3Di_UpdateContext
0010181c 000000e0 T C3Di_SplitFrame
001018fc 00000044 T C3D_Fini
00101940 00000108 T C3D_BindProgram
00101a48 0000004c t onVBlank0
00101a94 0000004c t onVBlank1
00101ae0 00000080 t C3Di_RenderTargetDestroy
00101b60 000000f4 t onQueueFinish
00101c54 00000038 T C3Di_RenderQueueEnableVBlank
00101c8c 00000030 T C3Di_RenderQueueDisableVBlank
00101cbc 00000060 T C3Di_RenderQueueInit
00101d1c 000000b0 T C3Di_RenderQueueExit
00101dcc 00000034 T C3Di_RenderQueueWaitDone
00101e00 000000e4 T C3D_FrameBegin
00101ee4 00000048 T C3D_FrameDrawOn
00101f2c 000001d8 T C3D_FrameEnd
00102104 00000128 T C3D_RenderTargetCreate
0010222c 000000a8 T C3D_RenderTargetSetOutput
001022d4 000000fc T C3D_SyncTextureCopy
001023d0 000002a0 T C3D_TexInitWithParams
00102670 000000c8 T C3D_TexLoadImage
00102738 00000044 T C3D_TexBind
0010277c 00000074 T C3D_TexDelete
001027f0 0000016c T C3Di_SetTex
0010295c 000003f4 t Tex3DSi_ImportCommon
00102d50 00000038 T Tex3DS_TextureImportStdio
00102d88 00000004 T Tex3DS_TextureFree
00102d8c 0000001c T C3D_CalcColorBufSize
00102da8 0000001c T C3D_CalcDepthBufSize
00102dc4 00000044 T C3D_SetFrameBuf
00102e08 0000016c T C3Di_FrameBufBind
00102f74 000000cc T C3D_FrameBufClear
00103040 00000044 T C3D_FrameBufTransfer
00103084 00000034 T C3D_GetTexEnv
001030b8 00000024 T C3Di_TexEnvBind
001030dc 00000024 T BufInfo_Init
00103100 00000080 T BufInfo_Add
00103180 00000020 T C3D_GetBufInfo
001031a0 00000048 T C3Di_BufInfoBind
001031e8 00000148 T C3D_DrawArrays
00103330 00000040 T C3D_DepthMap
00103370 0000001c T C3D_CullFace
0010338c 00000040 T C3D_StencilTest
001033cc 00000024 T C3D_StencilOp
001033f0 0000001c T C3D_BlendingColor
0010340c 00000024 T C3D_EarlyDepthTest
00103430 0000002c T C3D_DepthTest
0010345c 0000002c T C3D_AlphaTest
00103488 00000050 T C3D_AlphaBlend
001034d8 00000030 T C3D_FragOpMode
00103508 00000044 T C3D_FragOpShadow
0010354c 000001ac T C3Di_EffectBind
001036f8 00000028 T AttrInfo_Init
00103720 00000098 T AttrInfo_AddLoader
001037b8 00000020 T C3D_GetAttrInfo
001037d8 00000080 T C3Di_AttrInfoBind
00103858 000000a8 T C3D_ImmSendAttrib
00103900 0000029c T C3D_UpdateUniforms
00103b9c 000000c0 T C3Di_DirtyUniforms
00103c5c 000000d8 T C3Di_LoadShaderUniforms
00103d34 00000028 T C3Di_ClearShaderUniforms
00103d5c 000000a4 T Mtx_RotateX
00103e00 00000094 T Mtx_PerspTilt
00103e94 000000a0 T Mtx_RotateY
00103f34 00000024 t addrMapNodeComparator(rbtree_node const*, rbtree_node const*)
00103f58 00000004 t addrMapNodeDestructor(rbtree_node*)
00103f5c 00000114 T vramMemAlign
00104070 00000008 T vramAlloc
00104078 0000005c T vramFree
001040d4 00000024 t addrMapNodeComparator(rbtree_node const*, rbtree_node const*)
001040f8 00000004 t addrMapNodeDestructor(rbtree_node*)
001040fc 00000120 T linearMemAlign
0010421c 00000008 T linearAlloc
00104224 0000005c T linearFree
00104280 00000084 T MemPool::CoalesceRight(MemBlock*)
00104304 00000170 T MemPool::Allocate(MemChunk&, unsigned long, int)
00104474 000000fc T MemPool::Deallocate(MemChunk const&)
00104570 00000008 t romfs_close
00104578 000000c8 t romfs_seek
00104640 00000024 t romfs_dirreset
00104664 000000c8 t fill_dir
0010472c 000002b0 t romfs_dirnext
001049dc 00000084 t romfs_free
00104a60 000000d4 t searchForFile.constprop.0
00104b34 000000d8 t searchForDir.constprop.0
00104c0c 000001c0 t navigateToDir.constprop.0
00104dcc 00000128 t romfs_open
00104ef4 0000004c t romfs_chdir
00104f40 00000070 t romfs_diropen
00104fb0 0000017c t romfs_stat
0010512c 00000008 t romfs_dirclose
00105134 0000007c t romfs_fstat
001051b0 000000d4 t romfs_read
00105284 00000290 T romfsMountFromFile
00105514 00000098 T romfsMountFromCurrentProcess
001055ac 0000025c T romfsMountSelf
00105808 000000ac T romfsUnmount
001058b4 00000074 T osConvertVirtToPhys
00105928 00000054 T osGetTimeRef
0010597c 000000e4 T osGetTime
00105a60 00000074 T __libctru_gtod
00105ad4 00000034 T __ctru_speedup_config
00105b08 000000d0 t gfxPresentFramebuffer
00105bd8 000000ec T gfxSetScreenFormat
00105cc4 00000108 T gfxInit
00105dcc 00000010 T gfxInitDefault
00105ddc 000000b4 T gfxExit
00105e90 000000a0 T gfxGetFramebuffer
00105f30 00000030 T gfxScreenSwapBuffers
00105f60 000001e0 T shaderInstanceInit
00106140 00000018 T shaderInstanceGetUniformLocation
00106158 0000001c T shaderProgramInit
00106174 00000064 T shaderProgramFree
001061d8 00000080 T shaderProgramSetVsh
00106258 000008c0 T shaderProgramConfigure
00106b18 000001f8 t DVLE_GenerateOutmap.part.0
00106d10 000001cc T DVLB_ParseFile
00106edc 00000038 T DVLB_Free
00106f14 00000074 T DVLE_GetUniformRegister
00106f88 00000010 T GX_BindQueue
00106f98 00000078 T GX_ProcessCommandList
00107010 00000074 T GX_MemoryFill
00107084 00000070 T GX_DisplayTransfer
001070f4 00000074 T GX_TextureCopy
00107168 00000068 t gxCmdQueueDoCommands.part.0
001071d0 000000c8 T gxCmdQueueInterrupt
00107298 0000004c T gxCmdQueueClear
001072e4 000000f8 T gxCmdQueueAdd
001073dc 00000080 T gxCmdQueueRun
0010745c 00000060 T gxCmdQueueStop
001074bc 00000074 T gxCmdQueueWait
00107530 0000013c T GPUCMD_Add
0010766c 000000ac T GPUCMD_Split
00107718 00000040 T f32tof16
00107758 00000040 T f32tof24
00107798 00000044 T f32tof31
001077dc 00000c58 t gspHardwareInit
00108434 00000254 T gspInit
00108688 000000f0 T gspExit
00108778 00000010 T gspHasGpuRight
00108788 00000098 T gspPresentBuffer
00108820 00000030 T gspSetEventCallback
00108850 00000050 T gspWaitForEvent
001088a0 0000004c T gspWaitForAnyEvent
001088ec 00000160 t gspEventThreadMain
00108a4c 00000130 T gspSubmitGxCommand
00108b7c 00000050 T GSPGPU_FlushDataCache
00108bcc 00000034 T GSPGPU_SetLcdForceBlack
00108c00 00000068 T GSPGPU_AcquireRight
00108c68 00000048 T GSPGPU_ReleaseRight
00108cb0 0000007c T GSPGPU_ImportDisplayCaptureInfo
00108d2c 0000002c T GSPGPU_SaveVramSysArea
00108d58 0000002c T GSPGPU_RestoreVramSysArea
00108d84 000001b0 t aptConvertScreenForCapture
00108f34 00000008 W aptDspSleep
00108f3c 00000004 W aptDspWakeup
00108f40 00000004 W aptDspCancel
00108f44 0000015c T aptSendCommand
001090a0 00000038 t aptExitProcess
001090d8 000002f0 T aptExit
001093c8 000000d8 T aptHandleSleep
001094a0 00000030 T aptHook
001094d0 00000030 T aptUnhook
00109500 00000084 T APT_SleepIfShellClosed
00109584 00000084 T aptSetSleepAllowed
00109608 00000084 T APT_UnlockTransition
00109690 00000484 t aptEventHandler
00109b14 000000b0 T APT_ReceiveParameter
00109bc4 000000b0 t aptReceiveParameter.constprop.0
00109c78 000002bc t aptScreenTransfer
00109f34 000002d0 t aptWaitForWakeUp.isra.0
0010a204 000000f8 T aptJumpToHomeMenu
0010a2fc 0000004c T aptMainLoop
0010a348 00000234 T aptInit
0010a57c 0000007c T APT_CheckNew3DS
0010a5f8 00000024 W hidShouldUseIrrst
0010a61c 0000018c T hidInit
0010a7a8 000000e8 T hidExit
0010a890 00000294 T hidScanInput
0010ab24 00000010 T hidKeysHeld
0010ab34 00000010 T hidKeysDown
0010ab44 00000074 T ptmSysmInit
0010abb8 0000003c T ptmSysmExit
0010abf4 00000034 T PTMSYSM_ConfigureNew3DSCPU
0010ac28 000000c8 T fsInit
0010acf0 0000003c T fsExit
0010ad2c 00000060 T fsExemptFromSession
0010ad8c 00000050 T fsUnexemptFromSession
0010addc 000000cc T FSUSER_OpenFile
0010aea8 000000d4 T FSUSER_OpenFileDirectly
0010af7c 000000bc T FSUSER_DeleteFile
0010b038 000000f8 T FSUSER_RenameFile
0010b130 000000bc T FSUSER_DeleteDirectory
0010b1ec 000000d4 T FSUSER_CreateFile
0010b2c0 000000c4 T FSUSER_CreateDirectory
0010b384 000000f8 T FSUSER_RenameDirectory
0010b47c 000000b4 T FSUSER_OpenDirectory
0010b530 00000094 T FSUSER_OpenArchive
0010b5c4 0000008c T FSUSER_CloseArchive
0010b650 00000074 T FSUSER_GetSdmcArchiveResource
0010b6c4 00000064 T FSUSER_IsSdmcWritable
0010b728 00000058 T FSFILE_Read
0010b780 00000060 T FSFILE_Write
0010b7e0 00000038 T FSFILE_GetSize
0010b818 00000028 T FSFILE_SetSize
0010b840 0000003c T FSFILE_Close
0010b87c 00000024 T FSFILE_Flush
0010b8a0 00000050 T FSDIR_Read
0010b8f0 0000003c T FSDIR_Close
0010b92c 000000cc t buffer_read
0010b9f8 000000d0 t iov_read
0010bac8 00000128 t iov_memmove
0010bbf0 000001d8 t decompress_rle
0010bdc8 00000258 t decompress_lzss
0010c020 000002ec t decompress_huff.part.0
0010c30c 00000440 t decompress_lz11
0010c74c 00000010 T decompressCallback_Stdio
0010c75c 000000e4 T decompressHeader
0010c840 00000250 T decompressV
0010ca90 00000010 T rbtree_init
0010caa0 000001a0 t do_insert
0010cc40 00000008 T rbtree_insert
0010cc48 00000090 T rbtree_rotate
0010ccd8 00000338 T rbtree_remove
0010d010 00000074 T rbtree_find
0010d084 000000e8 T utf16_to_utf8
0010d16c 00000064 T decode_utf16
0010d1d0 000000c0 T utf8_to_utf16
0010d290 000001e0 W __system_allocateHeaps
0010d470 00000038 W __libctru_init
0010d4a8 000000f0 W __system_initArgv
0010d598 T svcControlMemory
0010d5b8 T svcQueryMemory
0010d5e8 T svcExitProcess
0010d5f0 T svcCreateThread
0010d610 T svcExitThread
0010d618 T svcSleepThread
0010d620 T svcReleaseMutex
0010d628 T svcCreateEvent
0010d63c T svcSignalEvent
0010d644 T svcClearEvent
0010d64c T svcMapMemoryBlock
0010d654 T svcUnmapMemoryBlock
0010d65c T svcCreateAddressArbiter
0010d670 T svcArbitrateAddressNoTimeout
0010d678 T svcCloseHandle
0010d680 T svcWaitSynchronization
0010d688 T svcWaitSynchronizationN
0010d6b0 T svcDuplicateHandle
0010d6c4 T svcGetSystemTick
0010d6cc T svcConnectToPort
0010d6e0 T svcSendSyncRequest
0010d6e8 T svcGetResourceLimit
0010d6fc T svcGetResourceLimitLimitValues
0010d704 T svcGetResourceLimitCurrentValues
0010d70c T svcBreak
0010d714 W initSystem
0010d764 W __ctru_exit
0010d77c T __aeabi_read_tp
0010d788 0000000c T __sync_init
0010d794 00000018 T __sync_fini
0010d7ac 0000002c T syncArbitrateAddress
0010d7d8 0000001c T LightLock_Init
0010d7f4 00000094 T LightLock_Lock
0010d888 00000044 T LightLock_TryLock
0010d8cc 00000040 T LightLock_Unlock
0010d90c 00000024 T RecursiveLock_Init
0010d930 00000030 T RecursiveLock_Lock
0010d960 00000078 T RecursiveLock_TryLock
0010d9d8 00000054 T RecursiveLock_Unlock
0010da2c 00000040 T LightEvent_Init
0010da6c 000000a4 T LightEvent_Clear
0010db10 000000c8 T LightEvent_Signal
0010dbd8 00000058 T LightEvent_TryWait
0010dc30 000000b0 T LightEvent_Wait
0010dce0 00000084 W envGetHandle
0010dd64 00000050 W envDestroyHandles
0010ddb4 00000124 T srvInit
0010ded8 00000058 T srvExit
0010df30 00000080 T srvGetServiceHandleDirect
0010dfb0 00000048 T srvGetServiceHandle
0010dff8 00000038 T srvPublishToSubscriber
0010e030 00000188 T threadCreate
0010e1b8 0000002c T threadFree
0010e1e4 00000024 T threadJoin
0010e208 00000030 T threadGetCurrent
0010e238 00000040 T threadExit
0010e278 00000044 t _thread_begin
0010e2bc 00000094 t mappableFindAddressWithin
0010e350 00000028 T mappableInit
0010e378 00000080 T mappableAlloc
0010e3f8 00000004 T mappableFree
0010e3fc 00000160 T irrstInit
0010e55c 000000cc T irrstExit
0010e628 000000b0 T irrstScanInput
0010e6d8 00000024 T irrstKeysHeld
0010e6fc 0000000c T srvPmGetSessionHandle
0010e708 00000050 T rbtree_node_next
0010e758 00000060 T encode_utf16
0010e7b8 000000fc T encode_utf8
0010e8b4 0000013c T decode_utf8
0010e9f0 00000030 W __appInit
0010ea20 00000030 t __libctru_nanosleep
0010ea50 00000030 t __libctru_get_reent
0010ea80 000000f8 T __system_initSyscalls
0010eb78 00000030 W __appExit
0010eba8 00000090 W __libctru_exit
0010ec38 00000014 t archive_link
0010ec4c 00000014 t archive_dirreset
0010ec60 00000014 t archive_chmod
0010ec74 00000024 t error_cmp
0010ec98 00000050 t archive_translate_error
0010ece8 000000d4 t archive_seek
0010edbc 0000007c t _archiveInit.part.0
0010ee38 0000008c t archiveFindDevice.part.0
0010eec4 00000294 t archive_utf16path
0010f158 000000a0 t _archiveUnmountDeviceStruct.part.0
0010f1f8 00000014 t archive_fchmod
0010f20c 00000014 t archive_statvfs
0010f220 00000158 t _archiveMountDevice
0010f378 000000e8 t archive_diropen
0010f460 000000a4 t archive_fstat
0010f504 0000006c t archive_close
0010f570 0000006c t archive_fsync
0010f5dc 00000070 t archive_dirclose
0010f64c 000000e8 t sdmc_statvfs
0010f734 00000080 t archive_ftruncate
0010f7b4 000000fc t archive_chdir
0010f8b0 000000b0 t archive_read
0010f960 000000ac t archive_unlink
0010fa0c 000000c8 t archive_rmdir
0010fad4 000000ec t archive_mkdir
0010fbc0 000001a8 t archive_stat
0010fd68 00000184 t archive_rename
0010feec 00000168 t archive_dirnext
00110054 0000012c t archive_write
00110180 000001f0 t archive_open
00110370 000001a4 T archiveMountSdmc
00110514 00000054 T archiveUnmountAll
00110568 0000022c T cosf
00110794 00000024 t with_errnof
001107b8 0000001c T __math_invalidf
001107d4 00000070 T tanf
00110848 00000274 T sinf
00110abc 000002f0 T __ieee754_rem_pio2f
00110dac 00000868 T __kernel_rem_pio2f
00111614 00000208 T __kernel_tanf
0011181c 00000010 T fabsf
0011182c 000000b4 T floorf
001118e0 00000154 T scalbnf
00111a34 00000120 T __udivmoddi4
00111b54 00000078 T bsearch
00111bcc 00000028 T calloc
00111bf4 00000094 T _calloc_r
00111c88 0000000c T __errno
00111c94 00000034 T exit
00111cc8 00000160 T _fclose_r
00111e28 00000020 T fclose
00111e48 00000258 T __sflush_r
001120a0 00000094 T _fflush_r
00112134 00000038 T fflush
0011216c 0000000c T _cleanup_r
00112178 00000184 T __sinit
001122fc 00000134 T __sfp
00112430 0000000c T __sfp_lock_acquire
0011243c 0000000c T __sfp_lock_release
00112448 0000003c T __libc_fini_array
00112484 00000140 T _fopen_r
001125c4 00000028 T fopen
001125ec 000002d0 T _fread_r
001128bc 00000038 T fread
001128f4 000000f8 T _malloc_trim_r
001129ec 000002e4 T _free_r
00112cd0 0000001c T _fseek_r
00112cec 000004f8 T _fseeko_r
001131e4 000001bc T _ftello_r
001133a0 00000068 T _fwalk
00113408 00000070 T _fwalk_reent
00113478 0000007c T __libc_init_array
001134f4 00000138 T __smakebuf_r
0011362c 00000028 T memalign
00113654 00000148 T _memalign_r
0011379c 00000020 T malloc
001137bc 00000020 T free
001137dc 000007f0 T _malloc_r
00113fcc 000000a8 T memcmp
00114074 0000011c T memcpy
00114190 00000118 T memset
001142a8 0000000c T __malloc_lock
001142b4 0000000c T __malloc_unlock
001142c0 0000001c t lflush
001142dc 000001ac T __srefill_r
00114488 00000044 T __sread
001144cc 00000068 T __swrite
00114534 00000048 T __sseek
0011457c 00000008 T __sclose
00114584 00000144 T strchr
001146c8 0000005c T strlen
00114724 000000ec T strncat
00114810 000000dc T strncmp
001148ec 000000c0 T strncpy
001149ac 00000048 T strnlen
001149f4 0000003c T time
00114a30 00000114 T __call_exitprocs
00114b44 000000c8 T __sflags
00114c0c 00000008 t null_write
00114c14 00000018 T setDefaultDevice
00114c2c 000000c8 T FindDevice
00114cf4 00000028 T RemoveDevice
00114d1c 0000009c T AddDevice
00114db8 00000020 T GetDeviceOpTab
00114dd8 00000078 T _fstat_r
00114e50 00000038 T _gettimeofday_r
00114e88 00000008 T _isatty_r
00114e90 00000084 T _lseek_r
00114f14 000000c8 T _open_r
00114fdc 00000080 T _read_r
0011505c 00000078 T _sbrk_r
001150d4 00000080 T _write_r
00115154 00000024 T _exit
00115178 000001b8 T _concatenate_path
00115330 00000160 T chdir
00115490 00000008 T __flockfile
00115498 00000008 T __funlockfile
001154a0 00000018 T __libc_lock_acquire
001154b8 00000018 T __libc_lock_release
001154d0 00000018 T __libc_lock_init_recursive
001154e8 00000018 T __libc_lock_acquire_recursive
00115500 00000018 T __libc_lock_release_recursive
00115518 00000018 T __libc_lock_close_recursive
00115530 0000008c T __release_handle
001155bc 000000b4 T __alloc_handle
00115670 0000003c T __get_handle
001156ac 000000f4 T _close_r
001157a0 00000028 T __getreent
001157c8 00000044 T strrchr
0011580c T _fini
00116000 000001b0 r vertex_list
001161cc R skybox_shbin
001162fc R skybox_shbin_end
001162fc R skybox_shbin_size
0011633c 00000038 r CSWTCH.18
00116374 00000005 r colorFmtSizes
0011637c 00000004 r depthFmtSizes
001163a4 00000070 r romFS_devoptab
00116438 00000008 r morton_x.3
00116440 00000008 r morton_y.2
00116448 00000008 r s_sleepWakeEvents.4
001164a8 00000070 r archive_devoptab
00116518 00000030 r error_table
00116548 00000060 R __inv_pio4
001165a8 000000e0 R __sincosf_table
00116688 00000080 r npio2_hw
00116708 00000318 r two_over_pi
00116a20 0000002c r PIo2
00116a4c 0000000c r init_jk
00116a58 00000004 R _global_impure_ptr
00116a5c 00000070 R dotab_stdnull
00116acc 00000101 R _ctype_
00116bd0 r 
00116bd0 R __exidx_end
00116bd0 R __exidx_start
00117000 00000004 d framerate
00117004 00000008 d framerateCounter
0011700c 00000004 d queueLock
00117010 00000004 d kCount
00117014 00000004 d kDelay
00117018 00000004 d kInterval
0011701c W __stacksize__
00117020 0000000c d __sfp_recursive_mutex
0011702c 0000000c d __sinit_recursive_mutex
00117038 00000004 D _impure_ptr
00117040 00000460 d impure_data
001174a0 00000408 D __malloc_av_
001178a8 00000004 D __malloc_sbrk_base
001178ac 00000004 D __malloc_trim_threshold
001178b0 0000000c d __malloc_recursive_mutex
001178bc 0000000c D __atexit_recursive_mutex
001178c8 00000004 d defaultDevice
001178cc 0000008c D devoptab_list
00117958 00000400 d _current_working_directory
00117d58 00000004 d __hndl_lock
00117d5c 0000000c d __stderr_handle
00117d68 0000000c d __stdin_handle
00117d74 0000000c d __stdout_handle
00117d80 00001000 d handles
00118d88 d _GLOBAL_OFFSET_TABLE_
00118d94 d __frame_dummy_init_array_entry
00118d94 D __init_array_start
00118d94 B __preinit_array_end
00118d94 B __preinit_array_start
00118d94 D __tdata_lma
00118d94 D __tdata_lma_end
00118d98 d __do_global_dtors_aux_fini_array_entry
00118d98 D __fini_array_start
00118d98 D __init_array_end
00118d9c D __bss_start__
00118d9c D __fini_array_end
00118d9c 00000004 b skybox_dvlb
00118da0 00000014 b program
00118db4 00000004 b uLoc_projection
00118db8 00000004 b uLoc_modelView
00118dbc 00000040 b projection
00118dfc 00000004 b vbo_data
00118e00 00000018 b skybox_cube
00118e18 00000018 b skybox_tex
00118e30 00000004 b angleX
00118e34 00000004 b angleY
00118e38 b completed.1
00118e3c b object.0
00118e58 000002d0 B __C3D_Context
00119128 0000000c b hookCookie
00119138 00000010 b cpuTime
00119148 00000004 b firstTarget
0011914c 00000008 b frameCounter
00119154 00000004 b frameEndCb
00119158 00000004 b frameEndCbData
00119160 00000010 b gpuTime
00119170 00000001 b inFrame
00119171 00000001 b inSafeTransfer
00119172 00000001 b isTopStereo
00119174 00000004 b lastTarget
00119178 0000000c b linkedTarget
00119184 00000001 b measureGpuTime
00119185 00000001 b needSwapBot
00119186 00000001 b needSwapTop
00119188 00000004 B C3D_BoolUnifs
0011918c 00000002 B C3D_BoolUnifsDirty
00119190 00000c00 B C3D_FVUnif
00119d90 000000c0 B C3D_FVUnifDirty
00119e50 00000020 B C3D_IVUnif
00119e70 00000008 B C3D_IVUnifDirty
00119e78 000000c0 b C3Di_FVUnifEverDirty
00119f38 00000008 b C3Di_IVUnifEverDirty
00119f40 00000018 b C3Di_ShaderFVecData
00119f58 0000000c b sAddrMap
00119f64 00000008 b sVramPool
00119f6c 00000008 b sLinearPool
00119f74 0000000c b sAddrMap
00119f80 00000004 V __romfs_path
00119f84 00000004 b romfs_mount_list
00119f88 00000001 V __ctru_speedup
00119f8c 00000004 b gfxBottomFramebufferMaxSize
00119f90 00000008 b gfxBottomFramebuffers
00119f98 00000002 b gfxCurBuf
00119f9c 00000002 b gfxFramebufferFormats
00119fa0 00000002 b gfxIsDoubleBuf
00119fa2 00000001 b gfxIsVram
00119fa4 00000004 b gfxTopFramebufferMaxSize
00119fa8 00000008 b gfxTopFramebuffers
00119fb0 00000001 b gfxTopMode
00119fb4 00000004 b screenAlloc
00119fb8 00000004 b screenFree
00119fbc 00000004 b boundQueue
00119fc0 00000004 b curQueue
00119fc4 00000001 b isActive
00119fc5 00000001 b isRunning
00119fc6 00000001 b shouldStop
00119fc8 00000004 B gpuCmdBuf
00119fcc 00000004 B gpuCmdBufOffset
00119fd0 00000004 B gpuCmdBufSize
00119fd4 00000004 b gspEvent
00119fd8 0000001c b gspEventCb
00119ff4 0000001c b gspEventCbData
0011a010 00000007 b gspEventCbOneShot
0011a018 00000004 b gspEventThread
0011a01c 00000038 b gspEvents
0011a054 00000004 b gspGpuHandle
0011a058 00000001 b gspGpuRight
0011a05c 00000004 b gspLastEvent
0011a060 00000004 b gspRefCount
0011a064 00000001 b gspRunEvents
0011a068 00000004 b gspSharedMem
0011a06c 00000004 b gspSharedMemHandle
0011a070 00000001 b gspThreadId
0011a071 00000001 b aptChainloadFlags
0011a072 00000001 b aptChainloadMediatype
0011a078 00000008 b aptChainloadTid
0011a080 00000004 b aptEventHandlerThread
0011a084 00000001 b aptEventHandlerThreadQuit
0011a088 00000008 b aptEvents
0011a090 0000000c b aptFirstHook
0011a09c 00000004 b aptFlags
0011a0a0 00000001 b aptHomeButtonState
0011a0a4 00000004 b aptLockHandle
0011a0a8 00000004 b aptMessageFunc
0011a0ac 00000004 b aptMessageFuncData
0011a0b0 00001000 b aptParameters
0011b0b0 00000008 b aptReceiveEvent
0011b0b8 00000004 b aptRefCount
0011b0bc 00000008 b aptSleepEvent
0011b0c4 00000001 b flagInit.1
0011b0c5 00000001 b flagValue.0
0011b0c8 00000004 b serviceName.6
0011b0cc 00000006 b aVec
0011b0d4 00000004 b cPos
0011b0d8 00000006 b gRate
0011b0e0 00000014 B hidEvents
0011b0f4 00000004 B hidHandle
0011b0f8 00000004 B hidMemHandle
0011b0fc 00000004 b hidRefCount
0011b100 00000004 B hidSharedMem
0011b104 00000004 b kDown
0011b108 00000004 b kHeld
0011b10c 00000004 b kOld
0011b110 00000004 b kRepeat
0011b114 00000004 b kUp
0011b118 00000004 b tPos
0011b11c 00000001 b usingIrrst
0011b120 00000004 b ptmSysmHandle
0011b124 00000004 b ptmSysmRefCount
0011b128 00000080 b fsExemptArchives
0011b1a8 00000004 b fsuHandle
0011b1ac 00000004 b fsuRefCount
0011b1b0 00000004 B __ctru_heap
0011b1b4 00000004 V __ctru_heap_size
0011b1b8 00000004 B __ctru_linear_heap
0011b1bc 00000004 V __ctru_linear_heap_size
0011b1c0 00000004 B __system_retAddr
0011b1c4 00000004 B __system_argc
0011b1c8 00000004 B __system_argv
0011b1cc b saved_stack
0011b1d4 00000004 b arbiter
0011b1d8 00000004 b srvHandle
0011b1dc 00000004 b srvRefCount
0011b1e0 00000004 b currentAddr
0011b1e4 00000004 b maxAddr
0011b1e8 00000004 b minAddr
0011b1ec 00000004 b csPos
0011b1f0 00000004 B irrstEvent
0011b1f4 00000004 B irrstHandle
0011b1f8 00000004 B irrstMemHandle
0011b1fc 00000004 b irrstRefCount
0011b200 00000004 B irrstSharedMem
0011b204 00000004 b kHeld
0011b208 00000004 b srvPmHandle
0011b20c 00000004 b archive_device_cwd
0011b210 00000540 b archive_devices
0011b750 00000001 b archive_initialized
0011b754 00000028 B __malloc_current_mallinfo
0011b77c 00000004 B __malloc_max_sbrked_mem
0011b780 00000004 B __malloc_max_total_mem
0011b784 00000004 B __malloc_top_pad
0011b788 00000004 b heap_start.0
0011b78c 00000004 B fake_heap_end
0011b790 00000004 B fake_heap_start
0011b794 00000400 b temp_cwd
0011bb94 00000048 B __syscalls
0011bbdc B __tls_start
0011c7e4 B __bss_end__
0011c7e4 A __end__
0011c7e4 B __tls_end
