         w __deregister_frame_info
         w __register_frame_info
         w userAppExit
         w userAppInit
00000000 00000401 B __ctru_dev_path_buf
00000000 b _TLS_MODULE_BASE_
00000000 a shift
00000000 a shift
00000404 00000802 B __ctru_dev_utf16_buf
00100000 A __start__
00100000 T _start
00100008 T __service_ptr
0010000c T __apt_appid
00100010 T __heap_size
00100014 T __linear_heap_size
00100018 T __system_arglist
0010001c T __system_runflags
00100020 t startup
00100058 t ClearMem
0010006c t ClrLoop
00100094 T _init
001000ac T __aeabi_idiv
001000ac 00000220 T __divsi3
001000b4 t .divsi3_skip_div0_test
001002cc 00000020 T __aeabi_idivmod
001002ec 00000004 W __aeabi_idiv0
001002ec 00000004 W __aeabi_ldiv0
001002f0 T __aeabi_ldivmod
001003c4 T __aeabi_uldivmod
00100408 00000390 T strcmp
00100790 t .udivsi3_skip_div0_test
00100790 T __aeabi_uidiv
00100790 000001ec T __udivsi3
0010097c 00000020 T __aeabi_uidivmod
0010099c T __aeabi_drsub
001009a4 000002b0 T __aeabi_dsub
001009a4 000002b0 T __subdf3
001009a8 000002ac T __adddf3
001009a8 000002ac T __aeabi_dadd
00100c54 00000024 T __aeabi_ui2d
00100c54 00000024 T __floatunsidf
00100c78 00000028 T __aeabi_i2d
00100c78 00000028 T __floatsidf
00100ca0 00000048 T __aeabi_f2d
00100ca0 00000048 T __extendsfdf2
00100ce8 00000074 T __aeabi_ul2d
00100ce8 00000074 T __floatundidf
00100cfc 00000060 T __aeabi_l2d
00100cfc 00000060 T __floatdidf
00100d5c t __do_global_dtors_aux
00100d9c t frame_dummy
00100dc8 00000090 T main
00100e58 00000178 T consoleDrawChar
00100fd0 00000124 T consolePrintChar
001010f4 00000a00 T con_write
00101af4 00000168 T consoleInit
00101c5c 000000f4 t newRow
00101d50 000000d0 t gfxPresentFramebuffer
00101e20 0000001c T gfxIsWide
00101e3c 000000ec T gfxSetScreenFormat
00101f28 00000010 T gfxSetDoubleBuffering
00101f38 00000108 T gfxInit
00102040 00000010 T gfxInitDefault
00102050 000000b4 T gfxExit
00102104 000000a0 T gfxGetFramebuffer
001021a4 0000010c T gfxFlushBuffers
001022b0 00000050 T gfxSwapBuffers
00102300 00000050 T gfxSwapBuffersGpu
00102350 00000c58 t gspHardwareInit
00102fa8 00000254 T gspInit
001031fc 000000f0 T gspExit
001032ec 00000010 T gspHasGpuRight
001032fc 00000098 T gspPresentBuffer
00103394 00000050 T gspWaitForEvent
001033e4 00000004 W gxCmdQueueInterrupt
001033e8 00000160 t gspEventThreadMain
00103548 00000050 T GSPGPU_FlushDataCache
00103598 00000034 T GSPGPU_SetLcdForceBlack
001035cc 00000068 T GSPGPU_AcquireRight
00103634 00000048 T GSPGPU_ReleaseRight
0010367c 0000007c T GSPGPU_ImportDisplayCaptureInfo
001036f8 0000002c T GSPGPU_SaveVramSysArea
00103724 0000002c T GSPGPU_RestoreVramSysArea
00103750 000001b0 t aptConvertScreenForCapture
00103900 00000008 W aptDspSleep
00103908 00000004 W aptDspWakeup
0010390c 00000004 W aptDspCancel
00103910 0000015c T aptSendCommand
00103a6c 00000038 t aptExitProcess
00103aa4 00000050 T aptSetChainloader
00103af4 000002f0 T aptExit
00103de4 000000d8 T aptHandleSleep
00103ebc 00000084 T APT_SleepIfShellClosed
00103f40 00000084 T aptSetSleepAllowed
00103fc4 00000084 T APT_UnlockTransition
00104048 00000484 t aptEventHandler
001044cc 000000b0 T APT_ReceiveParameter
0010457c 000000b0 t aptReceiveParameter.constprop.0
00104630 000002bc t aptScreenTransfer
001048ec 000002d0 t aptWaitForWakeUp.isra.0
00104bbc 000000f8 T aptJumpToHomeMenu
00104cb4 0000004c T aptMainLoop
00104d00 00000234 T aptInit
00104f34 0000007c T APT_CheckNew3DS
00104fb0 00000024 W hidShouldUseIrrst
00104fd4 0000018c T hidInit
00105160 000000e8 T hidExit
00105248 00000294 T hidScanInput
001054dc 00000010 T hidKeysDown
001054ec 00000038 W __libctru_init
00105524 000000f0 W __system_initArgv
00105614 T svcControlMemory
00105634 T svcQueryMemory
00105664 T svcExitProcess
0010566c T svcCreateThread
0010568c T svcExitThread
00105694 T svcSleepThread
0010569c T svcReleaseMutex
001056a4 T svcCreateEvent
001056b8 T svcSignalEvent
001056c0 T svcClearEvent
001056c8 T svcMapMemoryBlock
001056d0 T svcUnmapMemoryBlock
001056d8 T svcCreateAddressArbiter
001056ec T svcArbitrateAddressNoTimeout
001056f4 T svcCloseHandle
001056fc T svcWaitSynchronization
00105704 T svcWaitSynchronizationN
0010572c T svcDuplicateHandle
00105740 T svcGetSystemTick
00105748 T svcConnectToPort
0010575c T svcSendSyncRequest
00105764 T svcGetResourceLimit
00105778 T svcGetResourceLimitLimitValues
00105780 T svcGetResourceLimitCurrentValues
00105788 T svcBreak
00105790 W initSystem
001057e0 W __ctru_exit
001057f8 00000024 t addrMapNodeComparator(rbtree_node const*, rbtree_node const*)
0010581c 00000004 t addrMapNodeDestructor(rbtree_node*)
00105820 00000114 T vramMemAlign
00105934 00000008 T vramAlloc
0010593c 0000005c T vramFree
00105998 00000024 t addrMapNodeComparator(rbtree_node const*, rbtree_node const*)
001059bc 00000004 t addrMapNodeDestructor(rbtree_node*)
001059c0 00000120 T linearMemAlign
00105ae0 00000008 T linearAlloc
00105ae8 0000005c T linearFree
00105b44 00000084 T MemPool::CoalesceRight(MemBlock*)
00105bc8 00000170 T MemPool::Allocate(MemChunk&, unsigned long, int)
00105d38 000000fc T MemPool::Deallocate(MemChunk const&)
00105e34 0000000c T __sync_init
00105e40 00000018 T __sync_fini
00105e58 0000002c T syncArbitrateAddress
00105e84 0000001c T LightLock_Init
00105ea0 00000094 T LightLock_Lock
00105f34 00000044 T LightLock_TryLock
00105f78 00000040 T LightLock_Unlock
00105fb8 00000024 T RecursiveLock_Init
00105fdc 00000030 T RecursiveLock_Lock
0010600c 00000078 T RecursiveLock_TryLock
00106084 00000054 T RecursiveLock_Unlock
001060d8 00000040 T LightEvent_Init
00106118 000000a4 T LightEvent_Clear
001061bc 000000c8 T LightEvent_Signal
00106284 00000058 T LightEvent_TryWait
001062dc 000000b0 T LightEvent_Wait
0010638c 00000054 T osGetTimeRef
001063e0 000000e4 T osGetTime
001064c4 00000074 T __libctru_gtod
00106538 00000034 T __ctru_speedup_config
0010656c 00000124 T srvInit
00106690 00000058 T srvExit
001066e8 00000080 T srvGetServiceHandleDirect
00106768 00000048 T srvGetServiceHandle
001067b0 00000038 T srvPublishToSubscriber
001067e8 00000188 T threadCreate
00106970 0000002c T threadFree
0010699c 00000024 T threadJoin
001069c0 00000030 T threadGetCurrent
001069f0 00000040 T threadExit
00106a30 00000044 t _thread_begin
00106a74 00000094 t mappableFindAddressWithin
00106b08 00000028 T mappableInit
00106b30 00000080 T mappableAlloc
00106bb0 00000004 T mappableFree
00106bb4 00000160 T irrstInit
00106d14 000000cc T irrstExit
00106de0 000000b0 T irrstScanInput
00106e90 00000024 T irrstKeysHeld
00106eb4 0000000c T srvPmGetSessionHandle
00106ec0 00000074 T ptmSysmInit
00106f34 0000003c T ptmSysmExit
00106f70 00000034 T PTMSYSM_ConfigureNew3DSCPU
00106fa4 00000010 T rbtree_init
00106fb4 000001a0 t do_insert
00107154 00000008 T rbtree_insert
0010715c 00000090 T rbtree_rotate
001071ec 00000338 T rbtree_remove
00107524 00000074 T rbtree_find
00107598 00000030 W __appInit
001075c8 00000030 t __libctru_nanosleep
001075f8 00000030 t __libctru_get_reent
00107628 000000f8 T __system_initSyscalls
00107720 000001e0 W __system_allocateHeaps
00107900 00000030 W __appExit
00107930 00000090 W __libctru_exit
001079c0 00000084 W envGetHandle
00107a44 00000050 W envDestroyHandles
00107a94 00000014 t archive_link
00107aa8 00000014 t archive_dirreset
00107abc 00000014 t archive_chmod
00107ad0 00000024 t error_cmp
00107af4 00000050 t archive_translate_error
00107b44 000000d4 t archive_seek
00107c18 0000007c t _archiveInit.part.0
00107c94 0000008c t archiveFindDevice.part.0
00107d20 00000294 t archive_utf16path
00107fb4 000000a0 t _archiveUnmountDeviceStruct.part.0
00108054 00000014 t archive_fchmod
00108068 00000014 t archive_statvfs
0010807c 00000158 t _archiveMountDevice
001081d4 000000e8 t archive_diropen
001082bc 000000a4 t archive_fstat
00108360 0000006c t archive_close
001083cc 0000006c t archive_fsync
00108438 00000070 t archive_dirclose
001084a8 000000e8 t sdmc_statvfs
00108590 00000080 t archive_ftruncate
00108610 000000fc t archive_chdir
0010870c 000000b0 t archive_read
001087bc 000000ac t archive_unlink
00108868 000000c8 t archive_rmdir
00108930 000000ec t archive_mkdir
00108a1c 000001a8 t archive_stat
00108bc4 00000184 t archive_rename
00108d48 00000168 t archive_dirnext
00108eb0 0000012c t archive_write
00108fdc 000001f0 t archive_open
001091cc 000001a4 T archiveMountSdmc
00109370 00000054 T archiveUnmountAll
001093c4 000000c8 T fsInit
0010948c 0000003c T fsExit
001094c8 00000060 T fsExemptFromSession
00109528 00000050 T fsUnexemptFromSession
00109578 000000cc T FSUSER_OpenFile
00109644 000000bc T FSUSER_DeleteFile
00109700 000000f8 T FSUSER_RenameFile
001097f8 000000bc T FSUSER_DeleteDirectory
001098b4 000000d4 T FSUSER_CreateFile
00109988 000000c4 T FSUSER_CreateDirectory
00109a4c 000000f8 T FSUSER_RenameDirectory
00109b44 000000b4 T FSUSER_OpenDirectory
00109bf8 00000094 T FSUSER_OpenArchive
00109c8c 0000008c T FSUSER_CloseArchive
00109d18 00000074 T FSUSER_GetSdmcArchiveResource
00109d8c 00000064 T FSUSER_IsSdmcWritable
00109df0 00000058 T FSFILE_Read
00109e48 00000060 T FSFILE_Write
00109ea8 00000038 T FSFILE_GetSize
00109ee0 00000028 T FSFILE_SetSize
00109f08 0000003c T FSFILE_Close
00109f44 00000024 T FSFILE_Flush
00109f68 00000050 T FSDIR_Read
00109fb8 0000003c T FSDIR_Close
00109ff4 00000050 T rbtree_node_next
0010a044 000000e8 T utf16_to_utf8
0010a12c 00000064 T decode_utf16
0010a190 0000013c T decode_utf8
0010a2cc 000000c0 T utf8_to_utf16
0010a38c T __aeabi_read_tp
0010a398 00000060 T encode_utf16
0010a3f8 000000fc T encode_utf8
0010a4f4 00000120 T __udivmoddi4
0010a614 00000078 T bsearch
0010a68c 0000000c T __errno
0010a698 00000034 T exit
0010a6cc 0000003c T __libc_fini_array
0010a708 0000007c T __libc_init_array
0010a784 00000028 T memalign
0010a7ac 00000148 T _memalign_r
0010a8f4 00000020 T malloc
0010a914 00000020 T free
0010a934 000007f0 T _malloc_r
0010b124 000000e0 T memchr
0010b204 0000011c T memcpy
0010b320 00000118 T memset
0010b438 0000000c T __malloc_lock
0010b444 0000000c T __malloc_unlock
0010b450 000000e0 T _puts_r
0010b530 00000020 T puts
0010b550 00000260 T setvbuf
0010b7b0 00000074 T sscanf
0010b824 00000044 T __sread
0010b868 00000008 T __seofread
0010b870 00000068 T __swrite
0010b8d8 00000048 T __sseek
0010b920 00000008 T __sclose
0010b928 0000005c T strlen
0010b984 000000ec T strncat
0010ba70 000000dc T strncmp
0010bb4c 000000c0 T strncpy
0010bc0c 00000048 T strnlen
0010bc54 00000050 t get_arg
0010bca4 00002b68 T __ssvfscanf_r
0010e80c 0000064c t get_arg
0010ee58 00000034 T __sprint_r
0010ee8c 00002584 T _vfiprintf_r
00111410 000000d4 t __sbprintf
001114e4 00000054 T _wcrtomb_r
00111538 00000028 T _wcsrtombs_r
00111560 00000154 T __swsetup_r
001116b4 00000114 T __call_exitprocs
001117c8 00000258 T __sflush_r
00111a20 00000094 T _fflush_r
00111ab4 0000000c T _cleanup_r
00111ac0 00000184 T __sinit
00111c44 0000000c T __sfp_lock_acquire
00111c50 0000000c T __sfp_lock_release
00111c5c 000000f8 T _malloc_trim_r
00111d54 000002e4 T _free_r
00112038 000004a4 T __sfvwrite_r
001124dc 00000070 T _fwalk_reent
0011254c 00000008 T iswspace
00112554 0000000c T _localeconv_r
00112560 00000010 T __locale_mb_cur_max
00112570 00000138 T __smakebuf_r
001126a8 00000094 T __swhatbuf_r
0011273c 00000068 T _mbrtowc_r
001127a4 000002fc T __utf8_mbtowc
00112aa0 00000154 T memmove
00112bf4 00000028 T realloc
00112c1c 00000598 T _realloc_r
001131b4 000000e4 T __sccl
00113298 0000000c T nanf
001132a4 00000064 T sprintf
00113308 000000b8 T stpncpy
001133c0 00000144 T strchr
00113508 0000130c T _strtod_l
00114814 0000000c T _strtod_r
00114820 0000022c t _strtoll_l.constprop.0
00114a4c 00000004 T _strtoll_r
00114a50 000001b0 t _strtol_l.part.0
00114c00 0000003c T _strtol_r
00114c3c 00000244 t _strtoull_l.constprop.0
00114e80 00000004 T _strtoull_r
00114e84 000001c8 t _strtoul_l.constprop.0
0011504c 00000004 T _strtoul_r
00115050 00000188 T __ssprint_r
001151d8 000000e0 T _sungetc_r
001152b8 0000006c T __ssrefill_r
00115324 000000c8 T _sfread_r
001153ec 0000064c t get_arg
00115a38 00003808 T _svfprintf_r
00119240 000000a8 T __submore
001192e8 00000190 T _wcsnrtombs_l
00119478 0000004c T _wcsnrtombs_r
001194c4 000000f0 T __utf8_wctomb
001195b4 000001a8 t quorem
00119760 000012ec T _dtoa_r
0011aa4c 00000160 T _fclose_r
0011abac 000000ec t rshift
0011ac98 00000928 T __gethex
0011b5c0 0000004c T __match
0011b60c 0000029c T __hexnan
0011b8a8 0000003c T iswspace_l
0011b8e4 000001d4 t __jp2uc
0011bab8 0000009c T _jp2uc_l
0011bb54 00000088 T _Balloc
0011bbdc 0000001c T _Bfree
0011bbf8 000000f4 T __multadd
0011bcec 00000110 T __s2b
0011bdfc 00000058 T __hi0bits
0011be54 0000009c T __lo0bits
0011bef0 000000a4 T __i2b
0011bf94 00000204 T __multiply
0011c198 00000120 T __pow5mult
0011c2b8 0000013c T __lshift
0011c3f4 00000058 T __mcmp
0011c44c 000001cc T __mdiff
0011c618 00000088 T __ulp
0011c6a0 000000d4 T __b2d
0011c774 0000012c T __d2b
0011c8a0 00000078 T __ratio
0011c918 00000088 T __copybits
0011c9a0 0000005c T __any_on
0011ca00 000000a8 T frexp
0011caa8 00000010 T nan
0011cab8 0000005c T __assert_func
0011cb14 00000094 T _calloc_r
0011cba8 00000084 T category
0011cc2c 0000003c T fiprintf
0011cc68 00000014 T abort
0011cc7c 00000098 T _raise_r
0011cd14 00000020 T raise
0011cd34 00000008 t null_write
0011cd3c 00000018 T setDefaultDevice
0011cd54 000000c8 T FindDevice
0011ce1c 00000028 T RemoveDevice
0011ce44 0000009c T AddDevice
0011cee0 00000020 T GetDeviceOpTab
0011cf00 00000078 T _fstat_r
0011cf78 00000014 T _getpid_r
0011cf8c 00000008 T _isatty_r
0011cf94 00000014 T _kill_r
0011cfa8 00000084 T _lseek_r
0011d02c 00000080 T _read_r
0011d0ac 00000078 T _sbrk_r
0011d124 00000080 T _write_r
0011d1a4 00000024 T _exit
0011d1c8 000001b8 T _concatenate_path
0011d380 00000160 T chdir
0011d4e0 00000008 T __flockfile
0011d4e8 00000008 T __funlockfile
0011d4f0 00000018 T __libc_lock_acquire
0011d508 00000018 T __libc_lock_release
0011d520 00000018 T __libc_lock_init_recursive
0011d538 00000018 T __libc_lock_acquire_recursive
0011d550 00000018 T __libc_lock_release_recursive
0011d568 00000018 T __libc_lock_close_recursive
0011d580 0000003c T __get_handle
0011d5bc 000000f4 T _close_r
0011d6b0 00000028 T __getreent
0011d6d8 00000038 T __aeabi_d2lz
0011d6d8 00000038 T __fixdfdi
0011d710 00000040 T __aeabi_d2ulz
0011d710 00000040 T __fixunsdfdi
0011d750 00000044 T strrchr
0011d794 T _fini
0011e0c8 00000030 r colorTable
0011e0f8 00000070 r dotab_stdout
0011e18c 00000008 r morton_x.3
0011e194 00000008 r morton_y.2
0011e19c 00000008 r s_sleepWakeEvents.4
0011e1bc R default_font_bin
0011e9bc R default_font_bin_end
0011e9f4 00000070 r archive_devoptab
0011ea64 00000030 r error_table
0011ea9c 00000004 R _global_impure_ptr
0011eaa8 00000022 r basefix.0
0011eaf4 00000010 r blanks.1
0011eb04 00000010 r zeroes.0
0011eb14 00000101 R _ctype_
0011ec70 00000014 r fpi.1
0011ec84 00000014 r fpinan.0
0011ec98 00000028 r tinytens
0011ecc0 0000006c R __action_table
0011ed2c 00000100 R __chclass
0011ee2c 0000006c R __state_table
0011eeac 00000010 r blanks.1
0011eebc 00000010 r zeroes.0
0011eedc r .LC2
0011ef7c 00000100 R __hexdig
0011f090 000000bc r a1
0011f14c 000000bc r a2
0011f208 0000005b r a3
0011f264 00000070 r a6
0011f2d4 000000a2 r a7
0011f378 00000040 r a8
0011f3b8 0000172a r b02cf
00120ae4 00001a7c r d02f4
00122560 0000000c R _C_numeric_locale
001225b0 00000028 R __mprec_bigtens
001225d8 000000c8 R __mprec_tens
001226a0 0000000c r p05.0
001226ec 000031e6 r categories
001258d4 00000070 R dotab_stdnull
00125944 r 
00125944 R __exidx_end
00125944 R __exidx_start
00126000 00000004 D currentConsole
00126004 0000004c D defaultConsole
00126050 00000001 d firstConsoleInit.0
00126054 00000004 d kCount
00126058 00000004 d kDelay
0012605c 00000004 d kInterval
00126060 W __stacksize__
00126064 00000004 D _impure_ptr
00126068 00000460 d impure_data
001264c8 00000408 D __malloc_av_
001268d0 00000004 D __malloc_sbrk_base
001268d4 00000004 D __malloc_trim_threshold
001268d8 0000000c d __malloc_recursive_mutex
001268e4 0000000c D __atexit_recursive_mutex
001268f0 0000000c d __sfp_recursive_mutex
001268fc 0000000c d __sinit_recursive_mutex
00126908 0000016c D __global_locale
00126a74 00000002 d numempty
00126a78 00000004 d defaultDevice
00126a7c 0000008c D devoptab_list
00126b08 00000400 d _current_working_directory
00126f08 00000004 d __hndl_lock
00126f0c 0000000c d __stderr_handle
00126f18 0000000c d __stdin_handle
00126f24 0000000c d __stdout_handle
00126f30 00001000 d handles
00127f38 d _GLOBAL_OFFSET_TABLE_
00127f44 d __frame_dummy_init_array_entry
00127f44 D __init_array_start
00127f44 B __preinit_array_end
00127f44 B __preinit_array_start
00127f44 D __tdata_lma
00127f44 D __tdata_lma_end
00127f48 d __do_global_dtors_aux_fini_array_entry
00127f48 D __fini_array_start
00127f48 D __init_array_end
00127f4c D __bss_start__
00127f4c D __fini_array_end
00127f4c b completed.1
00127f50 b object.0
00127f68 0000004c B currentCopy
00127fb4 00000004 b gfxBottomFramebufferMaxSize
00127fb8 00000008 b gfxBottomFramebuffers
00127fc0 00000002 b gfxCurBuf
00127fc4 00000002 b gfxFramebufferFormats
00127fc8 00000002 b gfxIsDoubleBuf
00127fca 00000001 b gfxIsVram
00127fcc 00000004 b gfxTopFramebufferMaxSize
00127fd0 00000008 b gfxTopFramebuffers
00127fd8 00000001 b gfxTopMode
00127fdc 00000004 b screenAlloc
00127fe0 00000004 b screenFree
00127fe4 00000004 b gspEvent
00127fe8 0000001c b gspEventCb
00128004 0000001c b gspEventCbData
00128020 00000007 b gspEventCbOneShot
00128028 00000004 b gspEventThread
0012802c 00000038 b gspEvents
00128064 00000004 b gspGpuHandle
00128068 00000001 b gspGpuRight
0012806c 00000004 b gspLastEvent
00128070 00000004 b gspRefCount
00128074 00000001 b gspRunEvents
00128078 00000004 b gspSharedMem
0012807c 00000004 b gspSharedMemHandle
00128080 00000001 b gspThreadId
00128081 00000001 b aptChainloadFlags
00128082 00000001 b aptChainloadMediatype
00128088 00000008 b aptChainloadTid
00128090 00000004 b aptEventHandlerThread
00128094 00000001 b aptEventHandlerThreadQuit
00128098 00000008 b aptEvents
001280a0 0000000c b aptFirstHook
001280ac 00000004 b aptFlags
001280b0 00000001 b aptHomeButtonState
001280b4 00000004 b aptLockHandle
001280b8 00000004 b aptMessageFunc
001280bc 00000004 b aptMessageFuncData
001280c0 00001000 b aptParameters
001290c0 00000008 b aptReceiveEvent
001290c8 00000004 b aptRefCount
001290cc 00000008 b aptSleepEvent
001290d4 00000001 b flagInit.1
001290d5 00000001 b flagValue.0
001290d8 00000004 b serviceName.6
001290dc 00000006 b aVec
001290e4 00000004 b cPos
001290e8 00000006 b gRate
001290f0 00000014 B hidEvents
00129104 00000004 B hidHandle
00129108 00000004 B hidMemHandle
0012910c 00000004 b hidRefCount
00129110 00000004 B hidSharedMem
00129114 00000004 b kDown
00129118 00000004 b kHeld
0012911c 00000004 b kOld
00129120 00000004 b kRepeat
00129124 00000004 b kUp
00129128 00000004 b tPos
0012912c 00000001 b usingIrrst
00129130 00000004 B __system_retAddr
00129134 00000004 B __system_argc
00129138 00000004 B __system_argv
0012913c b saved_stack
00129144 0000000c b sAddrMap
00129150 00000008 b sVramPool
00129158 00000008 b sLinearPool
00129160 0000000c b sAddrMap
0012916c 00000004 b arbiter
00129170 00000001 V __ctru_speedup
00129174 00000004 b srvHandle
00129178 00000004 b srvRefCount
0012917c 00000004 b currentAddr
00129180 00000004 b maxAddr
00129184 00000004 b minAddr
00129188 00000004 b csPos
0012918c 00000004 B irrstEvent
00129190 00000004 B irrstHandle
00129194 00000004 B irrstMemHandle
00129198 00000004 b irrstRefCount
0012919c 00000004 B irrstSharedMem
001291a0 00000004 b kHeld
001291a4 00000004 b srvPmHandle
001291a8 00000004 b ptmSysmHandle
001291ac 00000004 b ptmSysmRefCount
001291b0 00000004 B __ctru_heap
001291b4 00000004 V __ctru_heap_size
001291b8 00000004 B __ctru_linear_heap
001291bc 00000004 V __ctru_linear_heap_size
001291c0 00000004 b archive_device_cwd
001291c8 00000540 b archive_devices
00129708 00000001 b archive_initialized
00129710 00000080 b fsExemptArchives
00129790 00000004 b fsuHandle
00129794 00000004 b fsuRefCount
00129798 00000028 B __malloc_current_mallinfo
001297c0 00000004 B __malloc_max_sbrked_mem
001297c4 00000004 B __malloc_max_total_mem
001297c8 00000004 B __malloc_top_pad
001297cc 00000004 b heap_start.0
001297d0 00000004 B fake_heap_end
001297d4 00000004 B fake_heap_start
001297d8 00000400 b temp_cwd
00129bd8 00000048 B __syscalls
00129c20 B __tls_start
0012a828 B __bss_end__
0012a828 A __end__
0012a828 B __tls_end
