         w __deregister_frame_info
         w __register_frame_info
         w userAppExit
         w userAppInit
00000000 00000401 B __ctru_dev_path_buf
00000000 b _TLS_MODULE_BASE_
00000000 a shift
00000000 a shift
00000404 00000802 B __ctru_dev_utf16_buf
00100000 A __start__
00100000 T _start
00100008 T __service_ptr
0010000c T __apt_appid
00100010 T __heap_size
00100014 T __linear_heap_size
00100018 T __system_arglist
0010001c T __system_runflags
00100020 t startup
00100058 t ClearMem
0010006c t ClrLoop
00100094 T _init
001000ac T __aeabi_idiv
001000ac 00000220 T __divsi3
001000b4 t .divsi3_skip_div0_test
001002cc 00000020 T __aeabi_idivmod
001002ec 00000004 W __aeabi_idiv0
001002ec 00000004 W __aeabi_ldiv0
001002f0 T __aeabi_ldivmod
001003c4 T __aeabi_uldivmod
00100408 00000390 T strcmp
00100790 t .udivsi3_skip_div0_test
00100790 T __aeabi_uidiv
00100790 000001ec T __udivsi3
0010097c 00000020 T __aeabi_uidivmod
0010099c T __aeabi_drsub
001009a4 000002b0 T __aeabi_dsub
001009a4 000002b0 T __subdf3
001009a8 000002ac T __adddf3
001009a8 000002ac T __aeabi_dadd
00100c54 00000024 T __aeabi_ui2d
00100c54 00000024 T __floatunsidf
00100c78 00000028 T __aeabi_i2d
00100c78 00000028 T __floatsidf
00100ca0 00000048 T __aeabi_f2d
00100ca0 00000048 T __extendsfdf2
00100ce8 00000074 T __aeabi_ul2d
00100ce8 00000074 T __floatundidf
00100cfc 00000060 T __aeabi_l2d
00100cfc 00000060 T __floatdidf
00100d5c t __do_global_dtors_aux
00100d9c t frame_dummy
00100dc8 000001d0 T main
00100f98 00000178 T consoleDrawChar
00101110 00000124 T consolePrintChar
00101234 00000a00 T con_write
00101c34 00000168 T consoleInit
00101d9c 000000f4 t newRow
00101e90 000000d0 t gfxPresentFramebuffer
00101f60 0000001c T gfxIsWide
00101f7c 000000ec T gfxSetScreenFormat
00102068 00000010 T gfxSetDoubleBuffering
00102078 00000108 T gfxInit
00102180 00000010 T gfxInitDefault
00102190 000000b4 T gfxExit
00102244 000000a0 T gfxGetFramebuffer
001022e4 0000010c T gfxFlushBuffers
001023f0 00000050 T gfxSwapBuffers
00102440 00000050 T gfxSwapBuffersGpu
00102490 00000c58 t gspHardwareInit
001030e8 00000254 T gspInit
0010333c 000000f0 T gspExit
0010342c 00000010 T gspHasGpuRight
0010343c 00000098 T gspPresentBuffer
001034d4 00000050 T gspWaitForEvent
00103524 00000004 W gxCmdQueueInterrupt
00103528 00000160 t gspEventThreadMain
00103688 00000050 T GSPGPU_FlushDataCache
001036d8 00000034 T GSPGPU_SetLcdForceBlack
0010370c 00000068 T GSPGPU_AcquireRight
00103774 00000048 T GSPGPU_ReleaseRight
001037bc 0000007c T GSPGPU_ImportDisplayCaptureInfo
00103838 0000002c T GSPGPU_SaveVramSysArea
00103864 0000002c T GSPGPU_RestoreVramSysArea
00103890 000001b0 t aptConvertScreenForCapture
00103a40 00000008 W aptDspSleep
00103a48 00000004 W aptDspWakeup
00103a4c 00000004 W aptDspCancel
00103a50 0000015c T aptSendCommand
00103bac 00000038 t aptExitProcess
00103be4 000002f0 T aptExit
00103ed4 000000d8 T aptHandleSleep
00103fac 00000084 T APT_SleepIfShellClosed
00104030 00000084 T aptSetSleepAllowed
001040b4 00000084 T APT_UnlockTransition
00104138 00000484 t aptEventHandler
001045bc 000000b0 T APT_ReceiveParameter
0010466c 000000b0 t aptReceiveParameter.constprop.0
00104720 000002bc t aptScreenTransfer
001049dc 000002d0 t aptWaitForWakeUp.isra.0
00104cac 00000118 T aptLaunchLibraryApplet
00104dc4 000000f8 T aptJumpToHomeMenu
00104ebc 0000004c T aptMainLoop
00104f08 00000234 T aptInit
0010513c 0000007c T APT_CheckNew3DS
001051b8 00000024 W hidShouldUseIrrst
001051dc 0000018c T hidInit
00105368 000000e8 T hidExit
00105450 00000294 T hidScanInput
001056e4 00000010 T hidKeysDown
001056f4 00000038 W __libctru_init
0010572c 000000f0 W __system_initArgv
0010581c T svcControlMemory
0010583c T svcQueryMemory
0010586c T svcExitProcess
00105874 T svcCreateThread
00105894 T svcExitThread
0010589c T svcSleepThread
001058a4 T svcReleaseMutex
001058ac T svcCreateEvent
001058c0 T svcSignalEvent
001058c8 T svcClearEvent
001058d0 T svcMapMemoryBlock
001058d8 T svcUnmapMemoryBlock
001058e0 T svcCreateAddressArbiter
001058f4 T svcArbitrateAddressNoTimeout
001058fc T svcCloseHandle
00105904 T svcWaitSynchronization
0010590c T svcWaitSynchronizationN
00105934 T svcDuplicateHandle
00105948 T svcGetSystemTick
00105950 T svcConnectToPort
00105964 T svcSendSyncRequest
0010596c T svcGetResourceLimit
00105980 T svcGetResourceLimitLimitValues
00105988 T svcGetResourceLimitCurrentValues
00105990 T svcBreak
00105998 W initSystem
001059e8 W __ctru_exit
00105a00 00000024 t addrMapNodeComparator(rbtree_node const*, rbtree_node const*)
00105a24 00000004 t addrMapNodeDestructor(rbtree_node*)
00105a28 00000114 T vramMemAlign
00105b3c 00000008 T vramAlloc
00105b44 0000005c T vramFree
00105ba0 00000024 t addrMapNodeComparator(rbtree_node const*, rbtree_node const*)
00105bc4 00000004 t addrMapNodeDestructor(rbtree_node*)
00105bc8 00000120 T linearMemAlign
00105ce8 00000008 T linearAlloc
00105cf0 0000005c T linearFree
00105d4c 00000084 T MemPool::CoalesceRight(MemBlock*)
00105dd0 00000170 T MemPool::Allocate(MemChunk&, unsigned long, int)
00105f40 000000fc T MemPool::Deallocate(MemChunk const&)
0010603c 0000000c T __sync_init
00106048 00000018 T __sync_fini
00106060 0000002c T syncArbitrateAddress
0010608c 0000001c T LightLock_Init
001060a8 00000094 T LightLock_Lock
0010613c 00000044 T LightLock_TryLock
00106180 00000040 T LightLock_Unlock
001061c0 00000024 T RecursiveLock_Init
001061e4 00000030 T RecursiveLock_Lock
00106214 00000078 T RecursiveLock_TryLock
0010628c 00000054 T RecursiveLock_Unlock
001062e0 00000040 T LightEvent_Init
00106320 000000a4 T LightEvent_Clear
001063c4 000000c8 T LightEvent_Signal
0010648c 00000058 T LightEvent_TryWait
001064e4 000000b0 T LightEvent_Wait
00106594 00000054 T osGetTimeRef
001065e8 000000e4 T osGetTime
001066cc 00000074 T __libctru_gtod
00106740 00000034 T __ctru_speedup_config
00106774 00000124 T srvInit
00106898 00000058 T srvExit
001068f0 00000080 T srvGetServiceHandleDirect
00106970 00000048 T srvGetServiceHandle
001069b8 00000038 T srvPublishToSubscriber
001069f0 00000188 T threadCreate
00106b78 0000002c T threadFree
00106ba4 00000024 T threadJoin
00106bc8 00000030 T threadGetCurrent
00106bf8 00000040 T threadExit
00106c38 00000044 t _thread_begin
00106c7c 00000094 t mappableFindAddressWithin
00106d10 00000028 T mappableInit
00106d38 00000080 T mappableAlloc
00106db8 00000004 T mappableFree
00106dbc 00000160 T irrstInit
00106f1c 000000cc T irrstExit
00106fe8 000000b0 T irrstScanInput
00107098 00000024 T irrstKeysHeld
001070bc 0000000c T srvPmGetSessionHandle
001070c8 00000074 T ptmSysmInit
0010713c 0000003c T ptmSysmExit
00107178 00000034 T PTMSYSM_ConfigureNew3DSCPU
001071ac 00000010 T rbtree_init
001071bc 000001a0 t do_insert
0010735c 00000008 T rbtree_insert
00107364 00000090 T rbtree_rotate
001073f4 00000338 T rbtree_remove
0010772c 00000074 T rbtree_find
001077a0 00000030 W __appInit
001077d0 00000030 t __libctru_nanosleep
00107800 00000030 t __libctru_get_reent
00107830 000000f8 T __system_initSyscalls
00107928 000001e0 W __system_allocateHeaps
00107b08 00000030 W __appExit
00107b38 00000090 W __libctru_exit
00107bc8 00000084 W envGetHandle
00107c4c 00000050 W envDestroyHandles
00107c9c 00000014 t archive_link
00107cb0 00000014 t archive_dirreset
00107cc4 00000014 t archive_chmod
00107cd8 00000024 t error_cmp
00107cfc 00000050 t archive_translate_error
00107d4c 000000d4 t archive_seek
00107e20 0000007c t _archiveInit.part.0
00107e9c 0000008c t archiveFindDevice.part.0
00107f28 00000294 t archive_utf16path
001081bc 000000a0 t _archiveUnmountDeviceStruct.part.0
0010825c 00000014 t archive_fchmod
00108270 00000014 t archive_statvfs
00108284 00000158 t _archiveMountDevice
001083dc 000000e8 t archive_diropen
001084c4 000000a4 t archive_fstat
00108568 0000006c t archive_close
001085d4 0000006c t archive_fsync
00108640 00000070 t archive_dirclose
001086b0 000000e8 t sdmc_statvfs
00108798 00000080 t archive_ftruncate
00108818 000000fc t archive_chdir
00108914 000000b0 t archive_read
001089c4 000000ac t archive_unlink
00108a70 000000c8 t archive_rmdir
00108b38 000000ec t archive_mkdir
00108c24 000001a8 t archive_stat
00108dcc 00000184 t archive_rename
00108f50 00000168 t archive_dirnext
001090b8 0000012c t archive_write
001091e4 000001f0 t archive_open
001093d4 000001a4 T archiveMountSdmc
00109578 00000054 T archiveUnmountAll
001095cc 000000c8 T fsInit
00109694 0000003c T fsExit
001096d0 00000060 T fsExemptFromSession
00109730 00000050 T fsUnexemptFromSession
00109780 000000cc T FSUSER_OpenFile
0010984c 000000bc T FSUSER_DeleteFile
00109908 000000f8 T FSUSER_RenameFile
00109a00 000000bc T FSUSER_DeleteDirectory
00109abc 000000d4 T FSUSER_CreateFile
00109b90 000000c4 T FSUSER_CreateDirectory
00109c54 000000f8 T FSUSER_RenameDirectory
00109d4c 000000b4 T FSUSER_OpenDirectory
00109e00 00000094 T FSUSER_OpenArchive
00109e94 0000008c T FSUSER_CloseArchive
00109f20 00000074 T FSUSER_GetSdmcArchiveResource
00109f94 00000064 T FSUSER_IsSdmcWritable
00109ff8 00000058 T FSFILE_Read
0010a050 00000060 T FSFILE_Write
0010a0b0 00000038 T FSFILE_GetSize
0010a0e8 00000028 T FSFILE_SetSize
0010a110 0000003c T FSFILE_Close
0010a14c 00000024 T FSFILE_Flush
0010a170 00000050 T FSDIR_Read
0010a1c0 0000003c T FSDIR_Close
0010a1fc 00000050 T rbtree_node_next
0010a24c 000000e8 T utf16_to_utf8
0010a334 00000064 T decode_utf16
0010a398 0000013c T decode_utf8
0010a4d4 000000c0 T utf8_to_utf16
0010a594 T __aeabi_read_tp
0010a5a0 00000060 T encode_utf16
0010a600 000000fc T encode_utf8
0010a6fc 00000120 T __udivmoddi4
0010a81c 00000078 T bsearch
0010a894 0000000c T __errno
0010a8a0 00000034 T exit
0010a8d4 0000003c T __libc_fini_array
0010a910 0000007c T __libc_init_array
0010a98c 00000028 T memalign
0010a9b4 00000148 T _memalign_r
0010aafc 00000020 T malloc
0010ab1c 00000020 T free
0010ab3c 000007f0 T _malloc_r
0010b32c 000000e0 T memchr
0010b40c 0000011c T memcpy
0010b528 00000118 T memset
0010b640 0000000c T __malloc_lock
0010b64c 0000000c T __malloc_unlock
0010b658 000000e0 T _puts_r
0010b738 00000020 T puts
0010b758 00000260 T setvbuf
0010b9b8 00000074 T sscanf
0010ba2c 00000044 T __sread
0010ba70 00000008 T __seofread
0010ba78 00000068 T __swrite
0010bae0 00000048 T __sseek
0010bb28 00000008 T __sclose
0010bb30 0000005c T strlen
0010bb8c 000000ec T strncat
0010bc78 000000dc T strncmp
0010bd54 000000c0 T strncpy
0010be14 00000048 T strnlen
0010be5c 00000050 t get_arg
0010beac 00002b68 T __ssvfscanf_r
0010ea14 0000064c t get_arg
0010f060 00000034 T __sprint_r
0010f094 00002584 T _vfiprintf_r
00111618 000000d4 t __sbprintf
001116ec 00000054 T _wcrtomb_r
00111740 00000028 T _wcsrtombs_r
00111768 00000154 T __swsetup_r
001118bc 00000114 T __call_exitprocs
001119d0 000001a8 t quorem
00111b78 000012ec T _dtoa_r
00112e64 00000258 T __sflush_r
001130bc 00000094 T _fflush_r
00113150 0000000c T _cleanup_r
0011315c 00000184 T __sinit
001132e0 0000000c T __sfp_lock_acquire
001132ec 0000000c T __sfp_lock_release
001132f8 000000f8 T _malloc_trim_r
001133f0 000002e4 T _free_r
001136d4 000004a4 T __sfvwrite_r
00113b78 00000070 T _fwalk_reent
00113be8 00000008 T iswspace
00113bf0 0000000c T _localeconv_r
00113bfc 00000010 T __locale_mb_cur_max
00113c0c 00000138 T __smakebuf_r
00113d44 00000094 T __swhatbuf_r
00113dd8 00000068 T _mbrtowc_r
00113e40 000002fc T __utf8_mbtowc
0011413c 00000154 T memmove
00114290 00000088 T _Balloc
00114318 0000001c T _Bfree
00114334 000000f4 T __multadd
00114428 00000110 T __s2b
00114538 00000058 T __hi0bits
00114590 0000009c T __lo0bits
0011462c 000000a4 T __i2b
001146d0 00000204 T __multiply
001148d4 00000120 T __pow5mult
001149f4 0000013c T __lshift
00114b30 00000058 T __mcmp
00114b88 000001cc T __mdiff
00114d54 00000088 T __ulp
00114ddc 000000d4 T __b2d
00114eb0 0000012c T __d2b
00114fdc 00000078 T __ratio
00115054 00000088 T __copybits
001150dc 0000005c T __any_on
00115138 00000028 T realloc
00115160 00000598 T _realloc_r
001156f8 000000e4 T __sccl
001157dc 0000000c T nanf
001157e8 000000a8 T frexp
00115890 00000064 T sprintf
001158f4 000000b8 T stpncpy
001159ac 00000144 T strchr
00115af0 0000130c T _strtod_l
00116dfc 0000000c T _strtod_r
00116e08 0000022c t _strtoll_l.constprop.0
00117034 00000004 T _strtoll_r
00117038 000001b0 t _strtol_l.part.0
001171e8 0000003c T _strtol_r
00117224 00000244 t _strtoull_l.constprop.0
00117468 00000004 T _strtoull_r
0011746c 000001c8 t _strtoul_l.constprop.0
00117634 00000004 T _strtoul_r
00117638 00000188 T __ssprint_r
001177c0 000000e0 T _sungetc_r
001178a0 0000006c T __ssrefill_r
0011790c 000000c8 T _sfread_r
001179d4 0000064c t get_arg
00118020 00003808 T _svfprintf_r
0011b828 000000a8 T __submore
0011b8d0 00000190 T _wcsnrtombs_l
0011ba60 0000004c T _wcsnrtombs_r
0011baac 000000f0 T __utf8_wctomb
0011bb9c 0000005c T __assert_func
0011bbf8 00000094 T _calloc_r
0011bc8c 00000160 T _fclose_r
0011bdec 0000003c T fiprintf
0011be28 000000ec t rshift
0011bf14 00000928 T __gethex
0011c83c 0000004c T __match
0011c888 0000029c T __hexnan
0011cb24 0000003c T iswspace_l
0011cb60 000001d4 t __jp2uc
0011cd34 0000009c T _jp2uc_l
0011cdd0 00000010 T nan
0011cde0 00000014 T abort
0011cdf4 00000084 T category
0011ce78 00000098 T _raise_r
0011cf10 00000020 T raise
0011cf30 00000008 t null_write
0011cf38 00000018 T setDefaultDevice
0011cf50 000000c8 T FindDevice
0011d018 00000028 T RemoveDevice
0011d040 0000009c T AddDevice
0011d0dc 00000020 T GetDeviceOpTab
0011d0fc 00000078 T _fstat_r
0011d174 00000014 T _getpid_r
0011d188 00000008 T _isatty_r
0011d190 00000014 T _kill_r
0011d1a4 00000084 T _lseek_r
0011d228 00000080 T _read_r
0011d2a8 00000078 T _sbrk_r
0011d320 00000080 T _write_r
0011d3a0 00000024 T _exit
0011d3c4 000001b8 T _concatenate_path
0011d57c 00000160 T chdir
0011d6dc 00000008 T __flockfile
0011d6e4 00000008 T __funlockfile
0011d6ec 00000018 T __libc_lock_acquire
0011d704 00000018 T __libc_lock_release
0011d71c 00000018 T __libc_lock_init_recursive
0011d734 00000018 T __libc_lock_acquire_recursive
0011d74c 00000018 T __libc_lock_release_recursive
0011d764 00000018 T __libc_lock_close_recursive
0011d77c 0000003c T __get_handle
0011d7b8 000000f4 T _close_r
0011d8ac 00000028 T __getreent
0011d8d4 00000038 T __aeabi_d2lz
0011d8d4 00000038 T __fixdfdi
0011d910 00000040 T __aeabi_d2ulz
0011d910 00000040 T __fixunsdfdi
0011d950 00000044 T strrchr
0011d994 T _fini
0011e1a4 00000030 r colorTable
0011e1d4 00000070 r dotab_stdout
0011e268 00000008 r morton_x.3
0011e270 00000008 r morton_y.2
0011e278 00000008 r s_sleepWakeEvents.4
0011e298 R default_font_bin
0011ea98 R default_font_bin_end
0011ead0 00000070 r archive_devoptab
0011eb40 00000030 r error_table
0011eb78 00000004 R _global_impure_ptr
0011eb84 00000022 r basefix.0
0011ebd0 00000010 r blanks.1
0011ebe0 00000010 r zeroes.0
0011ebf0 00000101 R _ctype_
0011ed04 r .LC2
0011ede8 00000028 R __mprec_bigtens
0011ee10 000000c8 R __mprec_tens
0011eed8 0000000c r p05.0
0011eef4 00000014 r fpi.1
0011ef08 00000014 r fpinan.0
0011ef20 00000028 r tinytens
0011ef48 0000006c R __action_table
0011efb4 00000100 R __chclass
0011f0b4 0000006c R __state_table
0011f134 00000010 r blanks.1
0011f144 00000010 r zeroes.0
0011f1dc 00000100 R __hexdig
0011f2f0 000000bc r a1
0011f3ac 000000bc r a2
0011f468 0000005b r a3
0011f4c4 00000070 r a6
0011f534 000000a2 r a7
0011f5d8 00000040 r a8
0011f618 0000172a r b02cf
00120d44 00001a7c r d02f4
001227c0 0000000c R _C_numeric_locale
001227cc 000031e6 r categories
001259b4 00000070 R dotab_stdnull
00125a24 r 
00125a24 R __exidx_end
00125a24 R __exidx_start
00126000 00000004 D currentConsole
00126004 0000004c D defaultConsole
00126050 00000001 d firstConsoleInit.0
00126054 00000004 d kCount
00126058 00000004 d kDelay
0012605c 00000004 d kInterval
00126060 W __stacksize__
00126064 00000004 D _impure_ptr
00126068 00000460 d impure_data
001264c8 00000408 D __malloc_av_
001268d0 00000004 D __malloc_sbrk_base
001268d4 00000004 D __malloc_trim_threshold
001268d8 0000000c d __malloc_recursive_mutex
001268e4 0000000c D __atexit_recursive_mutex
001268f0 0000000c d __sfp_recursive_mutex
001268fc 0000000c d __sinit_recursive_mutex
00126908 0000016c D __global_locale
00126a74 00000002 d numempty
00126a78 00000004 d defaultDevice
00126a7c 0000008c D devoptab_list
00126b08 00000400 d _current_working_directory
00126f08 00000004 d __hndl_lock
00126f0c 0000000c d __stderr_handle
00126f18 0000000c d __stdin_handle
00126f24 0000000c d __stdout_handle
00126f30 00001000 d handles
00127f38 d _GLOBAL_OFFSET_TABLE_
00127f44 d __frame_dummy_init_array_entry
00127f44 D __init_array_start
00127f44 B __preinit_array_end
00127f44 B __preinit_array_start
00127f44 D __tdata_lma
00127f44 D __tdata_lma_end
00127f48 d __do_global_dtors_aux_fini_array_entry
00127f48 D __fini_array_start
00127f48 D __init_array_end
00127f4c D __bss_start__
00127f4c D __fini_array_end
00127f4c 00000001 b allowed
00127f4d b completed.1
00127f50 b object.0
00127f68 0000004c B currentCopy
00127fb4 00000004 b gfxBottomFramebufferMaxSize
00127fb8 00000008 b gfxBottomFramebuffers
00127fc0 00000002 b gfxCurBuf
00127fc4 00000002 b gfxFramebufferFormats
00127fc8 00000002 b gfxIsDoubleBuf
00127fca 00000001 b gfxIsVram
00127fcc 00000004 b gfxTopFramebufferMaxSize
00127fd0 00000008 b gfxTopFramebuffers
00127fd8 00000001 b gfxTopMode
00127fdc 00000004 b screenAlloc
00127fe0 00000004 b screenFree
00127fe4 00000004 b gspEvent
00127fe8 0000001c b gspEventCb
00128004 0000001c b gspEventCbData
00128020 00000007 b gspEventCbOneShot
00128028 00000004 b gspEventThread
0012802c 00000038 b gspEvents
00128064 00000004 b gspGpuHandle
00128068 00000001 b gspGpuRight
0012806c 00000004 b gspLastEvent
00128070 00000004 b gspRefCount
00128074 00000001 b gspRunEvents
00128078 00000004 b gspSharedMem
0012807c 00000004 b gspSharedMemHandle
00128080 00000001 b gspThreadId
00128081 00000001 b aptChainloadFlags
00128082 00000001 b aptChainloadMediatype
00128088 00000008 b aptChainloadTid
00128090 00000004 b aptEventHandlerThread
00128094 00000001 b aptEventHandlerThreadQuit
00128098 00000008 b aptEvents
001280a0 0000000c b aptFirstHook
001280ac 00000004 b aptFlags
001280b0 00000001 b aptHomeButtonState
001280b4 00000004 b aptLockHandle
001280b8 00000004 b aptMessageFunc
001280bc 00000004 b aptMessageFuncData
001280c0 00001000 b aptParameters
001290c0 00000008 b aptReceiveEvent
001290c8 00000004 b aptRefCount
001290cc 00000008 b aptSleepEvent
001290d4 00000001 b flagInit.1
001290d5 00000001 b flagValue.0
001290d8 00000004 b serviceName.6
001290dc 00000006 b aVec
001290e4 00000004 b cPos
001290e8 00000006 b gRate
001290f0 00000014 B hidEvents
00129104 00000004 B hidHandle
00129108 00000004 B hidMemHandle
0012910c 00000004 b hidRefCount
00129110 00000004 B hidSharedMem
00129114 00000004 b kDown
00129118 00000004 b kHeld
0012911c 00000004 b kOld
00129120 00000004 b kRepeat
00129124 00000004 b kUp
00129128 00000004 b tPos
0012912c 00000001 b usingIrrst
00129130 00000004 B __system_retAddr
00129134 00000004 B __system_argc
00129138 00000004 B __system_argv
0012913c b saved_stack
00129144 0000000c b sAddrMap
00129150 00000008 b sVramPool
00129158 00000008 b sLinearPool
00129160 0000000c b sAddrMap
0012916c 00000004 b arbiter
00129170 00000001 V __ctru_speedup
00129174 00000004 b srvHandle
00129178 00000004 b srvRefCount
0012917c 00000004 b currentAddr
00129180 00000004 b maxAddr
00129184 00000004 b minAddr
00129188 00000004 b csPos
0012918c 00000004 B irrstEvent
00129190 00000004 B irrstHandle
00129194 00000004 B irrstMemHandle
00129198 00000004 b irrstRefCount
0012919c 00000004 B irrstSharedMem
001291a0 00000004 b kHeld
001291a4 00000004 b srvPmHandle
001291a8 00000004 b ptmSysmHandle
001291ac 00000004 b ptmSysmRefCount
001291b0 00000004 B __ctru_heap
001291b4 00000004 V __ctru_heap_size
001291b8 00000004 B __ctru_linear_heap
001291bc 00000004 V __ctru_linear_heap_size
001291c0 00000004 b archive_device_cwd
001291c8 00000540 b archive_devices
00129708 00000001 b archive_initialized
00129710 00000080 b fsExemptArchives
00129790 00000004 b fsuHandle
00129794 00000004 b fsuRefCount
00129798 00000028 B __malloc_current_mallinfo
001297c0 00000004 B __malloc_max_sbrked_mem
001297c4 00000004 B __malloc_max_total_mem
001297c8 00000004 B __malloc_top_pad
001297cc 00000004 b heap_start.0
001297d0 00000004 B fake_heap_end
001297d4 00000004 B fake_heap_start
001297d8 00000400 b temp_cwd
00129bd8 00000048 B __syscalls
00129c20 B __tls_start
0012a828 B __bss_end__
0012a828 A __end__
0012a828 B __tls_end
