         w __deregister_frame_info
         w __register_frame_info
         w userAppExit
         w userAppInit
00000000 00000401 B __ctru_dev_path_buf
00000000 b _TLS_MODULE_BASE_
00000000 a shift
00000000 a shift
00000404 00000802 B __ctru_dev_utf16_buf
00100000 A __start__
00100000 T _start
00100008 T __service_ptr
0010000c T __apt_appid
00100010 T __heap_size
00100014 T __linear_heap_size
00100018 T __system_arglist
0010001c T __system_runflags
00100020 t startup
00100058 t ClearMem
0010006c t ClrLoop
00100094 T _init
001000ac T __aeabi_idiv
001000ac 00000220 T __divsi3
001000b4 t .divsi3_skip_div0_test
001002cc 00000020 T __aeabi_idivmod
001002ec 00000004 W __aeabi_idiv0
001002ec 00000004 W __aeabi_ldiv0
001002f0 T __aeabi_ldivmod
001003c4 T __aeabi_uldivmod
00100408 00000390 T strcmp
00100790 t .udivsi3_skip_div0_test
00100790 T __aeabi_uidiv
00100790 000001ec T __udivsi3
0010097c 00000020 T __aeabi_uidivmod
0010099c T __aeabi_drsub
001009a4 000002b0 T __aeabi_dsub
001009a4 000002b0 T __subdf3
001009a8 000002ac T __adddf3
001009a8 000002ac T __aeabi_dadd
00100c54 00000024 T __aeabi_ui2d
00100c54 00000024 T __floatunsidf
00100c78 00000028 T __aeabi_i2d
00100c78 00000028 T __floatsidf
00100ca0 00000048 T __aeabi_f2d
00100ca0 00000048 T __extendsfdf2
00100ce8 00000074 T __aeabi_ul2d
00100ce8 00000074 T __floatundidf
00100cfc 00000060 T __aeabi_l2d
00100cfc 00000060 T __floatdidf
00100d5c t __do_global_dtors_aux
00100d9c t frame_dummy
00100dc8 000000b4 T main
00100e7c 00000178 T consoleDrawChar
00100ff4 00000124 T consolePrintChar
00101118 00000a00 T con_write
00101b18 00000168 T consoleInit
00101c80 000000f4 t newRow
00101d74 000000d0 t gfxPresentFramebuffer
00101e44 0000001c T gfxIsWide
00101e60 000000ec T gfxSetScreenFormat
00101f4c 00000010 T gfxSetDoubleBuffering
00101f5c 00000108 T gfxInit
00102064 00000010 T gfxInitDefault
00102074 000000b4 T gfxExit
00102128 000000a0 T gfxGetFramebuffer
001021c8 0000010c T gfxFlushBuffers
001022d4 00000050 T gfxSwapBuffers
00102324 00000050 T gfxSwapBuffersGpu
00102374 00000c58 t gspHardwareInit
00102fcc 00000254 T gspInit
00103220 000000f0 T gspExit
00103310 00000010 T gspHasGpuRight
00103320 00000098 T gspPresentBuffer
001033b8 00000050 T gspWaitForEvent
00103408 00000004 W gxCmdQueueInterrupt
0010340c 00000160 t gspEventThreadMain
0010356c 00000050 T GSPGPU_FlushDataCache
001035bc 00000034 T GSPGPU_SetLcdForceBlack
001035f0 00000068 T GSPGPU_AcquireRight
00103658 00000048 T GSPGPU_ReleaseRight
001036a0 0000007c T GSPGPU_ImportDisplayCaptureInfo
0010371c 0000002c T GSPGPU_SaveVramSysArea
00103748 0000002c T GSPGPU_RestoreVramSysArea
00103774 000001b0 t aptConvertScreenForCapture
00103924 00000008 W aptDspSleep
0010392c 00000004 W aptDspWakeup
00103930 00000004 W aptDspCancel
00103934 0000015c T aptSendCommand
00103a90 00000038 t aptExitProcess
00103ac8 000002f0 T aptExit
00103db8 000000d8 T aptHandleSleep
00103e90 00000084 T APT_SleepIfShellClosed
00103f14 00000084 T aptSetSleepAllowed
00103f98 00000084 T APT_UnlockTransition
00104020 00000484 t aptEventHandler
001044a4 000000b0 T APT_ReceiveParameter
00104554 000000b0 t aptReceiveParameter.constprop.0
00104608 000002bc t aptScreenTransfer
001048c4 000002d0 t aptWaitForWakeUp.isra.0
00104b94 000000f8 T aptJumpToHomeMenu
00104c8c 0000004c T aptMainLoop
00104cd8 00000234 T aptInit
00104f0c 0000007c T APT_CheckNew3DS
00104f88 00000024 W hidShouldUseIrrst
00104fac 0000018c T hidInit
00105138 000000e8 T hidExit
00105220 00000294 T hidScanInput
001054b4 00000010 T hidKeysDown
001054c4 00000038 W __libctru_init
001054fc 000000f0 W __system_initArgv
001055ec T svcControlMemory
0010560c T svcQueryMemory
0010563c T svcExitProcess
00105644 T svcCreateThread
00105664 T svcExitThread
0010566c T svcSleepThread
00105674 T svcReleaseMutex
0010567c T svcCreateEvent
00105690 T svcSignalEvent
00105698 T svcClearEvent
001056a0 T svcMapMemoryBlock
001056a8 T svcUnmapMemoryBlock
001056b0 T svcCreateAddressArbiter
001056c4 T svcArbitrateAddressNoTimeout
001056cc T svcCloseHandle
001056d4 T svcWaitSynchronization
001056dc T svcWaitSynchronizationN
00105704 T svcDuplicateHandle
00105718 T svcGetSystemTick
00105720 T svcConnectToPort
00105734 T svcSendSyncRequest
0010573c T svcGetResourceLimit
00105750 T svcGetResourceLimitLimitValues
00105758 T svcGetResourceLimitCurrentValues
00105760 T svcBreak
00105768 W initSystem
001057b8 W __ctru_exit
001057d0 00000024 t addrMapNodeComparator(rbtree_node const*, rbtree_node const*)
001057f4 00000004 t addrMapNodeDestructor(rbtree_node*)
001057f8 00000114 T vramMemAlign
0010590c 00000008 T vramAlloc
00105914 0000005c T vramFree
00105970 00000024 t addrMapNodeComparator(rbtree_node const*, rbtree_node const*)
00105994 00000004 t addrMapNodeDestructor(rbtree_node*)
00105998 00000120 T linearMemAlign
00105ab8 00000008 T linearAlloc
00105ac0 0000005c T linearFree
00105b1c 00000084 T MemPool::CoalesceRight(MemBlock*)
00105ba0 00000170 T MemPool::Allocate(MemChunk&, unsigned long, int)
00105d10 000000fc T MemPool::Deallocate(MemChunk const&)
00105e0c 0000000c T __sync_init
00105e18 00000018 T __sync_fini
00105e30 0000002c T syncArbitrateAddress
00105e5c 0000001c T LightLock_Init
00105e78 00000094 T LightLock_Lock
00105f0c 00000044 T LightLock_TryLock
00105f50 00000040 T LightLock_Unlock
00105f90 00000024 T RecursiveLock_Init
00105fb4 00000030 T RecursiveLock_Lock
00105fe4 00000078 T RecursiveLock_TryLock
0010605c 00000054 T RecursiveLock_Unlock
001060b0 00000040 T LightEvent_Init
001060f0 000000a4 T LightEvent_Clear
00106194 000000c8 T LightEvent_Signal
0010625c 00000058 T LightEvent_TryWait
001062b4 000000b0 T LightEvent_Wait
00106364 00000054 T osGetTimeRef
001063b8 000000e4 T osGetTime
0010649c 00000074 T __libctru_gtod
00106510 00000034 T __ctru_speedup_config
00106544 00000124 T srvInit
00106668 00000058 T srvExit
001066c0 00000080 T srvGetServiceHandleDirect
00106740 00000048 T srvGetServiceHandle
00106788 00000038 T srvPublishToSubscriber
001067c0 00000188 T threadCreate
00106948 0000002c T threadFree
00106974 00000024 T threadJoin
00106998 00000030 T threadGetCurrent
001069c8 00000040 T threadExit
00106a08 00000044 t _thread_begin
00106a4c 00000094 t mappableFindAddressWithin
00106ae0 00000028 T mappableInit
00106b08 00000080 T mappableAlloc
00106b88 00000004 T mappableFree
00106b8c 00000160 T irrstInit
00106cec 000000cc T irrstExit
00106db8 000000b0 T irrstScanInput
00106e68 00000024 T irrstKeysHeld
00106e8c 0000000c T srvPmGetSessionHandle
00106e98 00000074 T ptmSysmInit
00106f0c 0000003c T ptmSysmExit
00106f48 00000034 T PTMSYSM_ConfigureNew3DSCPU
00106f7c 00000010 T rbtree_init
00106f8c 000001a0 t do_insert
0010712c 00000008 T rbtree_insert
00107134 00000090 T rbtree_rotate
001071c4 00000338 T rbtree_remove
001074fc 00000074 T rbtree_find
00107570 00000030 W __appInit
001075a0 00000030 t __libctru_nanosleep
001075d0 00000030 t __libctru_get_reent
00107600 000000f8 T __system_initSyscalls
001076f8 000001e0 W __system_allocateHeaps
001078d8 00000030 W __appExit
00107908 00000090 W __libctru_exit
00107998 00000084 W envGetHandle
00107a1c 00000050 W envDestroyHandles
00107a6c 00000014 t archive_link
00107a80 00000014 t archive_dirreset
00107a94 00000014 t archive_chmod
00107aa8 00000024 t error_cmp
00107acc 00000050 t archive_translate_error
00107b1c 000000d4 t archive_seek
00107bf0 0000007c t _archiveInit.part.0
00107c6c 0000008c t archiveFindDevice.part.0
00107cf8 00000294 t archive_utf16path
00107f8c 000000a0 t _archiveUnmountDeviceStruct.part.0
0010802c 00000014 t archive_fchmod
00108040 00000014 t archive_statvfs
00108054 00000158 t _archiveMountDevice
001081ac 000000e8 t archive_diropen
00108294 000000a4 t archive_fstat
00108338 0000006c t archive_close
001083a4 0000006c t archive_fsync
00108410 00000070 t archive_dirclose
00108480 000000e8 t sdmc_statvfs
00108568 00000080 t archive_ftruncate
001085e8 000000fc t archive_chdir
001086e4 000000b0 t archive_read
00108794 000000ac t archive_unlink
00108840 000000c8 t archive_rmdir
00108908 000000ec t archive_mkdir
001089f4 000001a8 t archive_stat
00108b9c 00000184 t archive_rename
00108d20 00000168 t archive_dirnext
00108e88 0000012c t archive_write
00108fb4 000001f0 t archive_open
001091a4 000001a4 T archiveMountSdmc
00109348 00000054 T archiveUnmountAll
0010939c 000000c8 T fsInit
00109464 0000003c T fsExit
001094a0 00000060 T fsExemptFromSession
00109500 00000050 T fsUnexemptFromSession
00109550 000000cc T FSUSER_OpenFile
0010961c 000000bc T FSUSER_DeleteFile
001096d8 000000f8 T FSUSER_RenameFile
001097d0 000000bc T FSUSER_DeleteDirectory
0010988c 000000d4 T FSUSER_CreateFile
00109960 000000c4 T FSUSER_CreateDirectory
00109a24 000000f8 T FSUSER_RenameDirectory
00109b1c 000000b4 T FSUSER_OpenDirectory
00109bd0 00000094 T FSUSER_OpenArchive
00109c64 0000008c T FSUSER_CloseArchive
00109cf0 00000074 T FSUSER_GetSdmcArchiveResource
00109d64 00000064 T FSUSER_IsSdmcWritable
00109dc8 00000058 T FSFILE_Read
00109e20 00000060 T FSFILE_Write
00109e80 00000038 T FSFILE_GetSize
00109eb8 00000028 T FSFILE_SetSize
00109ee0 0000003c T FSFILE_Close
00109f1c 00000024 T FSFILE_Flush
00109f40 00000050 T FSDIR_Read
00109f90 0000003c T FSDIR_Close
00109fcc 00000050 T rbtree_node_next
0010a01c 000000e8 T utf16_to_utf8
0010a104 00000064 T decode_utf16
0010a168 0000013c T decode_utf8
0010a2a4 000000c0 T utf8_to_utf16
0010a364 T __aeabi_read_tp
0010a370 00000060 T encode_utf16
0010a3d0 000000fc T encode_utf8
0010a4cc 00000120 T __udivmoddi4
0010a5ec 00000078 T bsearch
0010a664 0000000c T __errno
0010a670 00000034 T exit
0010a6a4 0000003c T __libc_fini_array
0010a6e0 0000007c T __libc_init_array
0010a75c 00000028 T memalign
0010a784 00000148 T _memalign_r
0010a8cc 00000020 T malloc
0010a8ec 00000020 T free
0010a90c 000007f0 T _malloc_r
0010b0fc 000000e0 T memchr
0010b1dc 0000011c T memcpy
0010b2f8 00000118 T memset
0010b410 0000000c T __malloc_lock
0010b41c 0000000c T __malloc_unlock
0010b428 00000034 T printf
0010b45c 000000e0 T _puts_r
0010b53c 00000020 T puts
0010b55c 00000260 T setvbuf
0010b7bc 00000074 T sscanf
0010b830 00000044 T __sread
0010b874 00000008 T __seofread
0010b87c 00000068 T __swrite
0010b8e4 00000048 T __sseek
0010b92c 00000008 T __sclose
0010b934 0000005c T strlen
0010b990 000000ec T strncat
0010ba7c 000000dc T strncmp
0010bb58 000000c0 T strncpy
0010bc18 00000048 T strnlen
0010bc60 00000050 t get_arg
0010bcb0 00002b68 T __ssvfscanf_r
0010e818 0000064c t get_arg
0010ee64 00000034 T __sprint_r
0010ee98 00002584 T _vfiprintf_r
0011141c 000000d4 t __sbprintf
001114f0 0000064c t get_arg
00111b40 000038d4 T _vfprintf_r
00115414 000000d4 t __sbprintf
001154e8 00000054 T _wcrtomb_r
0011553c 00000028 T _wcsrtombs_r
00115564 00000154 T __swsetup_r
001156b8 00000114 T __call_exitprocs
001157cc 000001a8 t quorem
00115978 000012ec T _dtoa_r
00116c64 00000258 T __sflush_r
00116ebc 00000094 T _fflush_r
00116f50 0000000c T _cleanup_r
00116f5c 00000184 T __sinit
001170e0 0000000c T __sfp_lock_acquire
001170ec 0000000c T __sfp_lock_release
001170f8 000000f8 T _malloc_trim_r
001171f0 000002e4 T _free_r
001174d4 000004a4 T __sfvwrite_r
00117978 00000070 T _fwalk_reent
001179e8 00000008 T iswspace
001179f0 0000000c T _localeconv_r
001179fc 00000010 T __locale_mb_cur_max
00117a0c 00000138 T __smakebuf_r
00117b44 00000094 T __swhatbuf_r
00117bd8 00000068 T _mbrtowc_r
00117c40 000002fc T __utf8_mbtowc
00117f3c 00000154 T memmove
00118090 00000088 T _Balloc
00118118 0000001c T _Bfree
00118134 000000f4 T __multadd
00118228 00000110 T __s2b
00118338 00000058 T __hi0bits
00118390 0000009c T __lo0bits
0011842c 000000a4 T __i2b
001184d0 00000204 T __multiply
001186d4 00000120 T __pow5mult
001187f4 0000013c T __lshift
00118930 00000058 T __mcmp
00118988 000001cc T __mdiff
00118b54 00000088 T __ulp
00118bdc 000000d4 T __b2d
00118cb0 0000012c T __d2b
00118ddc 00000078 T __ratio
00118e54 00000088 T __copybits
00118edc 0000005c T __any_on
00118f38 00000028 T realloc
00118f60 00000598 T _realloc_r
001194f8 000000e4 T __sccl
001195dc 0000000c T nanf
001195e8 000000a8 T frexp
00119690 00000064 T sprintf
001196f4 000000b8 T stpncpy
001197ac 00000144 T strchr
001198f0 0000130c T _strtod_l
0011abfc 0000000c T _strtod_r
0011ac08 0000022c t _strtoll_l.constprop.0
0011ae34 00000004 T _strtoll_r
0011ae38 000001b0 t _strtol_l.part.0
0011afe8 0000003c T _strtol_r
0011b024 00000244 t _strtoull_l.constprop.0
0011b268 00000004 T _strtoull_r
0011b26c 000001c8 t _strtoul_l.constprop.0
0011b434 00000004 T _strtoul_r
0011b438 00000188 T __ssprint_r
0011b5c0 000000e0 T _sungetc_r
0011b6a0 0000006c T __ssrefill_r
0011b70c 000000c8 T _sfread_r
0011b7d4 0000064c t get_arg
0011be20 00003808 T _svfprintf_r
0011f628 000000a8 T __submore
0011f6d0 00000190 T _wcsnrtombs_l
0011f860 0000004c T _wcsnrtombs_r
0011f8ac 000000f0 T __utf8_wctomb
0011f99c 0000005c T __assert_func
0011f9f8 00000094 T _calloc_r
0011fa8c 00000160 T _fclose_r
0011fbec 0000003c T fiprintf
0011fc28 000000ec t rshift
0011fd14 00000928 T __gethex
0012063c 0000004c T __match
00120688 0000029c T __hexnan
00120924 0000003c T iswspace_l
00120960 000001d4 t __jp2uc
00120b34 0000009c T _jp2uc_l
00120bd0 00000010 T nan
00120be0 00000014 T abort
00120bf4 00000084 T category
00120c78 00000098 T _raise_r
00120d10 00000020 T raise
00120d30 00000008 t null_write
00120d38 00000018 T setDefaultDevice
00120d50 000000c8 T FindDevice
00120e18 00000028 T RemoveDevice
00120e40 0000009c T AddDevice
00120edc 00000020 T GetDeviceOpTab
00120efc 00000078 T _fstat_r
00120f74 00000014 T _getpid_r
00120f88 00000008 T _isatty_r
00120f90 00000014 T _kill_r
00120fa4 00000084 T _lseek_r
00121028 00000080 T _read_r
001210a8 00000078 T _sbrk_r
00121120 00000080 T _write_r
001211a0 00000024 T _exit
001211c4 000001b8 T _concatenate_path
0012137c 00000160 T chdir
001214dc 00000008 T __flockfile
001214e4 00000008 T __funlockfile
001214ec 00000018 T __libc_lock_acquire
00121504 00000018 T __libc_lock_release
0012151c 00000018 T __libc_lock_init_recursive
00121534 00000018 T __libc_lock_acquire_recursive
0012154c 00000018 T __libc_lock_release_recursive
00121564 00000018 T __libc_lock_close_recursive
0012157c 0000003c T __get_handle
001215b8 000000f4 T _close_r
001216ac 00000028 T __getreent
001216d4 00000038 T __aeabi_d2lz
001216d4 00000038 T __fixdfdi
00121710 00000040 T __aeabi_d2ulz
00121710 00000040 T __fixunsdfdi
00121750 00000044 T strrchr
00121794 T _fini
00122144 00000030 r colorTable
00122174 00000070 r dotab_stdout
00122208 00000008 r morton_x.3
00122210 00000008 r morton_y.2
00122218 00000008 r s_sleepWakeEvents.4
00122238 R default_font_bin
00122a38 R default_font_bin_end
00122a70 00000070 r archive_devoptab
00122ae0 00000030 r error_table
00122b18 00000004 R _global_impure_ptr
00122b24 00000022 r basefix.0
00122b70 00000010 r blanks.1
00122b80 00000010 r zeroes.0
00122ba4 00000010 r blanks.1
00122bb4 00000010 r zeroes.0
00122bc4 00000101 R _ctype_
00122cd8 r .LC2
00122db8 00000028 R __mprec_bigtens
00122de0 000000c8 R __mprec_tens
00122ea8 0000000c r p05.0
00122ec4 00000014 r fpi.1
00122ed8 00000014 r fpinan.0
00122ef0 00000028 r tinytens
00122f18 0000006c R __action_table
00122f84 00000100 R __chclass
00123084 0000006c R __state_table
001230f0 00000010 r blanks.1
00123100 00000010 r zeroes.0
00123198 00000100 R __hexdig
001232ac 000000bc r a1
00123368 000000bc r a2
00123424 0000005b r a3
00123480 00000070 r a6
001234f0 000000a2 r a7
00123594 00000040 r a8
001235d4 0000172a r b02cf
00124d00 00001a7c r d02f4
0012677c 0000000c R _C_numeric_locale
00126788 000031e6 r categories
00129970 00000070 R dotab_stdnull
001299e0 r 
001299e0 R __exidx_end
001299e0 R __exidx_start
0012a000 00000004 D currentConsole
0012a004 0000004c D defaultConsole
0012a050 00000001 d firstConsoleInit.0
0012a054 00000004 d kCount
0012a058 00000004 d kDelay
0012a05c 00000004 d kInterval
0012a060 W __stacksize__
0012a064 00000004 D _impure_ptr
0012a068 00000460 d impure_data
0012a4c8 00000408 D __malloc_av_
0012a8d0 00000004 D __malloc_sbrk_base
0012a8d4 00000004 D __malloc_trim_threshold
0012a8d8 0000000c d __malloc_recursive_mutex
0012a8e4 0000000c D __atexit_recursive_mutex
0012a8f0 0000000c d __sfp_recursive_mutex
0012a8fc 0000000c d __sinit_recursive_mutex
0012a908 0000016c D __global_locale
0012aa74 00000002 d numempty
0012aa78 00000004 d defaultDevice
0012aa7c 0000008c D devoptab_list
0012ab08 00000400 d _current_working_directory
0012af08 00000004 d __hndl_lock
0012af0c 0000000c d __stderr_handle
0012af18 0000000c d __stdin_handle
0012af24 0000000c d __stdout_handle
0012af30 00001000 d handles
0012bf38 d _GLOBAL_OFFSET_TABLE_
0012bf44 d __frame_dummy_init_array_entry
0012bf44 D __init_array_start
0012bf44 B __preinit_array_end
0012bf44 B __preinit_array_start
0012bf44 D __tdata_lma
0012bf44 D __tdata_lma_end
0012bf48 d __do_global_dtors_aux_fini_array_entry
0012bf48 D __fini_array_start
0012bf48 D __init_array_end
0012bf4c D __bss_start__
0012bf4c D __fini_array_end
0012bf4c b completed.1
0012bf50 b object.0
0012bf68 0000004c B currentCopy
0012bfb4 00000004 b gfxBottomFramebufferMaxSize
0012bfb8 00000008 b gfxBottomFramebuffers
0012bfc0 00000002 b gfxCurBuf
0012bfc4 00000002 b gfxFramebufferFormats
0012bfc8 00000002 b gfxIsDoubleBuf
0012bfca 00000001 b gfxIsVram
0012bfcc 00000004 b gfxTopFramebufferMaxSize
0012bfd0 00000008 b gfxTopFramebuffers
0012bfd8 00000001 b gfxTopMode
0012bfdc 00000004 b screenAlloc
0012bfe0 00000004 b screenFree
0012bfe4 00000004 b gspEvent
0012bfe8 0000001c b gspEventCb
0012c004 0000001c b gspEventCbData
0012c020 00000007 b gspEventCbOneShot
0012c028 00000004 b gspEventThread
0012c02c 00000038 b gspEvents
0012c064 00000004 b gspGpuHandle
0012c068 00000001 b gspGpuRight
0012c06c 00000004 b gspLastEvent
0012c070 00000004 b gspRefCount
0012c074 00000001 b gspRunEvents
0012c078 00000004 b gspSharedMem
0012c07c 00000004 b gspSharedMemHandle
0012c080 00000001 b gspThreadId
0012c081 00000001 b aptChainloadFlags
0012c082 00000001 b aptChainloadMediatype
0012c088 00000008 b aptChainloadTid
0012c090 00000004 b aptEventHandlerThread
0012c094 00000001 b aptEventHandlerThreadQuit
0012c098 00000008 b aptEvents
0012c0a0 0000000c b aptFirstHook
0012c0ac 00000004 b aptFlags
0012c0b0 00000001 b aptHomeButtonState
0012c0b4 00000004 b aptLockHandle
0012c0b8 00000004 b aptMessageFunc
0012c0bc 00000004 b aptMessageFuncData
0012c0c0 00001000 b aptParameters
0012d0c0 00000008 b aptReceiveEvent
0012d0c8 00000004 b aptRefCount
0012d0cc 00000008 b aptSleepEvent
0012d0d4 00000001 b flagInit.1
0012d0d5 00000001 b flagValue.0
0012d0d8 00000004 b serviceName.6
0012d0dc 00000006 b aVec
0012d0e4 00000004 b cPos
0012d0e8 00000006 b gRate
0012d0f0 00000014 B hidEvents
0012d104 00000004 B hidHandle
0012d108 00000004 B hidMemHandle
0012d10c 00000004 b hidRefCount
0012d110 00000004 B hidSharedMem
0012d114 00000004 b kDown
0012d118 00000004 b kHeld
0012d11c 00000004 b kOld
0012d120 00000004 b kRepeat
0012d124 00000004 b kUp
0012d128 00000004 b tPos
0012d12c 00000001 b usingIrrst
0012d130 00000004 B __system_retAddr
0012d134 00000004 B __system_argc
0012d138 00000004 B __system_argv
0012d13c b saved_stack
0012d144 0000000c b sAddrMap
0012d150 00000008 b sVramPool
0012d158 00000008 b sLinearPool
0012d160 0000000c b sAddrMap
0012d16c 00000004 b arbiter
0012d170 00000001 V __ctru_speedup
0012d174 00000004 b srvHandle
0012d178 00000004 b srvRefCount
0012d17c 00000004 b currentAddr
0012d180 00000004 b maxAddr
0012d184 00000004 b minAddr
0012d188 00000004 b csPos
0012d18c 00000004 B irrstEvent
0012d190 00000004 B irrstHandle
0012d194 00000004 B irrstMemHandle
0012d198 00000004 b irrstRefCount
0012d19c 00000004 B irrstSharedMem
0012d1a0 00000004 b kHeld
0012d1a4 00000004 b srvPmHandle
0012d1a8 00000004 b ptmSysmHandle
0012d1ac 00000004 b ptmSysmRefCount
0012d1b0 00000004 B __ctru_heap
0012d1b4 00000004 V __ctru_heap_size
0012d1b8 00000004 B __ctru_linear_heap
0012d1bc 00000004 V __ctru_linear_heap_size
0012d1c0 00000004 b archive_device_cwd
0012d1c8 00000540 b archive_devices
0012d708 00000001 b archive_initialized
0012d710 00000080 b fsExemptArchives
0012d790 00000004 b fsuHandle
0012d794 00000004 b fsuRefCount
0012d798 00000028 B __malloc_current_mallinfo
0012d7c0 00000004 B __malloc_max_sbrked_mem
0012d7c4 00000004 B __malloc_max_total_mem
0012d7c8 00000004 B __malloc_top_pad
0012d7cc 00000004 b heap_start.0
0012d7d0 00000004 B fake_heap_end
0012d7d4 00000004 B fake_heap_start
0012d7d8 00000400 b temp_cwd
0012dbd8 00000048 B __syscalls
0012dc20 B __tls_start
0012e828 B __bss_end__
0012e828 A __end__
0012e828 B __tls_end
