         w __deregister_frame_info
         w __register_frame_info
         w userAppExit
         w userAppInit
00000000 00000401 B __ctru_dev_path_buf
00000000 b _TLS_MODULE_BASE_
00000000 a shift
00000000 a shift
00000404 00000802 B __ctru_dev_utf16_buf
00100000 A __start__
00100000 T _start
00100008 T __service_ptr
0010000c T __apt_appid
00100010 T __heap_size
00100014 T __linear_heap_size
00100018 T __system_arglist
0010001c T __system_runflags
00100020 t startup
00100058 t ClearMem
0010006c t ClrLoop
00100094 T _init
001000ac T __aeabi_idiv
001000ac 00000220 T __divsi3
001000b4 t .divsi3_skip_div0_test
001002cc 00000020 T __aeabi_idivmod
001002ec 00000004 W __aeabi_idiv0
001002ec 00000004 W __aeabi_ldiv0
001002f0 T __aeabi_ldivmod
001003c4 T __aeabi_uldivmod
00100408 00000390 T strcmp
00100790 t .udivsi3_skip_div0_test
00100790 T __aeabi_uidiv
00100790 000001ec T __udivsi3
0010097c 00000020 T __aeabi_uidivmod
0010099c T __aeabi_drsub
001009a4 000002b0 T __aeabi_dsub
001009a4 000002b0 T __subdf3
001009a8 000002ac T __adddf3
001009a8 000002ac T __aeabi_dadd
00100c54 00000024 T __aeabi_ui2d
00100c54 00000024 T __floatunsidf
00100c78 00000028 T __aeabi_i2d
00100c78 00000028 T __floatsidf
00100ca0 00000048 T __aeabi_f2d
00100ca0 00000048 T __extendsfdf2
00100ce8 00000074 T __aeabi_ul2d
00100ce8 00000074 T __floatundidf
00100cfc 00000060 T __aeabi_l2d
00100cfc 00000060 T __floatdidf
00100d5c t __do_global_dtors_aux
00100d9c t frame_dummy
00100dc8 0000016c t setupProcTex
00100f34 0000034c t sceneRender
00101280 000004c8 T main
00101748 00000004 W C3Di_LightEnvUpdate
0010174c 00000004 W C3Di_LightEnvDirty
00101750 000000b4 t C3Di_AptEventHook
00101804 00000004 W C3Di_GasUpdate
00101808 000001e0 T C3D_Init
001019e8 00000098 T C3D_SetViewport
00101a80 000004ec T C3Di_UpdateContext
00101f6c 000000e0 T C3Di_SplitFrame
0010204c 00000010 T C3D_GetCmdBufUsage
0010205c 00000044 T C3D_Fini
001020a0 00000108 T C3D_BindProgram
001021a8 0000004c t onVBlank0
001021f4 0000004c t onVBlank1
00102240 00000080 t C3Di_RenderTargetDestroy
001022c0 000000f4 t onQueueFinish
001023b4 00000038 T C3Di_RenderQueueEnableVBlank
001023ec 00000030 T C3Di_RenderQueueDisableVBlank
0010241c 00000060 T C3Di_RenderQueueInit
0010247c 000000b0 T C3Di_RenderQueueExit
0010252c 00000034 T C3Di_RenderQueueWaitDone
00102560 000000e4 T C3D_FrameBegin
00102644 00000048 T C3D_FrameDrawOn
0010268c 000001d8 T C3D_FrameEnd
00102864 00000018 T C3D_GetDrawingTime
0010287c 00000018 T C3D_GetProcessingTime
00102894 00000128 T C3D_RenderTargetCreate
001029bc 000000a8 T C3D_RenderTargetSetOutput
00102a64 0000016c T C3Di_SetTex
00102bd0 0000001c T C3D_CalcColorBufSize
00102bec 0000001c T C3D_CalcDepthBufSize
00102c08 00000044 T C3D_SetFrameBuf
00102c4c 0000016c T C3Di_FrameBufBind
00102db8 000000cc T C3D_FrameBufClear
00102e84 00000044 T C3D_FrameBufTransfer
00102ec8 00000034 T C3D_GetTexEnv
00102efc 00000024 T C3Di_TexEnvBind
00102f20 00000218 T C3D_DrawElements
00103138 00000070 T C3D_ProcTexInit
001031a8 00000078 T C3D_ProcTexNoiseCoefs
00103220 00000054 T C3D_ProcTexBind
00103274 0000005c T C3D_ProcTexLutBind
001032d0 000000a4 T ProcTexLut_FromArray
00103374 0000002c T C3D_ProcTexColorLutBind
001033a0 000000c8 T ProcTexColorLut_Write
00103468 0000017c T C3Di_ProcTexUpdate
001035e4 00000068 T C3Di_ProcTexDirty
0010364c 00000024 T BufInfo_Init
00103670 00000080 T BufInfo_Add
001036f0 00000020 T C3D_GetBufInfo
00103710 00000048 T C3Di_BufInfoBind
00103758 00000040 T C3D_DepthMap
00103798 0000001c T C3D_CullFace
001037b4 00000040 T C3D_StencilTest
001037f4 00000024 T C3D_StencilOp
00103818 0000001c T C3D_BlendingColor
00103834 00000024 T C3D_EarlyDepthTest
00103858 0000002c T C3D_DepthTest
00103884 0000002c T C3D_AlphaTest
001038b0 00000050 T C3D_AlphaBlend
00103900 00000030 T C3D_FragOpMode
00103930 00000044 T C3D_FragOpShadow
00103974 000001ac T C3Di_EffectBind
00103b20 00000028 T AttrInfo_Init
00103b48 00000098 T AttrInfo_AddLoader
00103be0 00000020 T C3D_GetAttrInfo
00103c00 00000080 T C3Di_AttrInfoBind
00103c80 000000a8 T C3D_ImmSendAttrib
00103d28 0000029c T C3D_UpdateUniforms
00103fc4 000000c0 T C3Di_DirtyUniforms
00104084 000000d8 T C3Di_LoadShaderUniforms
0010415c 00000028 T C3Di_ClearShaderUniforms
00104184 000000b8 T Mtx_PerspStereoTilt
0010423c 00000024 t addrMapNodeComparator(rbtree_node const*, rbtree_node const*)
00104260 00000004 t addrMapNodeDestructor(rbtree_node*)
00104264 00000114 T vramMemAlign
00104378 00000008 T vramAlloc
00104380 0000005c T vramFree
001043dc 00000024 t addrMapNodeComparator(rbtree_node const*, rbtree_node const*)
00104400 00000004 t addrMapNodeDestructor(rbtree_node*)
00104404 00000120 T linearMemAlign
00104524 00000008 T linearAlloc
0010452c 0000005c T linearFree
00104588 00000084 T MemPool::CoalesceRight(MemBlock*)
0010460c 00000170 T MemPool::Allocate(MemChunk&, unsigned long, int)
0010477c 000000fc T MemPool::Deallocate(MemChunk const&)
00104878 00000074 T osConvertVirtToPhys
001048ec 00000054 T osGetTimeRef
00104940 000000e4 T osGetTime
00104a24 00000074 T __libctru_gtod
00104a98 00000038 T osTickCounterRead
00104ad0 00000034 T __ctru_speedup_config
00104b04 00000178 T consoleDrawChar
00104c7c 00000124 T consolePrintChar
00104da0 00000a00 T con_write
001057a0 00000168 T consoleInit
00105908 000000f4 t newRow
001059fc 000000d0 t gfxPresentFramebuffer
00105acc 00000010 T gfxSet3D
00105adc 0000001c T gfxIsWide
00105af8 000000ec T gfxSetScreenFormat
00105be4 00000010 T gfxSetDoubleBuffering
00105bf4 00000108 T gfxInit
00105cfc 00000010 T gfxInitDefault
00105d0c 000000b4 T gfxExit
00105dc0 000000a0 T gfxGetFramebuffer
00105e60 0000010c T gfxFlushBuffers
00105f6c 00000030 T gfxScreenSwapBuffers
00105f9c 00000050 T gfxSwapBuffersGpu
00105fec 000001e0 T shaderInstanceInit
001061cc 00000018 T shaderInstanceGetUniformLocation
001061e4 0000001c T shaderProgramInit
00106200 00000064 T shaderProgramFree
00106264 00000080 T shaderProgramSetVsh
001062e4 000000a0 T shaderProgramSetGsh
00106384 000008c0 T shaderProgramConfigure
00106c44 000001f8 t DVLE_GenerateOutmap.part.0
00106e3c 000001cc T DVLB_ParseFile
00107008 00000038 T DVLB_Free
00107040 00000074 T DVLE_GetUniformRegister
001070b4 00000010 T GX_BindQueue
001070c4 00000078 T GX_ProcessCommandList
0010713c 00000074 T GX_MemoryFill
001071b0 00000070 T GX_DisplayTransfer
00107220 00000068 t gxCmdQueueDoCommands.part.0
00107288 000000c8 T gxCmdQueueInterrupt
00107350 0000004c T gxCmdQueueClear
0010739c 000000f8 T gxCmdQueueAdd
00107494 00000080 T gxCmdQueueRun
00107514 00000060 T gxCmdQueueStop
00107574 00000074 T gxCmdQueueWait
001075e8 0000013c T GPUCMD_Add
00107724 000000ac T GPUCMD_Split
001077d0 00000040 T f32tof16
00107810 00000040 T f32tof24
00107850 00000044 T f32tof31
00107894 00000c58 t gspHardwareInit
001084ec 00000254 T gspInit
00108740 000000f0 T gspExit
00108830 00000010 T gspHasGpuRight
00108840 00000098 T gspPresentBuffer
001088d8 00000030 T gspSetEventCallback
00108908 00000050 T gspWaitForEvent
00108958 0000004c T gspWaitForAnyEvent
001089a4 00000160 t gspEventThreadMain
00108b04 00000130 T gspSubmitGxCommand
00108c34 00000050 T GSPGPU_FlushDataCache
00108c84 00000034 T GSPGPU_SetLcdForceBlack
00108cb8 00000068 T GSPGPU_AcquireRight
00108d20 00000048 T GSPGPU_ReleaseRight
00108d68 0000007c T GSPGPU_ImportDisplayCaptureInfo
00108de4 0000002c T GSPGPU_SaveVramSysArea
00108e10 0000002c T GSPGPU_RestoreVramSysArea
00108e3c 000001b0 t aptConvertScreenForCapture
00108fec 00000008 W aptDspSleep
00108ff4 00000004 W aptDspWakeup
00108ff8 00000004 W aptDspCancel
00108ffc 0000015c T aptSendCommand
00109158 00000038 t aptExitProcess
00109190 000002f0 T aptExit
00109480 000000d8 T aptHandleSleep
00109558 00000030 T aptHook
00109588 00000030 T aptUnhook
001095b8 00000084 T APT_SleepIfShellClosed
0010963c 00000084 T aptSetSleepAllowed
001096c0 00000084 T APT_UnlockTransition
00109748 00000484 t aptEventHandler
00109bcc 000000b0 T APT_ReceiveParameter
00109c7c 000000b0 t aptReceiveParameter.constprop.0
00109d30 000002bc t aptScreenTransfer
00109fec 000002d0 t aptWaitForWakeUp.isra.0
0010a2bc 000000f8 T aptJumpToHomeMenu
0010a3b4 0000004c T aptMainLoop
0010a400 00000234 T aptInit
0010a634 0000007c T APT_CheckNew3DS
0010a6b0 00000024 W hidShouldUseIrrst
0010a6d4 0000018c T hidInit
0010a860 000000e8 T hidExit
0010a948 00000294 T hidScanInput
0010abdc 00000010 T hidKeysHeld
0010abec 00000010 T hidKeysDown
0010abfc 00000074 T ptmSysmInit
0010ac70 0000003c T ptmSysmExit
0010acac 00000034 T PTMSYSM_ConfigureNew3DSCPU
0010ace0 00000010 T rbtree_init
0010acf0 000001a0 t do_insert
0010ae90 00000008 T rbtree_insert
0010ae98 00000090 T rbtree_rotate
0010af28 00000338 T rbtree_remove
0010b260 00000074 T rbtree_find
0010b2d8 000001e0 W __system_allocateHeaps
0010b4b8 00000038 W __libctru_init
0010b4f0 000000f0 W __system_initArgv
0010b5e0 T svcControlMemory
0010b600 T svcQueryMemory
0010b630 T svcExitProcess
0010b638 T svcCreateThread
0010b658 T svcExitThread
0010b660 T svcSleepThread
0010b668 T svcReleaseMutex
0010b670 T svcCreateEvent
0010b684 T svcSignalEvent
0010b68c T svcClearEvent
0010b694 T svcMapMemoryBlock
0010b69c T svcUnmapMemoryBlock
0010b6a4 T svcCreateAddressArbiter
0010b6b8 T svcArbitrateAddressNoTimeout
0010b6c0 T svcCloseHandle
0010b6c8 T svcWaitSynchronization
0010b6d0 T svcWaitSynchronizationN
0010b6f8 T svcDuplicateHandle
0010b70c T svcGetSystemTick
0010b714 T svcConnectToPort
0010b728 T svcSendSyncRequest
0010b730 T svcGetResourceLimit
0010b744 T svcGetResourceLimitLimitValues
0010b74c T svcGetResourceLimitCurrentValues
0010b754 T svcBreak
0010b75c W initSystem
0010b7ac W __ctru_exit
0010b7c4 0000000c T __sync_init
0010b7d0 00000018 T __sync_fini
0010b7e8 0000002c T syncArbitrateAddress
0010b814 0000001c T LightLock_Init
0010b830 00000094 T LightLock_Lock
0010b8c4 00000044 T LightLock_TryLock
0010b908 00000040 T LightLock_Unlock
0010b948 00000024 T RecursiveLock_Init
0010b96c 00000030 T RecursiveLock_Lock
0010b99c 00000078 T RecursiveLock_TryLock
0010ba14 00000054 T RecursiveLock_Unlock
0010ba68 00000040 T LightEvent_Init
0010baa8 000000a4 T LightEvent_Clear
0010bb4c 000000c8 T LightEvent_Signal
0010bc14 00000058 T LightEvent_TryWait
0010bc6c 000000b0 T LightEvent_Wait
0010bd1c 00000124 T srvInit
0010be40 00000058 T srvExit
0010be98 00000080 T srvGetServiceHandleDirect
0010bf18 00000048 T srvGetServiceHandle
0010bf60 00000038 T srvPublishToSubscriber
0010bf98 00000188 T threadCreate
0010c120 0000002c T threadFree
0010c14c 00000024 T threadJoin
0010c170 00000030 T threadGetCurrent
0010c1a0 00000040 T threadExit
0010c1e0 00000044 t _thread_begin
0010c224 00000094 t mappableFindAddressWithin
0010c2b8 00000028 T mappableInit
0010c2e0 00000080 T mappableAlloc
0010c360 00000004 T mappableFree
0010c364 00000160 T irrstInit
0010c4c4 000000cc T irrstExit
0010c590 000000b0 T irrstScanInput
0010c640 00000024 T irrstKeysHeld
0010c664 0000000c T srvPmGetSessionHandle
0010c670 00000050 T rbtree_node_next
0010c6c0 00000030 W __appInit
0010c6f0 00000030 t __libctru_nanosleep
0010c720 00000030 t __libctru_get_reent
0010c750 000000f8 T __system_initSyscalls
0010c848 00000030 W __appExit
0010c878 00000090 W __libctru_exit
0010c908 00000084 W envGetHandle
0010c98c 00000050 W envDestroyHandles
0010c9dc 00000014 t archive_link
0010c9f0 00000014 t archive_dirreset
0010ca04 00000014 t archive_chmod
0010ca18 00000024 t error_cmp
0010ca3c 00000050 t archive_translate_error
0010ca8c 000000d4 t archive_seek
0010cb60 0000007c t _archiveInit.part.0
0010cbdc 0000008c t archiveFindDevice.part.0
0010cc68 00000294 t archive_utf16path
0010cefc 000000a0 t _archiveUnmountDeviceStruct.part.0
0010cf9c 00000014 t archive_fchmod
0010cfb0 00000014 t archive_statvfs
0010cfc4 00000158 t _archiveMountDevice
0010d11c 000000e8 t archive_diropen
0010d204 000000a4 t archive_fstat
0010d2a8 0000006c t archive_close
0010d314 0000006c t archive_fsync
0010d380 00000070 t archive_dirclose
0010d3f0 000000e8 t sdmc_statvfs
0010d4d8 00000080 t archive_ftruncate
0010d558 000000fc t archive_chdir
0010d654 000000b0 t archive_read
0010d704 000000ac t archive_unlink
0010d7b0 000000c8 t archive_rmdir
0010d878 000000ec t archive_mkdir
0010d964 000001a8 t archive_stat
0010db0c 00000184 t archive_rename
0010dc90 00000168 t archive_dirnext
0010ddf8 0000012c t archive_write
0010df24 000001f0 t archive_open
0010e114 000001a4 T archiveMountSdmc
0010e2b8 00000054 T archiveUnmountAll
0010e30c 000000c8 T fsInit
0010e3d4 0000003c T fsExit
0010e410 00000060 T fsExemptFromSession
0010e470 00000050 T fsUnexemptFromSession
0010e4c0 000000cc T FSUSER_OpenFile
0010e58c 000000bc T FSUSER_DeleteFile
0010e648 000000f8 T FSUSER_RenameFile
0010e740 000000bc T FSUSER_DeleteDirectory
0010e7fc 000000d4 T FSUSER_CreateFile
0010e8d0 000000c4 T FSUSER_CreateDirectory
0010e994 000000f8 T FSUSER_RenameDirectory
0010ea8c 000000b4 T FSUSER_OpenDirectory
0010eb40 00000094 T FSUSER_OpenArchive
0010ebd4 0000008c T FSUSER_CloseArchive
0010ec60 00000074 T FSUSER_GetSdmcArchiveResource
0010ecd4 00000064 T FSUSER_IsSdmcWritable
0010ed38 00000058 T FSFILE_Read
0010ed90 00000060 T FSFILE_Write
0010edf0 00000038 T FSFILE_GetSize
0010ee28 00000028 T FSFILE_SetSize
0010ee50 0000003c T FSFILE_Close
0010ee8c 00000024 T FSFILE_Flush
0010eeb0 00000050 T FSDIR_Read
0010ef00 0000003c T FSDIR_Close
0010ef3c 000000e8 T utf16_to_utf8
0010f024 00000064 T decode_utf16
0010f088 0000013c T decode_utf8
0010f1c4 000000c0 T utf8_to_utf16
0010f284 T __aeabi_read_tp
0010f290 00000060 T encode_utf16
0010f2f0 000000fc T encode_utf8
0010f3ec 00000070 T tanf
0010f45c 000002f0 T __ieee754_rem_pio2f
0010f74c 00000868 T __kernel_rem_pio2f
0010ffb4 00000208 T __kernel_tanf
001101bc 00000010 T fabsf
001101cc 000000b4 T floorf
00110280 00000154 T scalbnf
001103d4 00000120 T __udivmoddi4
001104f4 00000078 T bsearch
0011056c 00000028 T calloc
00110594 00000094 T _calloc_r
00110628 0000000c T __errno
00110634 00000034 T exit
00110668 0000003c T __libc_fini_array
001106a4 0000007c T __libc_init_array
00110720 00000028 T memalign
00110748 00000148 T _memalign_r
00110890 00000020 T malloc
001108b0 00000020 T free
001108d0 000007f0 T _malloc_r
001110c0 000000e0 T memchr
001111a0 0000011c T memcpy
001112bc 00000118 T memset
001113d4 0000000c T __malloc_lock
001113e0 0000000c T __malloc_unlock
001113ec 00000034 T printf
00111420 00000260 T setvbuf
00111680 00000074 T sscanf
001116f4 00000044 T __sread
00111738 00000008 T __seofread
00111740 00000068 T __swrite
001117a8 00000048 T __sseek
001117f0 00000008 T __sclose
001117f8 0000005c T strlen
00111854 000000ec T strncat
00111940 000000dc T strncmp
00111a1c 000000c0 T strncpy
00111adc 00000048 T strnlen
00111b24 00000050 t get_arg
00111b74 00002b68 T __ssvfscanf_r
001146dc 0000064c t get_arg
00114d28 00000034 T __sprint_r
00114d5c 00002584 T _vfiprintf_r
001172e0 000000d4 t __sbprintf
001173b4 0000064c t get_arg
00117a00 000038d4 T _vfprintf_r
0011b2d4 000000d4 t __sbprintf
0011b3a8 00000054 T _wcrtomb_r
0011b3fc 00000028 T _wcsrtombs_r
0011b424 00000154 T __swsetup_r
0011b578 00000114 T __call_exitprocs
0011b68c 000001a8 t quorem
0011b838 000012ec T _dtoa_r
0011cb24 00000258 T __sflush_r
0011cd7c 00000094 T _fflush_r
0011ce10 0000000c T _cleanup_r
0011ce1c 00000184 T __sinit
0011cfa0 0000000c T __sfp_lock_acquire
0011cfac 0000000c T __sfp_lock_release
0011cfb8 000000f8 T _malloc_trim_r
0011d0b0 000002e4 T _free_r
0011d394 000004a4 T __sfvwrite_r
0011d838 00000070 T _fwalk_reent
0011d8a8 00000008 T iswspace
0011d8b0 0000000c T _localeconv_r
0011d8bc 00000010 T __locale_mb_cur_max
0011d8cc 00000138 T __smakebuf_r
0011da04 00000094 T __swhatbuf_r
0011da98 00000068 T _mbrtowc_r
0011db00 000002fc T __utf8_mbtowc
0011ddfc 00000154 T memmove
0011df50 00000088 T _Balloc
0011dfd8 0000001c T _Bfree
0011dff4 000000f4 T __multadd
0011e0e8 00000110 T __s2b
0011e1f8 00000058 T __hi0bits
0011e250 0000009c T __lo0bits
0011e2ec 000000a4 T __i2b
0011e390 00000204 T __multiply
0011e594 00000120 T __pow5mult
0011e6b4 0000013c T __lshift
0011e7f0 00000058 T __mcmp
0011e848 000001cc T __mdiff
0011ea14 00000088 T __ulp
0011ea9c 000000d4 T __b2d
0011eb70 0000012c T __d2b
0011ec9c 00000078 T __ratio
0011ed14 00000088 T __copybits
0011ed9c 0000005c T __any_on
0011edf8 00000028 T realloc
0011ee20 00000598 T _realloc_r
0011f3b8 000000e4 T __sccl
0011f49c 0000000c T nanf
0011f4a8 000000a8 T frexp
0011f550 00000064 T sprintf
0011f5b4 000000b8 T stpncpy
0011f66c 00000144 T strchr
0011f7b0 0000130c T _strtod_l
00120abc 0000000c T _strtod_r
00120ac8 0000022c t _strtoll_l.constprop.0
00120cf4 00000004 T _strtoll_r
00120cf8 000001b0 t _strtol_l.part.0
00120ea8 0000003c T _strtol_r
00120ee4 00000244 t _strtoull_l.constprop.0
00121128 00000004 T _strtoull_r
0012112c 000001c8 t _strtoul_l.constprop.0
001212f4 00000004 T _strtoul_r
001212f8 00000188 T __ssprint_r
00121480 000000e0 T _sungetc_r
00121560 0000006c T __ssrefill_r
001215cc 000000c8 T _sfread_r
00121694 0000064c t get_arg
00121ce0 00003808 T _svfprintf_r
001254e8 000000a8 T __submore
00125590 00000190 T _wcsnrtombs_l
00125720 0000004c T _wcsnrtombs_r
0012576c 000000f0 T __utf8_wctomb
0012585c 0000005c T __assert_func
001258b8 00000160 T _fclose_r
00125a18 0000003c T fiprintf
00125a54 000000ec t rshift
00125b40 00000928 T __gethex
00126468 0000004c T __match
001264b4 0000029c T __hexnan
00126750 0000003c T iswspace_l
0012678c 000001d4 t __jp2uc
00126960 0000009c T _jp2uc_l
00126a00 00000010 T nan
00126a10 00000014 T abort
00126a24 00000084 T category
00126aa8 00000098 T _raise_r
00126b40 00000020 T raise
00126b60 00000008 t null_write
00126b68 00000018 T setDefaultDevice
00126b80 000000c8 T FindDevice
00126c48 00000028 T RemoveDevice
00126c70 0000009c T AddDevice
00126d0c 00000020 T GetDeviceOpTab
00126d2c 00000078 T _fstat_r
00126da4 00000014 T _getpid_r
00126db8 00000008 T _isatty_r
00126dc0 00000014 T _kill_r
00126dd4 00000084 T _lseek_r
00126e58 00000080 T _read_r
00126ed8 00000078 T _sbrk_r
00126f50 00000080 T _write_r
00126fd0 00000024 T _exit
00126ff4 000001b8 T _concatenate_path
001271ac 00000160 T chdir
0012730c 00000008 T __flockfile
00127314 00000008 T __funlockfile
0012731c 00000018 T __libc_lock_acquire
00127334 00000018 T __libc_lock_release
0012734c 00000018 T __libc_lock_init_recursive
00127364 00000018 T __libc_lock_acquire_recursive
0012737c 00000018 T __libc_lock_release_recursive
00127394 00000018 T __libc_lock_close_recursive
001273ac 0000003c T __get_handle
001273e8 000000f4 T _close_r
001274dc 00000028 T __getreent
00127504 00000038 T __aeabi_d2lz
00127504 00000038 T __fixdfdi
00127540 00000040 T __aeabi_d2ulz
00127540 00000040 T __fixunsdfdi
00127580 00000044 T strrchr
001275c4 T _fini
00128000 000000a0 r point_list
001280b4 R particle_shbin
00128600 R particle_shbin_end
00128600 R particle_shbin_size
00128728 00000005 r colorFmtSizes
00128730 00000004 r depthFmtSizes
00128734 00000010 r CSWTCH.9
001287a8 00000030 r colorTable
001287d8 00000070 r dotab_stdout
0012886c 00000008 r morton_x.3
00128874 00000008 r morton_y.2
0012887c 00000008 r s_sleepWakeEvents.4
001288a8 R default_font_bin
001290a8 R default_font_bin_end
001290d4 00000070 r archive_devoptab
00129144 00000030 r error_table
0012917c 00000080 r npio2_hw
001291fc 00000318 r two_over_pi
00129514 0000002c r PIo2
00129540 0000000c r init_jk
0012954c 00000004 R _global_impure_ptr
00129558 00000022 r basefix.0
001295a4 00000010 r blanks.1
001295b4 00000010 r zeroes.0
001295d8 00000010 r blanks.1
001295e8 00000010 r zeroes.0
001295f8 00000101 R _ctype_
0012970c r .LC2
001297f0 00000028 R __mprec_bigtens
00129818 000000c8 R __mprec_tens
001298e0 0000000c r p05.0
001298fc 00000014 r fpi.1
00129910 00000014 r fpinan.0
00129928 00000028 r tinytens
00129950 0000006c R __action_table
001299bc 00000100 R __chclass
00129abc 0000006c R __state_table
00129b28 00000010 r blanks.1
00129b38 00000010 r zeroes.0
00129bd0 00000100 R __hexdig
00129ce4 000000bc r a1
00129da0 000000bc r a2
00129e5c 0000005b r a3
00129eb8 00000070 r a6
00129f28 000000a2 r a7
00129fcc 00000040 r a8
0012a00c 0000172a r b02cf
0012b738 00001a7c r d02f4
0012d1b4 0000000c R _C_numeric_locale
0012d1c0 000031e6 r categories
001303a8 00000070 R dotab_stdnull
00130418 r 
00130418 R __exidx_end
00130418 R __exidx_start
00131000 00000001 d multiplyW
00131001 00000001 d randSphere
00131002 00000001 d additiveBlend
00131004 00000004 d framerate
00131008 00000008 d framerateCounter
00131010 00000004 D currentConsole
00131014 0000004c D defaultConsole
00131060 00000001 d firstConsoleInit.0
00131064 00000004 d queueLock
00131068 00000004 d kCount
0013106c 00000004 d kDelay
00131070 00000004 d kInterval
00131074 W __stacksize__
00131078 00000004 D _impure_ptr
00131080 00000460 d impure_data
001314e0 00000408 D __malloc_av_
001318e8 00000004 D __malloc_sbrk_base
001318ec 00000004 D __malloc_trim_threshold
001318f0 0000000c d __malloc_recursive_mutex
001318fc 0000000c D __atexit_recursive_mutex
00131908 0000000c d __sfp_recursive_mutex
00131914 0000000c d __sinit_recursive_mutex
00131920 0000016c D __global_locale
00131a8c 00000002 d numempty
00131a90 00000004 d defaultDevice
00131a94 0000008c D devoptab_list
00131b20 00000400 d _current_working_directory
00131f20 00000004 d __hndl_lock
00131f24 0000000c d __stderr_handle
00131f30 0000000c d __stdin_handle
00131f3c 0000000c d __stdout_handle
00131f48 00001000 d handles
00132f50 d _GLOBAL_OFFSET_TABLE_
00132f5c d __frame_dummy_init_array_entry
00132f5c D __init_array_start
00132f5c B __preinit_array_end
00132f5c B __preinit_array_start
00132f5c D __tdata_lma
00132f5c D __tdata_lma_end
00132f60 d __do_global_dtors_aux_fini_array_entry
00132f60 D __fini_array_start
00132f60 D __init_array_end
00132f64 D __bss_start__
00132f64 D __fini_array_end
00132f64 00000018 b pt
00132f7c 00000200 b pt_map
0013317c 00000200 b pt_noise
0013337c 00000800 b pt_clr
00133b7c 00000040 b projection
00133bbc 00000040 b modelView
00133bfc 00000004 b uLoc_projection
00133c00 00000004 b uLoc_modelView
00133c04 00000004 b uLoc_gsh_param
00133c08 00000004 b curTime
00133c0c 00000004 b uLoc_gsh_randParam
00133c10 00000004 b uLoc_gsh_randSeed
00133c14 00000004 b uLoc_gsh_uvCoords
00133c18 00000004 b uLoc_gsh_multiplyW
00133c1c 00000004 b uLoc_gsh_randSphere
00133c20 00000001 b noRespawn
00133c24 00000004 b uLoc_gsh_noRespawn
00133c28 00000004 b ibo_data
00133c2c 00000004 b particle_dvlb
00133c30 00000014 b program
00133c44 00000004 b vbo_data
00133c48 b completed.1
00133c4c b object.0
00133c68 000002d0 B __C3D_Context
00133f38 0000000c b hookCookie
00133f48 00000010 b cpuTime
00133f58 00000004 b firstTarget
00133f5c 00000008 b frameCounter
00133f64 00000004 b frameEndCb
00133f68 00000004 b frameEndCbData
00133f70 00000010 b gpuTime
00133f80 00000001 b inFrame
00133f81 00000001 b inSafeTransfer
00133f82 00000001 b isTopStereo
00133f84 00000004 b lastTarget
00133f88 0000000c b linkedTarget
00133f94 00000001 b measureGpuTime
00133f95 00000001 b needSwapBot
00133f96 00000001 b needSwapTop
00133f98 00000004 B C3D_BoolUnifs
00133f9c 00000002 B C3D_BoolUnifsDirty
00133fa0 00000c00 B C3D_FVUnif
00134ba0 000000c0 B C3D_FVUnifDirty
00134c60 00000020 B C3D_IVUnif
00134c80 00000008 B C3D_IVUnifDirty
00134c88 000000c0 b C3Di_FVUnifEverDirty
00134d48 00000008 b C3Di_IVUnifEverDirty
00134d50 00000018 b C3Di_ShaderFVecData
00134d68 0000000c b sAddrMap
00134d74 00000008 b sVramPool
00134d7c 00000008 b sLinearPool
00134d84 0000000c b sAddrMap
00134d90 00000001 V __ctru_speedup
00134d94 0000004c B currentCopy
00134de0 00000004 b gfxBottomFramebufferMaxSize
00134de4 00000008 b gfxBottomFramebuffers
00134dec 00000002 b gfxCurBuf
00134df0 00000002 b gfxFramebufferFormats
00134df4 00000002 b gfxIsDoubleBuf
00134df6 00000001 b gfxIsVram
00134df8 00000004 b gfxTopFramebufferMaxSize
00134dfc 00000008 b gfxTopFramebuffers
00134e04 00000001 b gfxTopMode
00134e08 00000004 b screenAlloc
00134e0c 00000004 b screenFree
00134e10 00000004 b boundQueue
00134e14 00000004 b curQueue
00134e18 00000001 b isActive
00134e19 00000001 b isRunning
00134e1a 00000001 b shouldStop
00134e1c 00000004 B gpuCmdBuf
00134e20 00000004 B gpuCmdBufOffset
00134e24 00000004 B gpuCmdBufSize
00134e28 00000004 b gspEvent
00134e2c 0000001c b gspEventCb
00134e48 0000001c b gspEventCbData
00134e64 00000007 b gspEventCbOneShot
00134e6c 00000004 b gspEventThread
00134e70 00000038 b gspEvents
00134ea8 00000004 b gspGpuHandle
00134eac 00000001 b gspGpuRight
00134eb0 00000004 b gspLastEvent
00134eb4 00000004 b gspRefCount
00134eb8 00000001 b gspRunEvents
00134ebc 00000004 b gspSharedMem
00134ec0 00000004 b gspSharedMemHandle
00134ec4 00000001 b gspThreadId
00134ec5 00000001 b aptChainloadFlags
00134ec6 00000001 b aptChainloadMediatype
00134ec8 00000008 b aptChainloadTid
00134ed0 00000004 b aptEventHandlerThread
00134ed4 00000001 b aptEventHandlerThreadQuit
00134ed8 00000008 b aptEvents
00134ee0 0000000c b aptFirstHook
00134eec 00000004 b aptFlags
00134ef0 00000001 b aptHomeButtonState
00134ef4 00000004 b aptLockHandle
00134ef8 00000004 b aptMessageFunc
00134efc 00000004 b aptMessageFuncData
00134f00 00001000 b aptParameters
00135f00 00000008 b aptReceiveEvent
00135f08 00000004 b aptRefCount
00135f0c 00000008 b aptSleepEvent
00135f14 00000001 b flagInit.1
00135f15 00000001 b flagValue.0
00135f18 00000004 b serviceName.6
00135f1c 00000006 b aVec
00135f24 00000004 b cPos
00135f28 00000006 b gRate
00135f30 00000014 B hidEvents
00135f44 00000004 B hidHandle
00135f48 00000004 B hidMemHandle
00135f4c 00000004 b hidRefCount
00135f50 00000004 B hidSharedMem
00135f54 00000004 b kDown
00135f58 00000004 b kHeld
00135f5c 00000004 b kOld
00135f60 00000004 b kRepeat
00135f64 00000004 b kUp
00135f68 00000004 b tPos
00135f6c 00000001 b usingIrrst
00135f70 00000004 b ptmSysmHandle
00135f74 00000004 b ptmSysmRefCount
00135f78 00000004 B __ctru_heap
00135f7c 00000004 V __ctru_heap_size
00135f80 00000004 B __ctru_linear_heap
00135f84 00000004 V __ctru_linear_heap_size
00135f88 00000004 B __system_retAddr
00135f8c 00000004 B __system_argc
00135f90 00000004 B __system_argv
00135f94 b saved_stack
00135f9c 00000004 b arbiter
00135fa0 00000004 b srvHandle
00135fa4 00000004 b srvRefCount
00135fa8 00000004 b currentAddr
00135fac 00000004 b maxAddr
00135fb0 00000004 b minAddr
00135fb4 00000004 b csPos
00135fb8 00000004 B irrstEvent
00135fbc 00000004 B irrstHandle
00135fc0 00000004 B irrstMemHandle
00135fc4 00000004 b irrstRefCount
00135fc8 00000004 B irrstSharedMem
00135fcc 00000004 b kHeld
00135fd0 00000004 b srvPmHandle
00135fd4 00000004 b archive_device_cwd
00135fd8 00000540 b archive_devices
00136518 00000001 b archive_initialized
00136520 00000080 b fsExemptArchives
001365a0 00000004 b fsuHandle
001365a4 00000004 b fsuRefCount
001365a8 00000028 B __malloc_current_mallinfo
001365d0 00000004 B __malloc_max_sbrked_mem
001365d4 00000004 B __malloc_max_total_mem
001365d8 00000004 B __malloc_top_pad
001365dc 00000004 b heap_start.0
001365e0 00000004 B fake_heap_end
001365e4 00000004 B fake_heap_start
001365e8 00000400 b temp_cwd
001369e8 00000048 B __syscalls
00136a30 B __tls_start
00137638 B __bss_end__
00137638 A __end__
00137638 B __tls_end
