         w __deregister_frame_info
         w __register_frame_info
         w userAppExit
         w userAppInit
00000000 00000401 B __ctru_dev_path_buf
00000000 b _TLS_MODULE_BASE_
00000000 a shift
00000000 a shift
00000404 00000802 B __ctru_dev_utf16_buf
00100000 A __start__
00100000 T _start
00100008 T __service_ptr
0010000c T __apt_appid
00100010 T __heap_size
00100014 T __linear_heap_size
00100018 T __system_arglist
0010001c T __system_runflags
00100020 t startup
00100058 t ClearMem
0010006c t ClrLoop
00100094 T _init
001000ac T __aeabi_idiv
001000ac 00000220 T __divsi3
001000b4 t .divsi3_skip_div0_test
001002cc 00000020 T __aeabi_idivmod
001002ec 00000004 W __aeabi_idiv0
001002ec 00000004 W __aeabi_ldiv0
001002f0 T __aeabi_ldivmod
001003c4 T __aeabi_uldivmod
00100408 00000390 T strcmp
00100790 t .udivsi3_skip_div0_test
00100790 T __aeabi_uidiv
00100790 000001ec T __udivsi3
0010097c 00000020 T __aeabi_uidivmod
0010099c T __aeabi_drsub
001009a4 000002b0 T __aeabi_dsub
001009a4 000002b0 T __subdf3
001009a8 000002ac T __adddf3
001009a8 000002ac T __aeabi_dadd
00100c54 00000024 T __aeabi_ui2d
00100c54 00000024 T __floatunsidf
00100c78 00000028 T __aeabi_i2d
00100c78 00000028 T __floatsidf
00100ca0 00000048 T __aeabi_f2d
00100ca0 00000048 T __extendsfdf2
00100ce8 00000074 T __aeabi_ul2d
00100ce8 00000074 T __floatundidf
00100cfc 00000060 T __aeabi_l2d
00100cfc 00000060 T __floatdidf
00100d5c t __do_global_dtors_aux
00100d9c t frame_dummy
00100dc8 000000b0 T main
00100e78 00000178 T consoleDrawChar
00100ff0 00000124 T consolePrintChar
00101114 00000a00 T con_write
00101b14 00000168 T consoleInit
00101c7c 000000f4 t newRow
00101d70 000000d0 t gfxPresentFramebuffer
00101e40 0000001c T gfxSetWide
00101e5c 0000001c T gfxIsWide
00101e78 000000ec T gfxSetScreenFormat
00101f64 00000010 T gfxSetDoubleBuffering
00101f74 00000108 T gfxInit
0010207c 00000010 T gfxInitDefault
0010208c 000000b4 T gfxExit
00102140 000000a0 T gfxGetFramebuffer
001021e0 0000010c T gfxFlushBuffers
001022ec 00000050 T gfxSwapBuffers
0010233c 00000050 T gfxSwapBuffersGpu
0010238c 00000c58 t gspHardwareInit
00102fe4 00000254 T gspInit
00103238 000000f0 T gspExit
00103328 00000010 T gspHasGpuRight
00103338 00000098 T gspPresentBuffer
001033d0 00000050 T gspWaitForEvent
00103420 00000004 W gxCmdQueueInterrupt
00103424 00000160 t gspEventThreadMain
00103584 00000050 T GSPGPU_FlushDataCache
001035d4 00000034 T GSPGPU_SetLcdForceBlack
00103608 00000068 T GSPGPU_AcquireRight
00103670 00000048 T GSPGPU_ReleaseRight
001036b8 0000007c T GSPGPU_ImportDisplayCaptureInfo
00103734 0000002c T GSPGPU_SaveVramSysArea
00103760 0000002c T GSPGPU_RestoreVramSysArea
0010378c 000001b0 t aptConvertScreenForCapture
0010393c 00000008 W aptDspSleep
00103944 00000004 W aptDspWakeup
00103948 00000004 W aptDspCancel
0010394c 0000015c T aptSendCommand
00103aa8 00000038 t aptExitProcess
00103ae0 000002f0 T aptExit
00103dd0 000000d8 T aptHandleSleep
00103ea8 00000084 T APT_SleepIfShellClosed
00103f2c 00000084 T aptSetSleepAllowed
00103fb0 00000084 T APT_UnlockTransition
00104038 00000484 t aptEventHandler
001044bc 000000b0 T APT_ReceiveParameter
0010456c 000000b0 t aptReceiveParameter.constprop.0
00104620 000002bc t aptScreenTransfer
001048dc 000002d0 t aptWaitForWakeUp.isra.0
00104bac 000000f8 T aptJumpToHomeMenu
00104ca4 0000004c T aptMainLoop
00104cf0 00000234 T aptInit
00104f24 0000007c T APT_CheckNew3DS
00104fa0 00000024 W hidShouldUseIrrst
00104fc4 0000018c T hidInit
00105150 000000e8 T hidExit
00105238 00000294 T hidScanInput
001054cc 00000010 T hidKeysDown
001054dc 00000038 W __libctru_init
00105514 000000f0 W __system_initArgv
00105604 T svcControlMemory
00105624 T svcQueryMemory
00105654 T svcExitProcess
0010565c T svcCreateThread
0010567c T svcExitThread
00105684 T svcSleepThread
0010568c T svcReleaseMutex
00105694 T svcCreateEvent
001056a8 T svcSignalEvent
001056b0 T svcClearEvent
001056b8 T svcMapMemoryBlock
001056c0 T svcUnmapMemoryBlock
001056c8 T svcCreateAddressArbiter
001056dc T svcArbitrateAddressNoTimeout
001056e4 T svcCloseHandle
001056ec T svcWaitSynchronization
001056f4 T svcWaitSynchronizationN
0010571c T svcDuplicateHandle
00105730 T svcGetSystemTick
00105738 T svcConnectToPort
0010574c T svcSendSyncRequest
00105754 T svcGetResourceLimit
00105768 T svcGetResourceLimitLimitValues
00105770 T svcGetResourceLimitCurrentValues
00105778 T svcBreak
00105780 W initSystem
001057d0 W __ctru_exit
001057e8 00000024 t addrMapNodeComparator(rbtree_node const*, rbtree_node const*)
0010580c 00000004 t addrMapNodeDestructor(rbtree_node*)
00105810 00000114 T vramMemAlign
00105924 00000008 T vramAlloc
0010592c 0000005c T vramFree
00105988 00000024 t addrMapNodeComparator(rbtree_node const*, rbtree_node const*)
001059ac 00000004 t addrMapNodeDestructor(rbtree_node*)
001059b0 00000120 T linearMemAlign
00105ad0 00000008 T linearAlloc
00105ad8 0000005c T linearFree
00105b34 00000084 T MemPool::CoalesceRight(MemBlock*)
00105bb8 00000170 T MemPool::Allocate(MemChunk&, unsigned long, int)
00105d28 000000fc T MemPool::Deallocate(MemChunk const&)
00105e24 0000000c T __sync_init
00105e30 00000018 T __sync_fini
00105e48 0000002c T syncArbitrateAddress
00105e74 0000001c T LightLock_Init
00105e90 00000094 T LightLock_Lock
00105f24 00000044 T LightLock_TryLock
00105f68 00000040 T LightLock_Unlock
00105fa8 00000024 T RecursiveLock_Init
00105fcc 00000030 T RecursiveLock_Lock
00105ffc 00000078 T RecursiveLock_TryLock
00106074 00000054 T RecursiveLock_Unlock
001060c8 00000040 T LightEvent_Init
00106108 000000a4 T LightEvent_Clear
001061ac 000000c8 T LightEvent_Signal
00106274 00000058 T LightEvent_TryWait
001062cc 000000b0 T LightEvent_Wait
0010637c 00000054 T osGetTimeRef
001063d0 000000e4 T osGetTime
001064b4 00000074 T __libctru_gtod
00106528 00000034 T __ctru_speedup_config
0010655c 00000124 T srvInit
00106680 00000058 T srvExit
001066d8 00000080 T srvGetServiceHandleDirect
00106758 00000048 T srvGetServiceHandle
001067a0 00000038 T srvPublishToSubscriber
001067d8 00000188 T threadCreate
00106960 0000002c T threadFree
0010698c 00000024 T threadJoin
001069b0 00000030 T threadGetCurrent
001069e0 00000040 T threadExit
00106a20 00000044 t _thread_begin
00106a64 00000094 t mappableFindAddressWithin
00106af8 00000028 T mappableInit
00106b20 00000080 T mappableAlloc
00106ba0 00000004 T mappableFree
00106ba4 00000160 T irrstInit
00106d04 000000cc T irrstExit
00106dd0 000000b0 T irrstScanInput
00106e80 00000024 T irrstKeysHeld
00106ea4 0000000c T srvPmGetSessionHandle
00106eb0 00000074 T ptmSysmInit
00106f24 0000003c T ptmSysmExit
00106f60 00000034 T PTMSYSM_ConfigureNew3DSCPU
00106f94 00000010 T rbtree_init
00106fa4 000001a0 t do_insert
00107144 00000008 T rbtree_insert
0010714c 00000090 T rbtree_rotate
001071dc 00000338 T rbtree_remove
00107514 00000074 T rbtree_find
00107588 00000030 W __appInit
001075b8 00000030 t __libctru_nanosleep
001075e8 00000030 t __libctru_get_reent
00107618 000000f8 T __system_initSyscalls
00107710 000001e0 W __system_allocateHeaps
001078f0 00000030 W __appExit
00107920 00000090 W __libctru_exit
001079b0 00000084 W envGetHandle
00107a34 00000050 W envDestroyHandles
00107a84 00000014 t archive_link
00107a98 00000014 t archive_dirreset
00107aac 00000014 t archive_chmod
00107ac0 00000024 t error_cmp
00107ae4 00000050 t archive_translate_error
00107b34 000000d4 t archive_seek
00107c08 0000007c t _archiveInit.part.0
00107c84 0000008c t archiveFindDevice.part.0
00107d10 00000294 t archive_utf16path
00107fa4 000000a0 t _archiveUnmountDeviceStruct.part.0
00108044 00000014 t archive_fchmod
00108058 00000014 t archive_statvfs
0010806c 00000158 t _archiveMountDevice
001081c4 000000e8 t archive_diropen
001082ac 000000a4 t archive_fstat
00108350 0000006c t archive_close
001083bc 0000006c t archive_fsync
00108428 00000070 t archive_dirclose
00108498 000000e8 t sdmc_statvfs
00108580 00000080 t archive_ftruncate
00108600 000000fc t archive_chdir
001086fc 000000b0 t archive_read
001087ac 000000ac t archive_unlink
00108858 000000c8 t archive_rmdir
00108920 000000ec t archive_mkdir
00108a0c 000001a8 t archive_stat
00108bb4 00000184 t archive_rename
00108d38 00000168 t archive_dirnext
00108ea0 0000012c t archive_write
00108fcc 000001f0 t archive_open
001091bc 000001a4 T archiveMountSdmc
00109360 00000054 T archiveUnmountAll
001093b4 000000c8 T fsInit
0010947c 0000003c T fsExit
001094b8 00000060 T fsExemptFromSession
00109518 00000050 T fsUnexemptFromSession
00109568 000000cc T FSUSER_OpenFile
00109634 000000bc T FSUSER_DeleteFile
001096f0 000000f8 T FSUSER_RenameFile
001097e8 000000bc T FSUSER_DeleteDirectory
001098a4 000000d4 T FSUSER_CreateFile
00109978 000000c4 T FSUSER_CreateDirectory
00109a3c 000000f8 T FSUSER_RenameDirectory
00109b34 000000b4 T FSUSER_OpenDirectory
00109be8 00000094 T FSUSER_OpenArchive
00109c7c 0000008c T FSUSER_CloseArchive
00109d08 00000074 T FSUSER_GetSdmcArchiveResource
00109d7c 00000064 T FSUSER_IsSdmcWritable
00109de0 00000058 T FSFILE_Read
00109e38 00000060 T FSFILE_Write
00109e98 00000038 T FSFILE_GetSize
00109ed0 00000028 T FSFILE_SetSize
00109ef8 0000003c T FSFILE_Close
00109f34 00000024 T FSFILE_Flush
00109f58 00000050 T FSDIR_Read
00109fa8 0000003c T FSDIR_Close
00109fe4 00000050 T rbtree_node_next
0010a034 000000e8 T utf16_to_utf8
0010a11c 00000064 T decode_utf16
0010a180 0000013c T decode_utf8
0010a2bc 000000c0 T utf8_to_utf16
0010a37c T __aeabi_read_tp
0010a388 00000060 T encode_utf16
0010a3e8 000000fc T encode_utf8
0010a4e4 00000120 T __udivmoddi4
0010a604 00000078 T bsearch
0010a67c 0000000c T __errno
0010a688 00000034 T exit
0010a6bc 0000003c T __libc_fini_array
0010a6f8 0000007c T __libc_init_array
0010a774 00000028 T memalign
0010a79c 00000148 T _memalign_r
0010a8e4 00000020 T malloc
0010a904 00000020 T free
0010a924 000007f0 T _malloc_r
0010b114 000000e0 T memchr
0010b1f4 0000011c T memcpy
0010b310 00000118 T memset
0010b428 0000000c T __malloc_lock
0010b434 0000000c T __malloc_unlock
0010b440 00000034 T printf
0010b474 000000e0 T _puts_r
0010b554 00000020 T puts
0010b574 00000260 T setvbuf
0010b7d4 00000074 T sscanf
0010b848 00000044 T __sread
0010b88c 00000008 T __seofread
0010b894 00000068 T __swrite
0010b8fc 00000048 T __sseek
0010b944 00000008 T __sclose
0010b94c 0000005c T strlen
0010b9a8 000000ec T strncat
0010ba94 000000dc T strncmp
0010bb70 000000c0 T strncpy
0010bc30 00000048 T strnlen
0010bc78 00000050 t get_arg
0010bcc8 00002b68 T __ssvfscanf_r
0010e830 0000064c t get_arg
0010ee7c 00000034 T __sprint_r
0010eeb0 00002584 T _vfiprintf_r
00111434 000000d4 t __sbprintf
00111508 0000064c t get_arg
00111b58 000038d4 T _vfprintf_r
0011542c 000000d4 t __sbprintf
00115500 00000054 T _wcrtomb_r
00115554 00000028 T _wcsrtombs_r
0011557c 00000154 T __swsetup_r
001156d0 00000114 T __call_exitprocs
001157e4 000001a8 t quorem
00115990 000012ec T _dtoa_r
00116c7c 00000258 T __sflush_r
00116ed4 00000094 T _fflush_r
00116f68 0000000c T _cleanup_r
00116f74 00000184 T __sinit
001170f8 0000000c T __sfp_lock_acquire
00117104 0000000c T __sfp_lock_release
00117110 000000f8 T _malloc_trim_r
00117208 000002e4 T _free_r
001174ec 000004a4 T __sfvwrite_r
00117990 00000070 T _fwalk_reent
00117a00 00000008 T iswspace
00117a08 0000000c T _localeconv_r
00117a14 00000010 T __locale_mb_cur_max
00117a24 00000138 T __smakebuf_r
00117b5c 00000094 T __swhatbuf_r
00117bf0 00000068 T _mbrtowc_r
00117c58 000002fc T __utf8_mbtowc
00117f54 00000154 T memmove
001180a8 00000088 T _Balloc
00118130 0000001c T _Bfree
0011814c 000000f4 T __multadd
00118240 00000110 T __s2b
00118350 00000058 T __hi0bits
001183a8 0000009c T __lo0bits
00118444 000000a4 T __i2b
001184e8 00000204 T __multiply
001186ec 00000120 T __pow5mult
0011880c 0000013c T __lshift
00118948 00000058 T __mcmp
001189a0 000001cc T __mdiff
00118b6c 00000088 T __ulp
00118bf4 000000d4 T __b2d
00118cc8 0000012c T __d2b
00118df4 00000078 T __ratio
00118e6c 00000088 T __copybits
00118ef4 0000005c T __any_on
00118f50 00000028 T realloc
00118f78 00000598 T _realloc_r
00119510 000000e4 T __sccl
001195f4 0000000c T nanf
00119600 000000a8 T frexp
001196a8 00000064 T sprintf
0011970c 000000b8 T stpncpy
001197c4 00000144 T strchr
00119908 0000130c T _strtod_l
0011ac14 0000000c T _strtod_r
0011ac20 0000022c t _strtoll_l.constprop.0
0011ae4c 00000004 T _strtoll_r
0011ae50 000001b0 t _strtol_l.part.0
0011b000 0000003c T _strtol_r
0011b03c 00000244 t _strtoull_l.constprop.0
0011b280 00000004 T _strtoull_r
0011b284 000001c8 t _strtoul_l.constprop.0
0011b44c 00000004 T _strtoul_r
0011b450 00000188 T __ssprint_r
0011b5d8 000000e0 T _sungetc_r
0011b6b8 0000006c T __ssrefill_r
0011b724 000000c8 T _sfread_r
0011b7ec 0000064c t get_arg
0011be38 00003808 T _svfprintf_r
0011f640 000000a8 T __submore
0011f6e8 00000190 T _wcsnrtombs_l
0011f878 0000004c T _wcsnrtombs_r
0011f8c4 000000f0 T __utf8_wctomb
0011f9b4 0000005c T __assert_func
0011fa10 00000094 T _calloc_r
0011faa4 00000160 T _fclose_r
0011fc04 0000003c T fiprintf
0011fc40 000000ec t rshift
0011fd2c 00000928 T __gethex
00120654 0000004c T __match
001206a0 0000029c T __hexnan
0012093c 0000003c T iswspace_l
00120978 000001d4 t __jp2uc
00120b4c 0000009c T _jp2uc_l
00120be8 00000010 T nan
00120bf8 00000014 T abort
00120c0c 00000084 T category
00120c90 00000098 T _raise_r
00120d28 00000020 T raise
00120d48 00000008 t null_write
00120d50 00000018 T setDefaultDevice
00120d68 000000c8 T FindDevice
00120e30 00000028 T RemoveDevice
00120e58 0000009c T AddDevice
00120ef4 00000020 T GetDeviceOpTab
00120f14 00000078 T _fstat_r
00120f8c 00000014 T _getpid_r
00120fa0 00000008 T _isatty_r
00120fa8 00000014 T _kill_r
00120fbc 00000084 T _lseek_r
00121040 00000080 T _read_r
001210c0 00000078 T _sbrk_r
00121138 00000080 T _write_r
001211b8 00000024 T _exit
001211dc 000001b8 T _concatenate_path
00121394 00000160 T chdir
001214f4 00000008 T __flockfile
001214fc 00000008 T __funlockfile
00121504 00000018 T __libc_lock_acquire
0012151c 00000018 T __libc_lock_release
00121534 00000018 T __libc_lock_init_recursive
0012154c 00000018 T __libc_lock_acquire_recursive
00121564 00000018 T __libc_lock_release_recursive
0012157c 00000018 T __libc_lock_close_recursive
00121594 0000003c T __get_handle
001215d0 000000f4 T _close_r
001216c4 00000028 T __getreent
001216ec 00000038 T __aeabi_d2lz
001216ec 00000038 T __fixdfdi
00121728 00000040 T __aeabi_d2ulz
00121728 00000040 T __fixunsdfdi
00121768 00000044 T strrchr
001217ac T _fini
00122248 00000030 r colorTable
00122278 00000070 r dotab_stdout
0012230c 00000008 r morton_x.3
00122314 00000008 r morton_y.2
0012231c 00000008 r s_sleepWakeEvents.4
0012233c R default_font_bin
00122b3c R default_font_bin_end
00122b74 00000070 r archive_devoptab
00122be4 00000030 r error_table
00122c1c 00000004 R _global_impure_ptr
00122c28 00000022 r basefix.0
00122c74 00000010 r blanks.1
00122c84 00000010 r zeroes.0
00122ca8 00000010 r blanks.1
00122cb8 00000010 r zeroes.0
00122cc8 00000101 R _ctype_
00122ddc r .LC2
00122ec0 00000028 R __mprec_bigtens
00122ee8 000000c8 R __mprec_tens
00122fb0 0000000c r p05.0
00122fcc 00000014 r fpi.1
00122fe0 00000014 r fpinan.0
00122ff8 00000028 r tinytens
00123020 0000006c R __action_table
0012308c 00000100 R __chclass
0012318c 0000006c R __state_table
001231f8 00000010 r blanks.1
00123208 00000010 r zeroes.0
001232a0 00000100 R __hexdig
001233b4 000000bc r a1
00123470 000000bc r a2
0012352c 0000005b r a3
00123588 00000070 r a6
001235f8 000000a2 r a7
0012369c 00000040 r a8
001236dc 0000172a r b02cf
00124e08 00001a7c r d02f4
00126884 0000000c R _C_numeric_locale
00126890 000031e6 r categories
00129a78 00000070 R dotab_stdnull
00129ae8 r 
00129ae8 R __exidx_end
00129ae8 R __exidx_start
0012a000 00000004 D currentConsole
0012a004 0000004c D defaultConsole
0012a050 00000001 d firstConsoleInit.0
0012a054 00000004 d kCount
0012a058 00000004 d kDelay
0012a05c 00000004 d kInterval
0012a060 W __stacksize__
0012a064 00000004 D _impure_ptr
0012a068 00000460 d impure_data
0012a4c8 00000408 D __malloc_av_
0012a8d0 00000004 D __malloc_sbrk_base
0012a8d4 00000004 D __malloc_trim_threshold
0012a8d8 0000000c d __malloc_recursive_mutex
0012a8e4 0000000c D __atexit_recursive_mutex
0012a8f0 0000000c d __sfp_recursive_mutex
0012a8fc 0000000c d __sinit_recursive_mutex
0012a908 0000016c D __global_locale
0012aa74 00000002 d numempty
0012aa78 00000004 d defaultDevice
0012aa7c 0000008c D devoptab_list
0012ab08 00000400 d _current_working_directory
0012af08 00000004 d __hndl_lock
0012af0c 0000000c d __stderr_handle
0012af18 0000000c d __stdin_handle
0012af24 0000000c d __stdout_handle
0012af30 00001000 d handles
0012bf38 d _GLOBAL_OFFSET_TABLE_
0012bf44 d __frame_dummy_init_array_entry
0012bf44 D __init_array_start
0012bf44 B __preinit_array_end
0012bf44 B __preinit_array_start
0012bf44 D __tdata_lma
0012bf44 D __tdata_lma_end
0012bf48 d __do_global_dtors_aux_fini_array_entry
0012bf48 D __fini_array_start
0012bf48 D __init_array_end
0012bf4c D __bss_start__
0012bf4c D __fini_array_end
0012bf4c b completed.1
0012bf50 b object.0
0012bf68 0000004c B currentCopy
0012bfb4 00000004 b gfxBottomFramebufferMaxSize
0012bfb8 00000008 b gfxBottomFramebuffers
0012bfc0 00000002 b gfxCurBuf
0012bfc4 00000002 b gfxFramebufferFormats
0012bfc8 00000002 b gfxIsDoubleBuf
0012bfca 00000001 b gfxIsVram
0012bfcc 00000004 b gfxTopFramebufferMaxSize
0012bfd0 00000008 b gfxTopFramebuffers
0012bfd8 00000001 b gfxTopMode
0012bfdc 00000004 b screenAlloc
0012bfe0 00000004 b screenFree
0012bfe4 00000004 b gspEvent
0012bfe8 0000001c b gspEventCb
0012c004 0000001c b gspEventCbData
0012c020 00000007 b gspEventCbOneShot
0012c028 00000004 b gspEventThread
0012c02c 00000038 b gspEvents
0012c064 00000004 b gspGpuHandle
0012c068 00000001 b gspGpuRight
0012c06c 00000004 b gspLastEvent
0012c070 00000004 b gspRefCount
0012c074 00000001 b gspRunEvents
0012c078 00000004 b gspSharedMem
0012c07c 00000004 b gspSharedMemHandle
0012c080 00000001 b gspThreadId
0012c081 00000001 b aptChainloadFlags
0012c082 00000001 b aptChainloadMediatype
0012c088 00000008 b aptChainloadTid
0012c090 00000004 b aptEventHandlerThread
0012c094 00000001 b aptEventHandlerThreadQuit
0012c098 00000008 b aptEvents
0012c0a0 0000000c b aptFirstHook
0012c0ac 00000004 b aptFlags
0012c0b0 00000001 b aptHomeButtonState
0012c0b4 00000004 b aptLockHandle
0012c0b8 00000004 b aptMessageFunc
0012c0bc 00000004 b aptMessageFuncData
0012c0c0 00001000 b aptParameters
0012d0c0 00000008 b aptReceiveEvent
0012d0c8 00000004 b aptRefCount
0012d0cc 00000008 b aptSleepEvent
0012d0d4 00000001 b flagInit.1
0012d0d5 00000001 b flagValue.0
0012d0d8 00000004 b serviceName.6
0012d0dc 00000006 b aVec
0012d0e4 00000004 b cPos
0012d0e8 00000006 b gRate
0012d0f0 00000014 B hidEvents
0012d104 00000004 B hidHandle
0012d108 00000004 B hidMemHandle
0012d10c 00000004 b hidRefCount
0012d110 00000004 B hidSharedMem
0012d114 00000004 b kDown
0012d118 00000004 b kHeld
0012d11c 00000004 b kOld
0012d120 00000004 b kRepeat
0012d124 00000004 b kUp
0012d128 00000004 b tPos
0012d12c 00000001 b usingIrrst
0012d130 00000004 B __system_retAddr
0012d134 00000004 B __system_argc
0012d138 00000004 B __system_argv
0012d13c b saved_stack
0012d144 0000000c b sAddrMap
0012d150 00000008 b sVramPool
0012d158 00000008 b sLinearPool
0012d160 0000000c b sAddrMap
0012d16c 00000004 b arbiter
0012d170 00000001 V __ctru_speedup
0012d174 00000004 b srvHandle
0012d178 00000004 b srvRefCount
0012d17c 00000004 b currentAddr
0012d180 00000004 b maxAddr
0012d184 00000004 b minAddr
0012d188 00000004 b csPos
0012d18c 00000004 B irrstEvent
0012d190 00000004 B irrstHandle
0012d194 00000004 B irrstMemHandle
0012d198 00000004 b irrstRefCount
0012d19c 00000004 B irrstSharedMem
0012d1a0 00000004 b kHeld
0012d1a4 00000004 b srvPmHandle
0012d1a8 00000004 b ptmSysmHandle
0012d1ac 00000004 b ptmSysmRefCount
0012d1b0 00000004 B __ctru_heap
0012d1b4 00000004 V __ctru_heap_size
0012d1b8 00000004 B __ctru_linear_heap
0012d1bc 00000004 V __ctru_linear_heap_size
0012d1c0 00000004 b archive_device_cwd
0012d1c8 00000540 b archive_devices
0012d708 00000001 b archive_initialized
0012d710 00000080 b fsExemptArchives
0012d790 00000004 b fsuHandle
0012d794 00000004 b fsuRefCount
0012d798 00000028 B __malloc_current_mallinfo
0012d7c0 00000004 B __malloc_max_sbrked_mem
0012d7c4 00000004 B __malloc_max_total_mem
0012d7c8 00000004 B __malloc_top_pad
0012d7cc 00000004 b heap_start.0
0012d7d0 00000004 B fake_heap_end
0012d7d4 00000004 B fake_heap_start
0012d7d8 00000400 b temp_cwd
0012dbd8 00000048 B __syscalls
0012dc20 B __tls_start
0012e828 B __bss_end__
0012e828 A __end__
0012e828 B __tls_end
