         w __deregister_frame_info
         w __register_frame_info
         w userAppExit
         w userAppInit
00000000 00000401 B __ctru_dev_path_buf
00000000 b _TLS_MODULE_BASE_
00000000 a shift
00000000 a shift
00000404 00000802 B __ctru_dev_utf16_buf
00100000 A __start__
00100000 T _start
00100008 T __service_ptr
0010000c T __apt_appid
00100010 T __heap_size
00100014 T __linear_heap_size
00100018 T __system_arglist
0010001c T __system_runflags
00100020 t startup
00100058 t ClearMem
0010006c t ClrLoop
00100094 T _init
001000ac T __aeabi_idiv
001000ac 00000220 T __divsi3
001000b4 t .divsi3_skip_div0_test
001002cc 00000020 T __aeabi_idivmod
001002ec 00000004 W __aeabi_idiv0
001002ec 00000004 W __aeabi_ldiv0
001002f0 T __aeabi_ldivmod
001003c4 T __aeabi_uldivmod
00100408 00000390 T strcmp
00100790 t .udivsi3_skip_div0_test
00100790 T __aeabi_uidiv
00100790 000001ec T __udivsi3
0010097c 00000020 T __aeabi_uidivmod
0010099c T __aeabi_drsub
001009a4 000002b0 T __aeabi_dsub
001009a4 000002b0 T __subdf3
001009a8 000002ac T __adddf3
001009a8 000002ac T __aeabi_dadd
00100c54 00000024 T __aeabi_ui2d
00100c54 00000024 T __floatunsidf
00100c78 00000028 T __aeabi_i2d
00100c78 00000028 T __floatsidf
00100ca0 00000048 T __aeabi_f2d
00100ca0 00000048 T __extendsfdf2
00100ce8 00000074 T __aeabi_ul2d
00100ce8 00000074 T __floatundidf
00100cfc 00000060 T __aeabi_l2d
00100cfc 00000060 T __floatdidf
00100d5c t __do_global_dtors_aux
00100d9c t frame_dummy
00100dc8 00000090 T main
00100e58 00000178 T consoleDrawChar
00100fd0 00000124 T consolePrintChar
001010f4 00000a00 T con_write
00101af4 00000168 T consoleInit
00101c5c 000000f4 t newRow
00101d50 000000d0 t gfxPresentFramebuffer
00101e20 0000001c T gfxIsWide
00101e3c 000000ec T gfxSetScreenFormat
00101f28 00000010 T gfxSetDoubleBuffering
00101f38 00000108 T gfxInit
00102040 00000010 T gfxInitDefault
00102050 000000b4 T gfxExit
00102104 000000a0 T gfxGetFramebuffer
001021a4 0000010c T gfxFlushBuffers
001022b0 00000050 T gfxSwapBuffers
00102300 00000050 T gfxSwapBuffersGpu
00102350 000000a4 T cfguInit
001023f4 0000003c T cfguExit
00102430 00000054 T CFGU_GetSystemLanguage
00102484 00000c58 t gspHardwareInit
001030dc 00000254 T gspInit
00103330 000000f0 T gspExit
00103420 00000010 T gspHasGpuRight
00103430 00000098 T gspPresentBuffer
001034c8 00000050 T gspWaitForEvent
00103518 00000004 W gxCmdQueueInterrupt
0010351c 00000160 t gspEventThreadMain
0010367c 00000050 T GSPGPU_FlushDataCache
001036cc 00000034 T GSPGPU_SetLcdForceBlack
00103700 00000068 T GSPGPU_AcquireRight
00103768 00000048 T GSPGPU_ReleaseRight
001037b0 0000007c T GSPGPU_ImportDisplayCaptureInfo
0010382c 0000002c T GSPGPU_SaveVramSysArea
00103858 0000002c T GSPGPU_RestoreVramSysArea
00103884 000001b0 t aptConvertScreenForCapture
00103a34 00000008 W aptDspSleep
00103a3c 00000004 W aptDspWakeup
00103a40 00000004 W aptDspCancel
00103a44 0000015c T aptSendCommand
00103ba0 00000038 t aptExitProcess
00103bd8 000002f0 T aptExit
00103ec8 000000d8 T aptHandleSleep
00103fa0 00000084 T APT_SleepIfShellClosed
00104024 00000084 T aptSetSleepAllowed
001040a8 00000084 T APT_UnlockTransition
00104130 00000484 t aptEventHandler
001045b4 000000b0 T APT_ReceiveParameter
00104664 000000b0 t aptReceiveParameter.constprop.0
00104718 000002bc t aptScreenTransfer
001049d4 000002d0 t aptWaitForWakeUp.isra.0
00104ca4 000000f8 T aptJumpToHomeMenu
00104d9c 0000004c T aptMainLoop
00104de8 00000234 T aptInit
0010501c 0000007c T APT_CheckNew3DS
00105098 00000024 W hidShouldUseIrrst
001050bc 0000018c T hidInit
00105248 000000e8 T hidExit
00105330 00000294 T hidScanInput
001055c4 00000010 T hidKeysDown
001055d4 00000038 W __libctru_init
0010560c 000000f0 W __system_initArgv
001056fc T svcControlMemory
0010571c T svcQueryMemory
0010574c T svcExitProcess
00105754 T svcCreateThread
00105774 T svcExitThread
0010577c T svcSleepThread
00105784 T svcReleaseMutex
0010578c T svcCreateEvent
001057a0 T svcSignalEvent
001057a8 T svcClearEvent
001057b0 T svcMapMemoryBlock
001057b8 T svcUnmapMemoryBlock
001057c0 T svcCreateAddressArbiter
001057d4 T svcArbitrateAddressNoTimeout
001057dc T svcCloseHandle
001057e4 T svcWaitSynchronization
001057ec T svcWaitSynchronizationN
00105814 T svcDuplicateHandle
00105828 T svcGetSystemTick
00105830 T svcConnectToPort
00105844 T svcSendSyncRequest
0010584c T svcGetResourceLimit
00105860 T svcGetResourceLimitLimitValues
00105868 T svcGetResourceLimitCurrentValues
00105870 T svcBreak
00105878 W initSystem
001058c8 W __ctru_exit
001058e0 00000024 t addrMapNodeComparator(rbtree_node const*, rbtree_node const*)
00105904 00000004 t addrMapNodeDestructor(rbtree_node*)
00105908 00000114 T vramMemAlign
00105a1c 00000008 T vramAlloc
00105a24 0000005c T vramFree
00105a80 00000024 t addrMapNodeComparator(rbtree_node const*, rbtree_node const*)
00105aa4 00000004 t addrMapNodeDestructor(rbtree_node*)
00105aa8 00000120 T linearMemAlign
00105bc8 00000008 T linearAlloc
00105bd0 0000005c T linearFree
00105c2c 00000084 T MemPool::CoalesceRight(MemBlock*)
00105cb0 00000170 T MemPool::Allocate(MemChunk&, unsigned long, int)
00105e20 000000fc T MemPool::Deallocate(MemChunk const&)
00105f1c 0000000c T __sync_init
00105f28 00000018 T __sync_fini
00105f40 0000002c T syncArbitrateAddress
00105f6c 0000001c T LightLock_Init
00105f88 00000094 T LightLock_Lock
0010601c 00000044 T LightLock_TryLock
00106060 00000040 T LightLock_Unlock
001060a0 00000024 T RecursiveLock_Init
001060c4 00000030 T RecursiveLock_Lock
001060f4 00000078 T RecursiveLock_TryLock
0010616c 00000054 T RecursiveLock_Unlock
001061c0 00000040 T LightEvent_Init
00106200 000000a4 T LightEvent_Clear
001062a4 000000c8 T LightEvent_Signal
0010636c 00000058 T LightEvent_TryWait
001063c4 000000b0 T LightEvent_Wait
00106474 00000054 T osGetTimeRef
001064c8 000000e4 T osGetTime
001065ac 00000074 T __libctru_gtod
00106620 00000034 T __ctru_speedup_config
00106654 00000124 T srvInit
00106778 00000058 T srvExit
001067d0 00000080 T srvGetServiceHandleDirect
00106850 00000048 T srvGetServiceHandle
00106898 00000038 T srvPublishToSubscriber
001068d0 00000188 T threadCreate
00106a58 0000002c T threadFree
00106a84 00000024 T threadJoin
00106aa8 00000030 T threadGetCurrent
00106ad8 00000040 T threadExit
00106b18 00000044 t _thread_begin
00106b5c 00000094 t mappableFindAddressWithin
00106bf0 00000028 T mappableInit
00106c18 00000080 T mappableAlloc
00106c98 00000004 T mappableFree
00106c9c 00000160 T irrstInit
00106dfc 000000cc T irrstExit
00106ec8 000000b0 T irrstScanInput
00106f78 00000024 T irrstKeysHeld
00106f9c 0000000c T srvPmGetSessionHandle
00106fa8 00000074 T ptmSysmInit
0010701c 0000003c T ptmSysmExit
00107058 00000034 T PTMSYSM_ConfigureNew3DSCPU
0010708c 00000010 T rbtree_init
0010709c 000001a0 t do_insert
0010723c 00000008 T rbtree_insert
00107244 00000090 T rbtree_rotate
001072d4 00000338 T rbtree_remove
0010760c 00000074 T rbtree_find
00107680 00000030 W __appInit
001076b0 00000030 t __libctru_nanosleep
001076e0 00000030 t __libctru_get_reent
00107710 000000f8 T __system_initSyscalls
00107808 000001e0 W __system_allocateHeaps
001079e8 00000030 W __appExit
00107a18 00000090 W __libctru_exit
00107aa8 00000084 W envGetHandle
00107b2c 00000050 W envDestroyHandles
00107b7c 00000014 t archive_link
00107b90 00000014 t archive_dirreset
00107ba4 00000014 t archive_chmod
00107bb8 00000024 t error_cmp
00107bdc 00000050 t archive_translate_error
00107c2c 000000d4 t archive_seek
00107d00 0000007c t _archiveInit.part.0
00107d7c 0000008c t archiveFindDevice.part.0
00107e08 00000294 t archive_utf16path
0010809c 000000a0 t _archiveUnmountDeviceStruct.part.0
0010813c 00000014 t archive_fchmod
00108150 00000014 t archive_statvfs
00108164 00000158 t _archiveMountDevice
001082bc 000000e8 t archive_diropen
001083a4 000000a4 t archive_fstat
00108448 0000006c t archive_close
001084b4 0000006c t archive_fsync
00108520 00000070 t archive_dirclose
00108590 000000e8 t sdmc_statvfs
00108678 00000080 t archive_ftruncate
001086f8 000000fc t archive_chdir
001087f4 000000b0 t archive_read
001088a4 000000ac t archive_unlink
00108950 000000c8 t archive_rmdir
00108a18 000000ec t archive_mkdir
00108b04 000001a8 t archive_stat
00108cac 00000184 t archive_rename
00108e30 00000168 t archive_dirnext
00108f98 0000012c t archive_write
001090c4 000001f0 t archive_open
001092b4 000001a4 T archiveMountSdmc
00109458 00000054 T archiveUnmountAll
001094ac 000000c8 T fsInit
00109574 0000003c T fsExit
001095b0 00000060 T fsExemptFromSession
00109610 00000050 T fsUnexemptFromSession
00109660 000000cc T FSUSER_OpenFile
0010972c 000000bc T FSUSER_DeleteFile
001097e8 000000f8 T FSUSER_RenameFile
001098e0 000000bc T FSUSER_DeleteDirectory
0010999c 000000d4 T FSUSER_CreateFile
00109a70 000000c4 T FSUSER_CreateDirectory
00109b34 000000f8 T FSUSER_RenameDirectory
00109c2c 000000b4 T FSUSER_OpenDirectory
00109ce0 00000094 T FSUSER_OpenArchive
00109d74 0000008c T FSUSER_CloseArchive
00109e00 00000074 T FSUSER_GetSdmcArchiveResource
00109e74 00000064 T FSUSER_IsSdmcWritable
00109ed8 00000058 T FSFILE_Read
00109f30 00000060 T FSFILE_Write
00109f90 00000038 T FSFILE_GetSize
00109fc8 00000028 T FSFILE_SetSize
00109ff0 0000003c T FSFILE_Close
0010a02c 00000024 T FSFILE_Flush
0010a050 00000050 T FSDIR_Read
0010a0a0 0000003c T FSDIR_Close
0010a0dc 00000050 T rbtree_node_next
0010a12c 000000e8 T utf16_to_utf8
0010a214 00000064 T decode_utf16
0010a278 0000013c T decode_utf8
0010a3b4 000000c0 T utf8_to_utf16
0010a474 T __aeabi_read_tp
0010a480 00000060 T encode_utf16
0010a4e0 000000fc T encode_utf8
0010a5dc 00000120 T __udivmoddi4
0010a6fc 00000078 T bsearch
0010a774 0000000c T __errno
0010a780 00000034 T exit
0010a7b4 0000003c T __libc_fini_array
0010a7f0 0000007c T __libc_init_array
0010a86c 00000028 T memalign
0010a894 00000148 T _memalign_r
0010a9dc 00000020 T malloc
0010a9fc 00000020 T free
0010aa1c 000007f0 T _malloc_r
0010b20c 000000e0 T memchr
0010b2ec 0000011c T memcpy
0010b408 00000118 T memset
0010b520 0000000c T __malloc_lock
0010b52c 0000000c T __malloc_unlock
0010b538 00000034 T printf
0010b56c 00000260 T setvbuf
0010b7cc 00000074 T sscanf
0010b840 00000044 T __sread
0010b884 00000008 T __seofread
0010b88c 00000068 T __swrite
0010b8f4 00000048 T __sseek
0010b93c 00000008 T __sclose
0010b944 0000005c T strlen
0010b9a0 000000ec T strncat
0010ba8c 000000dc T strncmp
0010bb68 000000c0 T strncpy
0010bc28 00000048 T strnlen
0010bc70 00000050 t get_arg
0010bcc0 00002b68 T __ssvfscanf_r
0010e828 0000064c t get_arg
0010ee74 00000034 T __sprint_r
0010eea8 00002584 T _vfiprintf_r
0011142c 000000d4 t __sbprintf
00111500 0000064c t get_arg
00111b50 000038d4 T _vfprintf_r
00115424 000000d4 t __sbprintf
001154f8 00000054 T _wcrtomb_r
0011554c 00000028 T _wcsrtombs_r
00115574 00000154 T __swsetup_r
001156c8 00000114 T __call_exitprocs
001157dc 000001a8 t quorem
00115988 000012ec T _dtoa_r
00116c74 00000258 T __sflush_r
00116ecc 00000094 T _fflush_r
00116f60 0000000c T _cleanup_r
00116f6c 00000184 T __sinit
001170f0 0000000c T __sfp_lock_acquire
001170fc 0000000c T __sfp_lock_release
00117108 000000f8 T _malloc_trim_r
00117200 000002e4 T _free_r
001174e4 000004a4 T __sfvwrite_r
00117988 00000070 T _fwalk_reent
001179f8 00000008 T iswspace
00117a00 0000000c T _localeconv_r
00117a0c 00000010 T __locale_mb_cur_max
00117a1c 00000138 T __smakebuf_r
00117b54 00000094 T __swhatbuf_r
00117be8 00000068 T _mbrtowc_r
00117c50 000002fc T __utf8_mbtowc
00117f4c 00000154 T memmove
001180a0 00000088 T _Balloc
00118128 0000001c T _Bfree
00118144 000000f4 T __multadd
00118238 00000110 T __s2b
00118348 00000058 T __hi0bits
001183a0 0000009c T __lo0bits
0011843c 000000a4 T __i2b
001184e0 00000204 T __multiply
001186e4 00000120 T __pow5mult
00118804 0000013c T __lshift
00118940 00000058 T __mcmp
00118998 000001cc T __mdiff
00118b64 00000088 T __ulp
00118bec 000000d4 T __b2d
00118cc0 0000012c T __d2b
00118dec 00000078 T __ratio
00118e64 00000088 T __copybits
00118eec 0000005c T __any_on
00118f48 00000028 T realloc
00118f70 00000598 T _realloc_r
00119508 000000e4 T __sccl
001195ec 0000000c T nanf
001195f8 000000a8 T frexp
001196a0 00000064 T sprintf
00119704 000000b8 T stpncpy
001197bc 00000144 T strchr
00119900 0000130c T _strtod_l
0011ac0c 0000000c T _strtod_r
0011ac18 0000022c t _strtoll_l.constprop.0
0011ae44 00000004 T _strtoll_r
0011ae48 000001b0 t _strtol_l.part.0
0011aff8 0000003c T _strtol_r
0011b034 00000244 t _strtoull_l.constprop.0
0011b278 00000004 T _strtoull_r
0011b27c 000001c8 t _strtoul_l.constprop.0
0011b444 00000004 T _strtoul_r
0011b448 00000188 T __ssprint_r
0011b5d0 000000e0 T _sungetc_r
0011b6b0 0000006c T __ssrefill_r
0011b71c 000000c8 T _sfread_r
0011b7e4 0000064c t get_arg
0011be30 00003808 T _svfprintf_r
0011f638 000000a8 T __submore
0011f6e0 00000190 T _wcsnrtombs_l
0011f870 0000004c T _wcsnrtombs_r
0011f8bc 000000f0 T __utf8_wctomb
0011f9ac 0000005c T __assert_func
0011fa08 00000094 T _calloc_r
0011fa9c 00000160 T _fclose_r
0011fbfc 0000003c T fiprintf
0011fc38 000000ec t rshift
0011fd24 00000928 T __gethex
0012064c 0000004c T __match
00120698 0000029c T __hexnan
00120934 0000003c T iswspace_l
00120970 000001d4 t __jp2uc
00120b44 0000009c T _jp2uc_l
00120be0 00000010 T nan
00120bf0 00000014 T abort
00120c04 00000084 T category
00120c88 00000098 T _raise_r
00120d20 00000020 T raise
00120d40 00000008 t null_write
00120d48 00000018 T setDefaultDevice
00120d60 000000c8 T FindDevice
00120e28 00000028 T RemoveDevice
00120e50 0000009c T AddDevice
00120eec 00000020 T GetDeviceOpTab
00120f0c 00000078 T _fstat_r
00120f84 00000014 T _getpid_r
00120f98 00000008 T _isatty_r
00120fa0 00000014 T _kill_r
00120fb4 00000084 T _lseek_r
00121038 00000080 T _read_r
001210b8 00000078 T _sbrk_r
00121130 00000080 T _write_r
001211b0 00000024 T _exit
001211d4 000001b8 T _concatenate_path
0012138c 00000160 T chdir
001214ec 00000008 T __flockfile
001214f4 00000008 T __funlockfile
001214fc 00000018 T __libc_lock_acquire
00121514 00000018 T __libc_lock_release
0012152c 00000018 T __libc_lock_init_recursive
00121544 00000018 T __libc_lock_acquire_recursive
0012155c 00000018 T __libc_lock_release_recursive
00121574 00000018 T __libc_lock_close_recursive
0012158c 0000003c T __get_handle
001215c8 000000f4 T _close_r
001216bc 00000028 T __getreent
001216e4 00000038 T __aeabi_d2lz
001216e4 00000038 T __fixdfdi
00121720 00000040 T __aeabi_d2ulz
00121720 00000040 T __fixunsdfdi
00121760 00000044 T strrchr
001217a4 T _fini
001220a0 00000030 r colorTable
001220d0 00000070 r dotab_stdout
0012217c 00000008 r morton_x.3
00122184 00000008 r morton_y.2
0012218c 00000008 r s_sleepWakeEvents.4
001221ac R default_font_bin
001229ac R default_font_bin_end
001229e4 00000070 r archive_devoptab
00122a54 00000030 r error_table
00122a8c 00000004 R _global_impure_ptr
00122a98 00000022 r basefix.0
00122ae4 00000010 r blanks.1
00122af4 00000010 r zeroes.0
00122b18 00000010 r blanks.1
00122b28 00000010 r zeroes.0
00122b38 00000101 R _ctype_
00122c4c r .LC2
00122d30 00000028 R __mprec_bigtens
00122d58 000000c8 R __mprec_tens
00122e20 0000000c r p05.0
00122e3c 00000014 r fpi.1
00122e50 00000014 r fpinan.0
00122e68 00000028 r tinytens
00122e90 0000006c R __action_table
00122efc 00000100 R __chclass
00122ffc 0000006c R __state_table
00123068 00000010 r blanks.1
00123078 00000010 r zeroes.0
00123110 00000100 R __hexdig
00123224 000000bc r a1
001232e0 000000bc r a2
0012339c 0000005b r a3
001233f8 00000070 r a6
00123468 000000a2 r a7
0012350c 00000040 r a8
0012354c 0000172a r b02cf
00124c78 00001a7c r d02f4
001266f4 0000000c R _C_numeric_locale
00126700 000031e6 r categories
001298e8 00000070 R dotab_stdnull
00129958 r 
00129958 R __exidx_end
00129958 R __exidx_start
0012a000 00000004 D currentConsole
0012a004 0000004c D defaultConsole
0012a050 00000001 d firstConsoleInit.0
0012a054 00000004 d kCount
0012a058 00000004 d kDelay
0012a05c 00000004 d kInterval
0012a060 W __stacksize__
0012a064 00000004 D _impure_ptr
0012a068 00000460 d impure_data
0012a4c8 00000408 D __malloc_av_
0012a8d0 00000004 D __malloc_sbrk_base
0012a8d4 00000004 D __malloc_trim_threshold
0012a8d8 0000000c d __malloc_recursive_mutex
0012a8e4 0000000c D __atexit_recursive_mutex
0012a8f0 0000000c d __sfp_recursive_mutex
0012a8fc 0000000c d __sinit_recursive_mutex
0012a908 0000016c D __global_locale
0012aa74 00000002 d numempty
0012aa78 00000004 d defaultDevice
0012aa7c 0000008c D devoptab_list
0012ab08 00000400 d _current_working_directory
0012af08 00000004 d __hndl_lock
0012af0c 0000000c d __stderr_handle
0012af18 0000000c d __stdin_handle
0012af24 0000000c d __stdout_handle
0012af30 00001000 d handles
0012bf38 d _GLOBAL_OFFSET_TABLE_
0012bf44 d __frame_dummy_init_array_entry
0012bf44 D __init_array_start
0012bf44 B __preinit_array_end
0012bf44 B __preinit_array_start
0012bf44 D __tdata_lma
0012bf44 D __tdata_lma_end
0012bf48 d __do_global_dtors_aux_fini_array_entry
0012bf48 D __fini_array_start
0012bf48 D __init_array_end
0012bf4c D __bss_start__
0012bf4c D __fini_array_end
0012bf4c b completed.1
0012bf50 b object.0
0012bf68 0000004c B currentCopy
0012bfb4 00000004 b gfxBottomFramebufferMaxSize
0012bfb8 00000008 b gfxBottomFramebuffers
0012bfc0 00000002 b gfxCurBuf
0012bfc4 00000002 b gfxFramebufferFormats
0012bfc8 00000002 b gfxIsDoubleBuf
0012bfca 00000001 b gfxIsVram
0012bfcc 00000004 b gfxTopFramebufferMaxSize
0012bfd0 00000008 b gfxTopFramebuffers
0012bfd8 00000001 b gfxTopMode
0012bfdc 00000004 b screenAlloc
0012bfe0 00000004 b screenFree
0012bfe4 00000004 b cfguHandle
0012bfe8 00000004 b cfguRefCount
0012bfec 00000004 b gspEvent
0012bff0 0000001c b gspEventCb
0012c00c 0000001c b gspEventCbData
0012c028 00000007 b gspEventCbOneShot
0012c030 00000004 b gspEventThread
0012c034 00000038 b gspEvents
0012c06c 00000004 b gspGpuHandle
0012c070 00000001 b gspGpuRight
0012c074 00000004 b gspLastEvent
0012c078 00000004 b gspRefCount
0012c07c 00000001 b gspRunEvents
0012c080 00000004 b gspSharedMem
0012c084 00000004 b gspSharedMemHandle
0012c088 00000001 b gspThreadId
0012c089 00000001 b aptChainloadFlags
0012c08a 00000001 b aptChainloadMediatype
0012c090 00000008 b aptChainloadTid
0012c098 00000004 b aptEventHandlerThread
0012c09c 00000001 b aptEventHandlerThreadQuit
0012c0a0 00000008 b aptEvents
0012c0a8 0000000c b aptFirstHook
0012c0b4 00000004 b aptFlags
0012c0b8 00000001 b aptHomeButtonState
0012c0bc 00000004 b aptLockHandle
0012c0c0 00000004 b aptMessageFunc
0012c0c4 00000004 b aptMessageFuncData
0012c0c8 00001000 b aptParameters
0012d0c8 00000008 b aptReceiveEvent
0012d0d0 00000004 b aptRefCount
0012d0d4 00000008 b aptSleepEvent
0012d0dc 00000001 b flagInit.1
0012d0dd 00000001 b flagValue.0
0012d0e0 00000004 b serviceName.6
0012d0e4 00000006 b aVec
0012d0ec 00000004 b cPos
0012d0f0 00000006 b gRate
0012d0f8 00000014 B hidEvents
0012d10c 00000004 B hidHandle
0012d110 00000004 B hidMemHandle
0012d114 00000004 b hidRefCount
0012d118 00000004 B hidSharedMem
0012d11c 00000004 b kDown
0012d120 00000004 b kHeld
0012d124 00000004 b kOld
0012d128 00000004 b kRepeat
0012d12c 00000004 b kUp
0012d130 00000004 b tPos
0012d134 00000001 b usingIrrst
0012d138 00000004 B __system_retAddr
0012d13c 00000004 B __system_argc
0012d140 00000004 B __system_argv
0012d144 b saved_stack
0012d14c 0000000c b sAddrMap
0012d158 00000008 b sVramPool
0012d160 00000008 b sLinearPool
0012d168 0000000c b sAddrMap
0012d174 00000004 b arbiter
0012d178 00000001 V __ctru_speedup
0012d17c 00000004 b srvHandle
0012d180 00000004 b srvRefCount
0012d184 00000004 b currentAddr
0012d188 00000004 b maxAddr
0012d18c 00000004 b minAddr
0012d190 00000004 b csPos
0012d194 00000004 B irrstEvent
0012d198 00000004 B irrstHandle
0012d19c 00000004 B irrstMemHandle
0012d1a0 00000004 b irrstRefCount
0012d1a4 00000004 B irrstSharedMem
0012d1a8 00000004 b kHeld
0012d1ac 00000004 b srvPmHandle
0012d1b0 00000004 b ptmSysmHandle
0012d1b4 00000004 b ptmSysmRefCount
0012d1b8 00000004 B __ctru_heap
0012d1bc 00000004 V __ctru_heap_size
0012d1c0 00000004 B __ctru_linear_heap
0012d1c4 00000004 V __ctru_linear_heap_size
0012d1c8 00000004 b archive_device_cwd
0012d1d0 00000540 b archive_devices
0012d710 00000001 b archive_initialized
0012d718 00000080 b fsExemptArchives
0012d798 00000004 b fsuHandle
0012d79c 00000004 b fsuRefCount
0012d7a0 00000028 B __malloc_current_mallinfo
0012d7c8 00000004 B __malloc_max_sbrked_mem
0012d7cc 00000004 B __malloc_max_total_mem
0012d7d0 00000004 B __malloc_top_pad
0012d7d4 00000004 b heap_start.0
0012d7d8 00000004 B fake_heap_end
0012d7dc 00000004 B fake_heap_start
0012d7e0 00000400 b temp_cwd
0012dbe0 00000048 B __syscalls
0012dc28 B __tls_start
0012e830 B __bss_end__
0012e830 A __end__
0012e830 B __tls_end
