         w __deregister_frame_info
         w __register_frame_info
         w userAppExit
         w userAppInit
00000000 00000401 B __ctru_dev_path_buf
00000000 b _TLS_MODULE_BASE_
00000000 a shift
00000000 a shift
00000404 00000802 B __ctru_dev_utf16_buf
00100000 A __start__
00100000 T _start
00100008 T __service_ptr
0010000c T __apt_appid
00100010 T __heap_size
00100014 T __linear_heap_size
00100018 T __system_arglist
0010001c T __system_runflags
00100020 t startup
00100058 t ClearMem
0010006c t ClrLoop
00100094 T _init
001000ac T __aeabi_idiv
001000ac 00000220 T __divsi3
001000b4 t .divsi3_skip_div0_test
001002cc 00000020 T __aeabi_idivmod
001002ec 00000004 W __aeabi_idiv0
001002ec 00000004 W __aeabi_ldiv0
001002f0 T __aeabi_ldivmod
001003c4 T __aeabi_uldivmod
00100408 00000390 T strcmp
00100790 t .udivsi3_skip_div0_test
00100790 T __aeabi_uidiv
00100790 000001ec T __udivsi3
0010097c 00000020 T __aeabi_uidivmod
0010099c T __aeabi_drsub
001009a4 000002b0 T __aeabi_dsub
001009a4 000002b0 T __subdf3
001009a8 000002ac T __adddf3
001009a8 000002ac T __aeabi_dadd
00100c54 00000024 T __aeabi_ui2d
00100c54 00000024 T __floatunsidf
00100c78 00000028 T __aeabi_i2d
00100c78 00000028 T __floatsidf
00100ca0 00000048 T __aeabi_f2d
00100ca0 00000048 T __extendsfdf2
00100ce8 00000074 T __aeabi_ul2d
00100ce8 00000074 T __floatundidf
00100cfc 00000060 T __aeabi_l2d
00100cfc 00000060 T __floatdidf
00100d5c t __do_global_dtors_aux
00100d9c t frame_dummy
00100dc8 000003b4 T setup_boss
0010117c 0000007c T main
001011f8 00000178 T consoleDrawChar
00101370 00000124 T consolePrintChar
00101494 00000a00 T con_write
00101e94 00000168 T consoleInit
00101ffc 000000f4 t newRow
001020f0 000000d0 t gfxPresentFramebuffer
001021c0 0000001c T gfxIsWide
001021dc 000000ec T gfxSetScreenFormat
001022c8 00000010 T gfxSetDoubleBuffering
001022d8 00000108 T gfxInit
001023e0 00000010 T gfxInitDefault
001023f0 000000b4 T gfxExit
001024a4 000000a0 T gfxGetFramebuffer
00102544 0000010c T gfxFlushBuffers
00102650 00000050 T gfxSwapBuffers
001026a0 00000050 T gfxSwapBuffersGpu
001026f0 000000a4 T cfguInit
00102794 0000003c T cfguExit
001027d0 00000038 T CFGU_SecureInfoGetRegion
00102808 00000c58 t gspHardwareInit
00103460 00000254 T gspInit
001036b4 000000f0 T gspExit
001037a4 00000010 T gspHasGpuRight
001037b4 00000098 T gspPresentBuffer
0010384c 00000050 T gspWaitForEvent
0010389c 00000004 W gxCmdQueueInterrupt
001038a0 00000160 t gspEventThreadMain
00103a00 00000050 T GSPGPU_FlushDataCache
00103a50 00000034 T GSPGPU_SetLcdForceBlack
00103a84 00000068 T GSPGPU_AcquireRight
00103aec 00000048 T GSPGPU_ReleaseRight
00103b34 0000007c T GSPGPU_ImportDisplayCaptureInfo
00103bb0 0000002c T GSPGPU_SaveVramSysArea
00103bdc 0000002c T GSPGPU_RestoreVramSysArea
00103c08 0000018c T bossInit
00103d94 00000048 T bossExit
00103ddc 00000064 T bossRegisterTask
00103e40 00000048 T bossSendProperty
00103e88 00000054 T bossStartTaskImmediate
00103edc 00000054 T bossipc_CancelTask
00103f30 0000006c T bossDeleteTask
00103f9c 00000098 T bossGetTaskState
00104034 00000034 T bossDeleteNsData
00104068 0000004c T bossGetNsDataHeaderInfo
001040b4 0000007c T bossReadNsData
00104130 000000c4 T bossSetupContextDefault
001041f4 00000444 T bossSendContextConfig
00104638 000001b0 t aptConvertScreenForCapture
001047e8 00000008 W aptDspSleep
001047f0 00000004 W aptDspWakeup
001047f4 00000004 W aptDspCancel
001047f8 0000015c T aptSendCommand
00104954 00000038 t aptExitProcess
0010498c 000002f0 T aptExit
00104c7c 000000d8 T aptHandleSleep
00104d54 00000084 T APT_SleepIfShellClosed
00104dd8 00000084 T aptSetSleepAllowed
00104e5c 00000084 T APT_UnlockTransition
00104ee0 00000484 t aptEventHandler
00105364 000000b0 T APT_ReceiveParameter
00105414 000000b0 t aptReceiveParameter.constprop.0
001054c8 000002bc t aptScreenTransfer
00105784 000002d0 t aptWaitForWakeUp.isra.0
00105a54 000000f8 T aptJumpToHomeMenu
00105b4c 0000004c T aptMainLoop
00105b98 00000234 T aptInit
00105dcc 0000007c T APT_CheckNew3DS
00105e48 00000024 W hidShouldUseIrrst
00105e6c 0000018c T hidInit
00105ff8 000000e8 T hidExit
001060e0 00000294 T hidScanInput
00106374 00000010 T hidKeysDown
00106384 00000038 W __libctru_init
001063bc 000000f0 W __system_initArgv
001064ac T svcControlMemory
001064cc T svcQueryMemory
001064fc T svcExitProcess
00106504 T svcCreateThread
00106524 T svcExitThread
0010652c T svcSleepThread
00106534 T svcReleaseMutex
0010653c T svcCreateEvent
00106550 T svcSignalEvent
00106558 T svcClearEvent
00106560 T svcMapMemoryBlock
00106568 T svcUnmapMemoryBlock
00106570 T svcCreateAddressArbiter
00106584 T svcArbitrateAddressNoTimeout
0010658c T svcCloseHandle
00106594 T svcWaitSynchronization
0010659c T svcWaitSynchronizationN
001065c4 T svcDuplicateHandle
001065d8 T svcGetSystemTick
001065e0 T svcConnectToPort
001065f4 T svcSendSyncRequest
001065fc T svcGetResourceLimit
00106610 T svcGetResourceLimitLimitValues
00106618 T svcGetResourceLimitCurrentValues
00106620 T svcBreak
00106628 W initSystem
00106678 W __ctru_exit
00106690 00000024 t addrMapNodeComparator(rbtree_node const*, rbtree_node const*)
001066b4 00000004 t addrMapNodeDestructor(rbtree_node*)
001066b8 00000114 T vramMemAlign
001067cc 00000008 T vramAlloc
001067d4 0000005c T vramFree
00106830 00000024 t addrMapNodeComparator(rbtree_node const*, rbtree_node const*)
00106854 00000004 t addrMapNodeDestructor(rbtree_node*)
00106858 00000120 T linearMemAlign
00106978 00000008 T linearAlloc
00106980 0000005c T linearFree
001069dc 00000084 T MemPool::CoalesceRight(MemBlock*)
00106a60 00000170 T MemPool::Allocate(MemChunk&, unsigned long, int)
00106bd0 000000fc T MemPool::Deallocate(MemChunk const&)
00106ccc 0000000c T __sync_init
00106cd8 00000018 T __sync_fini
00106cf0 0000002c T syncArbitrateAddress
00106d1c 0000001c T LightLock_Init
00106d38 00000094 T LightLock_Lock
00106dcc 00000044 T LightLock_TryLock
00106e10 00000040 T LightLock_Unlock
00106e50 00000024 T RecursiveLock_Init
00106e74 00000030 T RecursiveLock_Lock
00106ea4 00000078 T RecursiveLock_TryLock
00106f1c 00000054 T RecursiveLock_Unlock
00106f70 00000040 T LightEvent_Init
00106fb0 000000a4 T LightEvent_Clear
00107054 000000c8 T LightEvent_Signal
0010711c 00000058 T LightEvent_TryWait
00107174 000000b0 T LightEvent_Wait
00107224 00000084 W envGetHandle
001072a8 00000050 W envDestroyHandles
001072f8 00000054 T osGetTimeRef
0010734c 000000e4 T osGetTime
00107430 00000074 T __libctru_gtod
001074a4 00000034 T __ctru_speedup_config
001074d8 00000124 T srvInit
001075fc 00000058 T srvExit
00107654 00000080 T srvGetServiceHandleDirect
001076d4 00000048 T srvGetServiceHandle
0010771c 00000038 T srvPublishToSubscriber
00107754 00000188 T threadCreate
001078dc 0000002c T threadFree
00107908 00000024 T threadJoin
0010792c 00000030 T threadGetCurrent
0010795c 00000040 T threadExit
0010799c 00000044 t _thread_begin
001079e0 00000094 t mappableFindAddressWithin
00107a74 00000028 T mappableInit
00107a9c 00000080 T mappableAlloc
00107b1c 00000004 T mappableFree
00107b20 00000160 T irrstInit
00107c80 000000cc T irrstExit
00107d4c 000000b0 T irrstScanInput
00107dfc 00000024 T irrstKeysHeld
00107e20 0000000c T srvPmGetSessionHandle
00107e2c 00000074 T ptmSysmInit
00107ea0 0000003c T ptmSysmExit
00107edc 00000034 T PTMSYSM_ConfigureNew3DSCPU
00107f10 00000010 T rbtree_init
00107f20 000001a0 t do_insert
001080c0 00000008 T rbtree_insert
001080c8 00000090 T rbtree_rotate
00108158 00000338 T rbtree_remove
00108490 00000074 T rbtree_find
00108504 00000030 W __appInit
00108534 00000030 t __libctru_nanosleep
00108564 00000030 t __libctru_get_reent
00108594 000000f8 T __system_initSyscalls
00108690 000001e0 W __system_allocateHeaps
00108870 00000030 W __appExit
001088a0 00000090 W __libctru_exit
00108930 00000014 t archive_link
00108944 00000014 t archive_dirreset
00108958 00000014 t archive_chmod
0010896c 00000024 t error_cmp
00108990 00000050 t archive_translate_error
001089e0 000000d4 t archive_seek
00108ab4 0000007c t _archiveInit.part.0
00108b30 0000008c t archiveFindDevice.part.0
00108bbc 00000294 t archive_utf16path
00108e50 000000a0 t _archiveUnmountDeviceStruct.part.0
00108ef0 00000014 t archive_fchmod
00108f04 00000014 t archive_statvfs
00108f18 00000158 t _archiveMountDevice
00109070 000000e8 t archive_diropen
00109158 000000a4 t archive_fstat
001091fc 0000006c t archive_close
00109268 0000006c t archive_fsync
001092d4 00000070 t archive_dirclose
00109344 000000e8 t sdmc_statvfs
0010942c 00000080 t archive_ftruncate
001094ac 000000fc t archive_chdir
001095a8 000000b0 t archive_read
00109658 000000ac t archive_unlink
00109704 000000c8 t archive_rmdir
001097cc 000000ec t archive_mkdir
001098b8 000001a8 t archive_stat
00109a60 00000184 t archive_rename
00109be4 00000168 t archive_dirnext
00109d4c 0000012c t archive_write
00109e78 000001f0 t archive_open
0010a068 000001a4 T archiveMountSdmc
0010a20c 00000054 T archiveUnmountAll
0010a260 000000c8 T fsInit
0010a328 0000003c T fsExit
0010a364 00000060 T fsExemptFromSession
0010a3c4 00000050 T fsUnexemptFromSession
0010a414 000000cc T FSUSER_OpenFile
0010a4e0 000000bc T FSUSER_DeleteFile
0010a59c 000000f8 T FSUSER_RenameFile
0010a694 000000bc T FSUSER_DeleteDirectory
0010a750 000000d4 T FSUSER_CreateFile
0010a824 000000c4 T FSUSER_CreateDirectory
0010a8e8 000000f8 T FSUSER_RenameDirectory
0010a9e0 000000b4 T FSUSER_OpenDirectory
0010aa94 00000094 T FSUSER_OpenArchive
0010ab28 0000008c T FSUSER_CloseArchive
0010abb4 00000074 T FSUSER_GetSdmcArchiveResource
0010ac28 00000064 T FSUSER_IsSdmcWritable
0010ac8c 00000058 T FSFILE_Read
0010ace4 00000060 T FSFILE_Write
0010ad44 00000038 T FSFILE_GetSize
0010ad7c 00000028 T FSFILE_SetSize
0010ada4 0000003c T FSFILE_Close
0010ade0 00000024 T FSFILE_Flush
0010ae04 00000050 T FSDIR_Read
0010ae54 0000003c T FSDIR_Close
0010ae90 00000050 T rbtree_node_next
0010aee0 000000e8 T utf16_to_utf8
0010afc8 00000064 T decode_utf16
0010b02c 0000013c T decode_utf8
0010b168 000000c0 T utf8_to_utf16
0010b228 T __aeabi_read_tp
0010b234 00000060 T encode_utf16
0010b294 000000fc T encode_utf8
0010b390 00000120 T __udivmoddi4
0010b4b0 00000078 T bsearch
0010b528 0000000c T __errno
0010b534 00000034 T exit
0010b568 0000003c T __libc_fini_array
0010b5a4 0000007c T __libc_init_array
0010b620 00000028 T memalign
0010b648 00000148 T _memalign_r
0010b790 00000020 T malloc
0010b7b0 00000020 T free
0010b7d0 000007f0 T _malloc_r
0010bfc0 000000e0 T memchr
0010c0a0 0000011c T memcpy
0010c1bc 00000118 T memset
0010c2d4 0000000c T __malloc_lock
0010c2e0 0000000c T __malloc_unlock
0010c2ec 00000034 T printf
0010c320 000000e0 T _puts_r
0010c400 00000020 T puts
0010c420 00000260 T setvbuf
0010c680 000000cc T snprintf
0010c74c 00000074 T sscanf
0010c7c0 00000044 T __sread
0010c804 00000008 T __seofread
0010c80c 00000068 T __swrite
0010c874 00000048 T __sseek
0010c8bc 00000008 T __sclose
0010c8c4 0000005c T strlen
0010c920 000000ec T strncat
0010ca0c 000000dc T strncmp
0010cae8 000000c0 T strncpy
0010cba8 00000048 T strnlen
0010cbf0 0000064c t get_arg
0010d240 00003808 T _svfprintf_r
00110a48 00000050 t get_arg
00110a98 00002b68 T __ssvfscanf_r
00113600 0000064c t get_arg
00113c4c 00000034 T __sprint_r
00113c80 00002584 T _vfiprintf_r
00116204 000000d4 t __sbprintf
001162d8 0000064c t get_arg
00116928 000038d4 T _vfprintf_r
0011a1fc 000000d4 t __sbprintf
0011a2d0 00000054 T _wcrtomb_r
0011a324 00000028 T _wcsrtombs_r
0011a34c 00000154 T __swsetup_r
0011a4a0 00000114 T __call_exitprocs
0011a5b4 000001a8 t quorem
0011a760 000012ec T _dtoa_r
0011ba4c 00000258 T __sflush_r
0011bca4 00000094 T _fflush_r
0011bd38 0000000c T _cleanup_r
0011bd44 00000184 T __sinit
0011bec8 0000000c T __sfp_lock_acquire
0011bed4 0000000c T __sfp_lock_release
0011bee0 000000f8 T _malloc_trim_r
0011bfd8 000002e4 T _free_r
0011c2bc 000004a4 T __sfvwrite_r
0011c760 00000070 T _fwalk_reent
0011c7d0 00000008 T iswspace
0011c7d8 0000000c T _localeconv_r
0011c7e4 00000010 T __locale_mb_cur_max
0011c7f4 00000138 T __smakebuf_r
0011c92c 00000094 T __swhatbuf_r
0011c9c0 00000068 T _mbrtowc_r
0011ca28 000002fc T __utf8_mbtowc
0011cd24 00000154 T memmove
0011ce78 00000088 T _Balloc
0011cf00 0000001c T _Bfree
0011cf1c 000000f4 T __multadd
0011d010 00000110 T __s2b
0011d120 00000058 T __hi0bits
0011d178 0000009c T __lo0bits
0011d214 000000a4 T __i2b
0011d2b8 00000204 T __multiply
0011d4bc 00000120 T __pow5mult
0011d5dc 0000013c T __lshift
0011d718 00000058 T __mcmp
0011d770 000001cc T __mdiff
0011d93c 00000088 T __ulp
0011d9c4 000000d4 T __b2d
0011da98 0000012c T __d2b
0011dbc4 00000078 T __ratio
0011dc3c 00000088 T __copybits
0011dcc4 0000005c T __any_on
0011dd20 00000028 T realloc
0011dd48 00000598 T _realloc_r
0011e2e0 000000e4 T __sccl
0011e3c4 0000000c T nanf
0011e3d0 000000a8 T frexp
0011e478 00000064 T sprintf
0011e4dc 000000b8 T stpncpy
0011e594 00000144 T strchr
0011e6d8 0000130c T _strtod_l
0011f9e4 0000000c T _strtod_r
0011f9f0 0000022c t _strtoll_l.constprop.0
0011fc1c 00000004 T _strtoll_r
0011fc20 000001b0 t _strtol_l.part.0
0011fdd0 0000003c T _strtol_r
0011fe0c 00000244 t _strtoull_l.constprop.0
00120050 00000004 T _strtoull_r
00120054 000001c8 t _strtoul_l.constprop.0
0012021c 00000004 T _strtoul_r
00120220 00000188 T __ssprint_r
001203a8 000000e0 T _sungetc_r
00120488 0000006c T __ssrefill_r
001204f4 000000c8 T _sfread_r
001205bc 000000a8 T __submore
00120664 00000190 T _wcsnrtombs_l
001207f4 0000004c T _wcsnrtombs_r
00120840 000000f0 T __utf8_wctomb
00120930 0000005c T __assert_func
0012098c 00000094 T _calloc_r
00120a20 00000160 T _fclose_r
00120b80 0000003c T fiprintf
00120bbc 000000ec t rshift
00120ca8 00000928 T __gethex
001215d0 0000004c T __match
0012161c 0000029c T __hexnan
001218b8 0000003c T iswspace_l
001218f4 000001d4 t __jp2uc
00121ac8 0000009c T _jp2uc_l
00121b68 00000010 T nan
00121b78 00000014 T abort
00121b8c 00000084 T category
00121c10 00000098 T _raise_r
00121ca8 00000020 T raise
00121cc8 00000008 t null_write
00121cd0 00000018 T setDefaultDevice
00121ce8 000000c8 T FindDevice
00121db0 00000028 T RemoveDevice
00121dd8 0000009c T AddDevice
00121e74 00000020 T GetDeviceOpTab
00121e94 00000078 T _fstat_r
00121f0c 00000014 T _getpid_r
00121f20 00000008 T _isatty_r
00121f28 00000014 T _kill_r
00121f3c 00000084 T _lseek_r
00121fc0 00000080 T _read_r
00122040 00000078 T _sbrk_r
001220b8 00000080 T _write_r
00122138 00000024 T _exit
0012215c 000001b8 T _concatenate_path
00122314 00000160 T chdir
00122474 00000008 T __flockfile
0012247c 00000008 T __funlockfile
00122484 00000018 T __libc_lock_acquire
0012249c 00000018 T __libc_lock_release
001224b4 00000018 T __libc_lock_init_recursive
001224cc 00000018 T __libc_lock_acquire_recursive
001224e4 00000018 T __libc_lock_release_recursive
001224fc 00000018 T __libc_lock_close_recursive
00122514 0000003c T __get_handle
00122550 000000f4 T _close_r
00122644 00000028 T __getreent
0012266c 00000038 T __aeabi_d2lz
0012266c 00000038 T __fixdfdi
001226a8 00000040 T __aeabi_d2ulz
001226a8 00000040 T __fixunsdfdi
001226e8 00000044 T strrchr
0012272c T _fini
0012336c 00000030 r colorTable
0012339c 00000070 r dotab_stdout
00123458 00000008 r morton_x.3
00123460 00000008 r morton_y.2
00123468 00000008 r s_sleepWakeEvents.4
00123488 R default_font_bin
00123c88 R default_font_bin_end
00123cc0 00000070 r archive_devoptab
00123d30 00000030 r error_table
00123d68 00000004 R _global_impure_ptr
00123da8 00000010 r blanks.1
00123db8 00000010 r zeroes.0
00123dd0 00000022 r basefix.0
00123df4 00000010 r blanks.1
00123e04 00000010 r zeroes.0
00123e14 00000010 r blanks.1
00123e24 00000010 r zeroes.0
00123e34 00000101 R _ctype_
00123f48 r .LC2
00124028 00000028 R __mprec_bigtens
00124050 000000c8 R __mprec_tens
00124118 0000000c r p05.0
00124134 00000014 r fpi.1
00124148 00000014 r fpinan.0
00124160 00000028 r tinytens
00124188 0000006c R __action_table
001241f4 00000100 R __chclass
001242f4 0000006c R __state_table
001243e8 00000100 R __hexdig
001244fc 000000bc r a1
001245b8 000000bc r a2
00124674 0000005b r a3
001246d0 00000070 r a6
00124740 000000a2 r a7
001247e4 00000040 r a8
00124824 0000172a r b02cf
00125f50 00001a7c r d02f4
001279cc 0000000c R _C_numeric_locale
001279d8 000031e6 r categories
0012abc0 00000070 R dotab_stdnull
0012ac30 r 
0012ac30 R __exidx_end
0012ac30 R __exidx_start
0012b000 0000001c D regionids_table
0012b01c 00000004 D currentConsole
0012b020 0000004c D defaultConsole
0012b06c 00000001 d firstConsoleInit.0
0012b070 00000004 d kCount
0012b074 00000004 d kDelay
0012b078 00000004 d kInterval
0012b07c W __stacksize__
0012b080 00000004 D _impure_ptr
0012b088 00000460 d impure_data
0012b4e8 00000408 D __malloc_av_
0012b8f0 00000004 D __malloc_sbrk_base
0012b8f4 00000004 D __malloc_trim_threshold
0012b8f8 0000000c d __malloc_recursive_mutex
0012b904 0000000c D __atexit_recursive_mutex
0012b910 0000000c d __sfp_recursive_mutex
0012b91c 0000000c d __sinit_recursive_mutex
0012b928 0000016c D __global_locale
0012ba94 00000002 d numempty
0012ba98 00000004 d defaultDevice
0012ba9c 0000008c D devoptab_list
0012bb28 00000400 d _current_working_directory
0012bf28 00000004 d __hndl_lock
0012bf2c 0000000c d __stderr_handle
0012bf38 0000000c d __stdin_handle
0012bf44 0000000c d __stdout_handle
0012bf50 00001000 d handles
0012cf58 d _GLOBAL_OFFSET_TABLE_
0012cf64 d __frame_dummy_init_array_entry
0012cf64 D __init_array_start
0012cf64 B __preinit_array_end
0012cf64 B __preinit_array_start
0012cf64 D __tdata_lma
0012cf64 D __tdata_lma_end
0012cf68 d __do_global_dtors_aux_fini_array_entry
0012cf68 D __fini_array_start
0012cf68 D __init_array_end
0012cf6c D __bss_start__
0012cf6c D __fini_array_end
0012cf6c b completed.1
0012cf70 b object.0
0012cf88 0000004c B currentCopy
0012cfd4 00000004 b gfxBottomFramebufferMaxSize
0012cfd8 00000008 b gfxBottomFramebuffers
0012cfe0 00000002 b gfxCurBuf
0012cfe4 00000002 b gfxFramebufferFormats
0012cfe8 00000002 b gfxIsDoubleBuf
0012cfea 00000001 b gfxIsVram
0012cfec 00000004 b gfxTopFramebufferMaxSize
0012cff0 00000008 b gfxTopFramebuffers
0012cff8 00000001 b gfxTopMode
0012cffc 00000004 b screenAlloc
0012d000 00000004 b screenFree
0012d004 00000004 b cfguHandle
0012d008 00000004 b cfguRefCount
0012d00c 00000004 b gspEvent
0012d010 0000001c b gspEventCb
0012d02c 0000001c b gspEventCbData
0012d048 00000007 b gspEventCbOneShot
0012d050 00000004 b gspEventThread
0012d054 00000038 b gspEvents
0012d08c 00000004 b gspGpuHandle
0012d090 00000001 b gspGpuRight
0012d094 00000004 b gspLastEvent
0012d098 00000004 b gspRefCount
0012d09c 00000001 b gspRunEvents
0012d0a0 00000004 b gspSharedMem
0012d0a4 00000004 b gspSharedMemHandle
0012d0a8 00000001 b gspThreadId
0012d0ac 00000004 b bossHandle
0012d0b0 00000004 b bossPriv
0012d0b4 00000004 b bossRefCount
0012d0b8 00000001 b aptChainloadFlags
0012d0b9 00000001 b aptChainloadMediatype
0012d0c0 00000008 b aptChainloadTid
0012d0c8 00000004 b aptEventHandlerThread
0012d0cc 00000001 b aptEventHandlerThreadQuit
0012d0d0 00000008 b aptEvents
0012d0d8 0000000c b aptFirstHook
0012d0e4 00000004 b aptFlags
0012d0e8 00000001 b aptHomeButtonState
0012d0ec 00000004 b aptLockHandle
0012d0f0 00000004 b aptMessageFunc
0012d0f4 00000004 b aptMessageFuncData
0012d0f8 00001000 b aptParameters
0012e0f8 00000008 b aptReceiveEvent
0012e100 00000004 b aptRefCount
0012e104 00000008 b aptSleepEvent
0012e10c 00000001 b flagInit.1
0012e10d 00000001 b flagValue.0
0012e110 00000004 b serviceName.6
0012e114 00000006 b aVec
0012e11c 00000004 b cPos
0012e120 00000006 b gRate
0012e128 00000014 B hidEvents
0012e13c 00000004 B hidHandle
0012e140 00000004 B hidMemHandle
0012e144 00000004 b hidRefCount
0012e148 00000004 B hidSharedMem
0012e14c 00000004 b kDown
0012e150 00000004 b kHeld
0012e154 00000004 b kOld
0012e158 00000004 b kRepeat
0012e15c 00000004 b kUp
0012e160 00000004 b tPos
0012e164 00000001 b usingIrrst
0012e168 00000004 B __system_retAddr
0012e16c 00000004 B __system_argc
0012e170 00000004 B __system_argv
0012e174 b saved_stack
0012e17c 0000000c b sAddrMap
0012e188 00000008 b sVramPool
0012e190 00000008 b sLinearPool
0012e198 0000000c b sAddrMap
0012e1a4 00000004 b arbiter
0012e1a8 00000001 V __ctru_speedup
0012e1ac 00000004 b srvHandle
0012e1b0 00000004 b srvRefCount
0012e1b4 00000004 b currentAddr
0012e1b8 00000004 b maxAddr
0012e1bc 00000004 b minAddr
0012e1c0 00000004 b csPos
0012e1c4 00000004 B irrstEvent
0012e1c8 00000004 B irrstHandle
0012e1cc 00000004 B irrstMemHandle
0012e1d0 00000004 b irrstRefCount
0012e1d4 00000004 B irrstSharedMem
0012e1d8 00000004 b kHeld
0012e1dc 00000004 b srvPmHandle
0012e1e0 00000004 b ptmSysmHandle
0012e1e4 00000004 b ptmSysmRefCount
0012e1e8 00000004 B __ctru_heap
0012e1ec 00000004 V __ctru_heap_size
0012e1f0 00000004 B __ctru_linear_heap
0012e1f4 00000004 V __ctru_linear_heap_size
0012e1f8 00000004 b archive_device_cwd
0012e200 00000540 b archive_devices
0012e740 00000001 b archive_initialized
0012e748 00000080 b fsExemptArchives
0012e7c8 00000004 b fsuHandle
0012e7cc 00000004 b fsuRefCount
0012e7d0 00000028 B __malloc_current_mallinfo
0012e7f8 00000004 B __malloc_max_sbrked_mem
0012e7fc 00000004 B __malloc_max_total_mem
0012e800 00000004 B __malloc_top_pad
0012e804 00000004 b heap_start.0
0012e808 00000004 B fake_heap_end
0012e80c 00000004 B fake_heap_start
0012e810 00000400 b temp_cwd
0012ec10 00000048 B __syscalls
0012ec58 B __tls_start
0012f860 B __bss_end__
0012f860 A __end__
0012f860 B __tls_end
