         w __deregister_frame_info
         w __register_frame_info
         w userAppExit
         w userAppInit
00000000 00000401 B __ctru_dev_path_buf
00000000 b _TLS_MODULE_BASE_
00000000 a shift
00000000 a shift
00000404 00000802 B __ctru_dev_utf16_buf
00100000 A __start__
00100000 T _start
00100008 T __service_ptr
0010000c T __apt_appid
00100010 T __heap_size
00100014 T __linear_heap_size
00100018 T __system_arglist
0010001c T __system_runflags
00100020 t startup
00100058 t ClearMem
0010006c t ClrLoop
00100094 T _init
001000ac t .udivsi3_skip_div0_test
001000ac T __aeabi_uidiv
001000ac 000001ec T __udivsi3
00100298 00000020 T __aeabi_uidivmod
001002b8 T __aeabi_idiv
001002b8 00000220 T __divsi3
001002c0 t .divsi3_skip_div0_test
001004d8 00000020 T __aeabi_idivmod
001004f8 00000004 W __aeabi_idiv0
001004f8 00000004 W __aeabi_ldiv0
001004fc T __aeabi_ldivmod
001005d0 T __aeabi_uldivmod
00100628 00000390 T strcmp
001009b0 T __aeabi_drsub
001009b8 000002b0 T __aeabi_dsub
001009b8 000002b0 T __subdf3
001009bc 000002ac T __adddf3
001009bc 000002ac T __aeabi_dadd
00100c68 00000024 T __aeabi_ui2d
00100c68 00000024 T __floatunsidf
00100c8c 00000028 T __aeabi_i2d
00100c8c 00000028 T __floatsidf
00100cb4 00000048 T __aeabi_f2d
00100cb4 00000048 T __extendsfdf2
00100cfc 00000074 T __aeabi_ul2d
00100cfc 00000074 T __floatundidf
00100d10 00000060 T __aeabi_l2d
00100d10 00000060 T __floatdidf
00100d70 t __do_global_dtors_aux
00100db0 t frame_dummy
00100ddc 00000338 T main
00101114 00000024 t addrMapNodeComparator(rbtree_node const*, rbtree_node const*)
00101138 00000004 t addrMapNodeDestructor(rbtree_node*)
0010113c 00000120 T linearMemAlign
0010125c 00000008 T linearAlloc
00101264 0000005c T linearFree
001012c0 00000084 T MemPool::CoalesceRight(MemBlock*)
00101344 00000170 T MemPool::Allocate(MemChunk&, unsigned long, int)
001014b4 000000fc T MemPool::Deallocate(MemChunk const&)
001015b0 00000178 T consoleDrawChar
00101728 00000124 T consolePrintChar
0010184c 00000a00 T con_write
0010224c 00000168 T consoleInit
001023b4 000000f4 t newRow
001024a8 000000d0 t gfxPresentFramebuffer
00102578 0000001c T gfxIsWide
00102594 000000ec T gfxSetScreenFormat
00102680 00000010 T gfxSetDoubleBuffering
00102690 00000108 T gfxInit
00102798 00000010 T gfxInitDefault
001027a8 000000b4 T gfxExit
0010285c 000000a0 T gfxGetFramebuffer
001028fc 0000010c T gfxFlushBuffers
00102a08 00000050 T gfxSwapBuffers
00102a58 00000050 T gfxSwapBuffersGpu
00102aa8 00000c58 t gspHardwareInit
00103700 00000254 T gspInit
00103954 000000f0 T gspExit
00103a44 00000010 T gspHasGpuRight
00103a54 00000098 T gspPresentBuffer
00103aec 00000050 T gspWaitForEvent
00103b3c 00000004 W gxCmdQueueInterrupt
00103b40 00000160 t gspEventThreadMain
00103ca0 00000050 T GSPGPU_FlushDataCache
00103cf0 00000034 T GSPGPU_SetLcdForceBlack
00103d24 00000068 T GSPGPU_AcquireRight
00103d8c 00000048 T GSPGPU_ReleaseRight
00103dd4 0000007c T GSPGPU_ImportDisplayCaptureInfo
00103e50 0000002c T GSPGPU_SaveVramSysArea
00103e7c 0000002c T GSPGPU_RestoreVramSysArea
00103ea8 000001d0 T csndInit
00104078 000000a0 T csndExit
00104118 000000dc T csndAddCmd
001041f4 000000b4 T csndExecCmds
001042a8 00000020 T CSND_SetPlayState
001042c8 0000001c T CSND_UpdateInfo
001042e4 0000025c T csndPlaySound
00104540 000001b0 t aptConvertScreenForCapture
001046f0 00000008 W aptDspSleep
001046f8 00000004 W aptDspWakeup
001046fc 00000004 W aptDspCancel
00104700 0000015c T aptSendCommand
0010485c 00000038 t aptExitProcess
00104894 000002f0 T aptExit
00104b84 000000d8 T aptHandleSleep
00104c5c 00000084 T APT_SleepIfShellClosed
00104ce0 00000084 T aptSetSleepAllowed
00104d64 00000084 T APT_UnlockTransition
00104de8 00000484 t aptEventHandler
0010526c 000000b0 T APT_ReceiveParameter
0010531c 000000b0 t aptReceiveParameter.constprop.0
001053d0 000002bc t aptScreenTransfer
0010568c 000002d0 t aptWaitForWakeUp.isra.0
0010595c 000000f8 T aptJumpToHomeMenu
00105a54 0000004c T aptMainLoop
00105aa0 00000234 T aptInit
00105cd4 0000007c T APT_CheckNew3DS
00105d50 000000d0 T micExit
00105e20 00000128 T micInit
00105f48 00000014 T micGetSampleDataSize
00105f5c 00000028 T micGetLastSampleOffset
00105f84 00000048 T MICU_StartSampling
00105fcc 0000002c T MICU_StopSampling
00105ff8 00000024 W hidShouldUseIrrst
0010601c 0000018c T hidInit
001061a8 000000e8 T hidExit
00106290 00000294 T hidScanInput
00106524 00000010 T hidKeysHeld
00106534 00000010 T hidKeysDown
00106544 00000010 T hidKeysUp
00106554 00000010 T rbtree_init
00106564 000001a0 t do_insert
00106704 00000008 T rbtree_insert
0010670c 00000090 T rbtree_rotate
0010679c 00000338 T rbtree_remove
00106ad4 00000074 T rbtree_find
00106b48 000001e0 W __system_allocateHeaps
00106d28 00000038 W __libctru_init
00106d60 000000f0 W __system_initArgv
00106e50 T svcControlMemory
00106e70 T svcQueryMemory
00106ea0 T svcExitProcess
00106ea8 T svcCreateThread
00106ec8 T svcExitThread
00106ed0 T svcSleepThread
00106ed8 T svcReleaseMutex
00106ee0 T svcCreateEvent
00106ef4 T svcSignalEvent
00106efc T svcClearEvent
00106f04 T svcCreateMemoryBlock
00106f1c T svcMapMemoryBlock
00106f24 T svcUnmapMemoryBlock
00106f2c T svcCreateAddressArbiter
00106f40 T svcArbitrateAddressNoTimeout
00106f48 T svcCloseHandle
00106f50 T svcWaitSynchronization
00106f58 T svcWaitSynchronizationN
00106f80 T svcDuplicateHandle
00106f94 T svcGetSystemTick
00106f9c T svcConnectToPort
00106fb0 T svcSendSyncRequest
00106fb8 T svcGetResourceLimit
00106fcc T svcGetResourceLimitLimitValues
00106fd4 T svcGetResourceLimitCurrentValues
00106fdc T svcBreak
00106fe4 W initSystem
00107034 W __ctru_exit
0010704c 00000024 t addrMapNodeComparator(rbtree_node const*, rbtree_node const*)
00107070 00000004 t addrMapNodeDestructor(rbtree_node*)
00107074 00000114 T vramMemAlign
00107188 00000008 T vramAlloc
00107190 0000005c T vramFree
001071ec 0000000c T __sync_init
001071f8 00000018 T __sync_fini
00107210 0000002c T syncArbitrateAddress
0010723c 0000001c T LightLock_Init
00107258 00000094 T LightLock_Lock
001072ec 00000044 T LightLock_TryLock
00107330 00000040 T LightLock_Unlock
00107370 00000024 T RecursiveLock_Init
00107394 00000030 T RecursiveLock_Lock
001073c4 00000078 T RecursiveLock_TryLock
0010743c 00000054 T RecursiveLock_Unlock
00107490 00000040 T LightEvent_Init
001074d0 000000a4 T LightEvent_Clear
00107574 000000c8 T LightEvent_Signal
0010763c 00000058 T LightEvent_TryWait
00107694 000000b0 T LightEvent_Wait
00107744 00000074 T osConvertVirtToPhys
001077b8 00000054 T osGetTimeRef
0010780c 000000e4 T osGetTime
001078f0 00000074 T __libctru_gtod
00107964 00000034 T __ctru_speedup_config
00107998 00000124 T srvInit
00107abc 00000058 T srvExit
00107b14 00000080 T srvGetServiceHandleDirect
00107b94 00000048 T srvGetServiceHandle
00107bdc 00000038 T srvPublishToSubscriber
00107c14 00000188 T threadCreate
00107d9c 0000002c T threadFree
00107dc8 00000024 T threadJoin
00107dec 00000030 T threadGetCurrent
00107e1c 00000040 T threadExit
00107e5c 00000044 t _thread_begin
00107ea0 00000094 t mappableFindAddressWithin
00107f34 00000028 T mappableInit
00107f5c 00000080 T mappableAlloc
00107fdc 00000004 T mappableFree
00107fe0 00000160 T irrstInit
00108140 000000cc T irrstExit
0010820c 000000b0 T irrstScanInput
001082bc 00000024 T irrstKeysHeld
001082e0 0000000c T srvPmGetSessionHandle
001082ec 00000074 T ptmSysmInit
00108360 0000003c T ptmSysmExit
0010839c 00000034 T PTMSYSM_ConfigureNew3DSCPU
001083d0 00000050 T rbtree_node_next
00108420 00000030 W __appInit
00108450 00000030 t __libctru_nanosleep
00108480 00000030 t __libctru_get_reent
001084b0 000000f8 T __system_initSyscalls
001085a8 00000030 W __appExit
001085d8 00000090 W __libctru_exit
00108668 00000084 W envGetHandle
001086ec 00000050 W envDestroyHandles
0010873c 00000014 t archive_link
00108750 00000014 t archive_dirreset
00108764 00000014 t archive_chmod
00108778 00000024 t error_cmp
0010879c 00000050 t archive_translate_error
001087ec 000000d4 t archive_seek
001088c0 0000007c t _archiveInit.part.0
0010893c 0000008c t archiveFindDevice.part.0
001089c8 00000294 t archive_utf16path
00108c5c 000000a0 t _archiveUnmountDeviceStruct.part.0
00108cfc 00000014 t archive_fchmod
00108d10 00000014 t archive_statvfs
00108d24 00000158 t _archiveMountDevice
00108e7c 000000e8 t archive_diropen
00108f64 000000a4 t archive_fstat
00109008 0000006c t archive_close
00109074 0000006c t archive_fsync
001090e0 00000070 t archive_dirclose
00109150 000000e8 t sdmc_statvfs
00109238 00000080 t archive_ftruncate
001092b8 000000fc t archive_chdir
001093b4 000000b0 t archive_read
00109464 000000ac t archive_unlink
00109510 000000c8 t archive_rmdir
001095d8 000000ec t archive_mkdir
001096c4 000001a8 t archive_stat
0010986c 00000184 t archive_rename
001099f0 00000168 t archive_dirnext
00109b58 0000012c t archive_write
00109c84 000001f0 t archive_open
00109e74 000001a4 T archiveMountSdmc
0010a018 00000054 T archiveUnmountAll
0010a06c 000000c8 T fsInit
0010a134 0000003c T fsExit
0010a170 00000060 T fsExemptFromSession
0010a1d0 00000050 T fsUnexemptFromSession
0010a220 000000cc T FSUSER_OpenFile
0010a2ec 000000bc T FSUSER_DeleteFile
0010a3a8 000000f8 T FSUSER_RenameFile
0010a4a0 000000bc T FSUSER_DeleteDirectory
0010a55c 000000d4 T FSUSER_CreateFile
0010a630 000000c4 T FSUSER_CreateDirectory
0010a6f4 000000f8 T FSUSER_RenameDirectory
0010a7ec 000000b4 T FSUSER_OpenDirectory
0010a8a0 00000094 T FSUSER_OpenArchive
0010a934 0000008c T FSUSER_CloseArchive
0010a9c0 00000074 T FSUSER_GetSdmcArchiveResource
0010aa34 00000064 T FSUSER_IsSdmcWritable
0010aa98 00000058 T FSFILE_Read
0010aaf0 00000060 T FSFILE_Write
0010ab50 00000038 T FSFILE_GetSize
0010ab88 00000028 T FSFILE_SetSize
0010abb0 0000003c T FSFILE_Close
0010abec 00000024 T FSFILE_Flush
0010ac10 00000050 T FSDIR_Read
0010ac60 0000003c T FSDIR_Close
0010ac9c 000000e8 T utf16_to_utf8
0010ad84 00000064 T decode_utf16
0010ade8 0000013c T decode_utf8
0010af24 000000c0 T utf8_to_utf16
0010afe4 T __aeabi_read_tp
0010aff0 00000060 T encode_utf16
0010b050 000000fc T encode_utf8
0010b14c 00000120 T __udivmoddi4
0010b26c 00000078 T bsearch
0010b2e4 0000000c T __errno
0010b2f0 00000034 T exit
0010b324 0000003c T __libc_fini_array
0010b360 0000007c T __libc_init_array
0010b3dc 00000028 T memalign
0010b404 00000148 T _memalign_r
0010b54c 00000020 T malloc
0010b56c 00000020 T free
0010b58c 000007f0 T _malloc_r
0010bd7c 000000e0 T memchr
0010be5c 0000011c T memcpy
0010bf78 00000118 T memset
0010c090 0000000c T __malloc_lock
0010c09c 0000000c T __malloc_unlock
0010c0a8 000000e0 T _puts_r
0010c188 00000020 T puts
0010c1a8 00000260 T setvbuf
0010c408 00000074 T sscanf
0010c47c 00000044 T __sread
0010c4c0 00000008 T __seofread
0010c4c8 00000068 T __swrite
0010c530 00000048 T __sseek
0010c578 00000008 T __sclose
0010c580 0000005c T strlen
0010c5dc 000000ec T strncat
0010c6c8 000000dc T strncmp
0010c7a4 000000c0 T strncpy
0010c864 00000048 T strnlen
0010c8ac 00000050 t get_arg
0010c8fc 00002b68 T __ssvfscanf_r
0010f464 0000064c t get_arg
0010fab0 00000034 T __sprint_r
0010fae4 00002584 T _vfiprintf_r
00112068 000000d4 t __sbprintf
0011213c 00000054 T _wcrtomb_r
00112190 00000028 T _wcsrtombs_r
001121b8 00000154 T __swsetup_r
0011230c 00000114 T __call_exitprocs
00112420 00000258 T __sflush_r
00112678 00000094 T _fflush_r
0011270c 0000000c T _cleanup_r
00112718 00000184 T __sinit
0011289c 0000000c T __sfp_lock_acquire
001128a8 0000000c T __sfp_lock_release
001128b4 000000f8 T _malloc_trim_r
001129ac 000002e4 T _free_r
00112c90 000004a4 T __sfvwrite_r
00113134 00000070 T _fwalk_reent
001131a4 00000008 T iswspace
001131ac 0000000c T _localeconv_r
001131b8 00000010 T __locale_mb_cur_max
001131c8 00000138 T __smakebuf_r
00113300 00000094 T __swhatbuf_r
00113394 00000068 T _mbrtowc_r
001133fc 000002fc T __utf8_mbtowc
001136f8 00000154 T memmove
0011384c 00000028 T realloc
00113874 00000598 T _realloc_r
00113e0c 000000e4 T __sccl
00113ef0 0000000c T nanf
00113efc 00000064 T sprintf
00113f60 000000b8 T stpncpy
00114018 00000144 T strchr
00114160 0000130c T _strtod_l
0011546c 0000000c T _strtod_r
00115478 0000022c t _strtoll_l.constprop.0
001156a4 00000004 T _strtoll_r
001156a8 000001b0 t _strtol_l.part.0
00115858 0000003c T _strtol_r
00115894 00000244 t _strtoull_l.constprop.0
00115ad8 00000004 T _strtoull_r
00115adc 000001c8 t _strtoul_l.constprop.0
00115ca4 00000004 T _strtoul_r
00115ca8 00000188 T __ssprint_r
00115e30 000000e0 T _sungetc_r
00115f10 0000006c T __ssrefill_r
00115f7c 000000c8 T _sfread_r
00116044 0000064c t get_arg
00116690 00003808 T _svfprintf_r
00119e98 000000a8 T __submore
00119f40 00000190 T _wcsnrtombs_l
0011a0d0 0000004c T _wcsnrtombs_r
0011a11c 000000f0 T __utf8_wctomb
0011a20c 000001a8 t quorem
0011a3b8 000012ec T _dtoa_r
0011b6a4 00000160 T _fclose_r
0011b804 000000ec t rshift
0011b8f0 00000928 T __gethex
0011c218 0000004c T __match
0011c264 0000029c T __hexnan
0011c500 0000003c T iswspace_l
0011c53c 000001d4 t __jp2uc
0011c710 0000009c T _jp2uc_l
0011c7ac 00000088 T _Balloc
0011c834 0000001c T _Bfree
0011c850 000000f4 T __multadd
0011c944 00000110 T __s2b
0011ca54 00000058 T __hi0bits
0011caac 0000009c T __lo0bits
0011cb48 000000a4 T __i2b
0011cbec 00000204 T __multiply
0011cdf0 00000120 T __pow5mult
0011cf10 0000013c T __lshift
0011d04c 00000058 T __mcmp
0011d0a4 000001cc T __mdiff
0011d270 00000088 T __ulp
0011d2f8 000000d4 T __b2d
0011d3cc 0000012c T __d2b
0011d4f8 00000078 T __ratio
0011d570 00000088 T __copybits
0011d5f8 0000005c T __any_on
0011d658 000000a8 T frexp
0011d700 00000010 T nan
0011d710 0000005c T __assert_func
0011d76c 00000094 T _calloc_r
0011d800 00000084 T category
0011d884 0000003c T fiprintf
0011d8c0 00000014 T abort
0011d8d4 00000098 T _raise_r
0011d96c 00000020 T raise
0011d98c 00000008 t null_write
0011d994 00000018 T setDefaultDevice
0011d9ac 000000c8 T FindDevice
0011da74 00000028 T RemoveDevice
0011da9c 0000009c T AddDevice
0011db38 00000020 T GetDeviceOpTab
0011db58 00000078 T _fstat_r
0011dbd0 00000014 T _getpid_r
0011dbe4 00000008 T _isatty_r
0011dbec 00000014 T _kill_r
0011dc00 00000084 T _lseek_r
0011dc84 00000080 T _read_r
0011dd04 00000078 T _sbrk_r
0011dd7c 00000080 T _write_r
0011ddfc 00000024 T _exit
0011de20 000001b8 T _concatenate_path
0011dfd8 00000160 T chdir
0011e138 00000008 T __flockfile
0011e140 00000008 T __funlockfile
0011e148 00000018 T __libc_lock_acquire
0011e160 00000018 T __libc_lock_release
0011e178 00000018 T __libc_lock_init_recursive
0011e190 00000018 T __libc_lock_acquire_recursive
0011e1a8 00000018 T __libc_lock_release_recursive
0011e1c0 00000018 T __libc_lock_close_recursive
0011e1d8 0000003c T __get_handle
0011e214 000000f4 T _close_r
0011e308 00000028 T __getreent
0011e330 00000038 T __aeabi_d2lz
0011e330 00000038 T __fixdfdi
0011e368 00000040 T __aeabi_d2ulz
0011e368 00000040 T __fixunsdfdi
0011e3a8 00000044 T strrchr
0011e3ec T _fini
0011f234 00000030 r colorTable
0011f264 00000070 r dotab_stdout
0011f304 00000008 r morton_x.3
0011f30c 00000008 r morton_y.2
0011f314 00000008 r s_sleepWakeEvents.4
0011f33c R default_font_bin
0011fb3c R default_font_bin_end
0011fb74 00000070 r archive_devoptab
0011fbe4 00000030 r error_table
0011fc1c 00000004 R _global_impure_ptr
0011fc28 00000022 r basefix.0
0011fc74 00000010 r blanks.1
0011fc84 00000010 r zeroes.0
0011fc94 00000101 R _ctype_
0011fdec 00000014 r fpi.1
0011fe00 00000014 r fpinan.0
0011fe18 00000028 r tinytens
0011fe40 0000006c R __action_table
0011feac 00000100 R __chclass
0011ffac 0000006c R __state_table
0012002c 00000010 r blanks.1
0012003c 00000010 r zeroes.0
0012005c r .LC2
001200fc 00000100 R __hexdig
00120210 000000bc r a1
001202cc 000000bc r a2
00120388 0000005b r a3
001203e4 00000070 r a6
00120454 000000a2 r a7
001204f8 00000040 r a8
00120538 0000172a r b02cf
00121c64 00001a7c r d02f4
001236e0 0000000c R _C_numeric_locale
00123730 00000028 R __mprec_bigtens
00123758 000000c8 R __mprec_tens
00123820 0000000c r p05.0
0012386c 000031e6 r categories
00126a54 00000070 R dotab_stdnull
00126ac4 r 
00126ac4 R __exidx_end
00126ac4 R __exidx_start
00127000 00000004 D currentConsole
00127004 0000004c D defaultConsole
00127050 00000001 d firstConsoleInit.0
00127054 00000004 d kCount
00127058 00000004 d kDelay
0012705c 00000004 d kInterval
00127060 W __stacksize__
00127064 00000004 D _impure_ptr
00127068 00000460 d impure_data
001274c8 00000408 D __malloc_av_
001278d0 00000004 D __malloc_sbrk_base
001278d4 00000004 D __malloc_trim_threshold
001278d8 0000000c d __malloc_recursive_mutex
001278e4 0000000c D __atexit_recursive_mutex
001278f0 0000000c d __sfp_recursive_mutex
001278fc 0000000c d __sinit_recursive_mutex
00127908 0000016c D __global_locale
00127a74 00000002 d numempty
00127a78 00000004 d defaultDevice
00127a7c 0000008c D devoptab_list
00127b08 00000400 d _current_working_directory
00127f08 00000004 d __hndl_lock
00127f0c 0000000c d __stderr_handle
00127f18 0000000c d __stdin_handle
00127f24 0000000c d __stdout_handle
00127f30 00001000 d handles
00128f38 d _GLOBAL_OFFSET_TABLE_
00128f44 d __frame_dummy_init_array_entry
00128f44 D __init_array_start
00128f44 B __preinit_array_end
00128f44 B __preinit_array_start
00128f44 D __tdata_lma
00128f44 D __tdata_lma_end
00128f48 d __do_global_dtors_aux_fini_array_entry
00128f48 D __fini_array_start
00128f48 D __init_array_end
00128f4c D __bss_start__
00128f4c D __fini_array_end
00128f4c b completed.1
00128f50 b object.0
00128f68 00000008 b sLinearPool
00128f70 0000000c b sAddrMap
00128f7c 0000004c B currentCopy
00128fc8 00000004 b gfxBottomFramebufferMaxSize
00128fcc 00000008 b gfxBottomFramebuffers
00128fd4 00000002 b gfxCurBuf
00128fd8 00000002 b gfxFramebufferFormats
00128fdc 00000002 b gfxIsDoubleBuf
00128fde 00000001 b gfxIsVram
00128fe0 00000004 b gfxTopFramebufferMaxSize
00128fe4 00000008 b gfxTopFramebuffers
00128fec 00000001 b gfxTopMode
00128ff0 00000004 b screenAlloc
00128ff4 00000004 b screenFree
00128ff8 00000004 b gspEvent
00128ffc 0000001c b gspEventCb
00129018 0000001c b gspEventCbData
00129034 00000007 b gspEventCbOneShot
0012903c 00000004 b gspEventThread
00129040 00000038 b gspEvents
00129078 00000004 b gspGpuHandle
0012907c 00000001 b gspGpuRight
00129080 00000004 b gspLastEvent
00129084 00000004 b gspRefCount
00129088 00000001 b gspRunEvents
0012908c 00000004 b gspSharedMem
00129090 00000004 b gspSharedMemHandle
00129094 00000001 b gspThreadId
00129098 00000004 B csndChannels
0012909c 00000004 b csndCmdCurOff
001290a0 00000004 b csndCmdStartOff
001290a4 00000004 b csndHandle
001290a8 00000004 b csndMutex
001290ac 00000010 B csndOffsets
001290bc 00000004 b csndRefCount
001290c0 00000004 B csndSharedMem
001290c4 00000004 b csndSharedMemBlock
001290c8 00000004 B csndSharedMemSize
001290cc 00000001 b aptChainloadFlags
001290cd 00000001 b aptChainloadMediatype
001290d0 00000008 b aptChainloadTid
001290d8 00000004 b aptEventHandlerThread
001290dc 00000001 b aptEventHandlerThreadQuit
001290e0 00000008 b aptEvents
001290e8 0000000c b aptFirstHook
001290f4 00000004 b aptFlags
001290f8 00000001 b aptHomeButtonState
001290fc 00000004 b aptLockHandle
00129100 00000004 b aptMessageFunc
00129104 00000004 b aptMessageFuncData
00129108 00001000 b aptParameters
0012a108 00000008 b aptReceiveEvent
0012a110 00000004 b aptRefCount
0012a114 00000008 b aptSleepEvent
0012a11c 00000001 b flagInit.1
0012a11d 00000001 b flagValue.0
0012a120 00000004 b serviceName.6
0012a124 00000004 b micHandle
0012a128 00000004 b micRefCount
0012a12c 00000004 b micSharedMem
0012a130 00000004 b micSharedMemHandle
0012a134 00000004 b micSharedMemSize
0012a138 00000006 b aVec
0012a140 00000004 b cPos
0012a144 00000006 b gRate
0012a14c 00000014 B hidEvents
0012a160 00000004 B hidHandle
0012a164 00000004 B hidMemHandle
0012a168 00000004 b hidRefCount
0012a16c 00000004 B hidSharedMem
0012a170 00000004 b kDown
0012a174 00000004 b kHeld
0012a178 00000004 b kOld
0012a17c 00000004 b kRepeat
0012a180 00000004 b kUp
0012a184 00000004 b tPos
0012a188 00000001 b usingIrrst
0012a18c 00000004 B __ctru_heap
0012a190 00000004 V __ctru_heap_size
0012a194 00000004 B __ctru_linear_heap
0012a198 00000004 V __ctru_linear_heap_size
0012a19c 00000004 B __system_retAddr
0012a1a0 00000004 B __system_argc
0012a1a4 00000004 B __system_argv
0012a1a8 b saved_stack
0012a1b0 0000000c b sAddrMap
0012a1bc 00000008 b sVramPool
0012a1c4 00000004 b arbiter
0012a1c8 00000001 V __ctru_speedup
0012a1cc 00000004 b srvHandle
0012a1d0 00000004 b srvRefCount
0012a1d4 00000004 b currentAddr
0012a1d8 00000004 b maxAddr
0012a1dc 00000004 b minAddr
0012a1e0 00000004 b csPos
0012a1e4 00000004 B irrstEvent
0012a1e8 00000004 B irrstHandle
0012a1ec 00000004 B irrstMemHandle
0012a1f0 00000004 b irrstRefCount
0012a1f4 00000004 B irrstSharedMem
0012a1f8 00000004 b kHeld
0012a1fc 00000004 b srvPmHandle
0012a200 00000004 b ptmSysmHandle
0012a204 00000004 b ptmSysmRefCount
0012a208 00000004 b archive_device_cwd
0012a210 00000540 b archive_devices
0012a750 00000001 b archive_initialized
0012a758 00000080 b fsExemptArchives
0012a7d8 00000004 b fsuHandle
0012a7dc 00000004 b fsuRefCount
0012a7e0 00000028 B __malloc_current_mallinfo
0012a808 00000004 B __malloc_max_sbrked_mem
0012a80c 00000004 B __malloc_max_total_mem
0012a810 00000004 B __malloc_top_pad
0012a814 00000004 b heap_start.0
0012a818 00000004 B fake_heap_end
0012a81c 00000004 B fake_heap_start
0012a820 00000400 b temp_cwd
0012ac20 00000048 B __syscalls
0012ac68 B __tls_start
0012b870 B __bss_end__
0012b870 A __end__
0012b870 B __tls_end
