         w __deregister_frame_info
         w __register_frame_info
         w userAppExit
         w userAppInit
00000000 00000401 B __ctru_dev_path_buf
00000000 b _TLS_MODULE_BASE_
00000000 a shift
00000000 a shift
00000404 00000802 B __ctru_dev_utf16_buf
00100000 A __start__
00100000 T _start
00100008 T __service_ptr
0010000c T __apt_appid
00100010 T __heap_size
00100014 T __linear_heap_size
00100018 T __system_arglist
0010001c T __system_runflags
00100020 t startup
00100058 t ClearMem
0010006c t ClrLoop
00100094 T _init
001000ac T __aeabi_idiv
001000ac 00000220 T __divsi3
001000b4 t .divsi3_skip_div0_test
001002cc 00000020 T __aeabi_idivmod
001002ec 00000004 W __aeabi_idiv0
001002ec 00000004 W __aeabi_ldiv0
001002f0 T __aeabi_ldivmod
001003c4 T __aeabi_uldivmod
00100408 00000390 T strcmp
00100790 t .udivsi3_skip_div0_test
00100790 T __aeabi_uidiv
00100790 000001ec T __udivsi3
0010097c 00000020 T __aeabi_uidivmod
0010099c T __aeabi_drsub
001009a4 000002b0 T __aeabi_dsub
001009a4 000002b0 T __subdf3
001009a8 000002ac T __adddf3
001009a8 000002ac T __aeabi_dadd
00100c54 00000024 T __aeabi_ui2d
00100c54 00000024 T __floatunsidf
00100c78 00000028 T __aeabi_i2d
00100c78 00000028 T __floatsidf
00100ca0 00000048 T __aeabi_f2d
00100ca0 00000048 T __extendsfdf2
00100ce8 00000074 T __aeabi_ul2d
00100ce8 00000074 T __floatundidf
00100cfc 00000060 T __aeabi_l2d
00100cfc 00000060 T __floatdidf
00100d5c t __do_global_dtors_aux
00100d9c t frame_dummy
00100dc8 00000264 T main
0010102c 00000178 T consoleDrawChar
001011a4 00000124 T consolePrintChar
001012c8 00000a00 T con_write
00101cc8 00000168 T consoleInit
00101e30 000000f4 t newRow
00101f24 000000d0 t gfxPresentFramebuffer
00101ff4 0000001c T gfxIsWide
00102010 000000ec T gfxSetScreenFormat
001020fc 00000010 T gfxSetDoubleBuffering
0010210c 00000108 T gfxInit
00102214 00000010 T gfxInitDefault
00102224 000000b4 T gfxExit
001022d8 000000a0 T gfxGetFramebuffer
00102378 0000010c T gfxFlushBuffers
00102484 00000050 T gfxSwapBuffers
001024d4 00000050 T gfxSwapBuffersGpu
00102524 00000c58 t gspHardwareInit
0010317c 00000254 T gspInit
001033d0 000000f0 T gspExit
001034c0 00000010 T gspHasGpuRight
001034d0 00000098 T gspPresentBuffer
00103568 00000050 T gspWaitForEvent
001035b8 00000004 W gxCmdQueueInterrupt
001035bc 00000160 t gspEventThreadMain
0010371c 00000050 T GSPGPU_FlushDataCache
0010376c 00000034 T GSPGPU_SetLcdForceBlack
001037a0 00000068 T GSPGPU_AcquireRight
00103808 00000048 T GSPGPU_ReleaseRight
00103850 0000007c T GSPGPU_ImportDisplayCaptureInfo
001038cc 0000002c T GSPGPU_SaveVramSysArea
001038f8 0000002c T GSPGPU_RestoreVramSysArea
00103924 000001b0 t aptConvertScreenForCapture
00103ad4 00000008 W aptDspSleep
00103adc 00000004 W aptDspWakeup
00103ae0 00000004 W aptDspCancel
00103ae4 0000015c T aptSendCommand
00103c40 00000038 t aptExitProcess
00103c78 000002f0 T aptExit
00103f68 000000d8 T aptHandleSleep
00104040 00000084 T APT_SleepIfShellClosed
001040c4 00000084 T aptSetSleepAllowed
00104148 00000084 T APT_UnlockTransition
001041d0 00000484 t aptEventHandler
00104654 000000b0 T APT_ReceiveParameter
00104704 000000b0 t aptReceiveParameter.constprop.0
001047b8 000002bc t aptScreenTransfer
00104a74 000002d0 t aptWaitForWakeUp.isra.0
00104d44 00000118 T aptLaunchLibraryApplet
00104e5c 000000f8 T aptJumpToHomeMenu
00104f54 0000004c T aptMainLoop
00104fa0 00000234 T aptInit
001051d4 0000007c T APT_CheckNew3DS
00105250 00000024 W hidShouldUseIrrst
00105274 0000018c T hidInit
00105400 000000e8 T hidExit
001054e8 00000294 T hidScanInput
0010577c 00000010 T hidKeysDown
0010578c 00000040 T miiSelectorInit
001057cc 00000060 T miiSelectorLaunch
0010582c 00000050 T miiSelectorSetTitle
0010587c 00000030 T miiSelectorSetOptions
001058ac 00000030 T miiSelectorBlacklistUserMii
001058dc 000000b4 T miiSelectorReturnGetName
00105990 0000007c T miiSelectorReturnGetAuthor
00105a0c 00000080 T miiSelectorChecksumIsValid
00105a8c 000000e8 T utf16_to_utf8
00105b74 00000064 T decode_utf16
00105bd8 000000c0 T utf8_to_utf16
00105c98 00000038 W __libctru_init
00105cd0 000000f0 W __system_initArgv
00105dc0 T svcControlMemory
00105de0 T svcQueryMemory
00105e10 T svcExitProcess
00105e18 T svcCreateThread
00105e38 T svcExitThread
00105e40 T svcSleepThread
00105e48 T svcReleaseMutex
00105e50 T svcCreateEvent
00105e64 T svcSignalEvent
00105e6c T svcClearEvent
00105e74 T svcMapMemoryBlock
00105e7c T svcUnmapMemoryBlock
00105e84 T svcCreateAddressArbiter
00105e98 T svcArbitrateAddressNoTimeout
00105ea0 T svcCloseHandle
00105ea8 T svcWaitSynchronization
00105eb0 T svcWaitSynchronizationN
00105ed8 T svcDuplicateHandle
00105eec T svcGetSystemTick
00105ef4 T svcConnectToPort
00105f08 T svcSendSyncRequest
00105f10 T svcGetResourceLimit
00105f24 T svcGetResourceLimitLimitValues
00105f2c T svcGetResourceLimitCurrentValues
00105f34 T svcBreak
00105f3c W initSystem
00105f8c W __ctru_exit
00105fa4 00000024 t addrMapNodeComparator(rbtree_node const*, rbtree_node const*)
00105fc8 00000004 t addrMapNodeDestructor(rbtree_node*)
00105fcc 00000114 T vramMemAlign
001060e0 00000008 T vramAlloc
001060e8 0000005c T vramFree
00106144 00000024 t addrMapNodeComparator(rbtree_node const*, rbtree_node const*)
00106168 00000004 t addrMapNodeDestructor(rbtree_node*)
0010616c 00000120 T linearMemAlign
0010628c 00000008 T linearAlloc
00106294 0000005c T linearFree
001062f0 00000084 T MemPool::CoalesceRight(MemBlock*)
00106374 00000170 T MemPool::Allocate(MemChunk&, unsigned long, int)
001064e4 000000fc T MemPool::Deallocate(MemChunk const&)
001065e0 0000000c T __sync_init
001065ec 00000018 T __sync_fini
00106604 0000002c T syncArbitrateAddress
00106630 0000001c T LightLock_Init
0010664c 00000094 T LightLock_Lock
001066e0 00000044 T LightLock_TryLock
00106724 00000040 T LightLock_Unlock
00106764 00000024 T RecursiveLock_Init
00106788 00000030 T RecursiveLock_Lock
001067b8 00000078 T RecursiveLock_TryLock
00106830 00000054 T RecursiveLock_Unlock
00106884 00000040 T LightEvent_Init
001068c4 000000a4 T LightEvent_Clear
00106968 000000c8 T LightEvent_Signal
00106a30 00000058 T LightEvent_TryWait
00106a88 000000b0 T LightEvent_Wait
00106b38 00000054 T osGetTimeRef
00106b8c 000000e4 T osGetTime
00106c70 00000074 T __libctru_gtod
00106ce4 00000034 T __ctru_speedup_config
00106d18 00000124 T srvInit
00106e3c 00000058 T srvExit
00106e94 00000080 T srvGetServiceHandleDirect
00106f14 00000048 T srvGetServiceHandle
00106f5c 00000038 T srvPublishToSubscriber
00106f94 00000188 T threadCreate
0010711c 0000002c T threadFree
00107148 00000024 T threadJoin
0010716c 00000030 T threadGetCurrent
0010719c 00000040 T threadExit
001071dc 00000044 t _thread_begin
00107220 00000094 t mappableFindAddressWithin
001072b4 00000028 T mappableInit
001072dc 00000080 T mappableAlloc
0010735c 00000004 T mappableFree
00107360 00000160 T irrstInit
001074c0 000000cc T irrstExit
0010758c 000000b0 T irrstScanInput
0010763c 00000024 T irrstKeysHeld
00107660 0000000c T srvPmGetSessionHandle
0010766c 00000074 T ptmSysmInit
001076e0 0000003c T ptmSysmExit
0010771c 00000034 T PTMSYSM_ConfigureNew3DSCPU
00107750 00000010 T rbtree_init
00107760 000001a0 t do_insert
00107900 00000008 T rbtree_insert
00107908 00000090 T rbtree_rotate
00107998 00000338 T rbtree_remove
00107cd0 00000074 T rbtree_find
00107d44 00000060 T encode_utf16
00107da4 000000fc T encode_utf8
00107ea0 0000013c T decode_utf8
00107fdc 00000030 W __appInit
0010800c 00000030 t __libctru_nanosleep
0010803c 00000030 t __libctru_get_reent
0010806c 000000f8 T __system_initSyscalls
00108168 000001e0 W __system_allocateHeaps
00108348 00000030 W __appExit
00108378 00000090 W __libctru_exit
00108408 00000084 W envGetHandle
0010848c 00000050 W envDestroyHandles
001084dc 00000014 t archive_link
001084f0 00000014 t archive_dirreset
00108504 00000014 t archive_chmod
00108518 00000024 t error_cmp
0010853c 00000050 t archive_translate_error
0010858c 000000d4 t archive_seek
00108660 0000007c t _archiveInit.part.0
001086dc 0000008c t archiveFindDevice.part.0
00108768 00000294 t archive_utf16path
001089fc 000000a0 t _archiveUnmountDeviceStruct.part.0
00108a9c 00000014 t archive_fchmod
00108ab0 00000014 t archive_statvfs
00108ac4 00000158 t _archiveMountDevice
00108c1c 000000e8 t archive_diropen
00108d04 000000a4 t archive_fstat
00108da8 0000006c t archive_close
00108e14 0000006c t archive_fsync
00108e80 00000070 t archive_dirclose
00108ef0 000000e8 t sdmc_statvfs
00108fd8 00000080 t archive_ftruncate
00109058 000000fc t archive_chdir
00109154 000000b0 t archive_read
00109204 000000ac t archive_unlink
001092b0 000000c8 t archive_rmdir
00109378 000000ec t archive_mkdir
00109464 000001a8 t archive_stat
0010960c 00000184 t archive_rename
00109790 00000168 t archive_dirnext
001098f8 0000012c t archive_write
00109a24 000001f0 t archive_open
00109c14 000001a4 T archiveMountSdmc
00109db8 00000054 T archiveUnmountAll
00109e0c 000000c8 T fsInit
00109ed4 0000003c T fsExit
00109f10 00000060 T fsExemptFromSession
00109f70 00000050 T fsUnexemptFromSession
00109fc0 000000cc T FSUSER_OpenFile
0010a08c 000000bc T FSUSER_DeleteFile
0010a148 000000f8 T FSUSER_RenameFile
0010a240 000000bc T FSUSER_DeleteDirectory
0010a2fc 000000d4 T FSUSER_CreateFile
0010a3d0 000000c4 T FSUSER_CreateDirectory
0010a494 000000f8 T FSUSER_RenameDirectory
0010a58c 000000b4 T FSUSER_OpenDirectory
0010a640 00000094 T FSUSER_OpenArchive
0010a6d4 0000008c T FSUSER_CloseArchive
0010a760 00000074 T FSUSER_GetSdmcArchiveResource
0010a7d4 00000064 T FSUSER_IsSdmcWritable
0010a838 00000058 T FSFILE_Read
0010a890 00000060 T FSFILE_Write
0010a8f0 00000038 T FSFILE_GetSize
0010a928 00000028 T FSFILE_SetSize
0010a950 0000003c T FSFILE_Close
0010a98c 00000024 T FSFILE_Flush
0010a9b0 00000050 T FSDIR_Read
0010aa00 0000003c T FSDIR_Close
0010aa3c 00000050 T rbtree_node_next
0010aa8c T __aeabi_read_tp
0010aa98 00000120 T __udivmoddi4
0010abb8 00000078 T bsearch
0010ac30 0000000c T __errno
0010ac3c 00000034 T exit
0010ac70 0000003c T __libc_fini_array
0010acac 0000007c T __libc_init_array
0010ad28 00000028 T memalign
0010ad50 00000148 T _memalign_r
0010ae98 00000020 T malloc
0010aeb8 00000020 T free
0010aed8 000007f0 T _malloc_r
0010b6c8 000000e0 T memchr
0010b7a8 0000011c T memcpy
0010b8c4 00000118 T memset
0010b9dc 0000000c T __malloc_lock
0010b9e8 0000000c T __malloc_unlock
0010b9f4 00000034 T printf
0010ba28 000000e0 T _puts_r
0010bb08 00000020 T puts
0010bb28 00000260 T setvbuf
0010bd88 00000074 T sscanf
0010bdfc 00000044 T __sread
0010be40 00000008 T __seofread
0010be48 00000068 T __swrite
0010beb0 00000048 T __sseek
0010bef8 00000008 T __sclose
0010bf00 0000005c T strlen
0010bf5c 000000ec T strncat
0010c048 000000dc T strncmp
0010c124 000000c0 T strncpy
0010c1e4 00000048 T strnlen
0010c22c 00000050 t get_arg
0010c27c 00002b68 T __ssvfscanf_r
0010ede4 0000064c t get_arg
0010f430 00000034 T __sprint_r
0010f464 00002584 T _vfiprintf_r
001119e8 000000d4 t __sbprintf
00111abc 0000064c t get_arg
00112108 000038d4 T _vfprintf_r
001159dc 000000d4 t __sbprintf
00115ab0 00000054 T _wcrtomb_r
00115b04 00000028 T _wcsrtombs_r
00115b2c 00000154 T __swsetup_r
00115c80 00000114 T __call_exitprocs
00115d94 000001a8 t quorem
00115f40 000012ec T _dtoa_r
0011722c 00000258 T __sflush_r
00117484 00000094 T _fflush_r
00117518 0000000c T _cleanup_r
00117524 00000184 T __sinit
001176a8 0000000c T __sfp_lock_acquire
001176b4 0000000c T __sfp_lock_release
001176c0 000000f8 T _malloc_trim_r
001177b8 000002e4 T _free_r
00117a9c 000004a4 T __sfvwrite_r
00117f40 00000070 T _fwalk_reent
00117fb0 00000008 T iswspace
00117fb8 0000000c T _localeconv_r
00117fc4 00000010 T __locale_mb_cur_max
00117fd4 00000138 T __smakebuf_r
0011810c 00000094 T __swhatbuf_r
001181a0 00000068 T _mbrtowc_r
00118208 000002fc T __utf8_mbtowc
00118504 00000154 T memmove
00118658 00000088 T _Balloc
001186e0 0000001c T _Bfree
001186fc 000000f4 T __multadd
001187f0 00000110 T __s2b
00118900 00000058 T __hi0bits
00118958 0000009c T __lo0bits
001189f4 000000a4 T __i2b
00118a98 00000204 T __multiply
00118c9c 00000120 T __pow5mult
00118dbc 0000013c T __lshift
00118ef8 00000058 T __mcmp
00118f50 000001cc T __mdiff
0011911c 00000088 T __ulp
001191a4 000000d4 T __b2d
00119278 0000012c T __d2b
001193a4 00000078 T __ratio
0011941c 00000088 T __copybits
001194a4 0000005c T __any_on
00119500 00000028 T realloc
00119528 00000598 T _realloc_r
00119ac0 000000e4 T __sccl
00119ba4 0000000c T nanf
00119bb0 000000a8 T frexp
00119c58 00000064 T sprintf
00119cbc 000000b8 T stpncpy
00119d74 00000144 T strchr
00119eb8 0000130c T _strtod_l
0011b1c4 0000000c T _strtod_r
0011b1d0 0000022c t _strtoll_l.constprop.0
0011b3fc 00000004 T _strtoll_r
0011b400 000001b0 t _strtol_l.part.0
0011b5b0 0000003c T _strtol_r
0011b5ec 00000244 t _strtoull_l.constprop.0
0011b830 00000004 T _strtoull_r
0011b834 000001c8 t _strtoul_l.constprop.0
0011b9fc 00000004 T _strtoul_r
0011ba00 00000188 T __ssprint_r
0011bb88 000000e0 T _sungetc_r
0011bc68 0000006c T __ssrefill_r
0011bcd4 000000c8 T _sfread_r
0011bd9c 0000064c t get_arg
0011c3e8 00003808 T _svfprintf_r
0011fbf0 000000a8 T __submore
0011fc98 00000190 T _wcsnrtombs_l
0011fe28 0000004c T _wcsnrtombs_r
0011fe74 000000f0 T __utf8_wctomb
0011ff64 0000005c T __assert_func
0011ffc0 00000094 T _calloc_r
00120054 00000160 T _fclose_r
001201b4 0000003c T fiprintf
001201f0 000000ec t rshift
001202dc 00000928 T __gethex
00120c04 0000004c T __match
00120c50 0000029c T __hexnan
00120eec 0000003c T iswspace_l
00120f28 000001d4 t __jp2uc
001210fc 0000009c T _jp2uc_l
00121198 00000010 T nan
001211a8 00000014 T abort
001211bc 00000084 T category
00121240 00000098 T _raise_r
001212d8 00000020 T raise
001212f8 00000008 t null_write
00121300 00000018 T setDefaultDevice
00121318 000000c8 T FindDevice
001213e0 00000028 T RemoveDevice
00121408 0000009c T AddDevice
001214a4 00000020 T GetDeviceOpTab
001214c4 00000078 T _fstat_r
0012153c 00000014 T _getpid_r
00121550 00000008 T _isatty_r
00121558 00000014 T _kill_r
0012156c 00000084 T _lseek_r
001215f0 00000080 T _read_r
00121670 00000078 T _sbrk_r
001216e8 00000080 T _write_r
00121768 00000024 T _exit
0012178c 000001b8 T _concatenate_path
00121944 00000160 T chdir
00121aa4 00000008 T __flockfile
00121aac 00000008 T __funlockfile
00121ab4 00000018 T __libc_lock_acquire
00121acc 00000018 T __libc_lock_release
00121ae4 00000018 T __libc_lock_init_recursive
00121afc 00000018 T __libc_lock_acquire_recursive
00121b14 00000018 T __libc_lock_release_recursive
00121b2c 00000018 T __libc_lock_close_recursive
00121b44 0000003c T __get_handle
00121b80 000000f4 T _close_r
00121c74 00000028 T __getreent
00121c9c 00000038 T __aeabi_d2lz
00121c9c 00000038 T __fixdfdi
00121cd8 00000040 T __aeabi_d2ulz
00121cd8 00000040 T __fixunsdfdi
00121d18 00000044 T strrchr
00121d5c T _fini
001221fc 00000030 r colorTable
0012222c 00000070 r dotab_stdout
001222c0 00000008 r morton_x.3
001222c8 00000008 r morton_y.2
001222d0 00000008 r s_sleepWakeEvents.4
001222f0 R default_font_bin
00122af0 R default_font_bin_end
00122b28 00000070 r archive_devoptab
00122b98 00000030 r error_table
00122bd0 00000004 R _global_impure_ptr
00122bdc 00000022 r basefix.0
00122c28 00000010 r blanks.1
00122c38 00000010 r zeroes.0
00122c5c 00000010 r blanks.1
00122c6c 00000010 r zeroes.0
00122c7c 00000101 R _ctype_
00122d90 r .LC2
00122e70 00000028 R __mprec_bigtens
00122e98 000000c8 R __mprec_tens
00122f60 0000000c r p05.0
00122f7c 00000014 r fpi.1
00122f90 00000014 r fpinan.0
00122fa8 00000028 r tinytens
00122fd0 0000006c R __action_table
0012303c 00000100 R __chclass
0012313c 0000006c R __state_table
001231a8 00000010 r blanks.1
001231b8 00000010 r zeroes.0
00123250 00000100 R __hexdig
00123364 000000bc r a1
00123420 000000bc r a2
001234dc 0000005b r a3
00123538 00000070 r a6
001235a8 000000a2 r a7
0012364c 00000040 r a8
0012368c 0000172a r b02cf
00124db8 00001a7c r d02f4
00126834 0000000c R _C_numeric_locale
00126840 000031e6 r categories
00129a28 00000070 R dotab_stdnull
00129a98 r 
00129a98 R __exidx_end
00129a98 R __exidx_start
0012a000 00000004 D currentConsole
0012a004 0000004c D defaultConsole
0012a050 00000001 d firstConsoleInit.0
0012a054 00000004 d kCount
0012a058 00000004 d kDelay
0012a05c 00000004 d kInterval
0012a060 W __stacksize__
0012a064 00000004 D _impure_ptr
0012a068 00000460 d impure_data
0012a4c8 00000408 D __malloc_av_
0012a8d0 00000004 D __malloc_sbrk_base
0012a8d4 00000004 D __malloc_trim_threshold
0012a8d8 0000000c d __malloc_recursive_mutex
0012a8e4 0000000c D __atexit_recursive_mutex
0012a8f0 0000000c d __sfp_recursive_mutex
0012a8fc 0000000c d __sinit_recursive_mutex
0012a908 0000016c D __global_locale
0012aa74 00000002 d numempty
0012aa78 00000004 d defaultDevice
0012aa7c 0000008c D devoptab_list
0012ab08 00000400 d _current_working_directory
0012af08 00000004 d __hndl_lock
0012af0c 0000000c d __stderr_handle
0012af18 0000000c d __stdin_handle
0012af24 0000000c d __stdout_handle
0012af30 00001000 d handles
0012bf38 d _GLOBAL_OFFSET_TABLE_
0012bf44 d __frame_dummy_init_array_entry
0012bf44 D __init_array_start
0012bf44 B __preinit_array_end
0012bf44 B __preinit_array_start
0012bf44 D __tdata_lma
0012bf44 D __tdata_lma_end
0012bf48 d __do_global_dtors_aux_fini_array_entry
0012bf48 D __fini_array_start
0012bf48 D __init_array_end
0012bf4c D __bss_start__
0012bf4c D __fini_array_end
0012bf4c 00000104 b msConf.3
0012c050 00000084 b msRet.2
0012c0d4 00000024 b miiname.1
0012c0f8 0000001e b miiauthor.0
0012c116 b completed.1
0012c118 b object.0
0012c130 0000004c B currentCopy
0012c17c 00000004 b gfxBottomFramebufferMaxSize
0012c180 00000008 b gfxBottomFramebuffers
0012c188 00000002 b gfxCurBuf
0012c18c 00000002 b gfxFramebufferFormats
0012c190 00000002 b gfxIsDoubleBuf
0012c192 00000001 b gfxIsVram
0012c194 00000004 b gfxTopFramebufferMaxSize
0012c198 00000008 b gfxTopFramebuffers
0012c1a0 00000001 b gfxTopMode
0012c1a4 00000004 b screenAlloc
0012c1a8 00000004 b screenFree
0012c1ac 00000004 b gspEvent
0012c1b0 0000001c b gspEventCb
0012c1cc 0000001c b gspEventCbData
0012c1e8 00000007 b gspEventCbOneShot
0012c1f0 00000004 b gspEventThread
0012c1f4 00000038 b gspEvents
0012c22c 00000004 b gspGpuHandle
0012c230 00000001 b gspGpuRight
0012c234 00000004 b gspLastEvent
0012c238 00000004 b gspRefCount
0012c23c 00000001 b gspRunEvents
0012c240 00000004 b gspSharedMem
0012c244 00000004 b gspSharedMemHandle
0012c248 00000001 b gspThreadId
0012c249 00000001 b aptChainloadFlags
0012c24a 00000001 b aptChainloadMediatype
0012c250 00000008 b aptChainloadTid
0012c258 00000004 b aptEventHandlerThread
0012c25c 00000001 b aptEventHandlerThreadQuit
0012c260 00000008 b aptEvents
0012c268 0000000c b aptFirstHook
0012c274 00000004 b aptFlags
0012c278 00000001 b aptHomeButtonState
0012c27c 00000004 b aptLockHandle
0012c280 00000004 b aptMessageFunc
0012c284 00000004 b aptMessageFuncData
0012c288 00001000 b aptParameters
0012d288 00000008 b aptReceiveEvent
0012d290 00000004 b aptRefCount
0012d294 00000008 b aptSleepEvent
0012d29c 00000001 b flagInit.1
0012d29d 00000001 b flagValue.0
0012d2a0 00000004 b serviceName.6
0012d2a4 00000006 b aVec
0012d2ac 00000004 b cPos
0012d2b0 00000006 b gRate
0012d2b8 00000014 B hidEvents
0012d2cc 00000004 B hidHandle
0012d2d0 00000004 B hidMemHandle
0012d2d4 00000004 b hidRefCount
0012d2d8 00000004 B hidSharedMem
0012d2dc 00000004 b kDown
0012d2e0 00000004 b kHeld
0012d2e4 00000004 b kOld
0012d2e8 00000004 b kRepeat
0012d2ec 00000004 b kUp
0012d2f0 00000004 b tPos
0012d2f4 00000001 b usingIrrst
0012d2f8 00000004 B __system_retAddr
0012d2fc 00000004 B __system_argc
0012d300 00000004 B __system_argv
0012d304 b saved_stack
0012d30c 0000000c b sAddrMap
0012d318 00000008 b sVramPool
0012d320 00000008 b sLinearPool
0012d328 0000000c b sAddrMap
0012d334 00000004 b arbiter
0012d338 00000001 V __ctru_speedup
0012d33c 00000004 b srvHandle
0012d340 00000004 b srvRefCount
0012d344 00000004 b currentAddr
0012d348 00000004 b maxAddr
0012d34c 00000004 b minAddr
0012d350 00000004 b csPos
0012d354 00000004 B irrstEvent
0012d358 00000004 B irrstHandle
0012d35c 00000004 B irrstMemHandle
0012d360 00000004 b irrstRefCount
0012d364 00000004 B irrstSharedMem
0012d368 00000004 b kHeld
0012d36c 00000004 b srvPmHandle
0012d370 00000004 b ptmSysmHandle
0012d374 00000004 b ptmSysmRefCount
0012d378 00000004 B __ctru_heap
0012d37c 00000004 V __ctru_heap_size
0012d380 00000004 B __ctru_linear_heap
0012d384 00000004 V __ctru_linear_heap_size
0012d388 00000004 b archive_device_cwd
0012d390 00000540 b archive_devices
0012d8d0 00000001 b archive_initialized
0012d8d8 00000080 b fsExemptArchives
0012d958 00000004 b fsuHandle
0012d95c 00000004 b fsuRefCount
0012d960 00000028 B __malloc_current_mallinfo
0012d988 00000004 B __malloc_max_sbrked_mem
0012d98c 00000004 B __malloc_max_total_mem
0012d990 00000004 B __malloc_top_pad
0012d994 00000004 b heap_start.0
0012d998 00000004 B fake_heap_end
0012d99c 00000004 B fake_heap_start
0012d9a0 00000400 b temp_cwd
0012dda0 00000048 B __syscalls
0012dde8 B __tls_start
0012e9f0 B __bss_end__
0012e9f0 A __end__
0012e9f0 B __tls_end
