         w __deregister_frame_info
         w __register_frame_info
         w userAppExit
         w userAppInit
00000000 00000401 B __ctru_dev_path_buf
00000000 b _TLS_MODULE_BASE_
00000000 a shift
00000000 a shift
00000404 00000802 B __ctru_dev_utf16_buf
00100000 A __start__
00100000 T _start
00100008 T __service_ptr
0010000c T __apt_appid
00100010 T __heap_size
00100014 T __linear_heap_size
00100018 T __system_arglist
0010001c T __system_runflags
00100020 t startup
00100058 t ClearMem
0010006c t ClrLoop
00100094 T _init
001000ac T __aeabi_idiv
001000ac 00000220 T __divsi3
001000b4 t .divsi3_skip_div0_test
001002cc 00000020 T __aeabi_idivmod
001002ec 00000004 W __aeabi_idiv0
001002ec 00000004 W __aeabi_ldiv0
001002f0 T __aeabi_ldivmod
001003c4 T __aeabi_uldivmod
00100408 00000390 T strcmp
00100790 t .udivsi3_skip_div0_test
00100790 T __aeabi_uidiv
00100790 000001ec T __udivsi3
0010097c 00000020 T __aeabi_uidivmod
0010099c T __aeabi_drsub
001009a4 000002b0 T __aeabi_dsub
001009a4 000002b0 T __subdf3
001009a8 000002ac T __adddf3
001009a8 000002ac T __aeabi_dadd
00100c54 00000024 T __aeabi_ui2d
00100c54 00000024 T __floatunsidf
00100c78 00000028 T __aeabi_i2d
00100c78 00000028 T __floatsidf
00100ca0 00000048 T __aeabi_f2d
00100ca0 00000048 T __extendsfdf2
00100ce8 00000074 T __aeabi_ul2d
00100ce8 00000074 T __floatundidf
00100cfc 00000060 T __aeabi_l2d
00100cfc 00000060 T __floatdidf
00100d5c t __do_global_dtors_aux
00100d9c t frame_dummy
00100dc8 000000fc T main
00100ec4 00000018 T consoleSelect
00100edc 00000178 T consoleDrawChar
00101054 00000124 T consolePrintChar
00101178 00000a00 T con_write
00101b78 00000168 T consoleInit
00101ce0 000000f4 t newRow
00101dd4 00000034 T consoleSetWindow
00101e08 000000d0 t gfxPresentFramebuffer
00101ed8 0000001c T gfxIsWide
00101ef4 000000ec T gfxSetScreenFormat
00101fe0 00000010 T gfxSetDoubleBuffering
00101ff0 00000108 T gfxInit
001020f8 00000010 T gfxInitDefault
00102108 000000b4 T gfxExit
001021bc 000000a0 T gfxGetFramebuffer
0010225c 0000010c T gfxFlushBuffers
00102368 00000050 T gfxSwapBuffers
001023b8 00000050 T gfxSwapBuffersGpu
00102408 00000c58 t gspHardwareInit
00103060 00000254 T gspInit
001032b4 000000f0 T gspExit
001033a4 00000010 T gspHasGpuRight
001033b4 00000098 T gspPresentBuffer
0010344c 00000050 T gspWaitForEvent
0010349c 00000004 W gxCmdQueueInterrupt
001034a0 00000160 t gspEventThreadMain
00103600 00000050 T GSPGPU_FlushDataCache
00103650 00000034 T GSPGPU_SetLcdForceBlack
00103684 00000068 T GSPGPU_AcquireRight
001036ec 00000048 T GSPGPU_ReleaseRight
00103734 0000007c T GSPGPU_ImportDisplayCaptureInfo
001037b0 0000002c T GSPGPU_SaveVramSysArea
001037dc 0000002c T GSPGPU_RestoreVramSysArea
00103808 000001b0 t aptConvertScreenForCapture
001039b8 00000008 W aptDspSleep
001039c0 00000004 W aptDspWakeup
001039c4 00000004 W aptDspCancel
001039c8 0000015c T aptSendCommand
00103b24 00000038 t aptExitProcess
00103b5c 000002f0 T aptExit
00103e4c 000000d8 T aptHandleSleep
00103f24 00000084 T APT_SleepIfShellClosed
00103fa8 00000084 T aptSetSleepAllowed
0010402c 00000084 T APT_UnlockTransition
001040b0 00000484 t aptEventHandler
00104534 000000b0 T APT_ReceiveParameter
001045e4 000000b0 t aptReceiveParameter.constprop.0
00104698 000002bc t aptScreenTransfer
00104954 000002d0 t aptWaitForWakeUp.isra.0
00104c24 000000f8 T aptJumpToHomeMenu
00104d1c 0000004c T aptMainLoop
00104d68 00000234 T aptInit
00104f9c 0000007c T APT_CheckNew3DS
00105018 00000024 W hidShouldUseIrrst
0010503c 0000018c T hidInit
001051c8 000000e8 T hidExit
001052b0 00000294 T hidScanInput
00105544 00000010 T hidKeysDown
00105554 00000038 W __libctru_init
0010558c 000000f0 W __system_initArgv
0010567c T svcControlMemory
0010569c T svcQueryMemory
001056cc T svcExitProcess
001056d4 T svcCreateThread
001056f4 T svcExitThread
001056fc T svcSleepThread
00105704 T svcReleaseMutex
0010570c T svcCreateEvent
00105720 T svcSignalEvent
00105728 T svcClearEvent
00105730 T svcMapMemoryBlock
00105738 T svcUnmapMemoryBlock
00105740 T svcCreateAddressArbiter
00105754 T svcArbitrateAddressNoTimeout
0010575c T svcCloseHandle
00105764 T svcWaitSynchronization
0010576c T svcWaitSynchronizationN
00105794 T svcDuplicateHandle
001057a8 T svcGetSystemTick
001057b0 T svcConnectToPort
001057c4 T svcSendSyncRequest
001057cc T svcGetResourceLimit
001057e0 T svcGetResourceLimitLimitValues
001057e8 T svcGetResourceLimitCurrentValues
001057f0 T svcBreak
001057f8 W initSystem
00105848 W __ctru_exit
00105860 00000024 t addrMapNodeComparator(rbtree_node const*, rbtree_node const*)
00105884 00000004 t addrMapNodeDestructor(rbtree_node*)
00105888 00000114 T vramMemAlign
0010599c 00000008 T vramAlloc
001059a4 0000005c T vramFree
00105a00 00000024 t addrMapNodeComparator(rbtree_node const*, rbtree_node const*)
00105a24 00000004 t addrMapNodeDestructor(rbtree_node*)
00105a28 00000120 T linearMemAlign
00105b48 00000008 T linearAlloc
00105b50 0000005c T linearFree
00105bac 00000084 T MemPool::CoalesceRight(MemBlock*)
00105c30 00000170 T MemPool::Allocate(MemChunk&, unsigned long, int)
00105da0 000000fc T MemPool::Deallocate(MemChunk const&)
00105e9c 0000000c T __sync_init
00105ea8 00000018 T __sync_fini
00105ec0 0000002c T syncArbitrateAddress
00105eec 0000001c T LightLock_Init
00105f08 00000094 T LightLock_Lock
00105f9c 00000044 T LightLock_TryLock
00105fe0 00000040 T LightLock_Unlock
00106020 00000024 T RecursiveLock_Init
00106044 00000030 T RecursiveLock_Lock
00106074 00000078 T RecursiveLock_TryLock
001060ec 00000054 T RecursiveLock_Unlock
00106140 00000040 T LightEvent_Init
00106180 000000a4 T LightEvent_Clear
00106224 000000c8 T LightEvent_Signal
001062ec 00000058 T LightEvent_TryWait
00106344 000000b0 T LightEvent_Wait
001063f4 00000054 T osGetTimeRef
00106448 000000e4 T osGetTime
0010652c 00000074 T __libctru_gtod
001065a0 00000034 T __ctru_speedup_config
001065d4 00000124 T srvInit
001066f8 00000058 T srvExit
00106750 00000080 T srvGetServiceHandleDirect
001067d0 00000048 T srvGetServiceHandle
00106818 00000038 T srvPublishToSubscriber
00106850 00000188 T threadCreate
001069d8 0000002c T threadFree
00106a04 00000024 T threadJoin
00106a28 00000030 T threadGetCurrent
00106a58 00000040 T threadExit
00106a98 00000044 t _thread_begin
00106adc 00000094 t mappableFindAddressWithin
00106b70 00000028 T mappableInit
00106b98 00000080 T mappableAlloc
00106c18 00000004 T mappableFree
00106c1c 00000160 T irrstInit
00106d7c 000000cc T irrstExit
00106e48 000000b0 T irrstScanInput
00106ef8 00000024 T irrstKeysHeld
00106f1c 0000000c T srvPmGetSessionHandle
00106f28 00000074 T ptmSysmInit
00106f9c 0000003c T ptmSysmExit
00106fd8 00000034 T PTMSYSM_ConfigureNew3DSCPU
0010700c 00000010 T rbtree_init
0010701c 000001a0 t do_insert
001071bc 00000008 T rbtree_insert
001071c4 00000090 T rbtree_rotate
00107254 00000338 T rbtree_remove
0010758c 00000074 T rbtree_find
00107600 00000030 W __appInit
00107630 00000030 t __libctru_nanosleep
00107660 00000030 t __libctru_get_reent
00107690 000000f8 T __system_initSyscalls
00107788 000001e0 W __system_allocateHeaps
00107968 00000030 W __appExit
00107998 00000090 W __libctru_exit
00107a28 00000084 W envGetHandle
00107aac 00000050 W envDestroyHandles
00107afc 00000014 t archive_link
00107b10 00000014 t archive_dirreset
00107b24 00000014 t archive_chmod
00107b38 00000024 t error_cmp
00107b5c 00000050 t archive_translate_error
00107bac 000000d4 t archive_seek
00107c80 0000007c t _archiveInit.part.0
00107cfc 0000008c t archiveFindDevice.part.0
00107d88 00000294 t archive_utf16path
0010801c 000000a0 t _archiveUnmountDeviceStruct.part.0
001080bc 00000014 t archive_fchmod
001080d0 00000014 t archive_statvfs
001080e4 00000158 t _archiveMountDevice
0010823c 000000e8 t archive_diropen
00108324 000000a4 t archive_fstat
001083c8 0000006c t archive_close
00108434 0000006c t archive_fsync
001084a0 00000070 t archive_dirclose
00108510 000000e8 t sdmc_statvfs
001085f8 00000080 t archive_ftruncate
00108678 000000fc t archive_chdir
00108774 000000b0 t archive_read
00108824 000000ac t archive_unlink
001088d0 000000c8 t archive_rmdir
00108998 000000ec t archive_mkdir
00108a84 000001a8 t archive_stat
00108c2c 00000184 t archive_rename
00108db0 00000168 t archive_dirnext
00108f18 0000012c t archive_write
00109044 000001f0 t archive_open
00109234 000001a4 T archiveMountSdmc
001093d8 00000054 T archiveUnmountAll
0010942c 000000c8 T fsInit
001094f4 0000003c T fsExit
00109530 00000060 T fsExemptFromSession
00109590 00000050 T fsUnexemptFromSession
001095e0 000000cc T FSUSER_OpenFile
001096ac 000000bc T FSUSER_DeleteFile
00109768 000000f8 T FSUSER_RenameFile
00109860 000000bc T FSUSER_DeleteDirectory
0010991c 000000d4 T FSUSER_CreateFile
001099f0 000000c4 T FSUSER_CreateDirectory
00109ab4 000000f8 T FSUSER_RenameDirectory
00109bac 000000b4 T FSUSER_OpenDirectory
00109c60 00000094 T FSUSER_OpenArchive
00109cf4 0000008c T FSUSER_CloseArchive
00109d80 00000074 T FSUSER_GetSdmcArchiveResource
00109df4 00000064 T FSUSER_IsSdmcWritable
00109e58 00000058 T FSFILE_Read
00109eb0 00000060 T FSFILE_Write
00109f10 00000038 T FSFILE_GetSize
00109f48 00000028 T FSFILE_SetSize
00109f70 0000003c T FSFILE_Close
00109fac 00000024 T FSFILE_Flush
00109fd0 00000050 T FSDIR_Read
0010a020 0000003c T FSDIR_Close
0010a05c 00000050 T rbtree_node_next
0010a0ac 000000e8 T utf16_to_utf8
0010a194 00000064 T decode_utf16
0010a1f8 0000013c T decode_utf8
0010a334 000000c0 T utf8_to_utf16
0010a3f4 T __aeabi_read_tp
0010a400 00000060 T encode_utf16
0010a460 000000fc T encode_utf8
0010a55c 00000120 T __udivmoddi4
0010a67c 00000078 T bsearch
0010a6f4 0000000c T __errno
0010a700 00000034 T exit
0010a734 0000003c T __libc_fini_array
0010a770 0000007c T __libc_init_array
0010a7ec 00000028 T memalign
0010a814 00000148 T _memalign_r
0010a95c 00000020 T malloc
0010a97c 00000020 T free
0010a99c 000007f0 T _malloc_r
0010b18c 000000e0 T memchr
0010b26c 0000011c T memcpy
0010b388 00000118 T memset
0010b4a0 0000000c T __malloc_lock
0010b4ac 0000000c T __malloc_unlock
0010b4b8 00000034 T printf
0010b4ec 000000e0 T _puts_r
0010b5cc 00000020 T puts
0010b5ec 00000260 T setvbuf
0010b84c 00000074 T sscanf
0010b8c0 00000044 T __sread
0010b904 00000008 T __seofread
0010b90c 00000068 T __swrite
0010b974 00000048 T __sseek
0010b9bc 00000008 T __sclose
0010b9c4 0000005c T strlen
0010ba20 000000ec T strncat
0010bb0c 000000dc T strncmp
0010bbe8 000000c0 T strncpy
0010bca8 00000048 T strnlen
0010bcf0 00000050 t get_arg
0010bd40 00002b68 T __ssvfscanf_r
0010e8a8 0000064c t get_arg
0010eef4 00000034 T __sprint_r
0010ef28 00002584 T _vfiprintf_r
001114ac 000000d4 t __sbprintf
00111580 0000064c t get_arg
00111bd0 000038d4 T _vfprintf_r
001154a4 000000d4 t __sbprintf
00115578 00000054 T _wcrtomb_r
001155cc 00000028 T _wcsrtombs_r
001155f4 00000154 T __swsetup_r
00115748 00000114 T __call_exitprocs
0011585c 000001a8 t quorem
00115a08 000012ec T _dtoa_r
00116cf4 00000258 T __sflush_r
00116f4c 00000094 T _fflush_r
00116fe0 0000000c T _cleanup_r
00116fec 00000184 T __sinit
00117170 0000000c T __sfp_lock_acquire
0011717c 0000000c T __sfp_lock_release
00117188 000000f8 T _malloc_trim_r
00117280 000002e4 T _free_r
00117564 000004a4 T __sfvwrite_r
00117a08 00000070 T _fwalk_reent
00117a78 00000008 T iswspace
00117a80 0000000c T _localeconv_r
00117a8c 00000010 T __locale_mb_cur_max
00117a9c 00000138 T __smakebuf_r
00117bd4 00000094 T __swhatbuf_r
00117c68 00000068 T _mbrtowc_r
00117cd0 000002fc T __utf8_mbtowc
00117fcc 00000154 T memmove
00118120 00000088 T _Balloc
001181a8 0000001c T _Bfree
001181c4 000000f4 T __multadd
001182b8 00000110 T __s2b
001183c8 00000058 T __hi0bits
00118420 0000009c T __lo0bits
001184bc 000000a4 T __i2b
00118560 00000204 T __multiply
00118764 00000120 T __pow5mult
00118884 0000013c T __lshift
001189c0 00000058 T __mcmp
00118a18 000001cc T __mdiff
00118be4 00000088 T __ulp
00118c6c 000000d4 T __b2d
00118d40 0000012c T __d2b
00118e6c 00000078 T __ratio
00118ee4 00000088 T __copybits
00118f6c 0000005c T __any_on
00118fc8 00000028 T realloc
00118ff0 00000598 T _realloc_r
00119588 000000e4 T __sccl
0011966c 0000000c T nanf
00119678 000000a8 T frexp
00119720 00000064 T sprintf
00119784 000000b8 T stpncpy
0011983c 00000144 T strchr
00119980 0000130c T _strtod_l
0011ac8c 0000000c T _strtod_r
0011ac98 0000022c t _strtoll_l.constprop.0
0011aec4 00000004 T _strtoll_r
0011aec8 000001b0 t _strtol_l.part.0
0011b078 0000003c T _strtol_r
0011b0b4 00000244 t _strtoull_l.constprop.0
0011b2f8 00000004 T _strtoull_r
0011b2fc 000001c8 t _strtoul_l.constprop.0
0011b4c4 00000004 T _strtoul_r
0011b4c8 00000188 T __ssprint_r
0011b650 000000e0 T _sungetc_r
0011b730 0000006c T __ssrefill_r
0011b79c 000000c8 T _sfread_r
0011b864 0000064c t get_arg
0011beb0 00003808 T _svfprintf_r
0011f6b8 000000a8 T __submore
0011f760 00000190 T _wcsnrtombs_l
0011f8f0 0000004c T _wcsnrtombs_r
0011f93c 000000f0 T __utf8_wctomb
0011fa2c 0000005c T __assert_func
0011fa88 00000094 T _calloc_r
0011fb1c 00000160 T _fclose_r
0011fc7c 0000003c T fiprintf
0011fcb8 000000ec t rshift
0011fda4 00000928 T __gethex
001206cc 0000004c T __match
00120718 0000029c T __hexnan
001209b4 0000003c T iswspace_l
001209f0 000001d4 t __jp2uc
00120bc4 0000009c T _jp2uc_l
00120c60 00000010 T nan
00120c70 00000014 T abort
00120c84 00000084 T category
00120d08 00000098 T _raise_r
00120da0 00000020 T raise
00120dc0 00000008 t null_write
00120dc8 00000018 T setDefaultDevice
00120de0 000000c8 T FindDevice
00120ea8 00000028 T RemoveDevice
00120ed0 0000009c T AddDevice
00120f6c 00000020 T GetDeviceOpTab
00120f8c 00000078 T _fstat_r
00121004 00000014 T _getpid_r
00121018 00000008 T _isatty_r
00121020 00000014 T _kill_r
00121034 00000084 T _lseek_r
001210b8 00000080 T _read_r
00121138 00000078 T _sbrk_r
001211b0 00000080 T _write_r
00121230 00000024 T _exit
00121254 000001b8 T _concatenate_path
0012140c 00000160 T chdir
0012156c 00000008 T __flockfile
00121574 00000008 T __funlockfile
0012157c 00000018 T __libc_lock_acquire
00121594 00000018 T __libc_lock_release
001215ac 00000018 T __libc_lock_init_recursive
001215c4 00000018 T __libc_lock_acquire_recursive
001215dc 00000018 T __libc_lock_release_recursive
001215f4 00000018 T __libc_lock_close_recursive
0012160c 0000003c T __get_handle
00121648 000000f4 T _close_r
0012173c 00000028 T __getreent
00121764 00000038 T __aeabi_d2lz
00121764 00000038 T __fixdfdi
001217a0 00000040 T __aeabi_d2ulz
001217a0 00000040 T __fixunsdfdi
001217e0 00000044 T strrchr
00121824 T _fini
0012210c 00000030 r colorTable
0012213c 00000070 r dotab_stdout
001221d0 00000008 r morton_x.3
001221d8 00000008 r morton_y.2
001221e0 00000008 r s_sleepWakeEvents.4
00122200 R default_font_bin
00122a00 R default_font_bin_end
00122a38 00000070 r archive_devoptab
00122aa8 00000030 r error_table
00122ae0 00000004 R _global_impure_ptr
00122aec 00000022 r basefix.0
00122b38 00000010 r blanks.1
00122b48 00000010 r zeroes.0
00122b6c 00000010 r blanks.1
00122b7c 00000010 r zeroes.0
00122b8c 00000101 R _ctype_
00122ca0 r .LC2
00122d80 00000028 R __mprec_bigtens
00122da8 000000c8 R __mprec_tens
00122e70 0000000c r p05.0
00122e8c 00000014 r fpi.1
00122ea0 00000014 r fpinan.0
00122eb8 00000028 r tinytens
00122ee0 0000006c R __action_table
00122f4c 00000100 R __chclass
0012304c 0000006c R __state_table
001230b8 00000010 r blanks.1
001230c8 00000010 r zeroes.0
00123160 00000100 R __hexdig
00123274 000000bc r a1
00123330 000000bc r a2
001233ec 0000005b r a3
00123448 00000070 r a6
001234b8 000000a2 r a7
0012355c 00000040 r a8
0012359c 0000172a r b02cf
00124cc8 00001a7c r d02f4
00126744 0000000c R _C_numeric_locale
00126750 000031e6 r categories
00129938 00000070 R dotab_stdnull
001299a8 r 
001299a8 R __exidx_end
001299a8 R __exidx_start
0012a000 00000004 D currentConsole
0012a004 0000004c D defaultConsole
0012a050 00000001 d firstConsoleInit.0
0012a054 00000004 d kCount
0012a058 00000004 d kDelay
0012a05c 00000004 d kInterval
0012a060 W __stacksize__
0012a064 00000004 D _impure_ptr
0012a068 00000460 d impure_data
0012a4c8 00000408 D __malloc_av_
0012a8d0 00000004 D __malloc_sbrk_base
0012a8d4 00000004 D __malloc_trim_threshold
0012a8d8 0000000c d __malloc_recursive_mutex
0012a8e4 0000000c D __atexit_recursive_mutex
0012a8f0 0000000c d __sfp_recursive_mutex
0012a8fc 0000000c d __sinit_recursive_mutex
0012a908 0000016c D __global_locale
0012aa74 00000002 d numempty
0012aa78 00000004 d defaultDevice
0012aa7c 0000008c D devoptab_list
0012ab08 00000400 d _current_working_directory
0012af08 00000004 d __hndl_lock
0012af0c 0000000c d __stderr_handle
0012af18 0000000c d __stdin_handle
0012af24 0000000c d __stdout_handle
0012af30 00001000 d handles
0012bf38 d _GLOBAL_OFFSET_TABLE_
0012bf44 d __frame_dummy_init_array_entry
0012bf44 D __init_array_start
0012bf44 B __preinit_array_end
0012bf44 B __preinit_array_start
0012bf44 D __tdata_lma
0012bf44 D __tdata_lma_end
0012bf48 d __do_global_dtors_aux_fini_array_entry
0012bf48 D __fini_array_start
0012bf48 D __init_array_end
0012bf4c D __bss_start__
0012bf4c D __fini_array_end
0012bf4c b completed.1
0012bf50 b object.0
0012bf68 0000004c B currentCopy
0012bfb4 00000004 b gfxBottomFramebufferMaxSize
0012bfb8 00000008 b gfxBottomFramebuffers
0012bfc0 00000002 b gfxCurBuf
0012bfc4 00000002 b gfxFramebufferFormats
0012bfc8 00000002 b gfxIsDoubleBuf
0012bfca 00000001 b gfxIsVram
0012bfcc 00000004 b gfxTopFramebufferMaxSize
0012bfd0 00000008 b gfxTopFramebuffers
0012bfd8 00000001 b gfxTopMode
0012bfdc 00000004 b screenAlloc
0012bfe0 00000004 b screenFree
0012bfe4 00000004 b gspEvent
0012bfe8 0000001c b gspEventCb
0012c004 0000001c b gspEventCbData
0012c020 00000007 b gspEventCbOneShot
0012c028 00000004 b gspEventThread
0012c02c 00000038 b gspEvents
0012c064 00000004 b gspGpuHandle
0012c068 00000001 b gspGpuRight
0012c06c 00000004 b gspLastEvent
0012c070 00000004 b gspRefCount
0012c074 00000001 b gspRunEvents
0012c078 00000004 b gspSharedMem
0012c07c 00000004 b gspSharedMemHandle
0012c080 00000001 b gspThreadId
0012c081 00000001 b aptChainloadFlags
0012c082 00000001 b aptChainloadMediatype
0012c088 00000008 b aptChainloadTid
0012c090 00000004 b aptEventHandlerThread
0012c094 00000001 b aptEventHandlerThreadQuit
0012c098 00000008 b aptEvents
0012c0a0 0000000c b aptFirstHook
0012c0ac 00000004 b aptFlags
0012c0b0 00000001 b aptHomeButtonState
0012c0b4 00000004 b aptLockHandle
0012c0b8 00000004 b aptMessageFunc
0012c0bc 00000004 b aptMessageFuncData
0012c0c0 00001000 b aptParameters
0012d0c0 00000008 b aptReceiveEvent
0012d0c8 00000004 b aptRefCount
0012d0cc 00000008 b aptSleepEvent
0012d0d4 00000001 b flagInit.1
0012d0d5 00000001 b flagValue.0
0012d0d8 00000004 b serviceName.6
0012d0dc 00000006 b aVec
0012d0e4 00000004 b cPos
0012d0e8 00000006 b gRate
0012d0f0 00000014 B hidEvents
0012d104 00000004 B hidHandle
0012d108 00000004 B hidMemHandle
0012d10c 00000004 b hidRefCount
0012d110 00000004 B hidSharedMem
0012d114 00000004 b kDown
0012d118 00000004 b kHeld
0012d11c 00000004 b kOld
0012d120 00000004 b kRepeat
0012d124 00000004 b kUp
0012d128 00000004 b tPos
0012d12c 00000001 b usingIrrst
0012d130 00000004 B __system_retAddr
0012d134 00000004 B __system_argc
0012d138 00000004 B __system_argv
0012d13c b saved_stack
0012d144 0000000c b sAddrMap
0012d150 00000008 b sVramPool
0012d158 00000008 b sLinearPool
0012d160 0000000c b sAddrMap
0012d16c 00000004 b arbiter
0012d170 00000001 V __ctru_speedup
0012d174 00000004 b srvHandle
0012d178 00000004 b srvRefCount
0012d17c 00000004 b currentAddr
0012d180 00000004 b maxAddr
0012d184 00000004 b minAddr
0012d188 00000004 b csPos
0012d18c 00000004 B irrstEvent
0012d190 00000004 B irrstHandle
0012d194 00000004 B irrstMemHandle
0012d198 00000004 b irrstRefCount
0012d19c 00000004 B irrstSharedMem
0012d1a0 00000004 b kHeld
0012d1a4 00000004 b srvPmHandle
0012d1a8 00000004 b ptmSysmHandle
0012d1ac 00000004 b ptmSysmRefCount
0012d1b0 00000004 B __ctru_heap
0012d1b4 00000004 V __ctru_heap_size
0012d1b8 00000004 B __ctru_linear_heap
0012d1bc 00000004 V __ctru_linear_heap_size
0012d1c0 00000004 b archive_device_cwd
0012d1c8 00000540 b archive_devices
0012d708 00000001 b archive_initialized
0012d710 00000080 b fsExemptArchives
0012d790 00000004 b fsuHandle
0012d794 00000004 b fsuRefCount
0012d798 00000028 B __malloc_current_mallinfo
0012d7c0 00000004 B __malloc_max_sbrked_mem
0012d7c4 00000004 B __malloc_max_total_mem
0012d7c8 00000004 B __malloc_top_pad
0012d7cc 00000004 b heap_start.0
0012d7d0 00000004 B fake_heap_end
0012d7d4 00000004 B fake_heap_start
0012d7d8 00000400 b temp_cwd
0012dbd8 00000048 B __syscalls
0012dc20 B __tls_start
0012e828 B __bss_end__
0012e828 A __end__
0012e828 B __tls_end
