         w __deregister_frame_info
         w __register_frame_info
         w userAppExit
         w userAppInit
00000000 00000401 B __ctru_dev_path_buf
00000000 b _TLS_MODULE_BASE_
00000000 a shift
00000000 a shift
00000404 00000802 B __ctru_dev_utf16_buf
00100000 A __start__
00100000 T _start
00100008 T __service_ptr
0010000c T __apt_appid
00100010 T __heap_size
00100014 T __linear_heap_size
00100018 T __system_arglist
0010001c T __system_runflags
00100020 t startup
00100058 t ClearMem
0010006c t ClrLoop
00100094 T _init
001000ac T __aeabi_idiv
001000ac 00000220 T __divsi3
001000b4 t .divsi3_skip_div0_test
001002cc 00000020 T __aeabi_idivmod
001002ec 00000004 W __aeabi_idiv0
001002ec 00000004 W __aeabi_ldiv0
001002f0 T __aeabi_ldivmod
001003c4 T __aeabi_uldivmod
00100408 00000390 T strcmp
00100790 t .udivsi3_skip_div0_test
00100790 T __aeabi_uidiv
00100790 000001ec T __udivsi3
0010097c 00000020 T __aeabi_uidivmod
0010099c T __aeabi_drsub
001009a4 000002b0 T __aeabi_dsub
001009a4 000002b0 T __subdf3
001009a8 000002ac T __adddf3
001009a8 000002ac T __aeabi_dadd
00100c54 00000024 T __aeabi_ui2d
00100c54 00000024 T __floatunsidf
00100c78 00000028 T __aeabi_i2d
00100c78 00000028 T __floatsidf
00100ca0 00000048 T __aeabi_f2d
00100ca0 00000048 T __extendsfdf2
00100ce8 00000074 T __aeabi_ul2d
00100ce8 00000074 T __floatundidf
00100cfc 00000060 T __aeabi_l2d
00100cfc 00000060 T __floatdidf
00100d5c t __do_global_dtors_aux
00100d9c t frame_dummy
00100dc8 00000018 T socShutdown
00100de0 000000ac T failExit
00100e8c 000003e4 T main
00101270 00000178 T consoleDrawChar
001013e8 00000124 T consolePrintChar
0010150c 00000a00 T con_write
00101f0c 00000168 T consoleInit
00102074 000000f4 t newRow
00102168 000000d0 t gfxPresentFramebuffer
00102238 0000001c T gfxIsWide
00102254 000000ec T gfxSetScreenFormat
00102340 00000010 T gfxSetDoubleBuffering
00102350 00000108 T gfxInit
00102458 00000010 T gfxInitDefault
00102468 000000b4 T gfxExit
0010251c 000000a0 T gfxGetFramebuffer
001025bc 0000010c T gfxFlushBuffers
001026c8 00000050 T gfxSwapBuffersGpu
00102718 00000c58 t gspHardwareInit
00103370 00000254 T gspInit
001035c4 000000f0 T gspExit
001036b4 00000010 T gspHasGpuRight
001036c4 00000098 T gspPresentBuffer
0010375c 00000050 T gspWaitForEvent
001037ac 00000004 W gxCmdQueueInterrupt
001037b0 00000160 t gspEventThreadMain
00103910 00000050 T GSPGPU_FlushDataCache
00103960 00000034 T GSPGPU_SetLcdForceBlack
00103994 00000068 T GSPGPU_AcquireRight
001039fc 00000048 T GSPGPU_ReleaseRight
00103a44 0000007c T GSPGPU_ImportDisplayCaptureInfo
00103ac0 0000002c T GSPGPU_SaveVramSysArea
00103aec 0000002c T GSPGPU_RestoreVramSysArea
00103b18 000001b0 t aptConvertScreenForCapture
00103cc8 00000008 W aptDspSleep
00103cd0 00000004 W aptDspWakeup
00103cd4 00000004 W aptDspCancel
00103cd8 0000015c T aptSendCommand
00103e34 00000038 t aptExitProcess
00103e6c 000002f0 T aptExit
0010415c 000000d8 T aptHandleSleep
00104234 00000084 T APT_SleepIfShellClosed
001042b8 00000084 T aptSetSleepAllowed
0010433c 00000084 T APT_UnlockTransition
001043c0 00000484 t aptEventHandler
00104844 000000b0 T APT_ReceiveParameter
001048f4 000000b0 t aptReceiveParameter.constprop.0
001049a8 000002bc t aptScreenTransfer
00104c64 000002d0 t aptWaitForWakeUp.isra.0
00104f34 000000f8 T aptJumpToHomeMenu
0010502c 0000004c T aptMainLoop
00105078 00000234 T aptInit
001052ac 0000007c T APT_CheckNew3DS
00105328 00000024 W hidShouldUseIrrst
0010534c 0000018c T hidInit
001054d8 000000e8 T hidExit
001055c0 00000294 T hidScanInput
00105854 00000010 T hidKeysDown
00105864 00000158 T socket
001059bc 000001e8 T accept
00105ba4 00000020 T recv
00105bc4 0000003c T _net_convert_error
00105c00 00000050 T gethostid
00105c50 0000017c T bind
00105dcc 00000150 T fcntl
00105f1c 000000e0 T inet_ntoa
00105ffc 00000014 t soc_open
00106010 00000034 t soc_read
00106044 00000034 t soc_write
00106078 0000008c t soc_close
00106104 0000014c T socInit
00106250 00000088 T socExit
001062d8 000000f8 T listen
001063d0 00000144 T socuipc_cmd7
00106514 0000015c T socuipc_cmd8
00106670 00000024 T soc_recvfrom
00106694 000000a8 T recvfrom
0010673c 0000015c T socuipc_cmd9
00106898 00000160 T socuipc_cmda
001069f8 00000024 T soc_sendto
00106a1c 000000a8 T sendto
00106ac4 00000020 T send
00106ae4 00000038 W __libctru_init
00106b1c 000000f0 W __system_initArgv
00106c0c T svcControlMemory
00106c2c T svcQueryMemory
00106c5c T svcExitProcess
00106c64 T svcCreateThread
00106c84 T svcExitThread
00106c8c T svcSleepThread
00106c94 T svcReleaseMutex
00106c9c T svcCreateEvent
00106cb0 T svcSignalEvent
00106cb8 T svcClearEvent
00106cc0 T svcCreateMemoryBlock
00106cd8 T svcMapMemoryBlock
00106ce0 T svcUnmapMemoryBlock
00106ce8 T svcCreateAddressArbiter
00106cfc T svcArbitrateAddressNoTimeout
00106d04 T svcCloseHandle
00106d0c T svcWaitSynchronization
00106d14 T svcWaitSynchronizationN
00106d3c T svcDuplicateHandle
00106d50 T svcGetSystemTick
00106d58 T svcConnectToPort
00106d6c T svcSendSyncRequest
00106d74 T svcGetResourceLimit
00106d88 T svcGetResourceLimitLimitValues
00106d90 T svcGetResourceLimitCurrentValues
00106d98 T svcBreak
00106da0 W initSystem
00106df0 W __ctru_exit
00106e08 00000024 t addrMapNodeComparator(rbtree_node const*, rbtree_node const*)
00106e2c 00000004 t addrMapNodeDestructor(rbtree_node*)
00106e30 00000114 T vramMemAlign
00106f44 00000008 T vramAlloc
00106f4c 0000005c T vramFree
00106fa8 00000024 t addrMapNodeComparator(rbtree_node const*, rbtree_node const*)
00106fcc 00000004 t addrMapNodeDestructor(rbtree_node*)
00106fd0 00000120 T linearMemAlign
001070f0 00000008 T linearAlloc
001070f8 0000005c T linearFree
00107154 00000084 T MemPool::CoalesceRight(MemBlock*)
001071d8 00000170 T MemPool::Allocate(MemChunk&, unsigned long, int)
00107348 000000fc T MemPool::Deallocate(MemChunk const&)
00107444 0000000c T __sync_init
00107450 00000018 T __sync_fini
00107468 0000002c T syncArbitrateAddress
00107494 0000001c T LightLock_Init
001074b0 00000094 T LightLock_Lock
00107544 00000044 T LightLock_TryLock
00107588 00000040 T LightLock_Unlock
001075c8 00000024 T RecursiveLock_Init
001075ec 00000030 T RecursiveLock_Lock
0010761c 00000078 T RecursiveLock_TryLock
00107694 00000054 T RecursiveLock_Unlock
001076e8 00000040 T LightEvent_Init
00107728 000000a4 T LightEvent_Clear
001077cc 000000c8 T LightEvent_Signal
00107894 00000058 T LightEvent_TryWait
001078ec 000000b0 T LightEvent_Wait
0010799c 00000054 T osGetTimeRef
001079f0 000000e4 T osGetTime
00107ad4 00000074 T __libctru_gtod
00107b48 00000034 T __ctru_speedup_config
00107b7c 00000124 T srvInit
00107ca0 00000058 T srvExit
00107cf8 00000080 T srvGetServiceHandleDirect
00107d78 00000048 T srvGetServiceHandle
00107dc0 00000038 T srvPublishToSubscriber
00107df8 00000188 T threadCreate
00107f80 0000002c T threadFree
00107fac 00000024 T threadJoin
00107fd0 00000030 T threadGetCurrent
00108000 00000040 T threadExit
00108040 00000044 t _thread_begin
00108084 00000094 t mappableFindAddressWithin
00108118 00000028 T mappableInit
00108140 00000080 T mappableAlloc
001081c0 00000004 T mappableFree
001081c4 00000160 T irrstInit
00108324 000000cc T irrstExit
001083f0 000000b0 T irrstScanInput
001084a0 00000024 T irrstKeysHeld
001084c4 0000000c T srvPmGetSessionHandle
001084d0 00000074 T ptmSysmInit
00108544 0000003c T ptmSysmExit
00108580 00000034 T PTMSYSM_ConfigureNew3DSCPU
001085b4 00000010 T rbtree_init
001085c4 000001a0 t do_insert
00108764 00000008 T rbtree_insert
0010876c 00000090 T rbtree_rotate
001087fc 00000338 T rbtree_remove
00108b34 00000074 T rbtree_find
00108ba8 00000030 W __appInit
00108bd8 00000030 t __libctru_nanosleep
00108c08 00000030 t __libctru_get_reent
00108c38 000000f8 T __system_initSyscalls
00108d30 000001e0 W __system_allocateHeaps
00108f10 00000030 W __appExit
00108f40 00000090 W __libctru_exit
00108fd0 00000084 W envGetHandle
00109054 00000050 W envDestroyHandles
001090a4 00000014 t archive_link
001090b8 00000014 t archive_dirreset
001090cc 00000014 t archive_chmod
001090e0 00000024 t error_cmp
00109104 00000050 t archive_translate_error
00109154 000000d4 t archive_seek
00109228 0000007c t _archiveInit.part.0
001092a4 0000008c t archiveFindDevice.part.0
00109330 00000294 t archive_utf16path
001095c4 000000a0 t _archiveUnmountDeviceStruct.part.0
00109664 00000014 t archive_fchmod
00109678 00000014 t archive_statvfs
0010968c 00000158 t _archiveMountDevice
001097e4 000000e8 t archive_diropen
001098cc 000000a4 t archive_fstat
00109970 0000006c t archive_close
001099dc 0000006c t archive_fsync
00109a48 00000070 t archive_dirclose
00109ab8 000000e8 t sdmc_statvfs
00109ba0 00000080 t archive_ftruncate
00109c20 000000fc t archive_chdir
00109d1c 000000b0 t archive_read
00109dcc 000000ac t archive_unlink
00109e78 000000c8 t archive_rmdir
00109f40 000000ec t archive_mkdir
0010a02c 000001a8 t archive_stat
0010a1d4 00000184 t archive_rename
0010a358 00000168 t archive_dirnext
0010a4c0 0000012c t archive_write
0010a5ec 000001f0 t archive_open
0010a7dc 000001a4 T archiveMountSdmc
0010a980 00000054 T archiveUnmountAll
0010a9d4 000000c8 T fsInit
0010aa9c 0000003c T fsExit
0010aad8 00000060 T fsExemptFromSession
0010ab38 00000050 T fsUnexemptFromSession
0010ab88 000000cc T FSUSER_OpenFile
0010ac54 000000bc T FSUSER_DeleteFile
0010ad10 000000f8 T FSUSER_RenameFile
0010ae08 000000bc T FSUSER_DeleteDirectory
0010aec4 000000d4 T FSUSER_CreateFile
0010af98 000000c4 T FSUSER_CreateDirectory
0010b05c 000000f8 T FSUSER_RenameDirectory
0010b154 000000b4 T FSUSER_OpenDirectory
0010b208 00000094 T FSUSER_OpenArchive
0010b29c 0000008c T FSUSER_CloseArchive
0010b328 00000074 T FSUSER_GetSdmcArchiveResource
0010b39c 00000064 T FSUSER_IsSdmcWritable
0010b400 00000058 T FSFILE_Read
0010b458 00000060 T FSFILE_Write
0010b4b8 00000038 T FSFILE_GetSize
0010b4f0 00000028 T FSFILE_SetSize
0010b518 0000003c T FSFILE_Close
0010b554 00000024 T FSFILE_Flush
0010b578 00000050 T FSDIR_Read
0010b5c8 0000003c T FSDIR_Close
0010b604 00000050 T rbtree_node_next
0010b654 000000e8 T utf16_to_utf8
0010b73c 00000064 T decode_utf16
0010b7a0 0000013c T decode_utf8
0010b8dc 000000c0 T utf8_to_utf16
0010b99c T __aeabi_read_tp
0010b9a8 00000060 T encode_utf16
0010ba08 000000fc T encode_utf8
0010bb04 00000120 T __udivmoddi4
0010bc24 00000014 T atexit
0010bc38 00000078 T bsearch
0010bcb0 0000000c T __errno
0010bcbc 00000034 T exit
0010bcf0 0000003c T __libc_fini_array
0010bd2c 0000007c T __libc_init_array
0010bda8 00000028 T memalign
0010bdd0 00000148 T _memalign_r
0010bf18 00000020 T malloc
0010bf38 00000020 T free
0010bf58 000007f0 T _malloc_r
0010c748 000000e0 T memchr
0010c828 0000011c T memcpy
0010c944 00000118 T memset
0010ca5c 0000000c T __malloc_lock
0010ca68 0000000c T __malloc_unlock
0010ca74 00000034 T printf
0010caa8 000000e0 T _puts_r
0010cb88 00000020 T puts
0010cba8 00000260 T setvbuf
0010ce08 00000064 T sprintf
0010ce6c 00000074 T sscanf
0010cee0 00000044 T __sread
0010cf24 00000008 T __seofread
0010cf2c 00000068 T __swrite
0010cf94 00000048 T __sseek
0010cfdc 00000008 T __sclose
0010cfe4 0000063c T _strerror_r
0010d620 00000028 T strerror
0010d648 0000005c T strlen
0010d6a4 000000ec T strncat
0010d790 000000dc T strncmp
0010d86c 000000c0 T strncpy
0010d92c 00000048 T strnlen
0010d974 0000064c t get_arg
0010dfc0 00003808 T _svfprintf_r
001117c8 00000050 t get_arg
00111818 00002b68 T __ssvfscanf_r
00114380 00000020 T close
001143a0 00000008 T _user_strerror
001143a8 0000064c t get_arg
001149f4 00000034 T __sprint_r
00114a28 00002584 T _vfiprintf_r
00116fac 000000d4 t __sbprintf
00117080 0000064c t get_arg
001176d0 000038d4 T _vfprintf_r
0011afa4 000000d4 t __sbprintf
0011b078 00000028 T vprintf
0011b0a0 00000054 T _wcrtomb_r
0011b0f4 00000028 T _wcsrtombs_r
0011b11c 00000154 T __swsetup_r
0011b270 000000b0 T __register_exitproc
0011b320 00000114 T __call_exitprocs
0011b434 000001a8 t quorem
0011b5e0 000012ec T _dtoa_r
0011c8cc 00000258 T __sflush_r
0011cb24 00000094 T _fflush_r
0011cbb8 0000000c T _cleanup_r
0011cbc4 00000184 T __sinit
0011cd48 0000000c T __sfp_lock_acquire
0011cd54 0000000c T __sfp_lock_release
0011cd60 000000f8 T _malloc_trim_r
0011ce58 000002e4 T _free_r
0011d13c 000004a4 T __sfvwrite_r
0011d5e0 00000070 T _fwalk_reent
0011d650 00000008 T iswspace
0011d658 0000000c T _localeconv_r
0011d664 00000010 T __locale_mb_cur_max
0011d674 00000138 T __smakebuf_r
0011d7ac 00000094 T __swhatbuf_r
0011d840 00000068 T _mbrtowc_r
0011d8a8 000002fc T __utf8_mbtowc
0011dba4 00000154 T memmove
0011dcf8 00000088 T _Balloc
0011dd80 0000001c T _Bfree
0011dd9c 000000f4 T __multadd
0011de90 00000110 T __s2b
0011dfa0 00000058 T __hi0bits
0011dff8 0000009c T __lo0bits
0011e094 000000a4 T __i2b
0011e138 00000204 T __multiply
0011e33c 00000120 T __pow5mult
0011e45c 0000013c T __lshift
0011e598 00000058 T __mcmp
0011e5f0 000001cc T __mdiff
0011e7bc 00000088 T __ulp
0011e844 000000d4 T __b2d
0011e918 0000012c T __d2b
0011ea44 00000078 T __ratio
0011eabc 00000088 T __copybits
0011eb44 0000005c T __any_on
0011eba0 00000028 T realloc
0011ebc8 00000598 T _realloc_r
0011f160 000000e4 T __sccl
0011f244 0000000c T nanf
0011f250 000000a8 T frexp
0011f2f8 000000b8 T stpncpy
0011f3b0 00000144 T strchr
0011f4f8 0000130c T _strtod_l
00120804 0000000c T _strtod_r
00120810 0000022c t _strtoll_l.constprop.0
00120a3c 00000004 T _strtoll_r
00120a40 000001b0 t _strtol_l.part.0
00120bf0 0000003c T _strtol_r
00120c2c 00000244 t _strtoull_l.constprop.0
00120e70 00000004 T _strtoull_r
00120e74 000001c8 t _strtoul_l.constprop.0
0012103c 00000004 T _strtoul_r
00121040 00000188 T __ssprint_r
001211c8 000000e0 T _sungetc_r
001212a8 0000006c T __ssrefill_r
00121314 000000c8 T _sfread_r
001213dc 000000a8 T __submore
00121484 00000190 T _wcsnrtombs_l
00121614 0000004c T _wcsnrtombs_r
00121660 000000f0 T __utf8_wctomb
00121750 0000005c T __assert_func
001217ac 00000094 T _calloc_r
00121840 00000160 T _fclose_r
001219a0 0000003c T fiprintf
001219dc 000000ec t rshift
00121ac8 00000928 T __gethex
001223f0 0000004c T __match
0012243c 0000029c T __hexnan
001226d8 0000003c T iswspace_l
00122714 000001d4 t __jp2uc
001228e8 0000009c T _jp2uc_l
00122988 00000010 T nan
00122998 00000014 T abort
001229ac 00000084 T category
00122a30 00000098 T _raise_r
00122ac8 00000020 T raise
00122ae8 00000008 t null_write
00122af0 00000018 T setDefaultDevice
00122b08 000000c8 T FindDevice
00122bd0 00000028 T RemoveDevice
00122bf8 0000009c T AddDevice
00122c94 00000020 T GetDeviceOpTab
00122cb4 00000078 T _fstat_r
00122d2c 00000014 T _getpid_r
00122d40 00000008 T _isatty_r
00122d48 00000014 T _kill_r
00122d5c 00000084 T _lseek_r
00122de0 00000080 T _read_r
00122e60 00000078 T _sbrk_r
00122ed8 00000080 T _write_r
00122f58 00000024 T _exit
00122f7c 000001b8 T _concatenate_path
00123134 00000160 T chdir
00123294 00000008 T __flockfile
0012329c 00000008 T __funlockfile
001232a4 00000018 T __libc_lock_acquire
001232bc 00000018 T __libc_lock_release
001232d4 00000018 T __libc_lock_init_recursive
001232ec 00000018 T __libc_lock_acquire_recursive
00123304 00000018 T __libc_lock_release_recursive
0012331c 00000018 T __libc_lock_close_recursive
00123334 0000008c T __release_handle
001233c0 000000b4 T __alloc_handle
00123474 0000003c T __get_handle
001234b0 000000f4 T _close_r
001235a4 00000028 T __getreent
001235cc 00000038 T __aeabi_d2lz
001235cc 00000038 T __fixdfdi
00123608 00000040 T __aeabi_d2ulz
00123608 00000040 T __fixunsdfdi
00123648 00000044 T strrchr
0012368c T _fini
00124000 00000011 r http_get_index
00124014 00000012 r http_200
00124028 0000001c r http_html_hdr
00124044 00000107 r indexdata
001242c8 00000030 r colorTable
001242f8 00000070 r dotab_stdout
0012438c 00000008 r morton_x.3
00124394 00000008 r morton_y.2
0012439c 00000008 r s_sleepWakeEvents.4
001243c8 0000004d r _net_error_code_map
00124420 R default_font_bin
00124c20 R default_font_bin_end
00124c58 00000070 r archive_devoptab
00124cc8 00000030 r error_table
00124d00 00000004 R _global_impure_ptr
00125440 00000010 r blanks.1
00125450 00000010 r zeroes.0
00125468 00000022 r basefix.0
0012548c 00000010 r blanks.1
0012549c 00000010 r zeroes.0
001254ac 00000010 r blanks.1
001254bc 00000010 r zeroes.0
001254cc 00000101 R _ctype_
001255e0 r .LC2
001256c0 00000028 R __mprec_bigtens
001256e8 000000c8 R __mprec_tens
001257b0 0000000c r p05.0
001257cc 00000014 r fpi.1
001257e0 00000014 r fpinan.0
001257f8 00000028 r tinytens
00125820 0000006c R __action_table
0012588c 00000100 R __chclass
0012598c 0000006c R __state_table
00125a80 00000100 R __hexdig
00125b94 000000bc r a1
00125c50 000000bc r a2
00125d0c 0000005b r a3
00125d68 00000070 r a6
00125dd8 000000a2 r a7
00125e7c 00000040 r a8
00125ebc 0000172a r b02cf
001275e8 00001a7c r d02f4
00129064 0000000c R _C_numeric_locale
00129070 000031e6 r categories
0012c258 00000070 R dotab_stdnull
0012c2c8 r 
0012c2c8 R __exidx_end
0012c2c8 R __exidx_start
0012d000 00000004 D sock
0012d004 00000004 D csock
0012d008 00000004 D currentConsole
0012d00c 0000004c D defaultConsole
0012d058 00000001 d firstConsoleInit.0
0012d05c 00000004 d kCount
0012d060 00000004 d kDelay
0012d064 00000004 d kInterval
0012d068 00000070 d soc_devoptab
0012d0d8 W __stacksize__
0012d0dc 00000004 D _impure_ptr
0012d0e0 00000460 d impure_data
0012d540 00000408 D __malloc_av_
0012d948 00000004 D __malloc_sbrk_base
0012d94c 00000004 D __malloc_trim_threshold
0012d950 0000000c d __malloc_recursive_mutex
0012d95c 0000000c D __atexit_recursive_mutex
0012d968 0000000c d __sfp_recursive_mutex
0012d974 0000000c d __sinit_recursive_mutex
0012d980 0000016c D __global_locale
0012daec 00000002 d numempty
0012daf0 00000004 d defaultDevice
0012daf4 0000008c D devoptab_list
0012db80 00000400 d _current_working_directory
0012df80 00000004 d __hndl_lock
0012df84 0000000c d __stderr_handle
0012df90 0000000c d __stdin_handle
0012df9c 0000000c d __stdout_handle
0012dfa8 00001000 d handles
0012efb0 d _GLOBAL_OFFSET_TABLE_
0012efbc d __frame_dummy_init_array_entry
0012efbc D __init_array_start
0012efbc B __preinit_array_end
0012efbc B __preinit_array_start
0012efbc D __tdata_lma
0012efbc D __tdata_lma_end
0012efc0 d __do_global_dtors_aux_fini_array_entry
0012efc0 D __fini_array_start
0012efc0 D __init_array_end
0012efc4 D __bss_start__
0012efc4 D __fini_array_end
0012efc4 00000004 b SOC_buffer
0012efc8 00000004 b hits.0
0012efcc b completed.1
0012efd0 b object.0
0012efe8 0000004c B currentCopy
0012f034 00000004 b gfxBottomFramebufferMaxSize
0012f038 00000008 b gfxBottomFramebuffers
0012f040 00000002 b gfxCurBuf
0012f044 00000002 b gfxFramebufferFormats
0012f048 00000002 b gfxIsDoubleBuf
0012f04a 00000001 b gfxIsVram
0012f04c 00000004 b gfxTopFramebufferMaxSize
0012f050 00000008 b gfxTopFramebuffers
0012f058 00000001 b gfxTopMode
0012f05c 00000004 b screenAlloc
0012f060 00000004 b screenFree
0012f064 00000004 b gspEvent
0012f068 0000001c b gspEventCb
0012f084 0000001c b gspEventCbData
0012f0a0 00000007 b gspEventCbOneShot
0012f0a8 00000004 b gspEventThread
0012f0ac 00000038 b gspEvents
0012f0e4 00000004 b gspGpuHandle
0012f0e8 00000001 b gspGpuRight
0012f0ec 00000004 b gspLastEvent
0012f0f0 00000004 b gspRefCount
0012f0f4 00000001 b gspRunEvents
0012f0f8 00000004 b gspSharedMem
0012f0fc 00000004 b gspSharedMemHandle
0012f100 00000001 b gspThreadId
0012f101 00000001 b aptChainloadFlags
0012f102 00000001 b aptChainloadMediatype
0012f108 00000008 b aptChainloadTid
0012f110 00000004 b aptEventHandlerThread
0012f114 00000001 b aptEventHandlerThreadQuit
0012f118 00000008 b aptEvents
0012f120 0000000c b aptFirstHook
0012f12c 00000004 b aptFlags
0012f130 00000001 b aptHomeButtonState
0012f134 00000004 b aptLockHandle
0012f138 00000004 b aptMessageFunc
0012f13c 00000004 b aptMessageFuncData
0012f140 00001000 b aptParameters
00130140 00000008 b aptReceiveEvent
00130148 00000004 b aptRefCount
0013014c 00000008 b aptSleepEvent
00130154 00000001 b flagInit.1
00130155 00000001 b flagValue.0
00130158 00000004 b serviceName.6
0013015c 00000006 b aVec
00130164 00000004 b cPos
00130168 00000006 b gRate
00130170 00000014 B hidEvents
00130184 00000004 B hidHandle
00130188 00000004 B hidMemHandle
0013018c 00000004 b hidRefCount
00130190 00000004 B hidSharedMem
00130194 00000004 b kDown
00130198 00000004 b kHeld
0013019c 00000004 b kOld
001301a0 00000004 b kRepeat
001301a4 00000004 b kUp
001301a8 00000004 b tPos
001301ac 00000001 b usingIrrst
001301b0 00000004 B SOCU_handle
001301b4 00000004 B socMemhandle
001301b8 00000010 b buffer
001301c8 00000004 B __system_retAddr
001301cc 00000004 B __system_argc
001301d0 00000004 B __system_argv
001301d4 b saved_stack
001301dc 0000000c b sAddrMap
001301e8 00000008 b sVramPool
001301f0 00000008 b sLinearPool
001301f8 0000000c b sAddrMap
00130204 00000004 b arbiter
00130208 00000001 V __ctru_speedup
0013020c 00000004 b srvHandle
00130210 00000004 b srvRefCount
00130214 00000004 b currentAddr
00130218 00000004 b maxAddr
0013021c 00000004 b minAddr
00130220 00000004 b csPos
00130224 00000004 B irrstEvent
00130228 00000004 B irrstHandle
0013022c 00000004 B irrstMemHandle
00130230 00000004 b irrstRefCount
00130234 00000004 B irrstSharedMem
00130238 00000004 b kHeld
0013023c 00000004 b srvPmHandle
00130240 00000004 b ptmSysmHandle
00130244 00000004 b ptmSysmRefCount
00130248 00000004 B __ctru_heap
0013024c 00000004 V __ctru_heap_size
00130250 00000004 B __ctru_linear_heap
00130254 00000004 V __ctru_linear_heap_size
00130258 00000004 b archive_device_cwd
00130260 00000540 b archive_devices
001307a0 00000001 b archive_initialized
001307a8 00000080 b fsExemptArchives
00130828 00000004 b fsuHandle
0013082c 00000004 b fsuRefCount
00130830 00000028 B __malloc_current_mallinfo
00130858 00000004 B __malloc_max_sbrked_mem
0013085c 00000004 B __malloc_max_total_mem
00130860 00000004 B __malloc_top_pad
00130864 00000004 b heap_start.0
00130868 00000004 B fake_heap_end
0013086c 00000004 B fake_heap_start
00130870 00000400 b temp_cwd
00130c70 00000048 B __syscalls
00130cb8 B __tls_start
001318c0 B __bss_end__
001318c0 A __end__
001318c0 B __tls_end
