         w __deregister_frame_info
         w __register_frame_info
         w userAppExit
         w userAppInit
00000000 00000401 B __ctru_dev_path_buf
00000000 b _TLS_MODULE_BASE_
00000000 a shift
00000404 00000802 B __ctru_dev_utf16_buf
00100000 A __start__
00100000 T _start
00100008 T __service_ptr
0010000c T __apt_appid
00100010 T __heap_size
00100014 T __linear_heap_size
00100018 T __system_arglist
0010001c T __system_runflags
00100020 t startup
00100058 t ClearMem
0010006c t ClrLoop
00100094 T _init
001000ac T __aeabi_ldivmod
00100180 00000004 W __aeabi_idiv0
00100180 00000004 W __aeabi_ldiv0
001001a8 00000390 T strcmp
00100530 t .udivsi3_skip_div0_test
00100530 T __aeabi_uidiv
00100530 000001ec T __udivsi3
0010071c 00000020 T __aeabi_uidivmod
0010073c t __do_global_dtors_aux
0010077c t frame_dummy
001007a8 0000029c T main
00100a44 00000004 W C3Di_LightEnvUpdate
00100a48 00000004 W C3Di_LightEnvDirty
00100a4c 00000004 W C3Di_ProcTexUpdate
00100a50 00000004 W C3Di_ProcTexDirty
00100a54 000000b4 t C3Di_AptEventHook
00100b08 00000004 W C3Di_GasUpdate
00100b0c 000001e0 T C3D_Init
00100cec 00000098 T C3D_SetViewport
00100d84 000004ec T C3Di_UpdateContext
00101270 000000e0 T C3Di_SplitFrame
00101350 00000044 T C3D_Fini
00101394 00000108 T C3D_BindProgram
0010149c 00000060 T C3D_FixedAttribGetWritePtr
001014fc 0000004c t onVBlank0
00101548 0000004c t onVBlank1
00101594 00000080 t C3Di_RenderTargetDestroy
00101614 000000f4 t onQueueFinish
00101708 00000038 T C3Di_RenderQueueEnableVBlank
00101740 00000030 T C3Di_RenderQueueDisableVBlank
00101770 00000060 T C3Di_RenderQueueInit
001017d0 000000b0 T C3Di_RenderQueueExit
00101880 00000034 T C3Di_RenderQueueWaitDone
001018b4 000000e4 T C3D_FrameBegin
00101998 00000048 T C3D_FrameDrawOn
001019e0 000001d8 T C3D_FrameEnd
00101bb8 00000128 T C3D_RenderTargetCreate
00101ce0 000000a8 T C3D_RenderTargetSetOutput
00101d88 0000016c T C3Di_SetTex
00101ef4 0000001c T C3D_CalcColorBufSize
00101f10 0000001c T C3D_CalcDepthBufSize
00101f2c 00000044 T C3D_SetFrameBuf
00101f70 0000016c T C3Di_FrameBufBind
001020dc 000000cc T C3D_FrameBufClear
001021a8 00000044 T C3D_FrameBufTransfer
001021ec 00000034 T C3D_GetTexEnv
00102220 00000024 T C3Di_TexEnvBind
00102244 00000024 T BufInfo_Init
00102268 00000080 T BufInfo_Add
001022e8 00000020 T C3D_GetBufInfo
00102308 00000048 T C3Di_BufInfoBind
00102350 00000148 T C3D_DrawArrays
00102498 00000040 T C3D_DepthMap
001024d8 0000001c T C3D_CullFace
001024f4 00000040 T C3D_StencilTest
00102534 00000024 T C3D_StencilOp
00102558 0000001c T C3D_BlendingColor
00102574 00000024 T C3D_EarlyDepthTest
00102598 0000002c T C3D_DepthTest
001025c4 0000002c T C3D_AlphaTest
001025f0 00000050 T C3D_AlphaBlend
00102640 00000030 T C3D_FragOpMode
00102670 00000044 T C3D_FragOpShadow
001026b4 000001ac T C3Di_EffectBind
00102860 00000028 T AttrInfo_Init
00102888 00000098 T AttrInfo_AddLoader
00102920 00000060 T AttrInfo_AddFixed
00102980 00000020 T C3D_GetAttrInfo
001029a0 00000080 T C3Di_AttrInfoBind
00102a20 000000a8 T C3D_ImmSendAttrib
00102ac8 0000029c T C3D_UpdateUniforms
00102d64 000000c0 T C3Di_DirtyUniforms
00102e24 000000d8 T C3Di_LoadShaderUniforms
00102efc 00000028 T C3Di_ClearShaderUniforms
00102f24 000000cc T Mtx_OrthoTilt
00102ff0 00000024 t addrMapNodeComparator(rbtree_node const*, rbtree_node const*)
00103014 00000004 t addrMapNodeDestructor(rbtree_node*)
00103018 00000114 T vramMemAlign
0010312c 00000008 T vramAlloc
00103134 0000005c T vramFree
00103190 00000024 t addrMapNodeComparator(rbtree_node const*, rbtree_node const*)
001031b4 00000004 t addrMapNodeDestructor(rbtree_node*)
001031b8 00000120 T linearMemAlign
001032d8 00000008 T linearAlloc
001032e0 0000005c T linearFree
0010333c 00000084 T MemPool::CoalesceRight(MemBlock*)
001033c0 00000170 T MemPool::Allocate(MemChunk&, unsigned long, int)
00103530 000000fc T MemPool::Deallocate(MemChunk const&)
0010362c 00000074 T osConvertVirtToPhys
001036a0 00000054 T osGetTimeRef
001036f4 000000e4 T osGetTime
001037d8 00000074 T __libctru_gtod
0010384c 00000034 T __ctru_speedup_config
00103880 000000d0 t gfxPresentFramebuffer
00103950 000000ec T gfxSetScreenFormat
00103a3c 00000108 T gfxInit
00103b44 00000010 T gfxInitDefault
00103b54 000000b4 T gfxExit
00103c08 000000a0 T gfxGetFramebuffer
00103ca8 00000030 T gfxScreenSwapBuffers
00103cd8 000001e0 T shaderInstanceInit
00103eb8 00000018 T shaderInstanceGetUniformLocation
00103ed0 0000001c T shaderProgramInit
00103eec 00000064 T shaderProgramFree
00103f50 00000080 T shaderProgramSetVsh
00103fd0 000008c0 T shaderProgramConfigure
00104890 000001f8 t DVLE_GenerateOutmap.part.0
00104a88 000001cc T DVLB_ParseFile
00104c54 00000038 T DVLB_Free
00104c8c 00000074 T DVLE_GetUniformRegister
00104d00 00000010 T GX_BindQueue
00104d10 00000078 T GX_ProcessCommandList
00104d88 00000074 T GX_MemoryFill
00104dfc 00000070 T GX_DisplayTransfer
00104e6c 00000068 t gxCmdQueueDoCommands.part.0
00104ed4 000000c8 T gxCmdQueueInterrupt
00104f9c 0000004c T gxCmdQueueClear
00104fe8 000000f8 T gxCmdQueueAdd
001050e0 00000080 T gxCmdQueueRun
00105160 00000060 T gxCmdQueueStop
001051c0 00000074 T gxCmdQueueWait
00105234 0000013c T GPUCMD_Add
00105370 000000ac T GPUCMD_Split
0010541c 00000040 T f32tof16
0010545c 00000040 T f32tof24
0010549c 00000044 T f32tof31
001054e0 00000c58 t gspHardwareInit
00106138 00000254 T gspInit
0010638c 000000f0 T gspExit
0010647c 00000010 T gspHasGpuRight
0010648c 00000098 T gspPresentBuffer
00106524 00000030 T gspSetEventCallback
00106554 00000050 T gspWaitForEvent
001065a4 0000004c T gspWaitForAnyEvent
001065f0 00000160 t gspEventThreadMain
00106750 00000130 T gspSubmitGxCommand
00106880 00000050 T GSPGPU_FlushDataCache
001068d0 00000034 T GSPGPU_SetLcdForceBlack
00106904 00000068 T GSPGPU_AcquireRight
0010696c 00000048 T GSPGPU_ReleaseRight
001069b4 0000007c T GSPGPU_ImportDisplayCaptureInfo
00106a30 0000002c T GSPGPU_SaveVramSysArea
00106a5c 0000002c T GSPGPU_RestoreVramSysArea
00106a88 000001b0 t aptConvertScreenForCapture
00106c38 00000008 W aptDspSleep
00106c40 00000004 W aptDspWakeup
00106c44 00000004 W aptDspCancel
00106c48 0000015c T aptSendCommand
00106da4 00000038 t aptExitProcess
00106ddc 000002f0 T aptExit
001070cc 000000d8 T aptHandleSleep
001071a4 00000030 T aptHook
001071d4 00000030 T aptUnhook
00107204 00000084 T APT_SleepIfShellClosed
00107288 00000084 T aptSetSleepAllowed
0010730c 00000084 T APT_UnlockTransition
00107390 00000484 t aptEventHandler
00107814 000000b0 T APT_ReceiveParameter
001078c4 000000b0 t aptReceiveParameter.constprop.0
00107978 000002bc t aptScreenTransfer
00107c34 000002d0 t aptWaitForWakeUp.isra.0
00107f04 000000f8 T aptJumpToHomeMenu
00107ffc 0000004c T aptMainLoop
00108048 00000234 T aptInit
0010827c 0000007c T APT_CheckNew3DS
001082f8 00000024 W hidShouldUseIrrst
0010831c 0000018c T hidInit
001084a8 000000e8 T hidExit
00108590 00000294 T hidScanInput
00108824 00000010 T hidKeysDown
00108834 00000074 T ptmSysmInit
001088a8 0000003c T ptmSysmExit
001088e4 00000034 T PTMSYSM_ConfigureNew3DSCPU
00108918 00000010 T rbtree_init
00108928 000001a0 t do_insert
00108ac8 00000008 T rbtree_insert
00108ad0 00000090 T rbtree_rotate
00108b60 00000338 T rbtree_remove
00108e98 00000074 T rbtree_find
00108f10 000001e0 W __system_allocateHeaps
001090f0 00000038 W __libctru_init
00109128 000000f0 W __system_initArgv
00109218 T svcControlMemory
00109238 T svcQueryMemory
00109268 T svcExitProcess
00109270 T svcCreateThread
00109290 T svcExitThread
00109298 T svcSleepThread
001092a0 T svcReleaseMutex
001092a8 T svcCreateEvent
001092bc T svcSignalEvent
001092c4 T svcClearEvent
001092cc T svcMapMemoryBlock
001092d4 T svcUnmapMemoryBlock
001092dc T svcCreateAddressArbiter
001092f0 T svcArbitrateAddressNoTimeout
001092f8 T svcCloseHandle
00109300 T svcWaitSynchronization
00109308 T svcWaitSynchronizationN
00109330 T svcDuplicateHandle
00109344 T svcGetSystemTick
0010934c T svcConnectToPort
00109360 T svcSendSyncRequest
00109368 T svcGetResourceLimit
0010937c T svcGetResourceLimitLimitValues
00109384 T svcGetResourceLimitCurrentValues
0010938c T svcBreak
00109394 W initSystem
001093e4 W __ctru_exit
001093fc 0000000c T __sync_init
00109408 00000018 T __sync_fini
00109420 0000002c T syncArbitrateAddress
0010944c 0000001c T LightLock_Init
00109468 00000094 T LightLock_Lock
001094fc 00000044 T LightLock_TryLock
00109540 00000040 T LightLock_Unlock
00109580 00000024 T RecursiveLock_Init
001095a4 00000030 T RecursiveLock_Lock
001095d4 00000078 T RecursiveLock_TryLock
0010964c 00000054 T RecursiveLock_Unlock
001096a0 00000040 T LightEvent_Init
001096e0 000000a4 T LightEvent_Clear
00109784 000000c8 T LightEvent_Signal
0010984c 00000058 T LightEvent_TryWait
001098a4 000000b0 T LightEvent_Wait
00109954 00000124 T srvInit
00109a78 00000058 T srvExit
00109ad0 00000080 T srvGetServiceHandleDirect
00109b50 00000048 T srvGetServiceHandle
00109b98 00000038 T srvPublishToSubscriber
00109bd0 00000188 T threadCreate
00109d58 0000002c T threadFree
00109d84 00000024 T threadJoin
00109da8 00000030 T threadGetCurrent
00109dd8 00000040 T threadExit
00109e18 00000044 t _thread_begin
00109e5c 00000094 t mappableFindAddressWithin
00109ef0 00000028 T mappableInit
00109f18 00000080 T mappableAlloc
00109f98 00000004 T mappableFree
00109f9c 00000160 T irrstInit
0010a0fc 000000cc T irrstExit
0010a1c8 000000b0 T irrstScanInput
0010a278 00000024 T irrstKeysHeld
0010a29c 0000000c T srvPmGetSessionHandle
0010a2a8 00000050 T rbtree_node_next
0010a2f8 00000030 W __appInit
0010a328 00000030 t __libctru_nanosleep
0010a358 00000030 t __libctru_get_reent
0010a388 000000f8 T __system_initSyscalls
0010a480 00000030 W __appExit
0010a4b0 00000090 W __libctru_exit
0010a540 00000084 W envGetHandle
0010a5c4 00000050 W envDestroyHandles
0010a614 00000014 t archive_link
0010a628 00000014 t archive_dirreset
0010a63c 00000014 t archive_chmod
0010a650 00000024 t error_cmp
0010a674 00000050 t archive_translate_error
0010a6c4 000000d4 t archive_seek
0010a798 0000007c t _archiveInit.part.0
0010a814 0000008c t archiveFindDevice.part.0
0010a8a0 00000294 t archive_utf16path
0010ab34 000000a0 t _archiveUnmountDeviceStruct.part.0
0010abd4 00000014 t archive_fchmod
0010abe8 00000014 t archive_statvfs
0010abfc 00000158 t _archiveMountDevice
0010ad54 000000e8 t archive_diropen
0010ae3c 000000a4 t archive_fstat
0010aee0 0000006c t archive_close
0010af4c 0000006c t archive_fsync
0010afb8 00000070 t archive_dirclose
0010b028 000000e8 t sdmc_statvfs
0010b110 00000080 t archive_ftruncate
0010b190 000000fc t archive_chdir
0010b28c 000000b0 t archive_read
0010b33c 000000ac t archive_unlink
0010b3e8 000000c8 t archive_rmdir
0010b4b0 000000ec t archive_mkdir
0010b59c 000001a8 t archive_stat
0010b744 00000184 t archive_rename
0010b8c8 00000168 t archive_dirnext
0010ba30 0000012c t archive_write
0010bb5c 000001f0 t archive_open
0010bd4c 000001a4 T archiveMountSdmc
0010bef0 00000054 T archiveUnmountAll
0010bf44 000000c8 T fsInit
0010c00c 0000003c T fsExit
0010c048 00000060 T fsExemptFromSession
0010c0a8 00000050 T fsUnexemptFromSession
0010c0f8 000000cc T FSUSER_OpenFile
0010c1c4 000000bc T FSUSER_DeleteFile
0010c280 000000f8 T FSUSER_RenameFile
0010c378 000000bc T FSUSER_DeleteDirectory
0010c434 000000d4 T FSUSER_CreateFile
0010c508 000000c4 T FSUSER_CreateDirectory
0010c5cc 000000f8 T FSUSER_RenameDirectory
0010c6c4 000000b4 T FSUSER_OpenDirectory
0010c778 00000094 T FSUSER_OpenArchive
0010c80c 0000008c T FSUSER_CloseArchive
0010c898 00000074 T FSUSER_GetSdmcArchiveResource
0010c90c 00000064 T FSUSER_IsSdmcWritable
0010c970 00000058 T FSFILE_Read
0010c9c8 00000060 T FSFILE_Write
0010ca28 00000038 T FSFILE_GetSize
0010ca60 00000028 T FSFILE_SetSize
0010ca88 0000003c T FSFILE_Close
0010cac4 00000024 T FSFILE_Flush
0010cae8 00000050 T FSDIR_Read
0010cb38 0000003c T FSDIR_Close
0010cb74 000000e8 T utf16_to_utf8
0010cc5c 00000064 T decode_utf16
0010ccc0 0000013c T decode_utf8
0010cdfc 000000c0 T utf8_to_utf16
0010cebc T __aeabi_read_tp
0010cec8 00000060 T encode_utf16
0010cf28 000000fc T encode_utf8
0010d024 00000120 T __udivmoddi4
0010d144 00000078 T bsearch
0010d1bc 00000028 T calloc
0010d1e4 00000094 T _calloc_r
0010d278 00000034 T exit
0010d2ac 0000003c T __libc_fini_array
0010d2e8 0000007c T __libc_init_array
0010d364 00000028 T memalign
0010d38c 00000148 T _memalign_r
0010d4d4 00000020 T malloc
0010d4f4 00000020 T free
0010d514 000007f0 T _malloc_r
0010dd04 0000011c T memcpy
0010de20 00000118 T memset
0010df38 0000000c T __malloc_lock
0010df44 0000000c T __malloc_unlock
0010df50 0000005c T strlen
0010dfac 000000ec T strncat
0010e098 000000dc T strncmp
0010e174 000000c0 T strncpy
0010e234 00000048 T strnlen
0010e27c 00000114 T __call_exitprocs
0010e390 000000f8 T _malloc_trim_r
0010e488 000002e4 T _free_r
0010e76c 00000008 t null_write
0010e774 00000018 T setDefaultDevice
0010e78c 000000c8 T FindDevice
0010e854 00000028 T RemoveDevice
0010e87c 0000009c T AddDevice
0010e918 00000020 T GetDeviceOpTab
0010e938 00000078 T _sbrk_r
0010e9b0 00000024 T _exit
0010e9d4 000001b8 T _concatenate_path
0010eb8c 00000160 T chdir
0010ecec 00000018 T __libc_lock_acquire_recursive
0010ed04 00000018 T __libc_lock_release_recursive
0010ed1c 00000028 T __getreent
0010ed44 00000144 T strchr
0010ee88 00000044 T strrchr
0010eecc T _fini
0010f000 00000024 r vertex_list
0010f034 R vshader_shbin
0010f14c R vshader_shbin_end
0010f14c R vshader_shbin_size
0010f15c 00000005 r colorFmtSizes
0010f164 00000004 r depthFmtSizes
0010f18c 00000008 r morton_x.3
0010f194 00000008 r morton_y.2
0010f19c 00000008 r s_sleepWakeEvents.4
0010f1f4 00000070 r archive_devoptab
0010f264 00000030 r error_table
0010f29c 00000004 R _global_impure_ptr
0010f2a0 00000070 R dotab_stdnull
0010f310 00000101 R _ctype_
0010f414 r 
0010f414 R __exidx_end
0010f414 R __exidx_start
00110000 00000004 d framerate
00110004 00000008 d framerateCounter
0011000c 00000004 d queueLock
00110010 00000004 d kCount
00110014 00000004 d kDelay
00110018 00000004 d kInterval
0011001c W __stacksize__
00110020 00000004 D _impure_ptr
00110028 00000460 d impure_data
00110488 00000408 D __malloc_av_
00110890 00000004 D __malloc_sbrk_base
00110894 00000004 D __malloc_trim_threshold
00110898 0000000c d __malloc_recursive_mutex
001108a4 0000000c D __atexit_recursive_mutex
001108b0 00000004 d defaultDevice
001108b4 0000008c D devoptab_list
00110940 00000400 d _current_working_directory
00110d48 d _GLOBAL_OFFSET_TABLE_
00110d54 d __frame_dummy_init_array_entry
00110d54 D __init_array_start
00110d54 B __preinit_array_end
00110d54 B __preinit_array_start
00110d54 D __tdata_lma
00110d54 D __tdata_lma_end
00110d58 d __do_global_dtors_aux_fini_array_entry
00110d58 D __fini_array_start
00110d58 D __init_array_end
00110d5c D __bss_start__
00110d5c D __fini_array_end
00110d5c 00000004 b vshader_dvlb
00110d60 00000014 b program
00110d74 00000004 b uLoc_projection
00110d78 00000040 b projection
00110db8 00000004 b vbo_data
00110dbc b completed.1
00110dc0 b object.0
00110dd8 000002d0 B __C3D_Context
001110a8 0000000c b hookCookie
001110b8 00000010 b cpuTime
001110c8 00000004 b firstTarget
001110cc 00000008 b frameCounter
001110d4 00000004 b frameEndCb
001110d8 00000004 b frameEndCbData
001110e0 00000010 b gpuTime
001110f0 00000001 b inFrame
001110f1 00000001 b inSafeTransfer
001110f2 00000001 b isTopStereo
001110f4 00000004 b lastTarget
001110f8 0000000c b linkedTarget
00111104 00000001 b measureGpuTime
00111105 00000001 b needSwapBot
00111106 00000001 b needSwapTop
00111108 00000004 B C3D_BoolUnifs
0011110c 00000002 B C3D_BoolUnifsDirty
00111110 00000c00 B C3D_FVUnif
00111d10 000000c0 B C3D_FVUnifDirty
00111dd0 00000020 B C3D_IVUnif
00111df0 00000008 B C3D_IVUnifDirty
00111df8 000000c0 b C3Di_FVUnifEverDirty
00111eb8 00000008 b C3Di_IVUnifEverDirty
00111ec0 00000018 b C3Di_ShaderFVecData
00111ed8 0000000c b sAddrMap
00111ee4 00000008 b sVramPool
00111eec 00000008 b sLinearPool
00111ef4 0000000c b sAddrMap
00111f00 00000001 V __ctru_speedup
00111f04 00000004 b gfxBottomFramebufferMaxSize
00111f08 00000008 b gfxBottomFramebuffers
00111f10 00000002 b gfxCurBuf
00111f14 00000002 b gfxFramebufferFormats
00111f18 00000002 b gfxIsDoubleBuf
00111f1a 00000001 b gfxIsVram
00111f1c 00000004 b gfxTopFramebufferMaxSize
00111f20 00000008 b gfxTopFramebuffers
00111f28 00000001 b gfxTopMode
00111f2c 00000004 b screenAlloc
00111f30 00000004 b screenFree
00111f34 00000004 b boundQueue
00111f38 00000004 b curQueue
00111f3c 00000001 b isActive
00111f3d 00000001 b isRunning
00111f3e 00000001 b shouldStop
00111f40 00000004 B gpuCmdBuf
00111f44 00000004 B gpuCmdBufOffset
00111f48 00000004 B gpuCmdBufSize
00111f4c 00000004 b gspEvent
00111f50 0000001c b gspEventCb
00111f6c 0000001c b gspEventCbData
00111f88 00000007 b gspEventCbOneShot
00111f90 00000004 b gspEventThread
00111f94 00000038 b gspEvents
00111fcc 00000004 b gspGpuHandle
00111fd0 00000001 b gspGpuRight
00111fd4 00000004 b gspLastEvent
00111fd8 00000004 b gspRefCount
00111fdc 00000001 b gspRunEvents
00111fe0 00000004 b gspSharedMem
00111fe4 00000004 b gspSharedMemHandle
00111fe8 00000001 b gspThreadId
00111fe9 00000001 b aptChainloadFlags
00111fea 00000001 b aptChainloadMediatype
00111ff0 00000008 b aptChainloadTid
00111ff8 00000004 b aptEventHandlerThread
00111ffc 00000001 b aptEventHandlerThreadQuit
00112000 00000008 b aptEvents
00112008 0000000c b aptFirstHook
00112014 00000004 b aptFlags
00112018 00000001 b aptHomeButtonState
0011201c 00000004 b aptLockHandle
00112020 00000004 b aptMessageFunc
00112024 00000004 b aptMessageFuncData
00112028 00001000 b aptParameters
00113028 00000008 b aptReceiveEvent
00113030 00000004 b aptRefCount
00113034 00000008 b aptSleepEvent
0011303c 00000001 b flagInit.1
0011303d 00000001 b flagValue.0
00113040 00000004 b serviceName.6
00113044 00000006 b aVec
0011304c 00000004 b cPos
00113050 00000006 b gRate
00113058 00000014 B hidEvents
0011306c 00000004 B hidHandle
00113070 00000004 B hidMemHandle
00113074 00000004 b hidRefCount
00113078 00000004 B hidSharedMem
0011307c 00000004 b kDown
00113080 00000004 b kHeld
00113084 00000004 b kOld
00113088 00000004 b kRepeat
0011308c 00000004 b kUp
00113090 00000004 b tPos
00113094 00000001 b usingIrrst
00113098 00000004 b ptmSysmHandle
0011309c 00000004 b ptmSysmRefCount
001130a0 00000004 B __ctru_heap
001130a4 00000004 V __ctru_heap_size
001130a8 00000004 B __ctru_linear_heap
001130ac 00000004 V __ctru_linear_heap_size
001130b0 00000004 B __system_retAddr
001130b4 00000004 B __system_argc
001130b8 00000004 B __system_argv
001130bc b saved_stack
001130c4 00000004 b arbiter
001130c8 00000004 b srvHandle
001130cc 00000004 b srvRefCount
001130d0 00000004 b currentAddr
001130d4 00000004 b maxAddr
001130d8 00000004 b minAddr
001130dc 00000004 b csPos
001130e0 00000004 B irrstEvent
001130e4 00000004 B irrstHandle
001130e8 00000004 B irrstMemHandle
001130ec 00000004 b irrstRefCount
001130f0 00000004 B irrstSharedMem
001130f4 00000004 b kHeld
001130f8 00000004 b srvPmHandle
001130fc 00000004 b archive_device_cwd
00113100 00000540 b archive_devices
00113640 00000001 b archive_initialized
00113648 00000080 b fsExemptArchives
001136c8 00000004 b fsuHandle
001136cc 00000004 b fsuRefCount
001136d0 00000028 B __malloc_current_mallinfo
001136f8 00000004 B __malloc_max_sbrked_mem
001136fc 00000004 B __malloc_max_total_mem
00113700 00000004 B __malloc_top_pad
00113704 00000004 b heap_start.0
00113708 00000004 B fake_heap_end
0011370c 00000004 B fake_heap_start
00113710 00000400 b temp_cwd
00113b10 00000048 B __syscalls
00113b58 B __tls_start
00114760 B __bss_end__
00114760 A __end__
00114760 B __tls_end
