         w __deregister_frame_info
         w __register_frame_info
         w userAppExit
         w userAppInit
00000000 00000401 B __ctru_dev_path_buf
00000000 b _TLS_MODULE_BASE_
00000000 a shift
00000000 a shift
00000404 00000802 B __ctru_dev_utf16_buf
00100000 A __start__
00100000 T _start
00100008 T __service_ptr
0010000c T __apt_appid
00100010 T __heap_size
00100014 T __linear_heap_size
00100018 T __system_arglist
0010001c T __system_runflags
00100020 t startup
00100058 t ClearMem
0010006c t ClrLoop
00100094 T _init
001000ac t .udivsi3_skip_div0_test
001000ac T __aeabi_uidiv
001000ac 000001ec T __udivsi3
00100298 00000020 T __aeabi_uidivmod
001002b8 T __aeabi_idiv
001002b8 00000220 T __divsi3
001002c0 t .divsi3_skip_div0_test
001004d8 00000020 T __aeabi_idivmod
001004f8 00000004 W __aeabi_idiv0
001004f8 00000004 W __aeabi_ldiv0
001004fc T __aeabi_drsub
00100504 000002b0 T __aeabi_dsub
00100504 000002b0 T __subdf3
00100508 000002ac T __adddf3
00100508 000002ac T __aeabi_dadd
001007b4 00000024 T __aeabi_ui2d
001007b4 00000024 T __floatunsidf
001007d8 00000028 T __aeabi_i2d
001007d8 00000028 T __floatsidf
00100800 00000048 T __aeabi_f2d
00100800 00000048 T __extendsfdf2
00100848 00000074 T __aeabi_ul2d
00100848 00000074 T __floatundidf
0010085c 00000060 T __aeabi_l2d
0010085c 00000060 T __floatdidf
001008bc T __aeabi_ldivmod
00100990 T __aeabi_uldivmod
001009e8 00000390 T strcmp
00100d70 t __do_global_dtors_aux
00100db0 t frame_dummy
00100de0 000002e8 t sceneRender
001010c8 00000324 T main
001013ec 00000034 t C2Di_FrameEndHook
00101420 00000330 T C2D_Init
00101750 000000d0 T C2D_Prepare
00101820 0000003c T C2D_Flush
0010185c 00000108 T C2D_SceneSize
00101964 00000040 T C2Di_AppendVtx
001019a4 0000022c T C2Di_Update
00101bd0 00000018 t C2Di_GlyphComp
00101be8 00000140 t C2Di_CalcLineWidths
00101d28 000001d0 T C2D_TextBufNew
00101ef8 000001c8 T C2D_TextFontParseLine
001020c0 000000a8 T C2D_TextFontParse
00102168 00000014 T C2D_TextParse
0010217c 00000030 T C2D_TextOptimize
001021ac 000010d4 T C2D_DrawText
00103280 00000044 T C2D_FontGlyphIndexFromCodePoint
001032c4 00000078 T C2D_FontCalcGlyphPos
0010333c 000000b4 t C3Di_AptEventHook
001033f0 00000004 W C3Di_GasUpdate
001033f4 000001e0 T C3D_Init
001035d4 00000098 T C3D_SetViewport
0010366c 000004ec T C3Di_UpdateContext
00103b58 000000e0 T C3Di_SplitFrame
00103c38 00000044 T C3D_Fini
00103c7c 00000108 T C3D_BindProgram
00103d84 0000004c t onVBlank0
00103dd0 0000004c t onVBlank1
00103e1c 00000080 t C3Di_RenderTargetDestroy
00103e9c 000000f4 t onQueueFinish
00103f90 00000038 T C3Di_RenderQueueEnableVBlank
00103fc8 00000030 T C3Di_RenderQueueDisableVBlank
00103ff8 00000060 T C3Di_RenderQueueInit
00104058 000000b0 T C3Di_RenderQueueExit
00104108 00000034 T C3Di_RenderQueueWaitDone
0010413c 000000e4 T C3D_FrameBegin
00104220 00000048 T C3D_FrameDrawOn
00104268 000001d8 T C3D_FrameEnd
00104440 0000001c T C3D_FrameEndHook
0010445c 00000128 T C3D_RenderTargetCreate
00104584 000000a8 T C3D_RenderTargetSetOutput
0010462c 00000044 T C3D_TexBind
00104670 0000016c T C3Di_SetTex
001047dc 000000dc T C3Di_LightMtlBlend
001048b8 00000090 T C3D_LightInit
00104948 0000005c T C3D_LightPosition
001049a4 0000001c T C3D_CalcColorBufSize
001049c0 0000001c T C3D_CalcDepthBufSize
001049dc 00000044 T C3D_SetFrameBuf
00104a20 0000016c T C3Di_FrameBufBind
00104b8c 000000cc T C3D_FrameBufClear
00104c58 00000044 T C3D_FrameBufTransfer
00104c9c 00000034 T C3D_GetTexEnv
00104cd0 00000024 T C3Di_TexEnvBind
00104cf4 00000070 T C3D_ProcTexInit
00104d64 00000054 T C3D_ProcTexBind
00104db8 0000005c T C3D_ProcTexLutBind
00104e14 000000a4 T ProcTexLut_FromArray
00104eb8 0000017c T C3Di_ProcTexUpdate
00105034 00000068 T C3Di_ProcTexDirty
0010509c 00000024 T BufInfo_Init
001050c0 00000080 T BufInfo_Add
00105140 00000040 T C3D_SetBufInfo
00105180 00000048 T C3Di_BufInfoBind
001051c8 00000148 T C3D_DrawArrays
00105310 00000040 T C3D_DepthMap
00105350 0000001c T C3D_CullFace
0010536c 00000040 T C3D_StencilTest
001053ac 00000024 T C3D_StencilOp
001053d0 0000001c T C3D_BlendingColor
001053ec 00000024 T C3D_EarlyDepthTest
00105410 0000002c T C3D_DepthTest
0010543c 0000002c T C3D_AlphaTest
00105468 00000050 T C3D_AlphaBlend
001054b8 00000030 T C3D_FragOpMode
001054e8 00000044 T C3D_FragOpShadow
0010552c 000001ac T C3Di_EffectBind
001056d8 00000028 T AttrInfo_Init
00105700 00000098 T AttrInfo_AddLoader
00105798 00000054 T C3D_SetAttrInfo
001057ec 00000080 T C3Di_AttrInfoBind
0010586c 000003d8 T C3Di_LightEnvUpdate
00105c44 0000009c T C3Di_LightEnvDirty
00105ce0 0000005c T C3D_LightEnvInit
00105d3c 0000002c T C3D_LightEnvBind
00105d68 00000084 T C3D_LightEnvMaterial
00105dec 000000b8 T C3D_LightEnvLut
00105ea4 000000a8 T C3D_ImmSendAttrib
00105f4c 000000a8 T LightLut_FromArray
00105ff4 000000d8 T LightLut_FromFunc
001060cc 0000029c T C3D_UpdateUniforms
00106368 000000c0 T C3Di_DirtyUniforms
00106428 000000d8 T C3Di_LoadShaderUniforms
00106500 00000028 T C3Di_ClearShaderUniforms
00106528 000000cc T Mtx_Ortho
001065f4 00000038 T Mtx_Scale
0010662c 000000b8 T Mtx_PerspStereoTilt
001066e4 000000cc T Mtx_OrthoTilt
001067b0 000000a0 T Mtx_Translate
00106850 000000a0 T Mtx_RotateY
001068f0 00000024 t addrMapNodeComparator(rbtree_node const*, rbtree_node const*)
00106914 00000004 t addrMapNodeDestructor(rbtree_node*)
00106918 00000114 T vramMemAlign
00106a2c 00000008 T vramAlloc
00106a34 0000005c T vramFree
00106a90 00000024 t addrMapNodeComparator(rbtree_node const*, rbtree_node const*)
00106ab4 00000004 t addrMapNodeDestructor(rbtree_node*)
00106ab8 00000120 T linearMemAlign
00106bd8 00000008 T linearAlloc
00106be0 0000005c T linearFree
00106c3c 00000084 T MemPool::CoalesceRight(MemBlock*)
00106cc0 00000170 T MemPool::Allocate(MemChunk&, unsigned long, int)
00106e30 000000fc T MemPool::Deallocate(MemChunk const&)
00106f2c 00000074 T osConvertVirtToPhys
00106fa0 00000054 T osGetTimeRef
00106ff4 000000e4 T osGetTime
001070d8 00000074 T __libctru_gtod
0010714c 00000034 T __ctru_speedup_config
00107180 00000178 T consoleDrawChar
001072f8 00000124 T consolePrintChar
0010741c 00000a00 T con_write
00107e1c 00000168 T consoleInit
00107f84 000000f4 t newRow
00108078 0000009c T fontEnsureMapped
00108114 000000fc T fontGlyphIndexFromCodePoint
00108210 0000006c T fontGetCharWidthInfo
0010827c 000001c0 T fontCalcGlyphPos
0010843c 000000d0 t gfxPresentFramebuffer
0010850c 00000010 T gfxSet3D
0010851c 0000001c T gfxIsWide
00108538 000000ec T gfxSetScreenFormat
00108624 00000010 T gfxSetDoubleBuffering
00108634 00000108 T gfxInit
0010873c 00000010 T gfxInitDefault
0010874c 000000b4 T gfxExit
00108800 000000a0 T gfxGetFramebuffer
001088a0 0000010c T gfxFlushBuffers
001089ac 00000030 T gfxScreenSwapBuffers
001089dc 00000050 T gfxSwapBuffersGpu
00108a2c 000001e0 T shaderInstanceInit
00108c0c 00000018 T shaderInstanceGetUniformLocation
00108c24 0000001c T shaderProgramInit
00108c40 00000064 T shaderProgramFree
00108ca4 00000080 T shaderProgramSetVsh
00108d24 000008c0 T shaderProgramConfigure
001095e4 000001f8 t DVLE_GenerateOutmap.part.0
001097dc 000001cc T DVLB_ParseFile
001099a8 00000038 T DVLB_Free
001099e0 00000074 T DVLE_GetUniformRegister
00109a54 00000010 T GX_BindQueue
00109a64 00000078 T GX_ProcessCommandList
00109adc 00000074 T GX_MemoryFill
00109b50 00000070 T GX_DisplayTransfer
00109bc0 00000068 t gxCmdQueueDoCommands.part.0
00109c28 000000c8 T gxCmdQueueInterrupt
00109cf0 0000004c T gxCmdQueueClear
00109d3c 000000f8 T gxCmdQueueAdd
00109e34 00000080 T gxCmdQueueRun
00109eb4 00000060 T gxCmdQueueStop
00109f14 00000074 T gxCmdQueueWait
00109f88 0000013c T GPUCMD_Add
0010a0c4 000000ac T GPUCMD_Split
0010a170 00000040 T f32tof16
0010a1b0 00000040 T f32tof24
0010a1f0 00000044 T f32tof31
0010a234 00000c58 t gspHardwareInit
0010ae8c 00000254 T gspInit
0010b0e0 000000f0 T gspExit
0010b1d0 00000010 T gspHasGpuRight
0010b1e0 00000098 T gspPresentBuffer
0010b278 00000030 T gspSetEventCallback
0010b2a8 00000050 T gspWaitForEvent
0010b2f8 0000004c T gspWaitForAnyEvent
0010b344 00000160 t gspEventThreadMain
0010b4a4 00000130 T gspSubmitGxCommand
0010b5d4 00000050 T GSPGPU_FlushDataCache
0010b624 00000034 T GSPGPU_SetLcdForceBlack
0010b658 00000068 T GSPGPU_AcquireRight
0010b6c0 00000048 T GSPGPU_ReleaseRight
0010b708 0000007c T GSPGPU_ImportDisplayCaptureInfo
0010b784 0000002c T GSPGPU_SaveVramSysArea
0010b7b0 0000002c T GSPGPU_RestoreVramSysArea
0010b7dc 000001b0 t aptConvertScreenForCapture
0010b98c 00000008 W aptDspSleep
0010b994 00000004 W aptDspWakeup
0010b998 00000004 W aptDspCancel
0010b99c 0000015c T aptSendCommand
0010baf8 00000038 t aptExitProcess
0010bb30 000002f0 T aptExit
0010be20 000000d8 T aptHandleSleep
0010bef8 00000030 T aptHook
0010bf28 00000030 T aptUnhook
0010bf58 00000084 T APT_SleepIfShellClosed
0010bfdc 00000084 T aptSetSleepAllowed
0010c060 00000084 T APT_UnlockTransition
0010c0e8 00000484 t aptEventHandler
0010c56c 000000b0 T APT_ReceiveParameter
0010c61c 000000b0 t aptReceiveParameter.constprop.0
0010c6d0 000002bc t aptScreenTransfer
0010c98c 000002d0 t aptWaitForWakeUp.isra.0
0010cc5c 000000f8 T aptJumpToHomeMenu
0010cd54 0000004c T aptMainLoop
0010cda0 00000234 T aptInit
0010cfd4 0000007c T APT_CheckNew3DS
0010d050 00000048 T APT_GetSharedFont
0010d098 00000024 W hidShouldUseIrrst
0010d0bc 0000018c T hidInit
0010d248 000000e8 T hidExit
0010d330 00000294 T hidScanInput
0010d5c4 00000010 T hidKeysHeld
0010d5d4 00000010 T hidKeysDown
0010d5e4 00000074 T ptmSysmInit
0010d658 0000003c T ptmSysmExit
0010d694 00000034 T PTMSYSM_ConfigureNew3DSCPU
0010d6c8 000000c8 T fsInit
0010d790 0000003c T fsExit
0010d7cc 00000060 T fsExemptFromSession
0010d82c 00000050 T fsUnexemptFromSession
0010d87c 000000cc T FSUSER_OpenFile
0010d948 000000bc T FSUSER_DeleteFile
0010da04 000000f8 T FSUSER_RenameFile
0010dafc 000000bc T FSUSER_DeleteDirectory
0010dbb8 000000d4 T FSUSER_CreateFile
0010dc8c 000000c4 T FSUSER_CreateDirectory
0010dd50 000000f8 T FSUSER_RenameDirectory
0010de48 000000b4 T FSUSER_OpenDirectory
0010defc 00000094 T FSUSER_OpenArchive
0010df90 0000008c T FSUSER_CloseArchive
0010e01c 00000074 T FSUSER_GetSdmcArchiveResource
0010e090 00000064 T FSUSER_IsSdmcWritable
0010e0f4 00000058 T FSFILE_Read
0010e14c 00000060 T FSFILE_Write
0010e1ac 00000038 T FSFILE_GetSize
0010e1e4 00000028 T FSFILE_SetSize
0010e20c 0000003c T FSFILE_Close
0010e248 00000024 T FSFILE_Flush
0010e26c 00000050 T FSDIR_Read
0010e2bc 0000003c T FSDIR_Close
0010e2f8 00000010 T rbtree_init
0010e308 000001a0 t do_insert
0010e4a8 00000008 T rbtree_insert
0010e4b0 00000090 T rbtree_rotate
0010e540 00000338 T rbtree_remove
0010e878 00000074 T rbtree_find
0010e8ec 000000e8 T utf16_to_utf8
0010e9d4 00000064 T decode_utf16
0010ea38 0000013c T decode_utf8
0010eb74 000000c0 T utf8_to_utf16
0010ec38 000001e0 W __system_allocateHeaps
0010ee18 00000038 W __libctru_init
0010ee50 000000f0 W __system_initArgv
0010ef40 T svcControlMemory
0010ef60 T svcQueryMemory
0010ef90 T svcExitProcess
0010ef98 T svcCreateThread
0010efb8 T svcExitThread
0010efc0 T svcSleepThread
0010efc8 T svcReleaseMutex
0010efd0 T svcCreateEvent
0010efe4 T svcSignalEvent
0010efec T svcClearEvent
0010eff4 T svcMapMemoryBlock
0010effc T svcUnmapMemoryBlock
0010f004 T svcCreateAddressArbiter
0010f018 T svcArbitrateAddressNoTimeout
0010f020 T svcCloseHandle
0010f028 T svcWaitSynchronization
0010f030 T svcWaitSynchronizationN
0010f058 T svcDuplicateHandle
0010f06c T svcGetSystemTick
0010f074 T svcConnectToPort
0010f088 T svcSendSyncRequest
0010f090 T svcGetResourceLimit
0010f0a4 T svcGetResourceLimitLimitValues
0010f0ac T svcGetResourceLimitCurrentValues
0010f0b4 T svcBreak
0010f0bc W initSystem
0010f10c W __ctru_exit
0010f124 T __aeabi_read_tp
0010f130 0000000c T __sync_init
0010f13c 00000018 T __sync_fini
0010f154 0000002c T syncArbitrateAddress
0010f180 0000001c T LightLock_Init
0010f19c 00000094 T LightLock_Lock
0010f230 00000044 T LightLock_TryLock
0010f274 00000040 T LightLock_Unlock
0010f2b4 00000024 T RecursiveLock_Init
0010f2d8 00000030 T RecursiveLock_Lock
0010f308 00000078 T RecursiveLock_TryLock
0010f380 00000054 T RecursiveLock_Unlock
0010f3d4 00000040 T LightEvent_Init
0010f414 000000a4 T LightEvent_Clear
0010f4b8 000000c8 T LightEvent_Signal
0010f580 00000058 T LightEvent_TryWait
0010f5d8 000000b0 T LightEvent_Wait
0010f688 00000084 W envGetHandle
0010f70c 00000050 W envDestroyHandles
0010f75c 00000124 T srvInit
0010f880 00000058 T srvExit
0010f8d8 00000080 T srvGetServiceHandleDirect
0010f958 00000048 T srvGetServiceHandle
0010f9a0 00000038 T srvPublishToSubscriber
0010f9d8 00000188 T threadCreate
0010fb60 0000002c T threadFree
0010fb8c 00000024 T threadJoin
0010fbb0 00000030 T threadGetCurrent
0010fbe0 00000040 T threadExit
0010fc20 00000044 t _thread_begin
0010fc64 00000094 t mappableFindAddressWithin
0010fcf8 00000028 T mappableInit
0010fd20 00000080 T mappableAlloc
0010fda0 00000004 T mappableFree
0010fda4 00000160 T irrstInit
0010ff04 000000cc T irrstExit
0010ffd0 000000b0 T irrstScanInput
00110080 00000024 T irrstKeysHeld
001100a4 0000000c T srvPmGetSessionHandle
001100b0 00000050 T rbtree_node_next
00110100 00000060 T encode_utf16
00110160 000000fc T encode_utf8
0011025c 00000030 W __appInit
0011028c 00000030 t __libctru_nanosleep
001102bc 00000030 t __libctru_get_reent
001102ec 000000f8 T __system_initSyscalls
001103e4 00000030 W __appExit
00110414 00000090 W __libctru_exit
001104a4 00000014 t archive_link
001104b8 00000014 t archive_dirreset
001104cc 00000014 t archive_chmod
001104e0 00000024 t error_cmp
00110504 00000050 t archive_translate_error
00110554 000000d4 t archive_seek
00110628 0000007c t _archiveInit.part.0
001106a4 0000008c t archiveFindDevice.part.0
00110730 00000294 t archive_utf16path
001109c4 000000a0 t _archiveUnmountDeviceStruct.part.0
00110a64 00000014 t archive_fchmod
00110a78 00000014 t archive_statvfs
00110a8c 00000158 t _archiveMountDevice
00110be4 000000e8 t archive_diropen
00110ccc 000000a4 t archive_fstat
00110d70 0000006c t archive_close
00110ddc 0000006c t archive_fsync
00110e48 00000070 t archive_dirclose
00110eb8 000000e8 t sdmc_statvfs
00110fa0 00000080 t archive_ftruncate
00111020 000000fc t archive_chdir
0011111c 000000b0 t archive_read
001111cc 000000ac t archive_unlink
00111278 000000c8 t archive_rmdir
00111340 000000ec t archive_mkdir
0011142c 000001a8 t archive_stat
001115d4 00000184 t archive_rename
00111758 00000168 t archive_dirnext
001118c0 0000012c t archive_write
001119ec 000001f0 t archive_open
00111bdc 000001a4 T archiveMountSdmc
00111d80 00000054 T archiveUnmountAll
00111dd8 0000022c T cosf
00112004 00000024 t with_errnof
00112028 00000018 t xflowf
00112040 0000000c T __math_uflowf
0011204c 0000000c T __math_may_uflowf
00112058 0000000c T __math_oflowf
00112064 00000030 T __math_divzerof
00112094 0000001c T __math_invalidf
001120b0 000000b4 T ceilf
00112168 000003ec T powf
00112554 00000070 T tanf
001125c8 00000274 T sinf
0011283c 000002f0 T __ieee754_rem_pio2f
00112b2c 00000868 T __kernel_rem_pio2f
00113394 00000208 T __kernel_tanf
0011359c 00000010 T fabsf
001135ac 000000b4 T floorf
00113660 00000154 T scalbnf
001137b4 00000120 T __udivmoddi4
001138d4 00000078 T bsearch
0011394c 00000028 T calloc
00113974 00000094 T _calloc_r
00113a08 0000000c T __errno
00113a14 00000034 T exit
00113a48 00000160 T _fclose_r
00113ba8 00000258 T __sflush_r
00113e00 00000094 T _fflush_r
00113e94 0000000c T _cleanup_r
00113ea0 00000184 T __sinit
00114024 0000000c T __sfp_lock_acquire
00114030 0000000c T __sfp_lock_release
0011403c 0000003c T __libc_fini_array
00114078 000000f8 T _malloc_trim_r
00114170 000002e4 T _free_r
00114454 00000070 T _fwalk_reent
001144c4 0000007c T __libc_init_array
00114540 00000138 T __smakebuf_r
00114678 00000094 T __swhatbuf_r
0011470c 00000028 T memalign
00114734 00000148 T _memalign_r
0011487c 00000020 T malloc
0011489c 00000020 T free
001148bc 000007f0 T _malloc_r
001150ac 000000e0 T memchr
0011518c 0000011c T memcpy
001152a8 00000118 T memset
001153c0 0000000c T __malloc_lock
001153cc 0000000c T __malloc_unlock
001153d8 00000958 T qsort
00115d30 00000028 T realloc
00115d58 00000598 T _realloc_r
001162f0 00000260 T setvbuf
00116550 00000074 T sscanf
001165c4 00000044 T __sread
00116608 00000008 T __seofread
00116610 00000068 T __swrite
00116678 00000048 T __sseek
001166c0 00000008 T __sclose
001166c8 00000144 T strchr
0011680c 0000005c T strlen
00116868 000000ec T strncat
00116954 000000dc T strncmp
00116a30 000000c0 T strncpy
00116af0 00000048 T strnlen
00116b38 00000050 t get_arg
00116b88 00002b68 T __ssvfscanf_r
001196f0 0000064c t get_arg
00119d3c 00000034 T __sprint_r
00119d70 00002584 T _vfiprintf_r
0011c2f4 000000d4 t __sbprintf
0011c3c8 00000054 T _wcrtomb_r
0011c41c 00000028 T _wcsrtombs_r
0011c444 00000154 T __swsetup_r
0011c598 00000114 T __call_exitprocs
0011c6ac 000004a4 T __sfvwrite_r
0011cb50 00000008 T iswspace
0011cb58 0000000c T _localeconv_r
0011cb64 00000010 T __locale_mb_cur_max
0011cb74 00000068 T _mbrtowc_r
0011cbdc 000002fc T __utf8_mbtowc
0011ced8 00000154 T memmove
0011d02c 000000e4 T __sccl
0011d110 0000000c T nanf
0011d11c 00000064 T sprintf
0011d180 000000b8 T stpncpy
0011d238 0000130c T _strtod_l
0011e544 0000000c T _strtod_r
0011e550 0000022c t _strtoll_l.constprop.0
0011e77c 00000004 T _strtoll_r
0011e780 000001b0 t _strtol_l.part.0
0011e930 0000003c T _strtol_r
0011e96c 00000244 t _strtoull_l.constprop.0
0011ebb0 00000004 T _strtoull_r
0011ebb4 000001c8 t _strtoul_l.constprop.0
0011ed7c 00000004 T _strtoul_r
0011ed80 00000188 T __ssprint_r
0011ef08 000000e0 T _sungetc_r
0011efe8 0000006c T __ssrefill_r
0011f054 000000c8 T _sfread_r
0011f11c 0000064c t get_arg
0011f768 00003808 T _svfprintf_r
00122f70 000000a8 T __submore
00123018 00000190 T _wcsnrtombs_l
001231a8 0000004c T _wcsnrtombs_r
001231f4 000000f0 T __utf8_wctomb
001232e4 000001a8 t quorem
00123490 000012ec T _dtoa_r
0012477c 000000ec t rshift
00124868 00000928 T __gethex
00125190 0000004c T __match
001251dc 0000029c T __hexnan
00125478 0000003c T iswspace_l
001254b4 000001d4 t __jp2uc
00125688 0000009c T _jp2uc_l
00125724 00000088 T _Balloc
001257ac 0000001c T _Bfree
001257c8 000000f4 T __multadd
001258bc 00000110 T __s2b
001259cc 00000058 T __hi0bits
00125a24 0000009c T __lo0bits
00125ac0 000000a4 T __i2b
00125b64 00000204 T __multiply
00125d68 00000120 T __pow5mult
00125e88 0000013c T __lshift
00125fc4 00000058 T __mcmp
0012601c 000001cc T __mdiff
001261e8 00000088 T __ulp
00126270 000000d4 T __b2d
00126344 0000012c T __d2b
00126470 00000078 T __ratio
001264e8 00000088 T __copybits
00126570 0000005c T __any_on
001265d0 000000a8 T frexp
00126678 00000010 T nan
00126688 0000005c T __assert_func
001266e4 00000084 T category
00126768 0000003c T fiprintf
001267a4 00000014 T abort
001267b8 00000098 T _raise_r
00126850 00000020 T raise
00126870 00000008 t null_write
00126878 00000018 T setDefaultDevice
00126890 000000c8 T FindDevice
00126958 00000028 T RemoveDevice
00126980 0000009c T AddDevice
00126a1c 00000020 T GetDeviceOpTab
00126a3c 00000078 T _fstat_r
00126ab4 00000014 T _getpid_r
00126ac8 00000008 T _isatty_r
00126ad0 00000014 T _kill_r
00126ae4 00000084 T _lseek_r
00126b68 00000080 T _read_r
00126be8 00000078 T _sbrk_r
00126c60 00000080 T _write_r
00126ce0 00000024 T _exit
00126d04 000001b8 T _concatenate_path
00126ebc 00000160 T chdir
0012701c 00000008 T __flockfile
00127024 00000008 T __funlockfile
0012702c 00000018 T __libc_lock_acquire
00127044 00000018 T __libc_lock_release
0012705c 00000018 T __libc_lock_init_recursive
00127074 00000018 T __libc_lock_acquire_recursive
0012708c 00000018 T __libc_lock_release_recursive
001270a4 00000018 T __libc_lock_close_recursive
001270bc 0000003c T __get_handle
001270f8 000000f4 T _close_r
001271ec 00000028 T __getreent
00127214 00000038 T __aeabi_d2lz
00127214 00000038 T __fixdfdi
00127250 00000040 T __aeabi_d2ulz
00127250 00000040 T __fixunsdfdi
00127290 00000044 T strrchr
001272d4 T _fini
00128000 00013998 R vertex_list
0013b998 0000003c r material.0
0013b9e4 R vshader_shbin
0013bba4 R vshader_shbin_end
0013bba4 R vshader_shbin_size
0013bbe8 R render2d_shbin
0013bd74 R render2d_shbin_end
0013bd74 R render2d_shbin_size
0013bd78 00000005 r colorFmtSizes
0013bd80 00000004 r depthFmtSizes
0013bd84 00000010 r CSWTCH.9
0013bd94 00000008 r ids.0
0013bd9c 00000007 r layer_enabled.1
0013bda4 00000006 r lutIds.2
0013be10 00000030 r colorTable
0013be40 00000070 r dotab_stdout
0013bed4 00000008 r morton_x.3
0013bedc 00000008 r morton_y.2
0013bee4 00000008 r s_sleepWakeEvents.4
0013bf18 R default_font_bin
0013c718 R default_font_bin_end
0013c744 00000070 r archive_devoptab
0013c7b4 00000030 r error_table
0013c7e4 00000060 R __inv_pio4
0013c848 000000e0 R __sincosf_table
0013c928 00000080 r npio2_hw
0013c9a8 00000318 r two_over_pi
0013ccc0 0000002c r PIo2
0013ccec 0000000c r init_jk
0013ccf8 00000148 R __exp2f_data
0013ce40 00000128 R __powf_log2_data
0013cf68 00000004 R _global_impure_ptr
0013cf74 00000022 r basefix.0
0013cfc0 00000010 r blanks.1
0013cfd0 00000010 r zeroes.0
0013cfe0 00000101 R _ctype_
0013d13c 00000014 r fpi.1
0013d150 00000014 r fpinan.0
0013d168 00000028 r tinytens
0013d190 0000006c R __action_table
0013d1fc 00000100 R __chclass
0013d2fc 0000006c R __state_table
0013d37c 00000010 r blanks.1
0013d38c 00000010 r zeroes.0
0013d3ac r .LC2
0013d44c 00000100 R __hexdig
0013d560 000000bc r a1
0013d61c 000000bc r a2
0013d6d8 0000005b r a3
0013d734 00000070 r a6
0013d7a4 000000a2 r a7
0013d848 00000040 r a8
0013d888 0000172a r b02cf
0013efb4 00001a7c r d02f4
00140a30 0000000c R _C_numeric_locale
00140a80 00000028 R __mprec_bigtens
00140aa8 000000c8 R __mprec_tens
00140b70 0000000c r p05.0
00140bbc 000031e6 r categories
00143da4 00000070 R dotab_stdnull
00143e14 r 
00143e14 R __exidx_end
00143e14 R __exidx_start
00144000 00000004 d framerate
00144004 00000008 d framerateCounter
0014400c 00000004 D currentConsole
00144010 0000004c D defaultConsole
0014405c 00000001 d firstConsoleInit.0
00144060 00000004 d queueLock
00144064 00000004 d kCount
00144068 00000004 d kDelay
0014406c 00000004 d kInterval
00144070 W __stacksize__
00144074 0000000c d __sfp_recursive_mutex
00144080 0000000c d __sinit_recursive_mutex
0014408c 00000004 D _impure_ptr
00144090 00000460 d impure_data
001444f0 00000408 D __malloc_av_
001448f8 00000004 D __malloc_sbrk_base
001448fc 00000004 D __malloc_trim_threshold
00144900 0000000c d __malloc_recursive_mutex
0014490c 0000000c D __atexit_recursive_mutex
00144918 0000016c D __global_locale
00144a84 00000002 d numempty
00144a88 00000004 d defaultDevice
00144a8c 0000008c D devoptab_list
00144b18 00000400 d _current_working_directory
00144f18 00000004 d __hndl_lock
00144f1c 0000000c d __stderr_handle
00144f28 0000000c d __stdin_handle
00144f34 0000000c d __stdout_handle
00144f40 00001000 d handles
00145f48 d _GLOBAL_OFFSET_TABLE_
00145f54 d __frame_dummy_init_array_entry
00145f54 D __init_array_start
00145f54 B __preinit_array_end
00145f54 B __preinit_array_start
00145f54 D __tdata_lma
00145f54 D __tdata_lma_end
00145f58 d __do_global_dtors_aux_fini_array_entry
00145f58 D __fini_array_start
00145f58 D __init_array_end
00145f5c D __bss_start__
00145f5c D __fini_array_end
00145f60 00000014 b program
00145f78 00000018 b vbo_attrInfo
00145f90 00000098 b vbo_bufInfo
00146028 000000a4 b lightEnv
001460cc 00000040 b projection
0014610c 00000004 b angleY
00146110 00000070 b light
00146180 00000004 b uLoc_projection
00146184 00000004 b uLoc_modelView
00146188 0000001c b txt_helloWorld
001461a4 00000004 b vshader_dvlb
001461a8 00000004 b vbo_data
001461ac 00000400 b lut_Spec
001465ac 00000004 b angleX
001465b0 b completed.1
001465b4 b object.0
001465d0 000005a0 B __C2Di_Context
00146b70 00000040 b s_projBot
00146bb0 00000040 b s_projTop
00146bf0 00000004 b uLoc_mdlvMtx
00146bf4 00000004 b uLoc_projMtx
00146bf8 00000004 b s_glyphSheets
00146bfc 00000004 b s_textScale
00146c00 000002d0 B __C3D_Context
00146ed0 0000000c b hookCookie
00146ee0 00000010 b cpuTime
00146ef0 00000004 b firstTarget
00146ef4 00000008 b frameCounter
00146efc 00000004 b frameEndCb
00146f00 00000004 b frameEndCbData
00146f08 00000010 b gpuTime
00146f18 00000001 b inFrame
00146f19 00000001 b inSafeTransfer
00146f1a 00000001 b isTopStereo
00146f1c 00000004 b lastTarget
00146f20 0000000c b linkedTarget
00146f2c 00000001 b measureGpuTime
00146f2d 00000001 b needSwapBot
00146f2e 00000001 b needSwapTop
00146f30 00000004 B C3D_BoolUnifs
00146f34 00000002 B C3D_BoolUnifsDirty
00146f38 00000c00 B C3D_FVUnif
00147b38 000000c0 B C3D_FVUnifDirty
00147bf8 00000020 B C3D_IVUnif
00147c18 00000008 B C3D_IVUnifDirty
00147c20 000000c0 b C3Di_FVUnifEverDirty
00147ce0 00000008 b C3Di_IVUnifEverDirty
00147ce8 00000018 b C3Di_ShaderFVecData
00147d00 0000000c b sAddrMap
00147d0c 00000008 b sVramPool
00147d14 00000008 b sLinearPool
00147d1c 0000000c b sAddrMap
00147d28 00000001 V __ctru_speedup
00147d2c 0000004c B currentCopy
00147d78 00000004 B g_sharedFont
00147d7c 00000004 b sharedFontAddr
00147d80 00000004 b gfxBottomFramebufferMaxSize
00147d84 00000008 b gfxBottomFramebuffers
00147d8c 00000002 b gfxCurBuf
00147d90 00000002 b gfxFramebufferFormats
00147d94 00000002 b gfxIsDoubleBuf
00147d96 00000001 b gfxIsVram
00147d98 00000004 b gfxTopFramebufferMaxSize
00147d9c 00000008 b gfxTopFramebuffers
00147da4 00000001 b gfxTopMode
00147da8 00000004 b screenAlloc
00147dac 00000004 b screenFree
00147db0 00000004 b boundQueue
00147db4 00000004 b curQueue
00147db8 00000001 b isActive
00147db9 00000001 b isRunning
00147dba 00000001 b shouldStop
00147dbc 00000004 B gpuCmdBuf
00147dc0 00000004 B gpuCmdBufOffset
00147dc4 00000004 B gpuCmdBufSize
00147dc8 00000004 b gspEvent
00147dcc 0000001c b gspEventCb
00147de8 0000001c b gspEventCbData
00147e04 00000007 b gspEventCbOneShot
00147e0c 00000004 b gspEventThread
00147e10 00000038 b gspEvents
00147e48 00000004 b gspGpuHandle
00147e4c 00000001 b gspGpuRight
00147e50 00000004 b gspLastEvent
00147e54 00000004 b gspRefCount
00147e58 00000001 b gspRunEvents
00147e5c 00000004 b gspSharedMem
00147e60 00000004 b gspSharedMemHandle
00147e64 00000001 b gspThreadId
00147e65 00000001 b aptChainloadFlags
00147e66 00000001 b aptChainloadMediatype
00147e68 00000008 b aptChainloadTid
00147e70 00000004 b aptEventHandlerThread
00147e74 00000001 b aptEventHandlerThreadQuit
00147e78 00000008 b aptEvents
00147e80 0000000c b aptFirstHook
00147e8c 00000004 b aptFlags
00147e90 00000001 b aptHomeButtonState
00147e94 00000004 b aptLockHandle
00147e98 00000004 b aptMessageFunc
00147e9c 00000004 b aptMessageFuncData
00147ea0 00001000 b aptParameters
00148ea0 00000008 b aptReceiveEvent
00148ea8 00000004 b aptRefCount
00148eac 00000008 b aptSleepEvent
00148eb4 00000001 b flagInit.1
00148eb5 00000001 b flagValue.0
00148eb8 00000004 b serviceName.6
00148ebc 00000006 b aVec
00148ec4 00000004 b cPos
00148ec8 00000006 b gRate
00148ed0 00000014 B hidEvents
00148ee4 00000004 B hidHandle
00148ee8 00000004 B hidMemHandle
00148eec 00000004 b hidRefCount
00148ef0 00000004 B hidSharedMem
00148ef4 00000004 b kDown
00148ef8 00000004 b kHeld
00148efc 00000004 b kOld
00148f00 00000004 b kRepeat
00148f04 00000004 b kUp
00148f08 00000004 b tPos
00148f0c 00000001 b usingIrrst
00148f10 00000004 b ptmSysmHandle
00148f14 00000004 b ptmSysmRefCount
00148f18 00000080 b fsExemptArchives
00148f98 00000004 b fsuHandle
00148f9c 00000004 b fsuRefCount
00148fa0 00000004 B __ctru_heap
00148fa4 00000004 V __ctru_heap_size
00148fa8 00000004 B __ctru_linear_heap
00148fac 00000004 V __ctru_linear_heap_size
00148fb0 00000004 B __system_retAddr
00148fb4 00000004 B __system_argc
00148fb8 00000004 B __system_argv
00148fbc b saved_stack
00148fc4 00000004 b arbiter
00148fc8 00000004 b srvHandle
00148fcc 00000004 b srvRefCount
00148fd0 00000004 b currentAddr
00148fd4 00000004 b maxAddr
00148fd8 00000004 b minAddr
00148fdc 00000004 b csPos
00148fe0 00000004 B irrstEvent
00148fe4 00000004 B irrstHandle
00148fe8 00000004 B irrstMemHandle
00148fec 00000004 b irrstRefCount
00148ff0 00000004 B irrstSharedMem
00148ff4 00000004 b kHeld
00148ff8 00000004 b srvPmHandle
00148ffc 00000004 b archive_device_cwd
00149000 00000540 b archive_devices
00149540 00000001 b archive_initialized
00149544 00000028 B __malloc_current_mallinfo
0014956c 00000004 B __malloc_max_sbrked_mem
00149570 00000004 B __malloc_max_total_mem
00149574 00000004 B __malloc_top_pad
00149578 00000004 b heap_start.0
0014957c 00000004 B fake_heap_end
00149580 00000004 B fake_heap_start
00149584 00000400 b temp_cwd
00149984 00000048 B __syscalls
001499cc B __tls_start
0014a5d4 B __bss_end__
0014a5d4 A __end__
0014a5d4 B __tls_end
