         w __deregister_frame_info
         w __register_frame_info
         w userAppExit
         w userAppInit
00000000 00000401 B __ctru_dev_path_buf
00000000 b _TLS_MODULE_BASE_
00000000 a shift
00000404 00000802 B __ctru_dev_utf16_buf
00100000 A __start__
00100000 T _start
00100008 T __service_ptr
0010000c T __apt_appid
00100010 T __heap_size
00100014 T __linear_heap_size
00100018 T __system_arglist
0010001c T __system_runflags
00100020 t startup
00100058 t ClearMem
0010006c t ClrLoop
00100094 T _init
001000ac T __aeabi_ldivmod
00100180 00000004 W __aeabi_idiv0
00100180 00000004 W __aeabi_ldiv0
001001a8 00000390 T strcmp
00100530 t .udivsi3_skip_div0_test
00100530 T __aeabi_uidiv
00100530 000001ec T __udivsi3
0010071c 00000020 T __aeabi_uidivmod
0010073c t __do_global_dtors_aux
0010077c t frame_dummy
001007a8 0000029c T main
00100a44 00000004 W C3Di_LightEnvUpdate
00100a48 00000004 W C3Di_LightEnvDirty
00100a4c 00000004 W C3Di_ProcTexUpdate
00100a50 00000004 W C3Di_ProcTexDirty
00100a54 000000b4 t C3Di_AptEventHook
00100b08 00000004 W C3Di_GasUpdate
00100b0c 000001e0 T C3D_Init
00100cec 00000098 T C3D_SetViewport
00100d84 000004ec T C3Di_UpdateContext
00101270 000000e0 T C3Di_SplitFrame
00101350 00000044 T C3D_Fini
00101394 00000108 T C3D_BindProgram
0010149c 0000004c t onVBlank0
001014e8 0000004c t onVBlank1
00101534 00000080 t C3Di_RenderTargetDestroy
001015b4 000000f4 t onQueueFinish
001016a8 00000038 T C3Di_RenderQueueEnableVBlank
001016e0 00000030 T C3Di_RenderQueueDisableVBlank
00101710 00000060 T C3Di_RenderQueueInit
00101770 000000b0 T C3Di_RenderQueueExit
00101820 00000034 T C3Di_RenderQueueWaitDone
00101854 000000e4 T C3D_FrameBegin
00101938 00000048 T C3D_FrameDrawOn
00101980 000001d8 T C3D_FrameEnd
00101b58 00000128 T C3D_RenderTargetCreate
00101c80 000000a8 T C3D_RenderTargetSetOutput
00101d28 0000016c T C3Di_SetTex
00101e94 0000001c T C3D_CalcColorBufSize
00101eb0 0000001c T C3D_CalcDepthBufSize
00101ecc 00000044 T C3D_SetFrameBuf
00101f10 0000016c T C3Di_FrameBufBind
0010207c 000000cc T C3D_FrameBufClear
00102148 00000044 T C3D_FrameBufTransfer
0010218c 00000034 T C3D_GetTexEnv
001021c0 00000024 T C3Di_TexEnvBind
001021e4 00000048 T C3Di_BufInfoBind
0010222c 00000040 T C3D_DepthMap
0010226c 0000001c T C3D_CullFace
00102288 00000040 T C3D_StencilTest
001022c8 00000024 T C3D_StencilOp
001022ec 0000001c T C3D_BlendingColor
00102308 00000024 T C3D_EarlyDepthTest
0010232c 0000002c T C3D_DepthTest
00102358 0000002c T C3D_AlphaTest
00102384 00000050 T C3D_AlphaBlend
001023d4 00000030 T C3D_FragOpMode
00102404 00000044 T C3D_FragOpShadow
00102448 000001ac T C3Di_EffectBind
001025f4 00000028 T AttrInfo_Init
0010261c 00000098 T AttrInfo_AddLoader
001026b4 00000020 T C3D_GetAttrInfo
001026d4 00000080 T C3Di_AttrInfoBind
00102754 000000b8 T C3D_ImmDrawBegin
0010280c 000000a8 T C3D_ImmSendAttrib
001028b4 00000070 T C3D_ImmDrawEnd
00102924 0000029c T C3D_UpdateUniforms
00102bc0 000000c0 T C3Di_DirtyUniforms
00102c80 000000d8 T C3Di_LoadShaderUniforms
00102d58 00000028 T C3Di_ClearShaderUniforms
00102d80 000000cc T Mtx_OrthoTilt
00102e4c 00000024 t addrMapNodeComparator(rbtree_node const*, rbtree_node const*)
00102e70 00000004 t addrMapNodeDestructor(rbtree_node*)
00102e74 00000114 T vramMemAlign
00102f88 00000008 T vramAlloc
00102f90 0000005c T vramFree
00102fec 00000024 t addrMapNodeComparator(rbtree_node const*, rbtree_node const*)
00103010 00000004 t addrMapNodeDestructor(rbtree_node*)
00103014 00000120 T linearMemAlign
00103134 00000008 T linearAlloc
0010313c 0000005c T linearFree
00103198 00000084 T MemPool::CoalesceRight(MemBlock*)
0010321c 00000170 T MemPool::Allocate(MemChunk&, unsigned long, int)
0010338c 000000fc T MemPool::Deallocate(MemChunk const&)
00103488 00000074 T osConvertVirtToPhys
001034fc 00000054 T osGetTimeRef
00103550 000000e4 T osGetTime
00103634 00000074 T __libctru_gtod
001036a8 00000034 T __ctru_speedup_config
001036dc 000000d0 t gfxPresentFramebuffer
001037ac 000000ec T gfxSetScreenFormat
00103898 00000108 T gfxInit
001039a0 00000010 T gfxInitDefault
001039b0 000000b4 T gfxExit
00103a64 000000a0 T gfxGetFramebuffer
00103b04 00000030 T gfxScreenSwapBuffers
00103b34 000001e0 T shaderInstanceInit
00103d14 00000018 T shaderInstanceGetUniformLocation
00103d2c 0000001c T shaderProgramInit
00103d48 00000064 T shaderProgramFree
00103dac 00000080 T shaderProgramSetVsh
00103e2c 000008c0 T shaderProgramConfigure
001046ec 000001f8 t DVLE_GenerateOutmap.part.0
001048e4 000001cc T DVLB_ParseFile
00104ab0 00000038 T DVLB_Free
00104ae8 00000074 T DVLE_GetUniformRegister
00104b5c 00000010 T GX_BindQueue
00104b6c 00000078 T GX_ProcessCommandList
00104be4 00000074 T GX_MemoryFill
00104c58 00000070 T GX_DisplayTransfer
00104cc8 00000068 t gxCmdQueueDoCommands.part.0
00104d30 000000c8 T gxCmdQueueInterrupt
00104df8 0000004c T gxCmdQueueClear
00104e44 000000f8 T gxCmdQueueAdd
00104f3c 00000080 T gxCmdQueueRun
00104fbc 00000060 T gxCmdQueueStop
0010501c 00000074 T gxCmdQueueWait
00105090 0000013c T GPUCMD_Add
001051cc 000000ac T GPUCMD_Split
00105278 00000040 T f32tof16
001052b8 00000040 T f32tof24
001052f8 00000044 T f32tof31
0010533c 00000c58 t gspHardwareInit
00105f94 00000254 T gspInit
001061e8 000000f0 T gspExit
001062d8 00000010 T gspHasGpuRight
001062e8 00000098 T gspPresentBuffer
00106380 00000030 T gspSetEventCallback
001063b0 00000050 T gspWaitForEvent
00106400 0000004c T gspWaitForAnyEvent
0010644c 00000160 t gspEventThreadMain
001065ac 00000130 T gspSubmitGxCommand
001066dc 00000050 T GSPGPU_FlushDataCache
0010672c 00000034 T GSPGPU_SetLcdForceBlack
00106760 00000068 T GSPGPU_AcquireRight
001067c8 00000048 T GSPGPU_ReleaseRight
00106810 0000007c T GSPGPU_ImportDisplayCaptureInfo
0010688c 0000002c T GSPGPU_SaveVramSysArea
001068b8 0000002c T GSPGPU_RestoreVramSysArea
001068e4 000001b0 t aptConvertScreenForCapture
00106a94 00000008 W aptDspSleep
00106a9c 00000004 W aptDspWakeup
00106aa0 00000004 W aptDspCancel
00106aa4 0000015c T aptSendCommand
00106c00 00000038 t aptExitProcess
00106c38 000002f0 T aptExit
00106f28 000000d8 T aptHandleSleep
00107000 00000030 T aptHook
00107030 00000030 T aptUnhook
00107060 00000084 T APT_SleepIfShellClosed
001070e4 00000084 T aptSetSleepAllowed
00107168 00000084 T APT_UnlockTransition
001071f0 00000484 t aptEventHandler
00107674 000000b0 T APT_ReceiveParameter
00107724 000000b0 t aptReceiveParameter.constprop.0
001077d8 000002bc t aptScreenTransfer
00107a94 000002d0 t aptWaitForWakeUp.isra.0
00107d64 000000f8 T aptJumpToHomeMenu
00107e5c 0000004c T aptMainLoop
00107ea8 00000234 T aptInit
001080dc 0000007c T APT_CheckNew3DS
00108158 00000024 W hidShouldUseIrrst
0010817c 0000018c T hidInit
00108308 000000e8 T hidExit
001083f0 00000294 T hidScanInput
00108684 00000010 T hidKeysDown
00108694 00000074 T ptmSysmInit
00108708 0000003c T ptmSysmExit
00108744 00000034 T PTMSYSM_ConfigureNew3DSCPU
00108778 00000010 T rbtree_init
00108788 000001a0 t do_insert
00108928 00000008 T rbtree_insert
00108930 00000090 T rbtree_rotate
001089c0 00000338 T rbtree_remove
00108cf8 00000074 T rbtree_find
00108d70 000001e0 W __system_allocateHeaps
00108f50 00000038 W __libctru_init
00108f88 000000f0 W __system_initArgv
00109078 T svcControlMemory
00109098 T svcQueryMemory
001090c8 T svcExitProcess
001090d0 T svcCreateThread
001090f0 T svcExitThread
001090f8 T svcSleepThread
00109100 T svcReleaseMutex
00109108 T svcCreateEvent
0010911c T svcSignalEvent
00109124 T svcClearEvent
0010912c T svcMapMemoryBlock
00109134 T svcUnmapMemoryBlock
0010913c T svcCreateAddressArbiter
00109150 T svcArbitrateAddressNoTimeout
00109158 T svcCloseHandle
00109160 T svcWaitSynchronization
00109168 T svcWaitSynchronizationN
00109190 T svcDuplicateHandle
001091a4 T svcGetSystemTick
001091ac T svcConnectToPort
001091c0 T svcSendSyncRequest
001091c8 T svcGetResourceLimit
001091dc T svcGetResourceLimitLimitValues
001091e4 T svcGetResourceLimitCurrentValues
001091ec T svcBreak
001091f4 W initSystem
00109244 W __ctru_exit
0010925c 0000000c T __sync_init
00109268 00000018 T __sync_fini
00109280 0000002c T syncArbitrateAddress
001092ac 0000001c T LightLock_Init
001092c8 00000094 T LightLock_Lock
0010935c 00000044 T LightLock_TryLock
001093a0 00000040 T LightLock_Unlock
001093e0 00000024 T RecursiveLock_Init
00109404 00000030 T RecursiveLock_Lock
00109434 00000078 T RecursiveLock_TryLock
001094ac 00000054 T RecursiveLock_Unlock
00109500 00000040 T LightEvent_Init
00109540 000000a4 T LightEvent_Clear
001095e4 000000c8 T LightEvent_Signal
001096ac 00000058 T LightEvent_TryWait
00109704 000000b0 T LightEvent_Wait
001097b4 00000124 T srvInit
001098d8 00000058 T srvExit
00109930 00000080 T srvGetServiceHandleDirect
001099b0 00000048 T srvGetServiceHandle
001099f8 00000038 T srvPublishToSubscriber
00109a30 00000188 T threadCreate
00109bb8 0000002c T threadFree
00109be4 00000024 T threadJoin
00109c08 00000030 T threadGetCurrent
00109c38 00000040 T threadExit
00109c78 00000044 t _thread_begin
00109cbc 00000094 t mappableFindAddressWithin
00109d50 00000028 T mappableInit
00109d78 00000080 T mappableAlloc
00109df8 00000004 T mappableFree
00109dfc 00000160 T irrstInit
00109f5c 000000cc T irrstExit
0010a028 000000b0 T irrstScanInput
0010a0d8 00000024 T irrstKeysHeld
0010a0fc 0000000c T srvPmGetSessionHandle
0010a108 00000050 T rbtree_node_next
0010a158 00000030 W __appInit
0010a188 00000030 t __libctru_nanosleep
0010a1b8 00000030 t __libctru_get_reent
0010a1e8 000000f8 T __system_initSyscalls
0010a2e0 00000030 W __appExit
0010a310 00000090 W __libctru_exit
0010a3a0 00000084 W envGetHandle
0010a424 00000050 W envDestroyHandles
0010a474 00000014 t archive_link
0010a488 00000014 t archive_dirreset
0010a49c 00000014 t archive_chmod
0010a4b0 00000024 t error_cmp
0010a4d4 00000050 t archive_translate_error
0010a524 000000d4 t archive_seek
0010a5f8 0000007c t _archiveInit.part.0
0010a674 0000008c t archiveFindDevice.part.0
0010a700 00000294 t archive_utf16path
0010a994 000000a0 t _archiveUnmountDeviceStruct.part.0
0010aa34 00000014 t archive_fchmod
0010aa48 00000014 t archive_statvfs
0010aa5c 00000158 t _archiveMountDevice
0010abb4 000000e8 t archive_diropen
0010ac9c 000000a4 t archive_fstat
0010ad40 0000006c t archive_close
0010adac 0000006c t archive_fsync
0010ae18 00000070 t archive_dirclose
0010ae88 000000e8 t sdmc_statvfs
0010af70 00000080 t archive_ftruncate
0010aff0 000000fc t archive_chdir
0010b0ec 000000b0 t archive_read
0010b19c 000000ac t archive_unlink
0010b248 000000c8 t archive_rmdir
0010b310 000000ec t archive_mkdir
0010b3fc 000001a8 t archive_stat
0010b5a4 00000184 t archive_rename
0010b728 00000168 t archive_dirnext
0010b890 0000012c t archive_write
0010b9bc 000001f0 t archive_open
0010bbac 000001a4 T archiveMountSdmc
0010bd50 00000054 T archiveUnmountAll
0010bda4 000000c8 T fsInit
0010be6c 0000003c T fsExit
0010bea8 00000060 T fsExemptFromSession
0010bf08 00000050 T fsUnexemptFromSession
0010bf58 000000cc T FSUSER_OpenFile
0010c024 000000bc T FSUSER_DeleteFile
0010c0e0 000000f8 T FSUSER_RenameFile
0010c1d8 000000bc T FSUSER_DeleteDirectory
0010c294 000000d4 T FSUSER_CreateFile
0010c368 000000c4 T FSUSER_CreateDirectory
0010c42c 000000f8 T FSUSER_RenameDirectory
0010c524 000000b4 T FSUSER_OpenDirectory
0010c5d8 00000094 T FSUSER_OpenArchive
0010c66c 0000008c T FSUSER_CloseArchive
0010c6f8 00000074 T FSUSER_GetSdmcArchiveResource
0010c76c 00000064 T FSUSER_IsSdmcWritable
0010c7d0 00000058 T FSFILE_Read
0010c828 00000060 T FSFILE_Write
0010c888 00000038 T FSFILE_GetSize
0010c8c0 00000028 T FSFILE_SetSize
0010c8e8 0000003c T FSFILE_Close
0010c924 00000024 T FSFILE_Flush
0010c948 00000050 T FSDIR_Read
0010c998 0000003c T FSDIR_Close
0010c9d4 000000e8 T utf16_to_utf8
0010cabc 00000064 T decode_utf16
0010cb20 0000013c T decode_utf8
0010cc5c 000000c0 T utf8_to_utf16
0010cd1c T __aeabi_read_tp
0010cd28 00000060 T encode_utf16
0010cd88 000000fc T encode_utf8
0010ce84 00000120 T __udivmoddi4
0010cfa4 00000078 T bsearch
0010d01c 00000028 T calloc
0010d044 00000094 T _calloc_r
0010d0d8 00000034 T exit
0010d10c 0000003c T __libc_fini_array
0010d148 0000007c T __libc_init_array
0010d1c4 00000028 T memalign
0010d1ec 00000148 T _memalign_r
0010d334 00000020 T malloc
0010d354 00000020 T free
0010d374 000007f0 T _malloc_r
0010db64 0000011c T memcpy
0010dc80 00000118 T memset
0010dd98 0000000c T __malloc_lock
0010dda4 0000000c T __malloc_unlock
0010ddb0 0000005c T strlen
0010de0c 000000ec T strncat
0010def8 000000dc T strncmp
0010dfd4 000000c0 T strncpy
0010e094 00000048 T strnlen
0010e0dc 00000114 T __call_exitprocs
0010e1f0 000000f8 T _malloc_trim_r
0010e2e8 000002e4 T _free_r
0010e5cc 00000008 t null_write
0010e5d4 00000018 T setDefaultDevice
0010e5ec 000000c8 T FindDevice
0010e6b4 00000028 T RemoveDevice
0010e6dc 0000009c T AddDevice
0010e778 00000020 T GetDeviceOpTab
0010e798 00000078 T _sbrk_r
0010e810 00000024 T _exit
0010e834 000001b8 T _concatenate_path
0010e9ec 00000160 T chdir
0010eb4c 00000018 T __libc_lock_acquire_recursive
0010eb64 00000018 T __libc_lock_release_recursive
0010eb7c 00000028 T __getreent
0010eba4 00000144 T strchr
0010ece8 00000044 T strrchr
0010ed2c T _fini
0010f010 R vshader_shbin
0010f134 R vshader_shbin_end
0010f134 R vshader_shbin_size
0010f144 00000005 r colorFmtSizes
0010f14c 00000004 r depthFmtSizes
0010f174 00000008 r morton_x.3
0010f17c 00000008 r morton_y.2
0010f184 00000008 r s_sleepWakeEvents.4
0010f1dc 00000070 r archive_devoptab
0010f24c 00000030 r error_table
0010f284 00000004 R _global_impure_ptr
0010f288 00000070 R dotab_stdnull
0010f2f8 00000101 R _ctype_
0010f3fc r 
0010f3fc R __exidx_end
0010f3fc R __exidx_start
00110000 00000004 d framerate
00110004 00000008 d framerateCounter
0011000c 00000004 d queueLock
00110010 00000004 d kCount
00110014 00000004 d kDelay
00110018 00000004 d kInterval
0011001c W __stacksize__
00110020 00000004 D _impure_ptr
00110028 00000460 d impure_data
00110488 00000408 D __malloc_av_
00110890 00000004 D __malloc_sbrk_base
00110894 00000004 D __malloc_trim_threshold
00110898 0000000c d __malloc_recursive_mutex
001108a4 0000000c D __atexit_recursive_mutex
001108b0 00000004 d defaultDevice
001108b4 0000008c D devoptab_list
00110940 00000400 d _current_working_directory
00110d48 d _GLOBAL_OFFSET_TABLE_
00110d54 d __frame_dummy_init_array_entry
00110d54 D __init_array_start
00110d54 B __preinit_array_end
00110d54 B __preinit_array_start
00110d54 D __tdata_lma
00110d54 D __tdata_lma_end
00110d58 d __do_global_dtors_aux_fini_array_entry
00110d58 D __fini_array_start
00110d58 D __init_array_end
00110d5c D __bss_start__
00110d5c D __fini_array_end
00110d5c 00000004 b vshader_dvlb
00110d60 00000014 b program
00110d74 00000004 b uLoc_projection
00110d78 00000040 b projection
00110db8 b completed.1
00110dbc b object.0
00110dd8 000002d0 B __C3D_Context
001110a8 0000000c b hookCookie
001110b8 00000010 b cpuTime
001110c8 00000004 b firstTarget
001110cc 00000008 b frameCounter
001110d4 00000004 b frameEndCb
001110d8 00000004 b frameEndCbData
001110e0 00000010 b gpuTime
001110f0 00000001 b inFrame
001110f1 00000001 b inSafeTransfer
001110f2 00000001 b isTopStereo
001110f4 00000004 b lastTarget
001110f8 0000000c b linkedTarget
00111104 00000001 b measureGpuTime
00111105 00000001 b needSwapBot
00111106 00000001 b needSwapTop
00111108 00000004 B C3D_BoolUnifs
0011110c 00000002 B C3D_BoolUnifsDirty
00111110 00000c00 B C3D_FVUnif
00111d10 000000c0 B C3D_FVUnifDirty
00111dd0 00000020 B C3D_IVUnif
00111df0 00000008 B C3D_IVUnifDirty
00111df8 000000c0 b C3Di_FVUnifEverDirty
00111eb8 00000008 b C3Di_IVUnifEverDirty
00111ec0 00000018 b C3Di_ShaderFVecData
00111ed8 0000000c b sAddrMap
00111ee4 00000008 b sVramPool
00111eec 00000008 b sLinearPool
00111ef4 0000000c b sAddrMap
00111f00 00000001 V __ctru_speedup
00111f04 00000004 b gfxBottomFramebufferMaxSize
00111f08 00000008 b gfxBottomFramebuffers
00111f10 00000002 b gfxCurBuf
00111f14 00000002 b gfxFramebufferFormats
00111f18 00000002 b gfxIsDoubleBuf
00111f1a 00000001 b gfxIsVram
00111f1c 00000004 b gfxTopFramebufferMaxSize
00111f20 00000008 b gfxTopFramebuffers
00111f28 00000001 b gfxTopMode
00111f2c 00000004 b screenAlloc
00111f30 00000004 b screenFree
00111f34 00000004 b boundQueue
00111f38 00000004 b curQueue
00111f3c 00000001 b isActive
00111f3d 00000001 b isRunning
00111f3e 00000001 b shouldStop
00111f40 00000004 B gpuCmdBuf
00111f44 00000004 B gpuCmdBufOffset
00111f48 00000004 B gpuCmdBufSize
00111f4c 00000004 b gspEvent
00111f50 0000001c b gspEventCb
00111f6c 0000001c b gspEventCbData
00111f88 00000007 b gspEventCbOneShot
00111f90 00000004 b gspEventThread
00111f94 00000038 b gspEvents
00111fcc 00000004 b gspGpuHandle
00111fd0 00000001 b gspGpuRight
00111fd4 00000004 b gspLastEvent
00111fd8 00000004 b gspRefCount
00111fdc 00000001 b gspRunEvents
00111fe0 00000004 b gspSharedMem
00111fe4 00000004 b gspSharedMemHandle
00111fe8 00000001 b gspThreadId
00111fe9 00000001 b aptChainloadFlags
00111fea 00000001 b aptChainloadMediatype
00111ff0 00000008 b aptChainloadTid
00111ff8 00000004 b aptEventHandlerThread
00111ffc 00000001 b aptEventHandlerThreadQuit
00112000 00000008 b aptEvents
00112008 0000000c b aptFirstHook
00112014 00000004 b aptFlags
00112018 00000001 b aptHomeButtonState
0011201c 00000004 b aptLockHandle
00112020 00000004 b aptMessageFunc
00112024 00000004 b aptMessageFuncData
00112028 00001000 b aptParameters
00113028 00000008 b aptReceiveEvent
00113030 00000004 b aptRefCount
00113034 00000008 b aptSleepEvent
0011303c 00000001 b flagInit.1
0011303d 00000001 b flagValue.0
00113040 00000004 b serviceName.6
00113044 00000006 b aVec
0011304c 00000004 b cPos
00113050 00000006 b gRate
00113058 00000014 B hidEvents
0011306c 00000004 B hidHandle
00113070 00000004 B hidMemHandle
00113074 00000004 b hidRefCount
00113078 00000004 B hidSharedMem
0011307c 00000004 b kDown
00113080 00000004 b kHeld
00113084 00000004 b kOld
00113088 00000004 b kRepeat
0011308c 00000004 b kUp
00113090 00000004 b tPos
00113094 00000001 b usingIrrst
00113098 00000004 b ptmSysmHandle
0011309c 00000004 b ptmSysmRefCount
001130a0 00000004 B __ctru_heap
001130a4 00000004 V __ctru_heap_size
001130a8 00000004 B __ctru_linear_heap
001130ac 00000004 V __ctru_linear_heap_size
001130b0 00000004 B __system_retAddr
001130b4 00000004 B __system_argc
001130b8 00000004 B __system_argv
001130bc b saved_stack
001130c4 00000004 b arbiter
001130c8 00000004 b srvHandle
001130cc 00000004 b srvRefCount
001130d0 00000004 b currentAddr
001130d4 00000004 b maxAddr
001130d8 00000004 b minAddr
001130dc 00000004 b csPos
001130e0 00000004 B irrstEvent
001130e4 00000004 B irrstHandle
001130e8 00000004 B irrstMemHandle
001130ec 00000004 b irrstRefCount
001130f0 00000004 B irrstSharedMem
001130f4 00000004 b kHeld
001130f8 00000004 b srvPmHandle
001130fc 00000004 b archive_device_cwd
00113100 00000540 b archive_devices
00113640 00000001 b archive_initialized
00113648 00000080 b fsExemptArchives
001136c8 00000004 b fsuHandle
001136cc 00000004 b fsuRefCount
001136d0 00000028 B __malloc_current_mallinfo
001136f8 00000004 B __malloc_max_sbrked_mem
001136fc 00000004 B __malloc_max_total_mem
00113700 00000004 B __malloc_top_pad
00113704 00000004 b heap_start.0
00113708 00000004 B fake_heap_end
0011370c 00000004 B fake_heap_start
00113710 00000400 b temp_cwd
00113b10 00000048 B __syscalls
00113b58 B __tls_start
00114760 B __bss_end__
00114760 A __end__
00114760 B __tls_end
