         w __deregister_frame_info
         w __register_frame_info
         w userAppExit
         w userAppInit
00000000 00000401 B __ctru_dev_path_buf
00000000 b _TLS_MODULE_BASE_
00000000 a shift
00000000 a shift
00000404 00000802 B __ctru_dev_utf16_buf
00100000 A __start__
00100000 T _start
00100008 T __service_ptr
0010000c T __apt_appid
00100010 T __heap_size
00100014 T __linear_heap_size
00100018 T __system_arglist
0010001c T __system_runflags
00100020 t startup
00100058 t ClearMem
0010006c t ClrLoop
00100094 T _init
001000ac T __aeabi_idiv
001000ac 00000220 T __divsi3
001000b4 t .divsi3_skip_div0_test
001002cc 00000020 T __aeabi_idivmod
001002ec 00000004 W __aeabi_idiv0
001002ec 00000004 W __aeabi_ldiv0
001002f0 T __aeabi_ldivmod
001003c4 T __aeabi_uldivmod
00100408 00000390 T strcmp
00100790 t .udivsi3_skip_div0_test
00100790 T __aeabi_uidiv
00100790 000001ec T __udivsi3
0010097c 00000020 T __aeabi_uidivmod
0010099c T __aeabi_drsub
001009a4 000002b0 T __aeabi_dsub
001009a4 000002b0 T __subdf3
001009a8 000002ac T __adddf3
001009a8 000002ac T __aeabi_dadd
00100c54 00000024 T __aeabi_ui2d
00100c54 00000024 T __floatunsidf
00100c78 00000028 T __aeabi_i2d
00100c78 00000028 T __floatsidf
00100ca0 00000048 T __aeabi_f2d
00100ca0 00000048 T __extendsfdf2
00100ce8 00000074 T __aeabi_ul2d
00100ce8 00000074 T __floatundidf
00100cfc 00000060 T __aeabi_l2d
00100cfc 00000060 T __floatdidf
00100d5c t __do_global_dtors_aux
00100d9c t frame_dummy
00100dc8 00000060 t MyCallback
00100e28 000003bc T main
001011e4 00000178 T consoleDrawChar
0010135c 00000124 T consolePrintChar
00101480 00000a00 T con_write
00101e80 00000168 T consoleInit
00101fe8 000000f4 t newRow
001020dc 000000d0 t gfxPresentFramebuffer
001021ac 0000001c T gfxIsWide
001021c8 000000ec T gfxSetScreenFormat
001022b4 00000010 T gfxSetDoubleBuffering
001022c4 00000108 T gfxInit
001023cc 00000010 T gfxInitDefault
001023dc 000000b4 T gfxExit
00102490 000000a0 T gfxGetFramebuffer
00102530 0000010c T gfxFlushBuffers
0010263c 00000050 T gfxSwapBuffers
0010268c 00000050 T gfxSwapBuffersGpu
001026dc 00000c58 t gspHardwareInit
00103334 00000254 T gspInit
00103588 000000f0 T gspExit
00103678 00000010 T gspHasGpuRight
00103688 00000098 T gspPresentBuffer
00103720 00000050 T gspWaitForEvent
00103770 00000004 W gxCmdQueueInterrupt
00103774 00000160 t gspEventThreadMain
001038d4 00000050 T GSPGPU_FlushDataCache
00103924 00000034 T GSPGPU_SetLcdForceBlack
00103958 00000068 T GSPGPU_AcquireRight
001039c0 00000048 T GSPGPU_ReleaseRight
00103a08 0000007c T GSPGPU_ImportDisplayCaptureInfo
00103a84 0000002c T GSPGPU_SaveVramSysArea
00103ab0 0000002c T GSPGPU_RestoreVramSysArea
00103adc 000001b0 t aptConvertScreenForCapture
00103c8c 00000008 W aptDspSleep
00103c94 00000004 W aptDspWakeup
00103c98 00000004 W aptDspCancel
00103c9c 0000015c T aptSendCommand
00103df8 00000038 t aptExitProcess
00103e30 00000050 T aptSetChainloaderToSelf
00103e80 000002f0 T aptExit
00104170 000000d8 T aptHandleSleep
00104248 0000001c T aptSetMessageCallback
00104264 00000084 T APT_SleepIfShellClosed
001042e8 00000084 T aptSetSleepAllowed
0010436c 00000084 T APT_UnlockTransition
001043f0 00000484 t aptEventHandler
00104874 000000b0 T APT_ReceiveParameter
00104924 000000b0 t aptReceiveParameter.constprop.0
001049d8 000002bc t aptScreenTransfer
00104c94 000002d0 t aptWaitForWakeUp.isra.0
00104f64 00000118 T aptLaunchLibraryApplet
0010507c 000000f8 T aptJumpToHomeMenu
00105174 0000004c T aptMainLoop
001051c0 00000234 T aptInit
001053f4 0000005c T APT_SendParameter
00105450 0000007c T APT_CheckNew3DS
001054cc 00000024 W hidShouldUseIrrst
001054f0 0000018c T hidInit
0010567c 000000e8 T hidExit
00105764 00000294 T hidScanInput
001059f8 00000010 T hidKeysDown
00105a08 00000178 t swkbdMessageCallback
00105b80 00000078 T swkbdInit
00105bf8 0000003c T swkbdSetFeatures
00105c34 00000050 T swkbdSetHintText
00105c84 0000006c T swkbdSetButton
00105cf0 00000008 T swkbdSetInitialText
00105cf8 0000009c T swkbdSetDictWord
00105d94 00000014 T swkbdSetDictionary
00105da8 00000030 T swkbdSetStatusData
00105dd8 00000030 T swkbdSetLearningData
00105e08 00000014 T swkbdSetFilterCallback
00105e1c 000003ac T swkbdInputText
001061c8 000000e8 T utf16_to_utf8
001062b0 00000064 T decode_utf16
00106314 000000c0 T utf8_to_utf16
001063d4 00000038 W __libctru_init
0010640c 000000f0 W __system_initArgv
001064fc T svcControlMemory
0010651c T svcQueryMemory
0010654c T svcExitProcess
00106554 T svcCreateThread
00106574 T svcExitThread
0010657c T svcSleepThread
00106584 T svcReleaseMutex
0010658c T svcCreateEvent
001065a0 T svcSignalEvent
001065a8 T svcClearEvent
001065b0 T svcCreateMemoryBlock
001065c8 T svcMapMemoryBlock
001065d0 T svcUnmapMemoryBlock
001065d8 T svcCreateAddressArbiter
001065ec T svcArbitrateAddressNoTimeout
001065f4 T svcCloseHandle
001065fc T svcWaitSynchronization
00106604 T svcWaitSynchronizationN
0010662c T svcDuplicateHandle
00106640 T svcGetSystemTick
00106648 T svcConnectToPort
0010665c T svcSendSyncRequest
00106664 T svcGetResourceLimit
00106678 T svcGetResourceLimitLimitValues
00106680 T svcGetResourceLimitCurrentValues
00106688 T svcBreak
00106690 W initSystem
001066e0 W __ctru_exit
001066f8 00000024 t addrMapNodeComparator(rbtree_node const*, rbtree_node const*)
0010671c 00000004 t addrMapNodeDestructor(rbtree_node*)
00106720 00000114 T vramMemAlign
00106834 00000008 T vramAlloc
0010683c 0000005c T vramFree
00106898 00000024 t addrMapNodeComparator(rbtree_node const*, rbtree_node const*)
001068bc 00000004 t addrMapNodeDestructor(rbtree_node*)
001068c0 00000120 T linearMemAlign
001069e0 00000008 T linearAlloc
001069e8 0000005c T linearFree
00106a44 00000084 T MemPool::CoalesceRight(MemBlock*)
00106ac8 00000170 T MemPool::Allocate(MemChunk&, unsigned long, int)
00106c38 000000fc T MemPool::Deallocate(MemChunk const&)
00106d34 0000000c T __sync_init
00106d40 00000018 T __sync_fini
00106d58 0000002c T syncArbitrateAddress
00106d84 0000001c T LightLock_Init
00106da0 00000094 T LightLock_Lock
00106e34 00000044 T LightLock_TryLock
00106e78 00000040 T LightLock_Unlock
00106eb8 00000024 T RecursiveLock_Init
00106edc 00000030 T RecursiveLock_Lock
00106f0c 00000078 T RecursiveLock_TryLock
00106f84 00000054 T RecursiveLock_Unlock
00106fd8 00000040 T LightEvent_Init
00107018 000000a4 T LightEvent_Clear
001070bc 000000c8 T LightEvent_Signal
00107184 00000058 T LightEvent_TryWait
001071dc 000000b0 T LightEvent_Wait
0010728c 00000054 T osGetTimeRef
001072e0 000000e4 T osGetTime
001073c4 00000074 T __libctru_gtod
00107438 00000034 T __ctru_speedup_config
0010746c 00000124 T srvInit
00107590 00000058 T srvExit
001075e8 00000080 T srvGetServiceHandleDirect
00107668 00000048 T srvGetServiceHandle
001076b0 00000038 T srvPublishToSubscriber
001076e8 00000188 T threadCreate
00107870 0000002c T threadFree
0010789c 00000024 T threadJoin
001078c0 00000030 T threadGetCurrent
001078f0 00000040 T threadExit
00107930 00000044 t _thread_begin
00107974 00000094 t mappableFindAddressWithin
00107a08 00000028 T mappableInit
00107a30 00000080 T mappableAlloc
00107ab0 00000004 T mappableFree
00107ab4 00000160 T irrstInit
00107c14 000000cc T irrstExit
00107ce0 000000b0 T irrstScanInput
00107d90 00000024 T irrstKeysHeld
00107db4 0000000c T srvPmGetSessionHandle
00107dc0 00000074 T ptmSysmInit
00107e34 0000003c T ptmSysmExit
00107e70 00000034 T PTMSYSM_ConfigureNew3DSCPU
00107ea4 00000010 T rbtree_init
00107eb4 000001a0 t do_insert
00108054 00000008 T rbtree_insert
0010805c 00000090 T rbtree_rotate
001080ec 00000338 T rbtree_remove
00108424 00000074 T rbtree_find
00108498 00000060 T encode_utf16
001084f8 000000fc T encode_utf8
001085f4 0000013c T decode_utf8
00108730 00000030 W __appInit
00108760 00000030 t __libctru_nanosleep
00108790 00000030 t __libctru_get_reent
001087c0 000000f8 T __system_initSyscalls
001088b8 000001e0 W __system_allocateHeaps
00108a98 00000030 W __appExit
00108ac8 00000090 W __libctru_exit
00108b58 00000084 W envGetHandle
00108bdc 00000050 W envDestroyHandles
00108c2c 00000014 t archive_link
00108c40 00000014 t archive_dirreset
00108c54 00000014 t archive_chmod
00108c68 00000024 t error_cmp
00108c8c 00000050 t archive_translate_error
00108cdc 000000d4 t archive_seek
00108db0 0000007c t _archiveInit.part.0
00108e2c 0000008c t archiveFindDevice.part.0
00108eb8 00000294 t archive_utf16path
0010914c 000000a0 t _archiveUnmountDeviceStruct.part.0
001091ec 00000014 t archive_fchmod
00109200 00000014 t archive_statvfs
00109214 00000158 t _archiveMountDevice
0010936c 000000e8 t archive_diropen
00109454 000000a4 t archive_fstat
001094f8 0000006c t archive_close
00109564 0000006c t archive_fsync
001095d0 00000070 t archive_dirclose
00109640 000000e8 t sdmc_statvfs
00109728 00000080 t archive_ftruncate
001097a8 000000fc t archive_chdir
001098a4 000000b0 t archive_read
00109954 000000ac t archive_unlink
00109a00 000000c8 t archive_rmdir
00109ac8 000000ec t archive_mkdir
00109bb4 000001a8 t archive_stat
00109d5c 00000184 t archive_rename
00109ee0 00000168 t archive_dirnext
0010a048 0000012c t archive_write
0010a174 000001f0 t archive_open
0010a364 000001a4 T archiveMountSdmc
0010a508 00000054 T archiveUnmountAll
0010a55c 000000c8 T fsInit
0010a624 0000003c T fsExit
0010a660 00000060 T fsExemptFromSession
0010a6c0 00000050 T fsUnexemptFromSession
0010a710 000000cc T FSUSER_OpenFile
0010a7dc 000000bc T FSUSER_DeleteFile
0010a898 000000f8 T FSUSER_RenameFile
0010a990 000000bc T FSUSER_DeleteDirectory
0010aa4c 000000d4 T FSUSER_CreateFile
0010ab20 000000c4 T FSUSER_CreateDirectory
0010abe4 000000f8 T FSUSER_RenameDirectory
0010acdc 000000b4 T FSUSER_OpenDirectory
0010ad90 00000094 T FSUSER_OpenArchive
0010ae24 0000008c T FSUSER_CloseArchive
0010aeb0 00000074 T FSUSER_GetSdmcArchiveResource
0010af24 00000064 T FSUSER_IsSdmcWritable
0010af88 00000058 T FSFILE_Read
0010afe0 00000060 T FSFILE_Write
0010b040 00000038 T FSFILE_GetSize
0010b078 00000028 T FSFILE_SetSize
0010b0a0 0000003c T FSFILE_Close
0010b0dc 00000024 T FSFILE_Flush
0010b100 00000050 T FSDIR_Read
0010b150 0000003c T FSDIR_Close
0010b18c 00000050 T rbtree_node_next
0010b1dc T __aeabi_read_tp
0010b1e8 00000120 T __udivmoddi4
0010b308 00000078 T bsearch
0010b380 0000000c T __errno
0010b38c 00000034 T exit
0010b3c0 0000003c T __libc_fini_array
0010b3fc 0000007c T __libc_init_array
0010b478 00000028 T memalign
0010b4a0 00000148 T _memalign_r
0010b5e8 00000020 T malloc
0010b608 00000020 T free
0010b628 000007f0 T _malloc_r
0010be18 000000e0 T memchr
0010bef8 0000011c T memcpy
0010c014 00000118 T memset
0010c12c 0000000c T __malloc_lock
0010c138 0000000c T __malloc_unlock
0010c144 00000034 T printf
0010c178 000000e0 T _puts_r
0010c258 00000020 T puts
0010c278 00000260 T setvbuf
0010c4d8 00000074 T sscanf
0010c54c 00000044 T __sread
0010c590 00000008 T __seofread
0010c598 00000068 T __swrite
0010c600 00000048 T __sseek
0010c648 00000008 T __sclose
0010c650 0000005c T strlen
0010c6ac 000000ec T strncat
0010c798 000000dc T strncmp
0010c874 000000c0 T strncpy
0010c934 00000048 T strnlen
0010c97c 00000428 t two_way_long_needle
0010cda4 00000248 T strstr
0010cfec 00000050 t get_arg
0010d03c 00002b68 T __ssvfscanf_r
0010fba4 0000064c t get_arg
001101f0 00000034 T __sprint_r
00110224 00002584 T _vfiprintf_r
001127a8 000000d4 t __sbprintf
0011287c 0000064c t get_arg
00112ec8 000038d4 T _vfprintf_r
0011679c 000000d4 t __sbprintf
00116870 00000054 T _wcrtomb_r
001168c4 00000028 T _wcsrtombs_r
001168ec 00000154 T __swsetup_r
00116a40 00000114 T __call_exitprocs
00116b54 000001a8 t quorem
00116d00 000012ec T _dtoa_r
00117fec 00000258 T __sflush_r
00118244 00000094 T _fflush_r
001182d8 0000000c T _cleanup_r
001182e4 00000184 T __sinit
00118468 0000000c T __sfp_lock_acquire
00118474 0000000c T __sfp_lock_release
00118480 000000f8 T _malloc_trim_r
00118578 000002e4 T _free_r
0011885c 000004a4 T __sfvwrite_r
00118d00 00000070 T _fwalk_reent
00118d70 00000008 T iswspace
00118d78 0000000c T _localeconv_r
00118d84 00000010 T __locale_mb_cur_max
00118d94 00000138 T __smakebuf_r
00118ecc 00000094 T __swhatbuf_r
00118f60 00000068 T _mbrtowc_r
00118fc8 000002fc T __utf8_mbtowc
001192c4 000000a8 T memcmp
0011936c 00000154 T memmove
001194c0 00000088 T _Balloc
00119548 0000001c T _Bfree
00119564 000000f4 T __multadd
00119658 00000110 T __s2b
00119768 00000058 T __hi0bits
001197c0 0000009c T __lo0bits
0011985c 000000a4 T __i2b
00119900 00000204 T __multiply
00119b04 00000120 T __pow5mult
00119c24 0000013c T __lshift
00119d60 00000058 T __mcmp
00119db8 000001cc T __mdiff
00119f84 00000088 T __ulp
0011a00c 000000d4 T __b2d
0011a0e0 0000012c T __d2b
0011a20c 00000078 T __ratio
0011a284 00000088 T __copybits
0011a30c 0000005c T __any_on
0011a368 00000028 T realloc
0011a390 00000598 T _realloc_r
0011a928 000000e4 T __sccl
0011aa0c 0000000c T nanf
0011aa18 000000a8 T frexp
0011aac0 00000064 T sprintf
0011ab24 000000b8 T stpncpy
0011abdc 00000144 T strchr
0011ad20 0000130c T _strtod_l
0011c02c 0000000c T _strtod_r
0011c038 0000022c t _strtoll_l.constprop.0
0011c264 00000004 T _strtoll_r
0011c268 000001b0 t _strtol_l.part.0
0011c418 0000003c T _strtol_r
0011c454 00000244 t _strtoull_l.constprop.0
0011c698 00000004 T _strtoull_r
0011c69c 000001c8 t _strtoul_l.constprop.0
0011c864 00000004 T _strtoul_r
0011c868 00000188 T __ssprint_r
0011c9f0 000000e0 T _sungetc_r
0011cad0 0000006c T __ssrefill_r
0011cb3c 000000c8 T _sfread_r
0011cc04 0000064c t get_arg
0011d250 00003808 T _svfprintf_r
00120a58 000000a8 T __submore
00120b00 00000190 T _wcsnrtombs_l
00120c90 0000004c T _wcsnrtombs_r
00120cdc 000000f0 T __utf8_wctomb
00120dcc 0000005c T __assert_func
00120e28 00000094 T _calloc_r
00120ebc 00000160 T _fclose_r
0012101c 0000003c T fiprintf
00121058 000000ec t rshift
00121144 00000928 T __gethex
00121a6c 0000004c T __match
00121ab8 0000029c T __hexnan
00121d54 0000003c T iswspace_l
00121d90 000001d4 t __jp2uc
00121f64 0000009c T _jp2uc_l
00122000 00000010 T nan
00122010 00000014 T abort
00122024 00000084 T category
001220a8 00000098 T _raise_r
00122140 00000020 T raise
00122160 00000008 t null_write
00122168 00000018 T setDefaultDevice
00122180 000000c8 T FindDevice
00122248 00000028 T RemoveDevice
00122270 0000009c T AddDevice
0012230c 00000020 T GetDeviceOpTab
0012232c 00000078 T _fstat_r
001223a4 00000014 T _getpid_r
001223b8 00000008 T _isatty_r
001223c0 00000014 T _kill_r
001223d4 00000084 T _lseek_r
00122458 00000080 T _read_r
001224d8 00000078 T _sbrk_r
00122550 00000080 T _write_r
001225d0 00000024 T _exit
001225f4 000001b8 T _concatenate_path
001227ac 00000160 T chdir
0012290c 00000008 T __flockfile
00122914 00000008 T __funlockfile
0012291c 00000018 T __libc_lock_acquire
00122934 00000018 T __libc_lock_release
0012294c 00000018 T __libc_lock_init_recursive
00122964 00000018 T __libc_lock_acquire_recursive
0012297c 00000018 T __libc_lock_release_recursive
00122994 00000018 T __libc_lock_close_recursive
001229ac 0000003c T __get_handle
001229e8 000000f4 T _close_r
00122adc 00000028 T __getreent
00122b04 00000038 T __aeabi_d2lz
00122b04 00000038 T __fixdfdi
00122b40 00000040 T __aeabi_d2ulz
00122b40 00000040 T __fixunsdfdi
00122b80 00000044 T strrchr
00122bc4 T _fini
00123234 00000030 r colorTable
00123264 00000070 r dotab_stdout
001232f8 00000008 r morton_x.3
00123300 00000008 r morton_y.2
00123308 00000008 r s_sleepWakeEvents.4
00123328 00000014 r swkbdFeatures
0012333c R default_font_bin
00123b3c R default_font_bin_end
00123b74 00000070 r archive_devoptab
00123be4 00000030 r error_table
00123c1c 00000004 R _global_impure_ptr
00123c28 00000022 r basefix.0
00123c74 00000010 r blanks.1
00123c84 00000010 r zeroes.0
00123ca8 00000010 r blanks.1
00123cb8 00000010 r zeroes.0
00123cc8 00000101 R _ctype_
00123ddc r .LC2
00123ec0 00000028 R __mprec_bigtens
00123ee8 000000c8 R __mprec_tens
00123fb0 0000000c r p05.0
00123fcc 00000014 r fpi.1
00123fe0 00000014 r fpinan.0
00123ff8 00000028 r tinytens
00124020 0000006c R __action_table
0012408c 00000100 R __chclass
0012418c 0000006c R __state_table
001241f8 00000010 r blanks.1
00124208 00000010 r zeroes.0
001242a0 00000100 R __hexdig
001243b4 000000bc r a1
00124470 000000bc r a2
0012452c 0000005b r a3
00124588 00000070 r a6
001245f8 000000a2 r a7
0012469c 00000040 r a8
001246dc 0000172a r b02cf
00125e08 00001a7c r d02f4
00127884 0000000c R _C_numeric_locale
00127890 000031e6 r categories
0012aa78 00000070 R dotab_stdnull
0012aae8 r 
0012aae8 R __exidx_end
0012aae8 R __exidx_start
0012b000 00000004 D currentConsole
0012b004 0000004c D defaultConsole
0012b050 00000001 d firstConsoleInit.0
0012b054 00000004 d kCount
0012b058 00000004 d kDelay
0012b05c 00000004 d kInterval
0012b060 W __stacksize__
0012b064 00000004 D _impure_ptr
0012b068 00000460 d impure_data
0012b4c8 00000408 D __malloc_av_
0012b8d0 00000004 D __malloc_sbrk_base
0012b8d4 00000004 D __malloc_trim_threshold
0012b8d8 0000000c d __malloc_recursive_mutex
0012b8e4 0000000c D __atexit_recursive_mutex
0012b8f0 0000000c d __sfp_recursive_mutex
0012b8fc 0000000c d __sinit_recursive_mutex
0012b908 0000016c D __global_locale
0012ba74 00000002 d numempty
0012ba78 00000004 d defaultDevice
0012ba7c 0000008c D devoptab_list
0012bb08 00000400 d _current_working_directory
0012bf08 00000004 d __hndl_lock
0012bf0c 0000000c d __stderr_handle
0012bf18 0000000c d __stdin_handle
0012bf24 0000000c d __stdout_handle
0012bf30 00001000 d handles
0012cf38 d _GLOBAL_OFFSET_TABLE_
0012cf44 d __frame_dummy_init_array_entry
0012cf44 D __init_array_start
0012cf44 B __preinit_array_end
0012cf44 B __preinit_array_start
0012cf44 D __tdata_lma
0012cf44 D __tdata_lma_end
0012cf48 d __do_global_dtors_aux_fini_array_entry
0012cf48 D __fini_array_start
0012cf48 D __init_array_end
0012cf4c D __bss_start__
0012cf4c D __fini_array_end
0012cf4c 00000400 b swkbd.4
0012d34c 0000003c b mybuf.3
0012d388 00000001 b reload.2
0012d38c 00000044 b swkbdStatus.1
0012d3d0 0000a46c b swkbdLearning.0
0013783c b completed.1
00137840 b object.0
00137858 0000004c B currentCopy
001378a4 00000004 b gfxBottomFramebufferMaxSize
001378a8 00000008 b gfxBottomFramebuffers
001378b0 00000002 b gfxCurBuf
001378b4 00000002 b gfxFramebufferFormats
001378b8 00000002 b gfxIsDoubleBuf
001378ba 00000001 b gfxIsVram
001378bc 00000004 b gfxTopFramebufferMaxSize
001378c0 00000008 b gfxTopFramebuffers
001378c8 00000001 b gfxTopMode
001378cc 00000004 b screenAlloc
001378d0 00000004 b screenFree
001378d4 00000004 b gspEvent
001378d8 0000001c b gspEventCb
001378f4 0000001c b gspEventCbData
00137910 00000007 b gspEventCbOneShot
00137918 00000004 b gspEventThread
0013791c 00000038 b gspEvents
00137954 00000004 b gspGpuHandle
00137958 00000001 b gspGpuRight
0013795c 00000004 b gspLastEvent
00137960 00000004 b gspRefCount
00137964 00000001 b gspRunEvents
00137968 00000004 b gspSharedMem
0013796c 00000004 b gspSharedMemHandle
00137970 00000001 b gspThreadId
00137971 00000001 b aptChainloadFlags
00137972 00000001 b aptChainloadMediatype
00137978 00000008 b aptChainloadTid
00137980 00000004 b aptEventHandlerThread
00137984 00000001 b aptEventHandlerThreadQuit
00137988 00000008 b aptEvents
00137990 0000000c b aptFirstHook
0013799c 00000004 b aptFlags
001379a0 00000001 b aptHomeButtonState
001379a4 00000004 b aptLockHandle
001379a8 00000004 b aptMessageFunc
001379ac 00000004 b aptMessageFuncData
001379b0 00001000 b aptParameters
001389b0 00000008 b aptReceiveEvent
001389b8 00000004 b aptRefCount
001389bc 00000008 b aptSleepEvent
001389c4 00000001 b flagInit.1
001389c5 00000001 b flagValue.0
001389c8 00000004 b serviceName.6
001389cc 00000006 b aVec
001389d4 00000004 b cPos
001389d8 00000006 b gRate
001389e0 00000014 B hidEvents
001389f4 00000004 B hidHandle
001389f8 00000004 B hidMemHandle
001389fc 00000004 b hidRefCount
00138a00 00000004 B hidSharedMem
00138a04 00000004 b kDown
00138a08 00000004 b kHeld
00138a0c 00000004 b kOld
00138a10 00000004 b kRepeat
00138a14 00000004 b kUp
00138a18 00000004 b tPos
00138a1c 00000001 b usingIrrst
00138a20 00000004 b swkbdSharedMem
00138a24 00000004 b swkbdSharedMemHandle
00138a28 00000004 B __system_retAddr
00138a2c 00000004 B __system_argc
00138a30 00000004 B __system_argv
00138a34 b saved_stack
00138a3c 0000000c b sAddrMap
00138a48 00000008 b sVramPool
00138a50 00000008 b sLinearPool
00138a58 0000000c b sAddrMap
00138a64 00000004 b arbiter
00138a68 00000001 V __ctru_speedup
00138a6c 00000004 b srvHandle
00138a70 00000004 b srvRefCount
00138a74 00000004 b currentAddr
00138a78 00000004 b maxAddr
00138a7c 00000004 b minAddr
00138a80 00000004 b csPos
00138a84 00000004 B irrstEvent
00138a88 00000004 B irrstHandle
00138a8c 00000004 B irrstMemHandle
00138a90 00000004 b irrstRefCount
00138a94 00000004 B irrstSharedMem
00138a98 00000004 b kHeld
00138a9c 00000004 b srvPmHandle
00138aa0 00000004 b ptmSysmHandle
00138aa4 00000004 b ptmSysmRefCount
00138aa8 00000004 B __ctru_heap
00138aac 00000004 V __ctru_heap_size
00138ab0 00000004 B __ctru_linear_heap
00138ab4 00000004 V __ctru_linear_heap_size
00138ab8 00000004 b archive_device_cwd
00138ac0 00000540 b archive_devices
00139000 00000001 b archive_initialized
00139008 00000080 b fsExemptArchives
00139088 00000004 b fsuHandle
0013908c 00000004 b fsuRefCount
00139090 00000028 B __malloc_current_mallinfo
001390b8 00000004 B __malloc_max_sbrked_mem
001390bc 00000004 B __malloc_max_total_mem
001390c0 00000004 B __malloc_top_pad
001390c4 00000004 b heap_start.0
001390c8 00000004 B fake_heap_end
001390cc 00000004 B fake_heap_start
001390d0 00000400 b temp_cwd
001394d0 00000048 B __syscalls
00139518 B __tls_start
0013a120 B __bss_end__
0013a120 A __end__
0013a120 B __tls_end
