         w __deregister_frame_info
         w __register_frame_info
         w userAppExit
         w userAppInit
00000000 00000401 B __ctru_dev_path_buf
00000000 b _TLS_MODULE_BASE_
00000000 a shift
00000404 00000802 B __ctru_dev_utf16_buf
00100000 A __start__
00100000 T _start
00100008 T __service_ptr
0010000c T __apt_appid
00100010 T __heap_size
00100014 T __linear_heap_size
00100018 T __system_arglist
0010001c T __system_runflags
00100020 t startup
00100058 t ClearMem
0010006c t ClrLoop
00100094 T _init
001000ac T __aeabi_drsub
001000b4 000002b0 T __aeabi_dsub
001000b4 000002b0 T __subdf3
001000b8 000002ac T __adddf3
001000b8 000002ac T __aeabi_dadd
00100364 00000024 T __aeabi_ui2d
00100364 00000024 T __floatunsidf
00100388 00000028 T __aeabi_i2d
00100388 00000028 T __floatsidf
001003b0 00000048 T __aeabi_f2d
001003b0 00000048 T __extendsfdf2
001003f8 00000074 T __aeabi_ul2d
001003f8 00000074 T __floatundidf
0010040c 00000060 T __aeabi_l2d
0010040c 00000060 T __floatdidf
0010046c T __aeabi_ldivmod
00100540 00000004 W __aeabi_idiv0
00100540 00000004 W __aeabi_ldiv0
00100568 00000390 T strcmp
001008f0 t .udivsi3_skip_div0_test
001008f0 T __aeabi_uidiv
001008f0 000001ec T __udivsi3
00100adc 00000020 T __aeabi_uidivmod
00100afc t __do_global_dtors_aux
00100b3c t frame_dummy
00100b68 000001c0 t sceneRender
00100d28 00000358 T main
00101080 00000004 W C3Di_ProcTexUpdate
00101084 00000004 W C3Di_ProcTexDirty
00101088 000000b4 t C3Di_AptEventHook
0010113c 00000004 W C3Di_GasUpdate
00101140 000001e0 T C3D_Init
00101320 00000098 T C3D_SetViewport
001013b8 000004ec T C3Di_UpdateContext
001018a4 000000e0 T C3Di_SplitFrame
00101984 00000044 T C3D_Fini
001019c8 00000108 T C3D_BindProgram
00101ad0 0000004c t onVBlank0
00101b1c 0000004c t onVBlank1
00101b68 00000080 t C3Di_RenderTargetDestroy
00101be8 000000f4 t onQueueFinish
00101cdc 00000038 T C3Di_RenderQueueEnableVBlank
00101d14 00000030 T C3Di_RenderQueueDisableVBlank
00101d44 00000060 T C3Di_RenderQueueInit
00101da4 000000b0 T C3Di_RenderQueueExit
00101e54 00000034 T C3Di_RenderQueueWaitDone
00101e88 000000e4 T C3D_FrameBegin
00101f6c 00000048 T C3D_FrameDrawOn
00101fb4 000001d8 T C3D_FrameEnd
0010218c 00000128 T C3D_RenderTargetCreate
001022b4 000000a8 T C3D_RenderTargetSetOutput
0010235c 0000016c T C3Di_SetTex
001024c8 000000dc T C3Di_LightMtlBlend
001025a4 00000090 T C3D_LightInit
00102634 0000001c T C3D_LightDiffuse
00102650 0000001c T C3D_LightSpecular0
0010266c 0000001c T C3D_LightSpecular1
00102688 0000005c T C3D_LightPosition
001026e4 0000001c T C3D_CalcColorBufSize
00102700 0000001c T C3D_CalcDepthBufSize
0010271c 00000044 T C3D_SetFrameBuf
00102760 0000016c T C3Di_FrameBufBind
001028cc 000000cc T C3D_FrameBufClear
00102998 00000044 T C3D_FrameBufTransfer
001029dc 00000034 T C3D_GetTexEnv
00102a10 00000024 T C3Di_TexEnvBind
00102a34 00000024 T BufInfo_Init
00102a58 00000080 T BufInfo_Add
00102ad8 00000020 T C3D_GetBufInfo
00102af8 00000048 T C3Di_BufInfoBind
00102b40 00000148 T C3D_DrawArrays
00102c88 00000040 T C3D_DepthMap
00102cc8 0000001c T C3D_CullFace
00102ce4 00000040 T C3D_StencilTest
00102d24 00000024 T C3D_StencilOp
00102d48 0000001c T C3D_BlendingColor
00102d64 00000024 T C3D_EarlyDepthTest
00102d88 0000002c T C3D_DepthTest
00102db4 0000002c T C3D_AlphaTest
00102de0 00000050 T C3D_AlphaBlend
00102e30 00000030 T C3D_FragOpMode
00102e60 00000044 T C3D_FragOpShadow
00102ea4 000001ac T C3Di_EffectBind
00103050 00000028 T AttrInfo_Init
00103078 00000098 T AttrInfo_AddLoader
00103110 00000020 T C3D_GetAttrInfo
00103130 00000080 T C3Di_AttrInfoBind
001031b0 000003d8 T C3Di_LightEnvUpdate
00103588 0000009c T C3Di_LightEnvDirty
00103624 0000005c T C3D_LightEnvInit
00103680 0000002c T C3D_LightEnvBind
001036ac 00000084 T C3D_LightEnvMaterial
00103730 000000b8 T C3D_LightEnvLut
001037e8 000000a8 T C3D_ImmSendAttrib
00103890 000000a8 T LightLut_FromArray
00103938 000000d8 T LightLut_FromFunc
00103a10 0000029c T C3D_UpdateUniforms
00103cac 000000c0 T C3Di_DirtyUniforms
00103d6c 000000d8 T C3Di_LoadShaderUniforms
00103e44 00000028 T C3Di_ClearShaderUniforms
00103e6c 000000a4 T Mtx_RotateX
00103f10 000000b8 T Mtx_PerspStereoTilt
00103fc8 000000a0 T Mtx_Translate
00104068 000000a0 T Mtx_RotateY
00104108 00000024 t addrMapNodeComparator(rbtree_node const*, rbtree_node const*)
0010412c 00000004 t addrMapNodeDestructor(rbtree_node*)
00104130 00000114 T vramMemAlign
00104244 00000008 T vramAlloc
0010424c 0000005c T vramFree
001042a8 00000024 t addrMapNodeComparator(rbtree_node const*, rbtree_node const*)
001042cc 00000004 t addrMapNodeDestructor(rbtree_node*)
001042d0 00000120 T linearMemAlign
001043f0 00000008 T linearAlloc
001043f8 0000005c T linearFree
00104454 00000084 T MemPool::CoalesceRight(MemBlock*)
001044d8 00000170 T MemPool::Allocate(MemChunk&, unsigned long, int)
00104648 000000fc T MemPool::Deallocate(MemChunk const&)
00104744 00000074 T osConvertVirtToPhys
001047b8 00000054 T osGetTimeRef
0010480c 000000e4 T osGetTime
001048f0 00000074 T __libctru_gtod
00104964 00000034 T __ctru_speedup_config
00104998 000000d0 t gfxPresentFramebuffer
00104a68 00000010 T gfxSet3D
00104a78 000000ec T gfxSetScreenFormat
00104b64 00000108 T gfxInit
00104c6c 00000010 T gfxInitDefault
00104c7c 000000b4 T gfxExit
00104d30 000000a0 T gfxGetFramebuffer
00104dd0 00000030 T gfxScreenSwapBuffers
00104e00 000001e0 T shaderInstanceInit
00104fe0 00000018 T shaderInstanceGetUniformLocation
00104ff8 0000001c T shaderProgramInit
00105014 00000064 T shaderProgramFree
00105078 00000080 T shaderProgramSetVsh
001050f8 000008c0 T shaderProgramConfigure
001059b8 000001f8 t DVLE_GenerateOutmap.part.0
00105bb0 000001cc T DVLB_ParseFile
00105d7c 00000038 T DVLB_Free
00105db4 00000074 T DVLE_GetUniformRegister
00105e28 00000010 T GX_BindQueue
00105e38 00000078 T GX_ProcessCommandList
00105eb0 00000074 T GX_MemoryFill
00105f24 00000070 T GX_DisplayTransfer
00105f94 00000068 t gxCmdQueueDoCommands.part.0
00105ffc 000000c8 T gxCmdQueueInterrupt
001060c4 0000004c T gxCmdQueueClear
00106110 000000f8 T gxCmdQueueAdd
00106208 00000080 T gxCmdQueueRun
00106288 00000060 T gxCmdQueueStop
001062e8 00000074 T gxCmdQueueWait
0010635c 0000013c T GPUCMD_Add
00106498 000000ac T GPUCMD_Split
00106544 00000040 T f32tof16
00106584 00000040 T f32tof24
001065c4 00000044 T f32tof31
00106608 00000c58 t gspHardwareInit
00107260 00000254 T gspInit
001074b4 000000f0 T gspExit
001075a4 00000010 T gspHasGpuRight
001075b4 00000098 T gspPresentBuffer
0010764c 00000030 T gspSetEventCallback
0010767c 00000050 T gspWaitForEvent
001076cc 0000004c T gspWaitForAnyEvent
00107718 00000160 t gspEventThreadMain
00107878 00000130 T gspSubmitGxCommand
001079a8 00000050 T GSPGPU_FlushDataCache
001079f8 00000034 T GSPGPU_SetLcdForceBlack
00107a2c 00000068 T GSPGPU_AcquireRight
00107a94 00000048 T GSPGPU_ReleaseRight
00107adc 0000007c T GSPGPU_ImportDisplayCaptureInfo
00107b58 0000002c T GSPGPU_SaveVramSysArea
00107b84 0000002c T GSPGPU_RestoreVramSysArea
00107bb0 000001b0 t aptConvertScreenForCapture
00107d60 00000008 W aptDspSleep
00107d68 00000004 W aptDspWakeup
00107d6c 00000004 W aptDspCancel
00107d70 0000015c T aptSendCommand
00107ecc 00000038 t aptExitProcess
00107f04 000002f0 T aptExit
001081f4 000000d8 T aptHandleSleep
001082cc 00000030 T aptHook
001082fc 00000030 T aptUnhook
0010832c 00000084 T APT_SleepIfShellClosed
001083b0 00000084 T aptSetSleepAllowed
00108434 00000084 T APT_UnlockTransition
001084b8 00000484 t aptEventHandler
0010893c 000000b0 T APT_ReceiveParameter
001089ec 000000b0 t aptReceiveParameter.constprop.0
00108aa0 000002bc t aptScreenTransfer
00108d5c 000002d0 t aptWaitForWakeUp.isra.0
0010902c 000000f8 T aptJumpToHomeMenu
00109124 0000004c T aptMainLoop
00109170 00000234 T aptInit
001093a4 0000007c T APT_CheckNew3DS
00109420 00000024 W hidShouldUseIrrst
00109444 0000018c T hidInit
001095d0 000000e8 T hidExit
001096b8 00000294 T hidScanInput
0010994c 00000010 T hidKeysDown
0010995c 00000074 T ptmSysmInit
001099d0 0000003c T ptmSysmExit
00109a0c 00000034 T PTMSYSM_ConfigureNew3DSCPU
00109a40 00000010 T rbtree_init
00109a50 000001a0 t do_insert
00109bf0 00000008 T rbtree_insert
00109bf8 00000090 T rbtree_rotate
00109c88 00000338 T rbtree_remove
00109fc0 00000074 T rbtree_find
0010a038 000001e0 W __system_allocateHeaps
0010a218 00000038 W __libctru_init
0010a250 000000f0 W __system_initArgv
0010a340 T svcControlMemory
0010a360 T svcQueryMemory
0010a390 T svcExitProcess
0010a398 T svcCreateThread
0010a3b8 T svcExitThread
0010a3c0 T svcSleepThread
0010a3c8 T svcReleaseMutex
0010a3d0 T svcCreateEvent
0010a3e4 T svcSignalEvent
0010a3ec T svcClearEvent
0010a3f4 T svcMapMemoryBlock
0010a3fc T svcUnmapMemoryBlock
0010a404 T svcCreateAddressArbiter
0010a418 T svcArbitrateAddressNoTimeout
0010a420 T svcCloseHandle
0010a428 T svcWaitSynchronization
0010a430 T svcWaitSynchronizationN
0010a458 T svcDuplicateHandle
0010a46c T svcGetSystemTick
0010a474 T svcConnectToPort
0010a488 T svcSendSyncRequest
0010a490 T svcGetResourceLimit
0010a4a4 T svcGetResourceLimitLimitValues
0010a4ac T svcGetResourceLimitCurrentValues
0010a4b4 T svcBreak
0010a4bc W initSystem
0010a50c W __ctru_exit
0010a524 0000000c T __sync_init
0010a530 00000018 T __sync_fini
0010a548 0000002c T syncArbitrateAddress
0010a574 0000001c T LightLock_Init
0010a590 00000094 T LightLock_Lock
0010a624 00000044 T LightLock_TryLock
0010a668 00000040 T LightLock_Unlock
0010a6a8 00000024 T RecursiveLock_Init
0010a6cc 00000030 T RecursiveLock_Lock
0010a6fc 00000078 T RecursiveLock_TryLock
0010a774 00000054 T RecursiveLock_Unlock
0010a7c8 00000040 T LightEvent_Init
0010a808 000000a4 T LightEvent_Clear
0010a8ac 000000c8 T LightEvent_Signal
0010a974 00000058 T LightEvent_TryWait
0010a9cc 000000b0 T LightEvent_Wait
0010aa7c 00000124 T srvInit
0010aba0 00000058 T srvExit
0010abf8 00000080 T srvGetServiceHandleDirect
0010ac78 00000048 T srvGetServiceHandle
0010acc0 00000038 T srvPublishToSubscriber
0010acf8 00000188 T threadCreate
0010ae80 0000002c T threadFree
0010aeac 00000024 T threadJoin
0010aed0 00000030 T threadGetCurrent
0010af00 00000040 T threadExit
0010af40 00000044 t _thread_begin
0010af84 00000094 t mappableFindAddressWithin
0010b018 00000028 T mappableInit
0010b040 00000080 T mappableAlloc
0010b0c0 00000004 T mappableFree
0010b0c4 00000160 T irrstInit
0010b224 000000cc T irrstExit
0010b2f0 000000b0 T irrstScanInput
0010b3a0 00000024 T irrstKeysHeld
0010b3c4 0000000c T srvPmGetSessionHandle
0010b3d0 00000050 T rbtree_node_next
0010b420 00000030 W __appInit
0010b450 00000030 t __libctru_nanosleep
0010b480 00000030 t __libctru_get_reent
0010b4b0 000000f8 T __system_initSyscalls
0010b5a8 00000030 W __appExit
0010b5d8 00000090 W __libctru_exit
0010b668 00000084 W envGetHandle
0010b6ec 00000050 W envDestroyHandles
0010b73c 00000014 t archive_link
0010b750 00000014 t archive_dirreset
0010b764 00000014 t archive_chmod
0010b778 00000024 t error_cmp
0010b79c 00000050 t archive_translate_error
0010b7ec 000000d4 t archive_seek
0010b8c0 0000007c t _archiveInit.part.0
0010b93c 0000008c t archiveFindDevice.part.0
0010b9c8 00000294 t archive_utf16path
0010bc5c 000000a0 t _archiveUnmountDeviceStruct.part.0
0010bcfc 00000014 t archive_fchmod
0010bd10 00000014 t archive_statvfs
0010bd24 00000158 t _archiveMountDevice
0010be7c 000000e8 t archive_diropen
0010bf64 000000a4 t archive_fstat
0010c008 0000006c t archive_close
0010c074 0000006c t archive_fsync
0010c0e0 00000070 t archive_dirclose
0010c150 000000e8 t sdmc_statvfs
0010c238 00000080 t archive_ftruncate
0010c2b8 000000fc t archive_chdir
0010c3b4 000000b0 t archive_read
0010c464 000000ac t archive_unlink
0010c510 000000c8 t archive_rmdir
0010c5d8 000000ec t archive_mkdir
0010c6c4 000001a8 t archive_stat
0010c86c 00000184 t archive_rename
0010c9f0 00000168 t archive_dirnext
0010cb58 0000012c t archive_write
0010cc84 000001f0 t archive_open
0010ce74 000001a4 T archiveMountSdmc
0010d018 00000054 T archiveUnmountAll
0010d06c 000000c8 T fsInit
0010d134 0000003c T fsExit
0010d170 00000060 T fsExemptFromSession
0010d1d0 00000050 T fsUnexemptFromSession
0010d220 000000cc T FSUSER_OpenFile
0010d2ec 000000bc T FSUSER_DeleteFile
0010d3a8 000000f8 T FSUSER_RenameFile
0010d4a0 000000bc T FSUSER_DeleteDirectory
0010d55c 000000d4 T FSUSER_CreateFile
0010d630 000000c4 T FSUSER_CreateDirectory
0010d6f4 000000f8 T FSUSER_RenameDirectory
0010d7ec 000000b4 T FSUSER_OpenDirectory
0010d8a0 00000094 T FSUSER_OpenArchive
0010d934 0000008c T FSUSER_CloseArchive
0010d9c0 00000074 T FSUSER_GetSdmcArchiveResource
0010da34 00000064 T FSUSER_IsSdmcWritable
0010da98 00000058 T FSFILE_Read
0010daf0 00000060 T FSFILE_Write
0010db50 00000038 T FSFILE_GetSize
0010db88 00000028 T FSFILE_SetSize
0010dbb0 0000003c T FSFILE_Close
0010dbec 00000024 T FSFILE_Flush
0010dc10 00000050 T FSDIR_Read
0010dc60 0000003c T FSDIR_Close
0010dc9c 000000e8 T utf16_to_utf8
0010dd84 00000064 T decode_utf16
0010dde8 0000013c T decode_utf8
0010df24 000000c0 T utf8_to_utf16
0010dfe4 T __aeabi_read_tp
0010dff0 00000060 T encode_utf16
0010e050 000000fc T encode_utf8
0010e150 0000022c T cosf
0010e37c 00000024 t with_errnof
0010e3a0 00000018 t xflowf
0010e3b8 0000000c T __math_uflowf
0010e3c4 0000000c T __math_may_uflowf
0010e3d0 0000000c T __math_oflowf
0010e3dc 00000030 T __math_divzerof
0010e40c 0000001c T __math_invalidf
0010e428 000003ec T powf
0010e814 00000070 T tanf
0010e888 00000274 T sinf
0010eafc 000002f0 T __ieee754_rem_pio2f
0010edec 00000868 T __kernel_rem_pio2f
0010f654 00000208 T __kernel_tanf
0010f85c 00000010 T fabsf
0010f86c 000000b4 T floorf
0010f920 00000154 T scalbnf
0010fa74 00000120 T __udivmoddi4
0010fb94 00000078 T bsearch
0010fc0c 00000028 T calloc
0010fc34 00000094 T _calloc_r
0010fcc8 0000000c T __errno
0010fcd4 00000034 T exit
0010fd08 0000003c T __libc_fini_array
0010fd44 0000007c T __libc_init_array
0010fdc0 00000028 T memalign
0010fde8 00000148 T _memalign_r
0010ff30 00000020 T malloc
0010ff50 00000020 T free
0010ff70 000007f0 T _malloc_r
00110760 0000011c T memcpy
0011087c 00000118 T memset
00110994 0000000c T __malloc_lock
001109a0 0000000c T __malloc_unlock
001109ac 0000005c T strlen
00110a08 000000ec T strncat
00110af4 000000dc T strncmp
00110bd0 000000c0 T strncpy
00110c90 00000048 T strnlen
00110cd8 00000114 T __call_exitprocs
00110dec 000000f8 T _malloc_trim_r
00110ee4 000002e4 T _free_r
001111c8 00000008 t null_write
001111d0 00000018 T setDefaultDevice
001111e8 000000c8 T FindDevice
001112b0 00000028 T RemoveDevice
001112d8 0000009c T AddDevice
00111374 00000020 T GetDeviceOpTab
00111394 00000078 T _sbrk_r
0011140c 00000024 T _exit
00111430 000001b8 T _concatenate_path
001115e8 00000160 T chdir
00111748 00000018 T __libc_lock_acquire_recursive
00111760 00000018 T __libc_lock_release_recursive
00111778 00000028 T __getreent
001117a0 00000144 T strchr
001118e4 00000044 T strrchr
00111928 T _fini
00112000 00000480 r vertex_list
00112480 0000003c r material.0
001124cc R vshader_shbin
0011267c R vshader_shbin_end
0011267c R vshader_shbin_size
00112698 00000005 r colorFmtSizes
001126a0 00000004 r depthFmtSizes
001126a4 00000008 r ids.0
001126ac 00000007 r layer_enabled.1
001126b4 00000006 r lutIds.2
001126e0 00000008 r morton_x.3
001126e8 00000008 r morton_y.2
001126f0 00000008 r s_sleepWakeEvents.4
00112748 00000070 r archive_devoptab
001127b8 00000030 r error_table
001127f0 00000060 R __inv_pio4
00112850 000000e0 R __sincosf_table
00112930 00000080 r npio2_hw
001129b0 00000318 r two_over_pi
00112cc8 0000002c r PIo2
00112cf4 0000000c r init_jk
00112d00 00000148 R __exp2f_data
00112e48 00000128 R __powf_log2_data
00112f70 00000004 R _global_impure_ptr
00112f74 00000070 R dotab_stdnull
00112fe4 00000101 R _ctype_
001130e8 r 
001130e8 R __exidx_end
001130e8 R __exidx_start
00114000 00000004 d framerate
00114004 00000008 d framerateCounter
0011400c 00000004 d queueLock
00114010 00000004 d kCount
00114014 00000004 d kDelay
00114018 00000004 d kInterval
0011401c W __stacksize__
00114020 00000004 D _impure_ptr
00114028 00000460 d impure_data
00114488 00000408 D __malloc_av_
00114890 00000004 D __malloc_sbrk_base
00114894 00000004 D __malloc_trim_threshold
00114898 0000000c d __malloc_recursive_mutex
001148a4 0000000c D __atexit_recursive_mutex
001148b0 00000004 d defaultDevice
001148b4 0000008c D devoptab_list
00114940 00000400 d _current_working_directory
00114d48 d _GLOBAL_OFFSET_TABLE_
00114d54 d __frame_dummy_init_array_entry
00114d54 D __init_array_start
00114d54 B __preinit_array_end
00114d54 B __preinit_array_start
00114d54 D __tdata_lma
00114d54 D __tdata_lma_end
00114d58 d __do_global_dtors_aux_fini_array_entry
00114d58 D __fini_array_start
00114d58 D __init_array_end
00114d5c D __bss_start__
00114d5c D __fini_array_end
00114d5c 00000040 b projection
00114d9c 00000004 b angleX
00114da0 00000004 b angleY
00114da4 00000004 b uLoc_projection
00114da8 00000004 b uLoc_modelView
00114dac 00000004 b vshader_dvlb
00114db0 00000014 b program
00114dc4 00000004 b vbo_data
00114dc8 000000a4 b lightEnv
00114e6c 00000400 b lut_Phong
0011526c 00000070 b light
001152dc b completed.1
001152e0 b object.0
001152f8 000002d0 B __C3D_Context
001155c8 0000000c b hookCookie
001155d8 00000010 b cpuTime
001155e8 00000004 b firstTarget
001155ec 00000008 b frameCounter
001155f4 00000004 b frameEndCb
001155f8 00000004 b frameEndCbData
00115600 00000010 b gpuTime
00115610 00000001 b inFrame
00115611 00000001 b inSafeTransfer
00115612 00000001 b isTopStereo
00115614 00000004 b lastTarget
00115618 0000000c b linkedTarget
00115624 00000001 b measureGpuTime
00115625 00000001 b needSwapBot
00115626 00000001 b needSwapTop
00115628 00000004 B C3D_BoolUnifs
0011562c 00000002 B C3D_BoolUnifsDirty
00115630 00000c00 B C3D_FVUnif
00116230 000000c0 B C3D_FVUnifDirty
001162f0 00000020 B C3D_IVUnif
00116310 00000008 B C3D_IVUnifDirty
00116318 000000c0 b C3Di_FVUnifEverDirty
001163d8 00000008 b C3Di_IVUnifEverDirty
001163e0 00000018 b C3Di_ShaderFVecData
001163f8 0000000c b sAddrMap
00116404 00000008 b sVramPool
0011640c 00000008 b sLinearPool
00116414 0000000c b sAddrMap
00116420 00000001 V __ctru_speedup
00116424 00000004 b gfxBottomFramebufferMaxSize
00116428 00000008 b gfxBottomFramebuffers
00116430 00000002 b gfxCurBuf
00116434 00000002 b gfxFramebufferFormats
00116438 00000002 b gfxIsDoubleBuf
0011643a 00000001 b gfxIsVram
0011643c 00000004 b gfxTopFramebufferMaxSize
00116440 00000008 b gfxTopFramebuffers
00116448 00000001 b gfxTopMode
0011644c 00000004 b screenAlloc
00116450 00000004 b screenFree
00116454 00000004 b boundQueue
00116458 00000004 b curQueue
0011645c 00000001 b isActive
0011645d 00000001 b isRunning
0011645e 00000001 b shouldStop
00116460 00000004 B gpuCmdBuf
00116464 00000004 B gpuCmdBufOffset
00116468 00000004 B gpuCmdBufSize
0011646c 00000004 b gspEvent
00116470 0000001c b gspEventCb
0011648c 0000001c b gspEventCbData
001164a8 00000007 b gspEventCbOneShot
001164b0 00000004 b gspEventThread
001164b4 00000038 b gspEvents
001164ec 00000004 b gspGpuHandle
001164f0 00000001 b gspGpuRight
001164f4 00000004 b gspLastEvent
001164f8 00000004 b gspRefCount
001164fc 00000001 b gspRunEvents
00116500 00000004 b gspSharedMem
00116504 00000004 b gspSharedMemHandle
00116508 00000001 b gspThreadId
00116509 00000001 b aptChainloadFlags
0011650a 00000001 b aptChainloadMediatype
00116510 00000008 b aptChainloadTid
00116518 00000004 b aptEventHandlerThread
0011651c 00000001 b aptEventHandlerThreadQuit
00116520 00000008 b aptEvents
00116528 0000000c b aptFirstHook
00116534 00000004 b aptFlags
00116538 00000001 b aptHomeButtonState
0011653c 00000004 b aptLockHandle
00116540 00000004 b aptMessageFunc
00116544 00000004 b aptMessageFuncData
00116548 00001000 b aptParameters
00117548 00000008 b aptReceiveEvent
00117550 00000004 b aptRefCount
00117554 00000008 b aptSleepEvent
0011755c 00000001 b flagInit.1
0011755d 00000001 b flagValue.0
00117560 00000004 b serviceName.6
00117564 00000006 b aVec
0011756c 00000004 b cPos
00117570 00000006 b gRate
00117578 00000014 B hidEvents
0011758c 00000004 B hidHandle
00117590 00000004 B hidMemHandle
00117594 00000004 b hidRefCount
00117598 00000004 B hidSharedMem
0011759c 00000004 b kDown
001175a0 00000004 b kHeld
001175a4 00000004 b kOld
001175a8 00000004 b kRepeat
001175ac 00000004 b kUp
001175b0 00000004 b tPos
001175b4 00000001 b usingIrrst
001175b8 00000004 b ptmSysmHandle
001175bc 00000004 b ptmSysmRefCount
001175c0 00000004 B __ctru_heap
001175c4 00000004 V __ctru_heap_size
001175c8 00000004 B __ctru_linear_heap
001175cc 00000004 V __ctru_linear_heap_size
001175d0 00000004 B __system_retAddr
001175d4 00000004 B __system_argc
001175d8 00000004 B __system_argv
001175dc b saved_stack
001175e4 00000004 b arbiter
001175e8 00000004 b srvHandle
001175ec 00000004 b srvRefCount
001175f0 00000004 b currentAddr
001175f4 00000004 b maxAddr
001175f8 00000004 b minAddr
001175fc 00000004 b csPos
00117600 00000004 B irrstEvent
00117604 00000004 B irrstHandle
00117608 00000004 B irrstMemHandle
0011760c 00000004 b irrstRefCount
00117610 00000004 B irrstSharedMem
00117614 00000004 b kHeld
00117618 00000004 b srvPmHandle
0011761c 00000004 b archive_device_cwd
00117620 00000540 b archive_devices
00117b60 00000001 b archive_initialized
00117b68 00000080 b fsExemptArchives
00117be8 00000004 b fsuHandle
00117bec 00000004 b fsuRefCount
00117bf0 00000028 B __malloc_current_mallinfo
00117c18 00000004 B __malloc_max_sbrked_mem
00117c1c 00000004 B __malloc_max_total_mem
00117c20 00000004 B __malloc_top_pad
00117c24 00000004 b heap_start.0
00117c28 00000004 B fake_heap_end
00117c2c 00000004 B fake_heap_start
00117c30 00000400 b temp_cwd
00118030 00000048 B __syscalls
00118078 B __tls_start
00118c80 B __bss_end__
00118c80 A __end__
00118c80 B __tls_end
