         w __deregister_frame_info
         w __register_frame_info
         w userAppExit
         w userAppInit
00000000 00000401 B __ctru_dev_path_buf
00000000 b _TLS_MODULE_BASE_
00000000 a shift
00000404 00000802 B __ctru_dev_utf16_buf
00100000 A __start__
00100000 T _start
00100008 T __service_ptr
0010000c T __apt_appid
00100010 T __heap_size
00100014 T __linear_heap_size
00100018 T __system_arglist
0010001c T __system_runflags
00100020 t startup
00100058 t ClearMem
0010006c t ClrLoop
00100094 T _init
001000ac T __aeabi_ldivmod
00100180 00000004 W __aeabi_idiv0
00100180 00000004 W __aeabi_ldiv0
001001a8 00000390 T strcmp
00100530 t .udivsi3_skip_div0_test
00100530 T __aeabi_uidiv
00100530 000001ec T __udivsi3
0010071c 00000020 T __aeabi_uidivmod
0010073c t __do_global_dtors_aux
0010077c t frame_dummy
001007a8 0000011c T renderEffect
001008c4 000000fc T main
001009c0 000000d0 t gfxPresentFramebuffer
00100a90 000000ec T gfxSetScreenFormat
00100b7c 00000108 T gfxInit
00100c84 00000010 T gfxInitDefault
00100c94 000000b4 T gfxExit
00100d48 000000a0 T gfxGetFramebuffer
00100de8 00000050 T gfxSwapBuffersGpu
00100e38 00000c58 t gspHardwareInit
00101a90 00000254 T gspInit
00101ce4 000000f0 T gspExit
00101dd4 00000010 T gspHasGpuRight
00101de4 00000098 T gspPresentBuffer
00101e7c 00000050 T gspWaitForEvent
00101ecc 00000004 W gxCmdQueueInterrupt
00101ed0 00000160 t gspEventThreadMain
00102030 00000034 T GSPGPU_SetLcdForceBlack
00102064 00000068 T GSPGPU_AcquireRight
001020cc 00000048 T GSPGPU_ReleaseRight
00102114 0000007c T GSPGPU_ImportDisplayCaptureInfo
00102190 0000002c T GSPGPU_SaveVramSysArea
001021bc 0000002c T GSPGPU_RestoreVramSysArea
001021e8 000001b0 t aptConvertScreenForCapture
00102398 00000008 W aptDspSleep
001023a0 00000004 W aptDspWakeup
001023a4 00000004 W aptDspCancel
001023a8 0000015c T aptSendCommand
00102504 00000038 t aptExitProcess
0010253c 000002f0 T aptExit
0010282c 000000d8 T aptHandleSleep
00102904 00000084 T APT_SleepIfShellClosed
00102988 00000084 T aptSetSleepAllowed
00102a0c 00000084 T APT_UnlockTransition
00102a90 00000484 t aptEventHandler
00102f14 000000b0 T APT_ReceiveParameter
00102fc4 000000b0 t aptReceiveParameter.constprop.0
00103078 000002bc t aptScreenTransfer
00103334 000002d0 t aptWaitForWakeUp.isra.0
00103604 000000f8 T aptJumpToHomeMenu
001036fc 0000004c T aptMainLoop
00103748 00000234 T aptInit
0010397c 0000007c T APT_CheckNew3DS
001039f8 00000024 W hidShouldUseIrrst
00103a1c 0000018c T hidInit
00103ba8 000000e8 T hidExit
00103c90 00000294 T hidScanInput
00103f24 00000010 T hidKeysHeld
00103f34 00000038 W __libctru_init
00103f6c 000000f0 W __system_initArgv
0010405c T svcControlMemory
0010407c T svcQueryMemory
001040ac T svcExitProcess
001040b4 T svcCreateThread
001040d4 T svcExitThread
001040dc T svcSleepThread
001040e4 T svcReleaseMutex
001040ec T svcCreateEvent
00104100 T svcSignalEvent
00104108 T svcClearEvent
00104110 T svcMapMemoryBlock
00104118 T svcUnmapMemoryBlock
00104120 T svcCreateAddressArbiter
00104134 T svcArbitrateAddressNoTimeout
0010413c T svcCloseHandle
00104144 T svcWaitSynchronization
0010414c T svcWaitSynchronizationN
00104174 T svcDuplicateHandle
00104188 T svcGetSystemTick
00104190 T svcConnectToPort
001041a4 T svcSendSyncRequest
001041ac T svcGetResourceLimit
001041c0 T svcGetResourceLimitLimitValues
001041c8 T svcGetResourceLimitCurrentValues
001041d0 T svcBreak
001041d8 W initSystem
00104228 W __ctru_exit
00104240 00000024 t addrMapNodeComparator(rbtree_node const*, rbtree_node const*)
00104264 00000004 t addrMapNodeDestructor(rbtree_node*)
00104268 00000114 T vramMemAlign
0010437c 00000008 T vramAlloc
00104384 0000005c T vramFree
001043e0 00000024 t addrMapNodeComparator(rbtree_node const*, rbtree_node const*)
00104404 00000004 t addrMapNodeDestructor(rbtree_node*)
00104408 00000120 T linearMemAlign
00104528 00000008 T linearAlloc
00104530 0000005c T linearFree
0010458c 00000084 T MemPool::CoalesceRight(MemBlock*)
00104610 00000170 T MemPool::Allocate(MemChunk&, unsigned long, int)
00104780 000000fc T MemPool::Deallocate(MemChunk const&)
0010487c 0000000c T __sync_init
00104888 00000018 T __sync_fini
001048a0 0000002c T syncArbitrateAddress
001048cc 0000001c T LightLock_Init
001048e8 00000094 T LightLock_Lock
0010497c 00000044 T LightLock_TryLock
001049c0 00000040 T LightLock_Unlock
00104a00 00000024 T RecursiveLock_Init
00104a24 00000030 T RecursiveLock_Lock
00104a54 00000078 T RecursiveLock_TryLock
00104acc 00000054 T RecursiveLock_Unlock
00104b20 00000040 T LightEvent_Init
00104b60 000000a4 T LightEvent_Clear
00104c04 000000c8 T LightEvent_Signal
00104ccc 00000058 T LightEvent_TryWait
00104d24 000000b0 T LightEvent_Wait
00104dd4 00000054 T osGetTimeRef
00104e28 000000e4 T osGetTime
00104f0c 00000074 T __libctru_gtod
00104f80 00000034 T __ctru_speedup_config
00104fb4 00000124 T srvInit
001050d8 00000058 T srvExit
00105130 00000080 T srvGetServiceHandleDirect
001051b0 00000048 T srvGetServiceHandle
001051f8 00000038 T srvPublishToSubscriber
00105230 00000188 T threadCreate
001053b8 0000002c T threadFree
001053e4 00000024 T threadJoin
00105408 00000030 T threadGetCurrent
00105438 00000040 T threadExit
00105478 00000044 t _thread_begin
001054bc 00000094 t mappableFindAddressWithin
00105550 00000028 T mappableInit
00105578 00000080 T mappableAlloc
001055f8 00000004 T mappableFree
001055fc 00000160 T irrstInit
0010575c 000000cc T irrstExit
00105828 000000b0 T irrstScanInput
001058d8 00000024 T irrstKeysHeld
001058fc 0000000c T srvPmGetSessionHandle
00105908 00000074 T ptmSysmInit
0010597c 0000003c T ptmSysmExit
001059b8 00000034 T PTMSYSM_ConfigureNew3DSCPU
001059ec 00000010 T rbtree_init
001059fc 000001a0 t do_insert
00105b9c 00000008 T rbtree_insert
00105ba4 00000090 T rbtree_rotate
00105c34 00000338 T rbtree_remove
00105f6c 00000074 T rbtree_find
00105fe0 00000030 W __appInit
00106010 00000030 t __libctru_nanosleep
00106040 00000030 t __libctru_get_reent
00106070 000000f8 T __system_initSyscalls
00106168 000001e0 W __system_allocateHeaps
00106348 00000030 W __appExit
00106378 00000090 W __libctru_exit
00106408 00000084 W envGetHandle
0010648c 00000050 W envDestroyHandles
001064dc 00000014 t archive_link
001064f0 00000014 t archive_dirreset
00106504 00000014 t archive_chmod
00106518 00000024 t error_cmp
0010653c 00000050 t archive_translate_error
0010658c 000000d4 t archive_seek
00106660 0000007c t _archiveInit.part.0
001066dc 0000008c t archiveFindDevice.part.0
00106768 00000294 t archive_utf16path
001069fc 000000a0 t _archiveUnmountDeviceStruct.part.0
00106a9c 00000014 t archive_fchmod
00106ab0 00000014 t archive_statvfs
00106ac4 00000158 t _archiveMountDevice
00106c1c 000000e8 t archive_diropen
00106d04 000000a4 t archive_fstat
00106da8 0000006c t archive_close
00106e14 0000006c t archive_fsync
00106e80 00000070 t archive_dirclose
00106ef0 000000e8 t sdmc_statvfs
00106fd8 00000080 t archive_ftruncate
00107058 000000fc t archive_chdir
00107154 000000b0 t archive_read
00107204 000000ac t archive_unlink
001072b0 000000c8 t archive_rmdir
00107378 000000ec t archive_mkdir
00107464 000001a8 t archive_stat
0010760c 00000184 t archive_rename
00107790 00000168 t archive_dirnext
001078f8 0000012c t archive_write
00107a24 000001f0 t archive_open
00107c14 000001a4 T archiveMountSdmc
00107db8 00000054 T archiveUnmountAll
00107e0c 000000c8 T fsInit
00107ed4 0000003c T fsExit
00107f10 00000060 T fsExemptFromSession
00107f70 00000050 T fsUnexemptFromSession
00107fc0 000000cc T FSUSER_OpenFile
0010808c 000000bc T FSUSER_DeleteFile
00108148 000000f8 T FSUSER_RenameFile
00108240 000000bc T FSUSER_DeleteDirectory
001082fc 000000d4 T FSUSER_CreateFile
001083d0 000000c4 T FSUSER_CreateDirectory
00108494 000000f8 T FSUSER_RenameDirectory
0010858c 000000b4 T FSUSER_OpenDirectory
00108640 00000094 T FSUSER_OpenArchive
001086d4 0000008c T FSUSER_CloseArchive
00108760 00000074 T FSUSER_GetSdmcArchiveResource
001087d4 00000064 T FSUSER_IsSdmcWritable
00108838 00000058 T FSFILE_Read
00108890 00000060 T FSFILE_Write
001088f0 00000038 T FSFILE_GetSize
00108928 00000028 T FSFILE_SetSize
00108950 0000003c T FSFILE_Close
0010898c 00000024 T FSFILE_Flush
001089b0 00000050 T FSDIR_Read
00108a00 0000003c T FSDIR_Close
00108a3c 00000050 T rbtree_node_next
00108a8c 000000e8 T utf16_to_utf8
00108b74 00000064 T decode_utf16
00108bd8 0000013c T decode_utf8
00108d14 000000c0 T utf8_to_utf16
00108dd4 T __aeabi_read_tp
00108de0 00000060 T encode_utf16
00108e40 000000fc T encode_utf8
00108f3c 00000120 T __udivmoddi4
0010905c 00000078 T bsearch
001090d4 0000000c T __errno
001090e0 00000034 T exit
00109114 00000160 T _fclose_r
00109274 00000020 T fclose
00109294 00000258 T __sflush_r
001094ec 00000094 T _fflush_r
00109580 00000038 T fflush
001095b8 0000000c T _cleanup_r
001095c4 00000184 T __sinit
00109748 00000134 T __sfp
0010987c 0000000c T __sfp_lock_acquire
00109888 0000000c T __sfp_lock_release
00109894 0000003c T __libc_fini_array
001098d0 00000140 T _fopen_r
00109a10 00000028 T fopen
00109a38 000002d0 T _fread_r
00109d08 00000038 T fread
00109d40 000000f8 T _malloc_trim_r
00109e38 000002e4 T _free_r
0010a11c 0000001c T _fseek_r
0010a138 00000034 T fseek
0010a16c 000004f8 T _fseeko_r
0010a664 00000034 T ftell
0010a698 000001bc T _ftello_r
0010a854 00000068 T _fwalk
0010a8bc 00000070 T _fwalk_reent
0010a92c 0000007c T __libc_init_array
0010a9a8 00000138 T __smakebuf_r
0010aae0 00000028 T memalign
0010ab08 00000148 T _memalign_r
0010ac50 00000020 T malloc
0010ac70 00000020 T free
0010ac90 000007f0 T _malloc_r
0010b480 0000011c T memcpy
0010b59c 00000118 T memset
0010b6b4 0000000c T __malloc_lock
0010b6c0 0000000c T __malloc_unlock
0010b6cc 0000001c t lflush
0010b6e8 000001ac T __srefill_r
0010b894 00000044 T __sread
0010b8d8 00000068 T __swrite
0010b940 00000048 T __sseek
0010b988 00000008 T __sclose
0010b990 0000005c T strlen
0010b9ec 000000ec T strncat
0010bad8 000000dc T strncmp
0010bbb4 000000c0 T strncpy
0010bc74 00000048 T strnlen
0010bcbc 00000114 T __call_exitprocs
0010bdd0 000000c8 T __sflags
0010be98 00000008 t null_write
0010bea0 00000018 T setDefaultDevice
0010beb8 000000c8 T FindDevice
0010bf80 00000028 T RemoveDevice
0010bfa8 0000009c T AddDevice
0010c044 00000020 T GetDeviceOpTab
0010c064 00000078 T _fstat_r
0010c0dc 00000008 T _isatty_r
0010c0e4 00000084 T _lseek_r
0010c168 000000c8 T _open_r
0010c230 00000080 T _read_r
0010c2b0 00000078 T _sbrk_r
0010c328 00000080 T _write_r
0010c3a8 00000024 T _exit
0010c3cc 000001b8 T _concatenate_path
0010c584 00000160 T chdir
0010c6e4 00000008 T __flockfile
0010c6ec 00000008 T __funlockfile
0010c6f4 00000018 T __libc_lock_acquire
0010c70c 00000018 T __libc_lock_release
0010c724 00000018 T __libc_lock_init_recursive
0010c73c 00000018 T __libc_lock_acquire_recursive
0010c754 00000018 T __libc_lock_release_recursive
0010c76c 00000018 T __libc_lock_close_recursive
0010c784 0000008c T __release_handle
0010c810 000000b4 T __alloc_handle
0010c8c4 0000003c T __get_handle
0010c900 000000f4 T _close_r
0010c9f4 00000028 T __getreent
0010ca1c 00000144 T strchr
0010cb60 00000044 T strrchr
0010cba4 T _fini
0010d044 00000008 r morton_x.3
0010d04c 00000008 r morton_y.2
0010d054 00000008 r s_sleepWakeEvents.4
0010d0ac 00000070 r archive_devoptab
0010d11c 00000030 r error_table
0010d154 00000004 R _global_impure_ptr
0010d158 00000070 R dotab_stdnull
0010d1c8 00000101 R _ctype_
0010d2cc r 
0010d2cc R __exidx_end
0010d2cc R __exidx_start
0010e000 00000800 D costable
0010e800 00000004 d kCount
0010e804 00000004 d kDelay
0010e808 00000004 d kInterval
0010e80c W __stacksize__
0010e810 0000000c d __sfp_recursive_mutex
0010e81c 0000000c d __sinit_recursive_mutex
0010e828 00000004 D _impure_ptr
0010e830 00000460 d impure_data
0010ec90 00000408 D __malloc_av_
0010f098 00000004 D __malloc_sbrk_base
0010f09c 00000004 D __malloc_trim_threshold
0010f0a0 0000000c d __malloc_recursive_mutex
0010f0ac 0000000c D __atexit_recursive_mutex
0010f0b8 00000004 d defaultDevice
0010f0bc 0000008c D devoptab_list
0010f148 00000400 d _current_working_directory
0010f548 00000004 d __hndl_lock
0010f54c 0000000c d __stderr_handle
0010f558 0000000c d __stdin_handle
0010f564 0000000c d __stdout_handle
0010f570 00001000 d handles
00110578 d _GLOBAL_OFFSET_TABLE_
00110584 d __frame_dummy_init_array_entry
00110584 D __init_array_start
00110584 B __preinit_array_end
00110584 B __preinit_array_start
00110584 D __tdata_lma
00110584 D __tdata_lma_end
00110588 d __do_global_dtors_aux_fini_array_entry
00110588 D __fini_array_start
00110588 D __init_array_end
0011058c D __bss_start__
0011058c D __fini_array_end
0011058c 00000004 b cnt.0
00110590 00000004 B buffer
00110594 b completed.1
00110598 b object.0
001105b0 00000004 b gfxBottomFramebufferMaxSize
001105b4 00000008 b gfxBottomFramebuffers
001105bc 00000002 b gfxCurBuf
001105c0 00000002 b gfxFramebufferFormats
001105c4 00000002 b gfxIsDoubleBuf
001105c6 00000001 b gfxIsVram
001105c8 00000004 b gfxTopFramebufferMaxSize
001105cc 00000008 b gfxTopFramebuffers
001105d4 00000001 b gfxTopMode
001105d8 00000004 b screenAlloc
001105dc 00000004 b screenFree
001105e0 00000004 b gspEvent
001105e4 0000001c b gspEventCb
00110600 0000001c b gspEventCbData
0011061c 00000007 b gspEventCbOneShot
00110624 00000004 b gspEventThread
00110628 00000038 b gspEvents
00110660 00000004 b gspGpuHandle
00110664 00000001 b gspGpuRight
00110668 00000004 b gspLastEvent
0011066c 00000004 b gspRefCount
00110670 00000001 b gspRunEvents
00110674 00000004 b gspSharedMem
00110678 00000004 b gspSharedMemHandle
0011067c 00000001 b gspThreadId
0011067d 00000001 b aptChainloadFlags
0011067e 00000001 b aptChainloadMediatype
00110680 00000008 b aptChainloadTid
00110688 00000004 b aptEventHandlerThread
0011068c 00000001 b aptEventHandlerThreadQuit
00110690 00000008 b aptEvents
00110698 0000000c b aptFirstHook
001106a4 00000004 b aptFlags
001106a8 00000001 b aptHomeButtonState
001106ac 00000004 b aptLockHandle
001106b0 00000004 b aptMessageFunc
001106b4 00000004 b aptMessageFuncData
001106b8 00001000 b aptParameters
001116b8 00000008 b aptReceiveEvent
001116c0 00000004 b aptRefCount
001116c4 00000008 b aptSleepEvent
001116cc 00000001 b flagInit.1
001116cd 00000001 b flagValue.0
001116d0 00000004 b serviceName.6
001116d4 00000006 b aVec
001116dc 00000004 b cPos
001116e0 00000006 b gRate
001116e8 00000014 B hidEvents
001116fc 00000004 B hidHandle
00111700 00000004 B hidMemHandle
00111704 00000004 b hidRefCount
00111708 00000004 B hidSharedMem
0011170c 00000004 b kDown
00111710 00000004 b kHeld
00111714 00000004 b kOld
00111718 00000004 b kRepeat
0011171c 00000004 b kUp
00111720 00000004 b tPos
00111724 00000001 b usingIrrst
00111728 00000004 B __system_retAddr
0011172c 00000004 B __system_argc
00111730 00000004 B __system_argv
00111734 b saved_stack
0011173c 0000000c b sAddrMap
00111748 00000008 b sVramPool
00111750 00000008 b sLinearPool
00111758 0000000c b sAddrMap
00111764 00000004 b arbiter
00111768 00000001 V __ctru_speedup
0011176c 00000004 b srvHandle
00111770 00000004 b srvRefCount
00111774 00000004 b currentAddr
00111778 00000004 b maxAddr
0011177c 00000004 b minAddr
00111780 00000004 b csPos
00111784 00000004 B irrstEvent
00111788 00000004 B irrstHandle
0011178c 00000004 B irrstMemHandle
00111790 00000004 b irrstRefCount
00111794 00000004 B irrstSharedMem
00111798 00000004 b kHeld
0011179c 00000004 b srvPmHandle
001117a0 00000004 b ptmSysmHandle
001117a4 00000004 b ptmSysmRefCount
001117a8 00000004 B __ctru_heap
001117ac 00000004 V __ctru_heap_size
001117b0 00000004 B __ctru_linear_heap
001117b4 00000004 V __ctru_linear_heap_size
001117b8 00000004 b archive_device_cwd
001117c0 00000540 b archive_devices
00111d00 00000001 b archive_initialized
00111d08 00000080 b fsExemptArchives
00111d88 00000004 b fsuHandle
00111d8c 00000004 b fsuRefCount
00111d90 00000028 B __malloc_current_mallinfo
00111db8 00000004 B __malloc_max_sbrked_mem
00111dbc 00000004 B __malloc_max_total_mem
00111dc0 00000004 B __malloc_top_pad
00111dc4 00000004 b heap_start.0
00111dc8 00000004 B fake_heap_end
00111dcc 00000004 B fake_heap_start
00111dd0 00000400 b temp_cwd
001121d0 00000048 B __syscalls
00112218 B __tls_start
00112e20 B __bss_end__
00112e20 A __end__
00112e20 B __tls_end
