         w __deregister_frame_info
         w __register_frame_info
         w userAppExit
         w userAppInit
00000000 00000401 B __ctru_dev_path_buf
00000000 b _TLS_MODULE_BASE_
00000000 a shift
00000000 a shift
00000404 00000802 B __ctru_dev_utf16_buf
00100000 A __start__
00100000 T _start
00100008 T __service_ptr
0010000c T __apt_appid
00100010 T __heap_size
00100014 T __linear_heap_size
00100018 T __system_arglist
0010001c T __system_runflags
00100020 t startup
00100058 t ClearMem
0010006c t ClrLoop
00100094 T _init
001000ac T __aeabi_idiv
001000ac 00000220 T __divsi3
001000b4 t .divsi3_skip_div0_test
001002cc 00000020 T __aeabi_idivmod
001002ec 00000004 W __aeabi_idiv0
001002ec 00000004 W __aeabi_ldiv0
001002f0 T __aeabi_ldivmod
001003c4 T __aeabi_uldivmod
00100400 00000014 T setjmp
00100414 00000018 T longjmp
00100448 00000390 T strcmp
001007d0 t .udivsi3_skip_div0_test
001007d0 T __aeabi_uidiv
001007d0 000001ec T __udivsi3
001009bc 00000020 T __aeabi_uidivmod
001009dc T __aeabi_drsub
001009e4 000002b0 T __aeabi_dsub
001009e4 000002b0 T __subdf3
001009e8 000002ac T __adddf3
001009e8 000002ac T __aeabi_dadd
00100c94 00000024 T __aeabi_ui2d
00100c94 00000024 T __floatunsidf
00100cb8 00000028 T __aeabi_i2d
00100cb8 00000028 T __floatsidf
00100ce0 00000048 T __aeabi_f2d
00100ce0 00000048 T __extendsfdf2
00100d28 00000074 T __aeabi_ul2d
00100d28 00000074 T __floatundidf
00100d3c 00000060 T __aeabi_l2d
00100d3c 00000060 T __floatdidf
00100d9c t __do_global_dtors_aux
00100ddc t frame_dummy
00100e08 00000070 T hang
00100e78 00000014 T cleanup
00100e90 000001d4 T takePicture3D
00101064 000003a0 T main
00101404 00000178 T consoleDrawChar
0010157c 00000124 T consolePrintChar
001016a0 00000a00 T con_write
001020a0 00000168 T consoleInit
00102208 000000f4 t newRow
001022fc 000000d0 t gfxPresentFramebuffer
001023cc 00000010 T gfxSet3D
001023dc 0000001c T gfxIsWide
001023f8 000000ec T gfxSetScreenFormat
001024e4 00000010 T gfxSetDoubleBuffering
001024f4 00000108 T gfxInit
001025fc 00000010 T gfxInitDefault
0010260c 000000b4 T gfxExit
001026c0 000000a0 T gfxGetFramebuffer
00102760 0000010c T gfxFlushBuffers
0010286c 00000050 T gfxSwapBuffers
001028bc 00000050 T gfxSwapBuffersGpu
0010290c 00000c58 t gspHardwareInit
00103564 00000254 T gspInit
001037b8 000000f0 T gspExit
001038a8 00000010 T gspHasGpuRight
001038b8 00000098 T gspPresentBuffer
00103950 00000050 T gspWaitForEvent
001039a0 00000004 W gxCmdQueueInterrupt
001039a4 00000160 t gspEventThreadMain
00103b04 00000050 T GSPGPU_FlushDataCache
00103b54 00000034 T GSPGPU_SetLcdForceBlack
00103b88 00000068 T GSPGPU_AcquireRight
00103bf0 00000048 T GSPGPU_ReleaseRight
00103c38 0000007c T GSPGPU_ImportDisplayCaptureInfo
00103cb4 0000002c T GSPGPU_SaveVramSysArea
00103ce0 0000002c T GSPGPU_RestoreVramSysArea
00103d0c 0000008c T acInit
00103d98 0000003c T acExit
00103dd4 000001b0 t aptConvertScreenForCapture
00103f84 00000008 W aptDspSleep
00103f8c 00000004 W aptDspWakeup
00103f90 00000004 W aptDspCancel
00103f94 0000015c T aptSendCommand
001040f0 00000038 t aptExitProcess
00104128 000002f0 T aptExit
00104418 000000d8 T aptHandleSleep
001044f0 00000084 T APT_SleepIfShellClosed
00104574 00000084 T aptSetSleepAllowed
001045f8 00000084 T APT_UnlockTransition
00104680 00000484 t aptEventHandler
00104b04 000000b0 T APT_ReceiveParameter
00104bb4 000000b0 t aptReceiveParameter.constprop.0
00104c68 000002bc t aptScreenTransfer
00104f24 000002d0 t aptWaitForWakeUp.isra.0
001051f4 000000f8 T aptJumpToHomeMenu
001052ec 0000004c T aptMainLoop
00105338 00000234 T aptInit
0010556c 0000007c T APT_CheckNew3DS
001055e8 000000ac T camInit
00105694 00000058 T camExit
001056ec 00000034 T CAMU_StartCapture
00105720 00000034 T CAMU_StopCapture
00105754 00000034 T CAMU_ClearBuffer
00105788 00000064 T CAMU_SetReceiving
001057ec 0000003c T CAMU_SetTransferBytes
00105828 00000044 T CAMU_GetMaxBytes
0010586c 00000038 T CAMU_SetTrimming
001058a4 00000034 T CAMU_Activate
001058d8 00000038 T CAMU_SetAutoExposure
00105910 00000038 T CAMU_SetAutoWhiteBalance
00105948 00000040 T CAMU_SetSize
00105988 00000040 T CAMU_SetOutputFormat
001059c8 00000038 T CAMU_SetNoiseFilter
00105a00 00000038 T CAMU_SynchronizeVsyncTiming
00105a38 00000034 T CAMU_PlayShutterSound
00105a6c 00000024 W hidShouldUseIrrst
00105a90 0000018c T hidInit
00105c1c 000000e8 T hidExit
00105d04 00000294 T hidScanInput
00105f98 00000010 T hidKeysHeld
00105fa8 00000010 T hidKeysDown
00105fb8 00000038 W __libctru_init
00105ff0 000000f0 W __system_initArgv
001060e0 T svcControlMemory
00106100 T svcQueryMemory
00106130 T svcExitProcess
00106138 T svcCreateThread
00106158 T svcExitThread
00106160 T svcSleepThread
00106168 T svcReleaseMutex
00106170 T svcCreateEvent
00106184 T svcSignalEvent
0010618c T svcClearEvent
00106194 T svcMapMemoryBlock
0010619c T svcUnmapMemoryBlock
001061a4 T svcCreateAddressArbiter
001061b8 T svcArbitrateAddressNoTimeout
001061c0 T svcCloseHandle
001061c8 T svcWaitSynchronization
001061d0 T svcWaitSynchronizationN
001061f8 T svcDuplicateHandle
0010620c T svcGetSystemTick
00106214 T svcConnectToPort
00106228 T svcSendSyncRequest
00106230 T svcGetResourceLimit
00106244 T svcGetResourceLimitLimitValues
0010624c T svcGetResourceLimitCurrentValues
00106254 T svcBreak
0010625c W initSystem
001062ac W __ctru_exit
001062c4 00000024 t addrMapNodeComparator(rbtree_node const*, rbtree_node const*)
001062e8 00000004 t addrMapNodeDestructor(rbtree_node*)
001062ec 00000114 T vramMemAlign
00106400 00000008 T vramAlloc
00106408 0000005c T vramFree
00106464 00000024 t addrMapNodeComparator(rbtree_node const*, rbtree_node const*)
00106488 00000004 t addrMapNodeDestructor(rbtree_node*)
0010648c 00000120 T linearMemAlign
001065ac 00000008 T linearAlloc
001065b4 0000005c T linearFree
00106610 00000084 T MemPool::CoalesceRight(MemBlock*)
00106694 00000170 T MemPool::Allocate(MemChunk&, unsigned long, int)
00106804 000000fc T MemPool::Deallocate(MemChunk const&)
00106900 0000000c T __sync_init
0010690c 00000018 T __sync_fini
00106924 0000002c T syncArbitrateAddress
00106950 0000001c T LightLock_Init
0010696c 00000094 T LightLock_Lock
00106a00 00000044 T LightLock_TryLock
00106a44 00000040 T LightLock_Unlock
00106a84 00000024 T RecursiveLock_Init
00106aa8 00000030 T RecursiveLock_Lock
00106ad8 00000078 T RecursiveLock_TryLock
00106b50 00000054 T RecursiveLock_Unlock
00106ba4 00000040 T LightEvent_Init
00106be4 000000a4 T LightEvent_Clear
00106c88 000000c8 T LightEvent_Signal
00106d50 00000058 T LightEvent_TryWait
00106da8 000000b0 T LightEvent_Wait
00106e58 00000054 T osGetTimeRef
00106eac 000000e4 T osGetTime
00106f90 00000074 T __libctru_gtod
00107004 00000034 T __ctru_speedup_config
00107038 00000124 T srvInit
0010715c 00000058 T srvExit
001071b4 00000080 T srvGetServiceHandleDirect
00107234 00000048 T srvGetServiceHandle
0010727c 00000038 T srvPublishToSubscriber
001072b4 00000188 T threadCreate
0010743c 0000002c T threadFree
00107468 00000024 T threadJoin
0010748c 00000030 T threadGetCurrent
001074bc 00000040 T threadExit
001074fc 00000044 t _thread_begin
00107540 00000094 t mappableFindAddressWithin
001075d4 00000028 T mappableInit
001075fc 00000080 T mappableAlloc
0010767c 00000004 T mappableFree
00107680 00000160 T irrstInit
001077e0 000000cc T irrstExit
001078ac 000000b0 T irrstScanInput
0010795c 00000024 T irrstKeysHeld
00107980 0000000c T srvPmGetSessionHandle
0010798c 00000074 T ptmSysmInit
00107a00 0000003c T ptmSysmExit
00107a3c 00000034 T PTMSYSM_ConfigureNew3DSCPU
00107a70 00000010 T rbtree_init
00107a80 000001a0 t do_insert
00107c20 00000008 T rbtree_insert
00107c28 00000090 T rbtree_rotate
00107cb8 00000338 T rbtree_remove
00107ff0 00000074 T rbtree_find
00108064 00000030 W __appInit
00108094 00000030 t __libctru_nanosleep
001080c4 00000030 t __libctru_get_reent
001080f4 000000f8 T __system_initSyscalls
001081f0 000001e0 W __system_allocateHeaps
001083d0 00000030 W __appExit
00108400 00000090 W __libctru_exit
00108490 00000084 W envGetHandle
00108514 00000050 W envDestroyHandles
00108564 00000014 t archive_link
00108578 00000014 t archive_dirreset
0010858c 00000014 t archive_chmod
001085a0 00000024 t error_cmp
001085c4 00000050 t archive_translate_error
00108614 000000d4 t archive_seek
001086e8 0000007c t _archiveInit.part.0
00108764 0000008c t archiveFindDevice.part.0
001087f0 00000294 t archive_utf16path
00108a84 000000a0 t _archiveUnmountDeviceStruct.part.0
00108b24 00000014 t archive_fchmod
00108b38 00000014 t archive_statvfs
00108b4c 00000158 t _archiveMountDevice
00108ca4 000000e8 t archive_diropen
00108d8c 000000a4 t archive_fstat
00108e30 0000006c t archive_close
00108e9c 0000006c t archive_fsync
00108f08 00000070 t archive_dirclose
00108f78 000000e8 t sdmc_statvfs
00109060 00000080 t archive_ftruncate
001090e0 000000fc t archive_chdir
001091dc 000000b0 t archive_read
0010928c 000000ac t archive_unlink
00109338 000000c8 t archive_rmdir
00109400 000000ec t archive_mkdir
001094ec 000001a8 t archive_stat
00109694 00000184 t archive_rename
00109818 00000168 t archive_dirnext
00109980 0000012c t archive_write
00109aac 000001f0 t archive_open
00109c9c 000001a4 T archiveMountSdmc
00109e40 00000054 T archiveUnmountAll
00109e94 000000c8 T fsInit
00109f5c 0000003c T fsExit
00109f98 00000060 T fsExemptFromSession
00109ff8 00000050 T fsUnexemptFromSession
0010a048 000000cc T FSUSER_OpenFile
0010a114 000000bc T FSUSER_DeleteFile
0010a1d0 000000f8 T FSUSER_RenameFile
0010a2c8 000000bc T FSUSER_DeleteDirectory
0010a384 000000d4 T FSUSER_CreateFile
0010a458 000000c4 T FSUSER_CreateDirectory
0010a51c 000000f8 T FSUSER_RenameDirectory
0010a614 000000b4 T FSUSER_OpenDirectory
0010a6c8 00000094 T FSUSER_OpenArchive
0010a75c 0000008c T FSUSER_CloseArchive
0010a7e8 00000074 T FSUSER_GetSdmcArchiveResource
0010a85c 00000064 T FSUSER_IsSdmcWritable
0010a8c0 00000058 T FSFILE_Read
0010a918 00000060 T FSFILE_Write
0010a978 00000038 T FSFILE_GetSize
0010a9b0 00000028 T FSFILE_SetSize
0010a9d8 0000003c T FSFILE_Close
0010aa14 00000024 T FSFILE_Flush
0010aa38 00000050 T FSDIR_Read
0010aa88 0000003c T FSDIR_Close
0010aac4 00000050 T rbtree_node_next
0010ab14 000000e8 T utf16_to_utf8
0010abfc 00000064 T decode_utf16
0010ac60 0000013c T decode_utf8
0010ad9c 000000c0 T utf8_to_utf16
0010ae5c T __aeabi_read_tp
0010ae68 00000060 T encode_utf16
0010aec8 000000fc T encode_utf8
0010afc4 00000120 T __udivmoddi4
0010b0e4 00000078 T bsearch
0010b15c 0000000c T __errno
0010b168 00000034 T exit
0010b19c 0000003c T __libc_fini_array
0010b1d8 0000007c T __libc_init_array
0010b254 00000028 T memalign
0010b27c 00000148 T _memalign_r
0010b3c4 00000020 T malloc
0010b3e4 00000020 T free
0010b404 000007f0 T _malloc_r
0010bbf4 000000e0 T memchr
0010bcd4 0000011c T memcpy
0010bdf0 00000118 T memset
0010bf08 0000000c T __malloc_lock
0010bf14 0000000c T __malloc_unlock
0010bf20 00000034 T printf
0010bf54 000000e0 T _puts_r
0010c034 00000020 T puts
0010c054 00000260 T setvbuf
0010c2b4 00000074 T sscanf
0010c328 00000044 T __sread
0010c36c 00000008 T __seofread
0010c374 00000068 T __swrite
0010c3dc 00000048 T __sseek
0010c424 00000008 T __sclose
0010c42c 0000005c T strlen
0010c488 000000ec T strncat
0010c574 000000dc T strncmp
0010c650 000000c0 T strncpy
0010c710 00000048 T strnlen
0010c758 00000050 t get_arg
0010c7a8 00002b68 T __ssvfscanf_r
0010f310 0000064c t get_arg
0010f95c 00000034 T __sprint_r
0010f990 00002584 T _vfiprintf_r
00111f14 000000d4 t __sbprintf
00111fe8 0000064c t get_arg
00112638 000038d4 T _vfprintf_r
00115f0c 000000d4 t __sbprintf
00115fe0 00000054 T _wcrtomb_r
00116034 00000028 T _wcsrtombs_r
0011605c 00000154 T __swsetup_r
001161b0 00000114 T __call_exitprocs
001162c4 000001a8 t quorem
00116470 000012ec T _dtoa_r
0011775c 00000258 T __sflush_r
001179b4 00000094 T _fflush_r
00117a48 0000000c T _cleanup_r
00117a54 00000184 T __sinit
00117bd8 0000000c T __sfp_lock_acquire
00117be4 0000000c T __sfp_lock_release
00117bf0 000000f8 T _malloc_trim_r
00117ce8 000002e4 T _free_r
00117fcc 000004a4 T __sfvwrite_r
00118470 00000070 T _fwalk_reent
001184e0 00000008 T iswspace
001184e8 0000000c T _localeconv_r
001184f4 00000010 T __locale_mb_cur_max
00118504 00000138 T __smakebuf_r
0011863c 00000094 T __swhatbuf_r
001186d0 00000068 T _mbrtowc_r
00118738 000002fc T __utf8_mbtowc
00118a34 00000154 T memmove
00118b88 00000088 T _Balloc
00118c10 0000001c T _Bfree
00118c2c 000000f4 T __multadd
00118d20 00000110 T __s2b
00118e30 00000058 T __hi0bits
00118e88 0000009c T __lo0bits
00118f24 000000a4 T __i2b
00118fc8 00000204 T __multiply
001191cc 00000120 T __pow5mult
001192ec 0000013c T __lshift
00119428 00000058 T __mcmp
00119480 000001cc T __mdiff
0011964c 00000088 T __ulp
001196d4 000000d4 T __b2d
001197a8 0000012c T __d2b
001198d4 00000078 T __ratio
0011994c 00000088 T __copybits
001199d4 0000005c T __any_on
00119a30 00000028 T realloc
00119a58 00000598 T _realloc_r
00119ff0 000000e4 T __sccl
0011a0d4 0000000c T nanf
0011a0e0 000000a8 T frexp
0011a188 00000064 T sprintf
0011a1ec 000000b8 T stpncpy
0011a2a4 00000144 T strchr
0011a3e8 0000130c T _strtod_l
0011b6f4 0000000c T _strtod_r
0011b700 0000022c t _strtoll_l.constprop.0
0011b92c 00000004 T _strtoll_r
0011b930 000001b0 t _strtol_l.part.0
0011bae0 0000003c T _strtol_r
0011bb1c 00000244 t _strtoull_l.constprop.0
0011bd60 00000004 T _strtoull_r
0011bd64 000001c8 t _strtoul_l.constprop.0
0011bf2c 00000004 T _strtoul_r
0011bf30 00000188 T __ssprint_r
0011c0b8 000000e0 T _sungetc_r
0011c198 0000006c T __ssrefill_r
0011c204 000000c8 T _sfread_r
0011c2cc 0000064c t get_arg
0011c918 00003808 T _svfprintf_r
00120120 000000a8 T __submore
001201c8 00000190 T _wcsnrtombs_l
00120358 0000004c T _wcsnrtombs_r
001203a4 000000f0 T __utf8_wctomb
00120494 0000005c T __assert_func
001204f0 00000094 T _calloc_r
00120584 00000160 T _fclose_r
001206e4 0000003c T fiprintf
00120720 000000ec t rshift
0012080c 00000928 T __gethex
00121134 0000004c T __match
00121180 0000029c T __hexnan
0012141c 0000003c T iswspace_l
00121458 000001d4 t __jp2uc
0012162c 0000009c T _jp2uc_l
001216c8 00000010 T nan
001216d8 00000014 T abort
001216ec 00000084 T category
00121770 00000098 T _raise_r
00121808 00000020 T raise
00121828 00000008 t null_write
00121830 00000018 T setDefaultDevice
00121848 000000c8 T FindDevice
00121910 00000028 T RemoveDevice
00121938 0000009c T AddDevice
001219d4 00000020 T GetDeviceOpTab
001219f4 00000078 T _fstat_r
00121a6c 00000014 T _getpid_r
00121a80 00000008 T _isatty_r
00121a88 00000014 T _kill_r
00121a9c 00000084 T _lseek_r
00121b20 00000080 T _read_r
00121ba0 00000078 T _sbrk_r
00121c18 00000080 T _write_r
00121c98 00000024 T _exit
00121cbc 000001b8 T _concatenate_path
00121e74 00000160 T chdir
00121fd4 00000008 T __flockfile
00121fdc 00000008 T __funlockfile
00121fe4 00000018 T __libc_lock_acquire
00121ffc 00000018 T __libc_lock_release
00122014 00000018 T __libc_lock_init_recursive
0012202c 00000018 T __libc_lock_acquire_recursive
00122044 00000018 T __libc_lock_release_recursive
0012205c 00000018 T __libc_lock_close_recursive
00122074 0000003c T __get_handle
001220b0 000000f4 T _close_r
001221a4 00000028 T __getreent
001221cc 00000038 T __aeabi_d2lz
001221cc 00000038 T __fixdfdi
00122208 00000040 T __aeabi_d2ulz
00122208 00000040 T __fixunsdfdi
00122248 00000044 T strrchr
0012228c T _fini
00123334 00000030 r colorTable
00123364 00000070 r dotab_stdout
00123408 00000008 r morton_x.3
00123410 00000008 r morton_y.2
00123418 00000008 r s_sleepWakeEvents.4
00123440 R default_font_bin
00123c40 R default_font_bin_end
00123c78 00000070 r archive_devoptab
00123ce8 00000030 r error_table
00123d20 00000004 R _global_impure_ptr
00123d2c 00000022 r basefix.0
00123d78 00000010 r blanks.1
00123d88 00000010 r zeroes.0
00123dac 00000010 r blanks.1
00123dbc 00000010 r zeroes.0
00123dcc 00000101 R _ctype_
00123ee0 r .LC2
00123fc0 00000028 R __mprec_bigtens
00123fe8 000000c8 R __mprec_tens
001240b0 0000000c r p05.0
001240cc 00000014 r fpi.1
001240e0 00000014 r fpinan.0
001240f8 00000028 r tinytens
00124120 0000006c R __action_table
0012418c 00000100 R __chclass
0012428c 0000006c R __state_table
001242f8 00000010 r blanks.1
00124308 00000010 r zeroes.0
001243a0 00000100 R __hexdig
001244b4 000000bc r a1
00124570 000000bc r a2
0012462c 0000005b r a3
00124688 00000070 r a6
001246f8 000000a2 r a7
0012479c 00000040 r a8
001247dc 0000172a r b02cf
00125f08 00001a7c r d02f4
00127984 0000000c R _C_numeric_locale
00127990 000031e6 r categories
0012ab78 00000070 R dotab_stdnull
0012abe8 r 
0012abe8 R __exidx_end
0012abe8 R __exidx_start
0012b000 00000004 D currentConsole
0012b004 0000004c D defaultConsole
0012b050 00000001 d firstConsoleInit.0
0012b054 00000004 d kCount
0012b058 00000004 d kDelay
0012b05c 00000004 d kInterval
0012b060 W __stacksize__
0012b064 00000004 D _impure_ptr
0012b068 00000460 d impure_data
0012b4c8 00000408 D __malloc_av_
0012b8d0 00000004 D __malloc_sbrk_base
0012b8d4 00000004 D __malloc_trim_threshold
0012b8d8 0000000c d __malloc_recursive_mutex
0012b8e4 0000000c D __atexit_recursive_mutex
0012b8f0 0000000c d __sfp_recursive_mutex
0012b8fc 0000000c d __sinit_recursive_mutex
0012b908 0000016c D __global_locale
0012ba74 00000002 d numempty
0012ba78 00000004 d defaultDevice
0012ba7c 0000008c D devoptab_list
0012bb08 00000400 d _current_working_directory
0012bf08 00000004 d __hndl_lock
0012bf0c 0000000c d __stderr_handle
0012bf18 0000000c d __stdin_handle
0012bf24 0000000c d __stdout_handle
0012bf30 00001000 d handles
0012cf38 d _GLOBAL_OFFSET_TABLE_
0012cf44 d __frame_dummy_init_array_entry
0012cf44 D __init_array_start
0012cf44 B __preinit_array_end
0012cf44 B __preinit_array_start
0012cf44 D __tdata_lma
0012cf44 D __tdata_lma_end
0012cf48 d __do_global_dtors_aux_fini_array_entry
0012cf48 D __fini_array_start
0012cf48 D __init_array_end
0012cf4c D __bss_start__
0012cf4c D __fini_array_end
0012cf4c 0000005c b exitJmp
0012cfa8 b completed.1
0012cfac b object.0
0012cfc4 0000004c B currentCopy
0012d010 00000004 b gfxBottomFramebufferMaxSize
0012d014 00000008 b gfxBottomFramebuffers
0012d01c 00000002 b gfxCurBuf
0012d020 00000002 b gfxFramebufferFormats
0012d024 00000002 b gfxIsDoubleBuf
0012d026 00000001 b gfxIsVram
0012d028 00000004 b gfxTopFramebufferMaxSize
0012d02c 00000008 b gfxTopFramebuffers
0012d034 00000001 b gfxTopMode
0012d038 00000004 b screenAlloc
0012d03c 00000004 b screenFree
0012d040 00000004 b gspEvent
0012d044 0000001c b gspEventCb
0012d060 0000001c b gspEventCbData
0012d07c 00000007 b gspEventCbOneShot
0012d084 00000004 b gspEventThread
0012d088 00000038 b gspEvents
0012d0c0 00000004 b gspGpuHandle
0012d0c4 00000001 b gspGpuRight
0012d0c8 00000004 b gspLastEvent
0012d0cc 00000004 b gspRefCount
0012d0d0 00000001 b gspRunEvents
0012d0d4 00000004 b gspSharedMem
0012d0d8 00000004 b gspSharedMemHandle
0012d0dc 00000001 b gspThreadId
0012d0e0 00000004 b acHandle
0012d0e4 00000004 b acRefCount
0012d0e8 00000001 b aptChainloadFlags
0012d0e9 00000001 b aptChainloadMediatype
0012d0f0 00000008 b aptChainloadTid
0012d0f8 00000004 b aptEventHandlerThread
0012d0fc 00000001 b aptEventHandlerThreadQuit
0012d100 00000008 b aptEvents
0012d108 0000000c b aptFirstHook
0012d114 00000004 b aptFlags
0012d118 00000001 b aptHomeButtonState
0012d11c 00000004 b aptLockHandle
0012d120 00000004 b aptMessageFunc
0012d124 00000004 b aptMessageFuncData
0012d128 00001000 b aptParameters
0012e128 00000008 b aptReceiveEvent
0012e130 00000004 b aptRefCount
0012e134 00000008 b aptSleepEvent
0012e13c 00000001 b flagInit.1
0012e13d 00000001 b flagValue.0
0012e140 00000004 b serviceName.6
0012e144 00000004 B camHandle
0012e148 00000004 b camRefCount
0012e14c 00000006 b aVec
0012e154 00000004 b cPos
0012e158 00000006 b gRate
0012e160 00000014 B hidEvents
0012e174 00000004 B hidHandle
0012e178 00000004 B hidMemHandle
0012e17c 00000004 b hidRefCount
0012e180 00000004 B hidSharedMem
0012e184 00000004 b kDown
0012e188 00000004 b kHeld
0012e18c 00000004 b kOld
0012e190 00000004 b kRepeat
0012e194 00000004 b kUp
0012e198 00000004 b tPos
0012e19c 00000001 b usingIrrst
0012e1a0 00000004 B __system_retAddr
0012e1a4 00000004 B __system_argc
0012e1a8 00000004 B __system_argv
0012e1ac b saved_stack
0012e1b4 0000000c b sAddrMap
0012e1c0 00000008 b sVramPool
0012e1c8 00000008 b sLinearPool
0012e1d0 0000000c b sAddrMap
0012e1dc 00000004 b arbiter
0012e1e0 00000001 V __ctru_speedup
0012e1e4 00000004 b srvHandle
0012e1e8 00000004 b srvRefCount
0012e1ec 00000004 b currentAddr
0012e1f0 00000004 b maxAddr
0012e1f4 00000004 b minAddr
0012e1f8 00000004 b csPos
0012e1fc 00000004 B irrstEvent
0012e200 00000004 B irrstHandle
0012e204 00000004 B irrstMemHandle
0012e208 00000004 b irrstRefCount
0012e20c 00000004 B irrstSharedMem
0012e210 00000004 b kHeld
0012e214 00000004 b srvPmHandle
0012e218 00000004 b ptmSysmHandle
0012e21c 00000004 b ptmSysmRefCount
0012e220 00000004 B __ctru_heap
0012e224 00000004 V __ctru_heap_size
0012e228 00000004 B __ctru_linear_heap
0012e22c 00000004 V __ctru_linear_heap_size
0012e230 00000004 b archive_device_cwd
0012e238 00000540 b archive_devices
0012e778 00000001 b archive_initialized
0012e780 00000080 b fsExemptArchives
0012e800 00000004 b fsuHandle
0012e804 00000004 b fsuRefCount
0012e808 00000028 B __malloc_current_mallinfo
0012e830 00000004 B __malloc_max_sbrked_mem
0012e834 00000004 B __malloc_max_total_mem
0012e838 00000004 B __malloc_top_pad
0012e83c 00000004 b heap_start.0
0012e840 00000004 B fake_heap_end
0012e844 00000004 B fake_heap_start
0012e848 00000400 b temp_cwd
0012ec48 00000048 B __syscalls
0012ec90 B __tls_start
0012f898 B __bss_end__
0012f898 A __end__
0012f898 B __tls_end
