         w __deregister_frame_info
         w __register_frame_info
         w userAppExit
         w userAppInit
00000000 00000401 B __ctru_dev_path_buf
00000000 b _TLS_MODULE_BASE_
00000000 a shift
00000000 a shift
00000404 00000802 B __ctru_dev_utf16_buf
00100000 A __start__
00100000 T _start
00100008 T __service_ptr
0010000c T __apt_appid
00100010 T __heap_size
00100014 T __linear_heap_size
00100018 T __system_arglist
0010001c T __system_runflags
00100020 t startup
00100058 t ClearMem
0010006c t ClrLoop
00100094 T _init
001000ac T __aeabi_idiv
001000ac 00000220 T __divsi3
001000b4 t .divsi3_skip_div0_test
001002cc 00000020 T __aeabi_idivmod
001002ec 00000004 W __aeabi_idiv0
001002ec 00000004 W __aeabi_ldiv0
001002f0 T __aeabi_drsub
001002f8 000002b0 T __aeabi_dsub
001002f8 000002b0 T __subdf3
001002fc 000002ac T __adddf3
001002fc 000002ac T __aeabi_dadd
001005a8 00000024 T __aeabi_ui2d
001005a8 00000024 T __floatunsidf
001005cc 00000028 T __aeabi_i2d
001005cc 00000028 T __floatsidf
001005f4 00000048 T __aeabi_f2d
001005f4 00000048 T __extendsfdf2
0010063c 00000074 T __aeabi_ul2d
0010063c 00000074 T __floatundidf
00100650 00000060 T __aeabi_l2d
00100650 00000060 T __floatdidf
001006b0 T __aeabi_ldivmod
00100784 T __aeabi_uldivmod
001007c8 00000390 T strcmp
00100b50 t .udivsi3_skip_div0_test
00100b50 T __aeabi_uidiv
00100b50 000001ec T __udivsi3
00100d3c 00000020 T __aeabi_uidivmod
00100d5c t __do_global_dtors_aux
00100d9c t frame_dummy
00100dc8 000001a4 t sceneRender
00100f70 0000032c T main
0010129c 00000004 W C3Di_ProcTexUpdate
001012a0 00000004 W C3Di_ProcTexDirty
001012a4 000000b4 t C3Di_AptEventHook
00101358 00000004 W C3Di_GasUpdate
0010135c 000001e0 T C3D_Init
0010153c 00000098 T C3D_SetViewport
001015d4 000004ec T C3Di_UpdateContext
00101ac0 000000e0 T C3Di_SplitFrame
00101ba0 00000044 T C3D_Fini
00101be4 00000108 T C3D_BindProgram
00101cec 0000004c t onVBlank0
00101d38 0000004c t onVBlank1
00101d84 00000080 t C3Di_RenderTargetDestroy
00101e04 000000f4 t onQueueFinish
00101ef8 00000038 T C3Di_RenderQueueEnableVBlank
00101f30 00000030 T C3Di_RenderQueueDisableVBlank
00101f60 00000060 T C3Di_RenderQueueInit
00101fc0 000000b0 T C3Di_RenderQueueExit
00102070 00000034 T C3Di_RenderQueueWaitDone
001020a4 000000e4 T C3D_FrameBegin
00102188 00000048 T C3D_FrameDrawOn
001021d0 000001d8 T C3D_FrameEnd
001023a8 00000128 T C3D_RenderTargetCreate
001024d0 000000a8 T C3D_RenderTargetSetOutput
00102578 0000016c T C3Di_SetTex
001026e4 000000dc T C3Di_LightMtlBlend
001027c0 00000090 T C3D_LightInit
00102850 0000005c T C3D_LightPosition
001028ac 0000001c T C3D_CalcColorBufSize
001028c8 0000001c T C3D_CalcDepthBufSize
001028e4 00000044 T C3D_SetFrameBuf
00102928 0000016c T C3Di_FrameBufBind
00102a94 000000cc T C3D_FrameBufClear
00102b60 00000044 T C3D_FrameBufTransfer
00102ba4 00000034 T C3D_GetTexEnv
00102bd8 00000024 T C3Di_TexEnvBind
00102bfc 00000024 T BufInfo_Init
00102c20 00000080 T BufInfo_Add
00102ca0 00000020 T C3D_GetBufInfo
00102cc0 00000048 T C3Di_BufInfoBind
00102d08 00000148 T C3D_DrawArrays
00102e50 00000040 T C3D_DepthMap
00102e90 0000001c T C3D_CullFace
00102eac 00000040 T C3D_StencilTest
00102eec 00000024 T C3D_StencilOp
00102f10 0000001c T C3D_BlendingColor
00102f2c 00000024 T C3D_EarlyDepthTest
00102f50 0000002c T C3D_DepthTest
00102f7c 0000002c T C3D_AlphaTest
00102fa8 00000050 T C3D_AlphaBlend
00102ff8 00000030 T C3D_FragOpMode
00103028 00000044 T C3D_FragOpShadow
0010306c 000001ac T C3Di_EffectBind
00103218 00000028 T AttrInfo_Init
00103240 00000098 T AttrInfo_AddLoader
001032d8 00000020 T C3D_GetAttrInfo
001032f8 00000080 T C3Di_AttrInfoBind
00103378 000003d8 T C3Di_LightEnvUpdate
00103750 0000009c T C3Di_LightEnvDirty
001037ec 0000005c T C3D_LightEnvInit
00103848 0000002c T C3D_LightEnvBind
00103874 00000084 T C3D_LightEnvMaterial
001038f8 000000b8 T C3D_LightEnvLut
001039b0 000000a8 T C3D_ImmSendAttrib
00103a58 000000a8 T LightLut_FromArray
00103b00 000000d8 T LightLut_FromFunc
00103bd8 0000029c T C3D_UpdateUniforms
00103e74 000000c0 T C3Di_DirtyUniforms
00103f34 000000d8 T C3Di_LoadShaderUniforms
0010400c 00000028 T C3Di_ClearShaderUniforms
00104034 00000038 T Mtx_Scale
0010406c 000000b8 T Mtx_PerspStereoTilt
00104124 000000a0 T Mtx_Translate
001041c4 000000a0 T Mtx_RotateY
00104264 00000024 t addrMapNodeComparator(rbtree_node const*, rbtree_node const*)
00104288 00000004 t addrMapNodeDestructor(rbtree_node*)
0010428c 00000114 T vramMemAlign
001043a0 00000008 T vramAlloc
001043a8 0000005c T vramFree
00104404 00000024 t addrMapNodeComparator(rbtree_node const*, rbtree_node const*)
00104428 00000004 t addrMapNodeDestructor(rbtree_node*)
0010442c 00000120 T linearMemAlign
0010454c 00000008 T linearAlloc
00104554 0000005c T linearFree
001045b0 00000084 T MemPool::CoalesceRight(MemBlock*)
00104634 00000170 T MemPool::Allocate(MemChunk&, unsigned long, int)
001047a4 000000fc T MemPool::Deallocate(MemChunk const&)
001048a0 00000074 T osConvertVirtToPhys
00104914 00000054 T osGetTimeRef
00104968 000000e4 T osGetTime
00104a4c 00000074 T __libctru_gtod
00104ac0 00000034 T __ctru_speedup_config
00104af4 00000178 T consoleDrawChar
00104c6c 00000124 T consolePrintChar
00104d90 00000a00 T con_write
00105790 00000168 T consoleInit
001058f8 000000f4 t newRow
001059ec 000000d0 t gfxPresentFramebuffer
00105abc 00000010 T gfxSet3D
00105acc 0000001c T gfxIsWide
00105ae8 000000ec T gfxSetScreenFormat
00105bd4 00000010 T gfxSetDoubleBuffering
00105be4 00000108 T gfxInit
00105cec 00000010 T gfxInitDefault
00105cfc 000000b4 T gfxExit
00105db0 000000a0 T gfxGetFramebuffer
00105e50 0000010c T gfxFlushBuffers
00105f5c 00000030 T gfxScreenSwapBuffers
00105f8c 00000050 T gfxSwapBuffersGpu
00105fdc 000001e0 T shaderInstanceInit
001061bc 00000018 T shaderInstanceGetUniformLocation
001061d4 0000001c T shaderProgramInit
001061f0 00000064 T shaderProgramFree
00106254 00000080 T shaderProgramSetVsh
001062d4 000008c0 T shaderProgramConfigure
00106b94 000001f8 t DVLE_GenerateOutmap.part.0
00106d8c 000001cc T DVLB_ParseFile
00106f58 00000038 T DVLB_Free
00106f90 00000074 T DVLE_GetUniformRegister
00107004 00000010 T GX_BindQueue
00107014 00000078 T GX_ProcessCommandList
0010708c 00000074 T GX_MemoryFill
00107100 00000070 T GX_DisplayTransfer
00107170 00000068 t gxCmdQueueDoCommands.part.0
001071d8 000000c8 T gxCmdQueueInterrupt
001072a0 0000004c T gxCmdQueueClear
001072ec 000000f8 T gxCmdQueueAdd
001073e4 00000080 T gxCmdQueueRun
00107464 00000060 T gxCmdQueueStop
001074c4 00000074 T gxCmdQueueWait
00107538 0000013c T GPUCMD_Add
00107674 000000ac T GPUCMD_Split
00107720 00000040 T f32tof16
00107760 00000040 T f32tof24
001077a0 00000044 T f32tof31
001077e4 00000c58 t gspHardwareInit
0010843c 00000254 T gspInit
00108690 000000f0 T gspExit
00108780 00000010 T gspHasGpuRight
00108790 00000098 T gspPresentBuffer
00108828 00000030 T gspSetEventCallback
00108858 00000050 T gspWaitForEvent
001088a8 0000004c T gspWaitForAnyEvent
001088f4 00000160 t gspEventThreadMain
00108a54 00000130 T gspSubmitGxCommand
00108b84 00000050 T GSPGPU_FlushDataCache
00108bd4 00000034 T GSPGPU_SetLcdForceBlack
00108c08 00000068 T GSPGPU_AcquireRight
00108c70 00000048 T GSPGPU_ReleaseRight
00108cb8 0000007c T GSPGPU_ImportDisplayCaptureInfo
00108d34 0000002c T GSPGPU_SaveVramSysArea
00108d60 0000002c T GSPGPU_RestoreVramSysArea
00108d8c 000001b0 t aptConvertScreenForCapture
00108f3c 00000008 W aptDspSleep
00108f44 00000004 W aptDspWakeup
00108f48 00000004 W aptDspCancel
00108f4c 0000015c T aptSendCommand
001090a8 00000038 t aptExitProcess
001090e0 000002f0 T aptExit
001093d0 000000d8 T aptHandleSleep
001094a8 00000030 T aptHook
001094d8 00000030 T aptUnhook
00109508 00000084 T APT_SleepIfShellClosed
0010958c 00000084 T aptSetSleepAllowed
00109610 00000084 T APT_UnlockTransition
00109698 00000484 t aptEventHandler
00109b1c 000000b0 T APT_ReceiveParameter
00109bcc 000000b0 t aptReceiveParameter.constprop.0
00109c80 000002bc t aptScreenTransfer
00109f3c 000002d0 t aptWaitForWakeUp.isra.0
0010a20c 000000f8 T aptJumpToHomeMenu
0010a304 0000004c T aptMainLoop
0010a350 00000234 T aptInit
0010a584 0000007c T APT_CheckNew3DS
0010a600 00000024 W hidShouldUseIrrst
0010a624 0000018c T hidInit
0010a7b0 000000e8 T hidExit
0010a898 00000294 T hidScanInput
0010ab2c 00000010 T hidKeysHeld
0010ab3c 00000010 T hidKeysDown
0010ab4c 00000074 T ptmSysmInit
0010abc0 0000003c T ptmSysmExit
0010abfc 00000034 T PTMSYSM_ConfigureNew3DSCPU
0010ac30 00000010 T rbtree_init
0010ac40 000001a0 t do_insert
0010ade0 00000008 T rbtree_insert
0010ade8 00000090 T rbtree_rotate
0010ae78 00000338 T rbtree_remove
0010b1b0 00000074 T rbtree_find
0010b228 000001e0 W __system_allocateHeaps
0010b408 00000038 W __libctru_init
0010b440 000000f0 W __system_initArgv
0010b530 T svcControlMemory
0010b550 T svcQueryMemory
0010b580 T svcExitProcess
0010b588 T svcCreateThread
0010b5a8 T svcExitThread
0010b5b0 T svcSleepThread
0010b5b8 T svcReleaseMutex
0010b5c0 T svcCreateEvent
0010b5d4 T svcSignalEvent
0010b5dc T svcClearEvent
0010b5e4 T svcMapMemoryBlock
0010b5ec T svcUnmapMemoryBlock
0010b5f4 T svcCreateAddressArbiter
0010b608 T svcArbitrateAddressNoTimeout
0010b610 T svcCloseHandle
0010b618 T svcWaitSynchronization
0010b620 T svcWaitSynchronizationN
0010b648 T svcDuplicateHandle
0010b65c T svcGetSystemTick
0010b664 T svcConnectToPort
0010b678 T svcSendSyncRequest
0010b680 T svcGetResourceLimit
0010b694 T svcGetResourceLimitLimitValues
0010b69c T svcGetResourceLimitCurrentValues
0010b6a4 T svcBreak
0010b6ac W initSystem
0010b6fc W __ctru_exit
0010b714 0000000c T __sync_init
0010b720 00000018 T __sync_fini
0010b738 0000002c T syncArbitrateAddress
0010b764 0000001c T LightLock_Init
0010b780 00000094 T LightLock_Lock
0010b814 00000044 T LightLock_TryLock
0010b858 00000040 T LightLock_Unlock
0010b898 00000024 T RecursiveLock_Init
0010b8bc 00000030 T RecursiveLock_Lock
0010b8ec 00000078 T RecursiveLock_TryLock
0010b964 00000054 T RecursiveLock_Unlock
0010b9b8 00000040 T LightEvent_Init
0010b9f8 000000a4 T LightEvent_Clear
0010ba9c 000000c8 T LightEvent_Signal
0010bb64 00000058 T LightEvent_TryWait
0010bbbc 000000b0 T LightEvent_Wait
0010bc6c 00000124 T srvInit
0010bd90 00000058 T srvExit
0010bde8 00000080 T srvGetServiceHandleDirect
0010be68 00000048 T srvGetServiceHandle
0010beb0 00000038 T srvPublishToSubscriber
0010bee8 00000188 T threadCreate
0010c070 0000002c T threadFree
0010c09c 00000024 T threadJoin
0010c0c0 00000030 T threadGetCurrent
0010c0f0 00000040 T threadExit
0010c130 00000044 t _thread_begin
0010c174 00000094 t mappableFindAddressWithin
0010c208 00000028 T mappableInit
0010c230 00000080 T mappableAlloc
0010c2b0 00000004 T mappableFree
0010c2b4 00000160 T irrstInit
0010c414 000000cc T irrstExit
0010c4e0 000000b0 T irrstScanInput
0010c590 00000024 T irrstKeysHeld
0010c5b4 0000000c T srvPmGetSessionHandle
0010c5c0 00000050 T rbtree_node_next
0010c610 00000030 W __appInit
0010c640 00000030 t __libctru_nanosleep
0010c670 00000030 t __libctru_get_reent
0010c6a0 000000f8 T __system_initSyscalls
0010c798 00000030 W __appExit
0010c7c8 00000090 W __libctru_exit
0010c858 00000084 W envGetHandle
0010c8dc 00000050 W envDestroyHandles
0010c92c 00000014 t archive_link
0010c940 00000014 t archive_dirreset
0010c954 00000014 t archive_chmod
0010c968 00000024 t error_cmp
0010c98c 00000050 t archive_translate_error
0010c9dc 000000d4 t archive_seek
0010cab0 0000007c t _archiveInit.part.0
0010cb2c 0000008c t archiveFindDevice.part.0
0010cbb8 00000294 t archive_utf16path
0010ce4c 000000a0 t _archiveUnmountDeviceStruct.part.0
0010ceec 00000014 t archive_fchmod
0010cf00 00000014 t archive_statvfs
0010cf14 00000158 t _archiveMountDevice
0010d06c 000000e8 t archive_diropen
0010d154 000000a4 t archive_fstat
0010d1f8 0000006c t archive_close
0010d264 0000006c t archive_fsync
0010d2d0 00000070 t archive_dirclose
0010d340 000000e8 t sdmc_statvfs
0010d428 00000080 t archive_ftruncate
0010d4a8 000000fc t archive_chdir
0010d5a4 000000b0 t archive_read
0010d654 000000ac t archive_unlink
0010d700 000000c8 t archive_rmdir
0010d7c8 000000ec t archive_mkdir
0010d8b4 000001a8 t archive_stat
0010da5c 00000184 t archive_rename
0010dbe0 00000168 t archive_dirnext
0010dd48 0000012c t archive_write
0010de74 000001f0 t archive_open
0010e064 000001a4 T archiveMountSdmc
0010e208 00000054 T archiveUnmountAll
0010e25c 000000c8 T fsInit
0010e324 0000003c T fsExit
0010e360 00000060 T fsExemptFromSession
0010e3c0 00000050 T fsUnexemptFromSession
0010e410 000000cc T FSUSER_OpenFile
0010e4dc 000000bc T FSUSER_DeleteFile
0010e598 000000f8 T FSUSER_RenameFile
0010e690 000000bc T FSUSER_DeleteDirectory
0010e74c 000000d4 T FSUSER_CreateFile
0010e820 000000c4 T FSUSER_CreateDirectory
0010e8e4 000000f8 T FSUSER_RenameDirectory
0010e9dc 000000b4 T FSUSER_OpenDirectory
0010ea90 00000094 T FSUSER_OpenArchive
0010eb24 0000008c T FSUSER_CloseArchive
0010ebb0 00000074 T FSUSER_GetSdmcArchiveResource
0010ec24 00000064 T FSUSER_IsSdmcWritable
0010ec88 00000058 T FSFILE_Read
0010ece0 00000060 T FSFILE_Write
0010ed40 00000038 T FSFILE_GetSize
0010ed78 00000028 T FSFILE_SetSize
0010eda0 0000003c T FSFILE_Close
0010eddc 00000024 T FSFILE_Flush
0010ee00 00000050 T FSDIR_Read
0010ee50 0000003c T FSDIR_Close
0010ee8c 000000e8 T utf16_to_utf8
0010ef74 00000064 T decode_utf16
0010efd8 0000013c T decode_utf8
0010f114 000000c0 T utf8_to_utf16
0010f1d4 T __aeabi_read_tp
0010f1e0 00000060 T encode_utf16
0010f240 000000fc T encode_utf8
0010f340 0000022c T cosf
0010f56c 00000024 t with_errnof
0010f590 00000018 t xflowf
0010f5a8 0000000c T __math_uflowf
0010f5b4 0000000c T __math_may_uflowf
0010f5c0 0000000c T __math_oflowf
0010f5cc 00000030 T __math_divzerof
0010f5fc 0000001c T __math_invalidf
0010f618 000003ec T powf
0010fa04 00000070 T tanf
0010fa78 00000274 T sinf
0010fcec 000002f0 T __ieee754_rem_pio2f
0010ffdc 00000868 T __kernel_rem_pio2f
00110844 00000208 T __kernel_tanf
00110a4c 00000010 T fabsf
00110a5c 000000b4 T floorf
00110b10 00000154 T scalbnf
00110c64 00000120 T __udivmoddi4
00110d84 00000078 T bsearch
00110dfc 00000028 T calloc
00110e24 00000094 T _calloc_r
00110eb8 0000000c T __errno
00110ec4 00000034 T exit
00110ef8 0000003c T __libc_fini_array
00110f34 0000007c T __libc_init_array
00110fb0 00000028 T memalign
00110fd8 00000148 T _memalign_r
00111120 00000020 T malloc
00111140 00000020 T free
00111160 000007f0 T _malloc_r
00111950 000000e0 T memchr
00111a30 0000011c T memcpy
00111b4c 00000118 T memset
00111c64 0000000c T __malloc_lock
00111c70 0000000c T __malloc_unlock
00111c7c 00000260 T setvbuf
00111edc 00000074 T sscanf
00111f50 00000044 T __sread
00111f94 00000008 T __seofread
00111f9c 00000068 T __swrite
00112004 00000048 T __sseek
0011204c 00000008 T __sclose
00112054 0000005c T strlen
001120b0 000000ec T strncat
0011219c 000000dc T strncmp
00112278 000000c0 T strncpy
00112338 00000048 T strnlen
00112380 00000050 t get_arg
001123d0 00002b68 T __ssvfscanf_r
00114f38 0000064c t get_arg
00115584 00000034 T __sprint_r
001155b8 00002584 T _vfiprintf_r
00117b3c 000000d4 t __sbprintf
00117c10 00000054 T _wcrtomb_r
00117c64 00000028 T _wcsrtombs_r
00117c8c 00000154 T __swsetup_r
00117de0 00000114 T __call_exitprocs
00117ef4 00000258 T __sflush_r
0011814c 00000094 T _fflush_r
001181e0 0000000c T _cleanup_r
001181ec 00000184 T __sinit
00118370 0000000c T __sfp_lock_acquire
0011837c 0000000c T __sfp_lock_release
00118388 000000f8 T _malloc_trim_r
00118480 000002e4 T _free_r
00118764 000004a4 T __sfvwrite_r
00118c08 00000070 T _fwalk_reent
00118c78 00000008 T iswspace
00118c80 0000000c T _localeconv_r
00118c8c 00000010 T __locale_mb_cur_max
00118c9c 00000138 T __smakebuf_r
00118dd4 00000094 T __swhatbuf_r
00118e68 00000068 T _mbrtowc_r
00118ed0 000002fc T __utf8_mbtowc
001191cc 00000154 T memmove
00119320 00000028 T realloc
00119348 00000598 T _realloc_r
001198e0 000000e4 T __sccl
001199c4 0000000c T nanf
001199d0 00000064 T sprintf
00119a34 000000b8 T stpncpy
00119aec 00000144 T strchr
00119c30 0000130c T _strtod_l
0011af3c 0000000c T _strtod_r
0011af48 0000022c t _strtoll_l.constprop.0
0011b174 00000004 T _strtoll_r
0011b178 000001b0 t _strtol_l.part.0
0011b328 0000003c T _strtol_r
0011b364 00000244 t _strtoull_l.constprop.0
0011b5a8 00000004 T _strtoull_r
0011b5ac 000001c8 t _strtoul_l.constprop.0
0011b774 00000004 T _strtoul_r
0011b778 00000188 T __ssprint_r
0011b900 000000e0 T _sungetc_r
0011b9e0 0000006c T __ssrefill_r
0011ba4c 000000c8 T _sfread_r
0011bb14 0000064c t get_arg
0011c160 00003808 T _svfprintf_r
0011f968 000000a8 T __submore
0011fa10 00000190 T _wcsnrtombs_l
0011fba0 0000004c T _wcsnrtombs_r
0011fbec 000000f0 T __utf8_wctomb
0011fcdc 000001a8 t quorem
0011fe88 000012ec T _dtoa_r
00121174 00000160 T _fclose_r
001212d4 000000ec t rshift
001213c0 00000928 T __gethex
00121ce8 0000004c T __match
00121d34 0000029c T __hexnan
00121fd0 0000003c T iswspace_l
0012200c 000001d4 t __jp2uc
001221e0 0000009c T _jp2uc_l
0012227c 00000088 T _Balloc
00122304 0000001c T _Bfree
00122320 000000f4 T __multadd
00122414 00000110 T __s2b
00122524 00000058 T __hi0bits
0012257c 0000009c T __lo0bits
00122618 000000a4 T __i2b
001226bc 00000204 T __multiply
001228c0 00000120 T __pow5mult
001229e0 0000013c T __lshift
00122b1c 00000058 T __mcmp
00122b74 000001cc T __mdiff
00122d40 00000088 T __ulp
00122dc8 000000d4 T __b2d
00122e9c 0000012c T __d2b
00122fc8 00000078 T __ratio
00123040 00000088 T __copybits
001230c8 0000005c T __any_on
00123128 000000a8 T frexp
001231d0 00000010 T nan
001231e0 0000005c T __assert_func
0012323c 00000084 T category
001232c0 0000003c T fiprintf
001232fc 00000014 T abort
00123310 00000098 T _raise_r
001233a8 00000020 T raise
001233c8 00000008 t null_write
001233d0 00000018 T setDefaultDevice
001233e8 000000c8 T FindDevice
001234b0 00000028 T RemoveDevice
001234d8 0000009c T AddDevice
00123574 00000020 T GetDeviceOpTab
00123594 00000078 T _fstat_r
0012360c 00000014 T _getpid_r
00123620 00000008 T _isatty_r
00123628 00000014 T _kill_r
0012363c 00000084 T _lseek_r
001236c0 00000080 T _read_r
00123740 00000078 T _sbrk_r
001237b8 00000080 T _write_r
00123838 00000024 T _exit
0012385c 000001b8 T _concatenate_path
00123a14 00000160 T chdir
00123b74 00000008 T __flockfile
00123b7c 00000008 T __funlockfile
00123b84 00000018 T __libc_lock_acquire
00123b9c 00000018 T __libc_lock_release
00123bb4 00000018 T __libc_lock_init_recursive
00123bcc 00000018 T __libc_lock_acquire_recursive
00123be4 00000018 T __libc_lock_release_recursive
00123bfc 00000018 T __libc_lock_close_recursive
00123c14 0000003c T __get_handle
00123c50 000000f4 T _close_r
00123d44 00000028 T __getreent
00123d6c 00000038 T __aeabi_d2lz
00123d6c 00000038 T __fixdfdi
00123da8 00000040 T __aeabi_d2ulz
00123da8 00000040 T __fixunsdfdi
00123de8 00000044 T strrchr
00123e2c T _fini
00124000 00013998 R vertex_list
00137998 0000003c r material.0
001379e4 R vshader_shbin
00137ba4 R vshader_shbin_end
00137ba4 R vshader_shbin_size
00137bc0 00000005 r colorFmtSizes
00137bc8 00000004 r depthFmtSizes
00137bcc 00000008 r ids.0
00137bd4 00000007 r layer_enabled.1
00137bdc 00000006 r lutIds.2
00137c48 00000030 r colorTable
00137c78 00000070 r dotab_stdout
00137d0c 00000008 r morton_x.3
00137d14 00000008 r morton_y.2
00137d1c 00000008 r s_sleepWakeEvents.4
00137d48 R default_font_bin
00138548 R default_font_bin_end
00138574 00000070 r archive_devoptab
001385e4 00000030 r error_table
0013861c 00000060 R __inv_pio4
00138680 000000e0 R __sincosf_table
00138760 00000080 r npio2_hw
001387e0 00000318 r two_over_pi
00138af8 0000002c r PIo2
00138b24 0000000c r init_jk
00138b30 00000148 R __exp2f_data
00138c78 00000128 R __powf_log2_data
00138da0 00000004 R _global_impure_ptr
00138dac 00000022 r basefix.0
00138df8 00000010 r blanks.1
00138e08 00000010 r zeroes.0
00138e18 00000101 R _ctype_
00138f74 00000014 r fpi.1
00138f88 00000014 r fpinan.0
00138fa0 00000028 r tinytens
00138fc8 0000006c R __action_table
00139034 00000100 R __chclass
00139134 0000006c R __state_table
001391b4 00000010 r blanks.1
001391c4 00000010 r zeroes.0
001391e4 r .LC2
00139284 00000100 R __hexdig
00139398 000000bc r a1
00139454 000000bc r a2
00139510 0000005b r a3
0013956c 00000070 r a6
001395dc 000000a2 r a7
00139680 00000040 r a8
001396c0 0000172a r b02cf
0013adec 00001a7c r d02f4
0013c868 0000000c R _C_numeric_locale
0013c8b8 00000028 R __mprec_bigtens
0013c8e0 000000c8 R __mprec_tens
0013c9a8 0000000c r p05.0
0013c9f4 000031e6 r categories
0013fbdc 00000070 R dotab_stdnull
0013fc4c r 
0013fc4c R __exidx_end
0013fc4c R __exidx_start
00140000 00000004 d framerate
00140004 00000008 d framerateCounter
0014000c 00000004 D currentConsole
00140010 0000004c D defaultConsole
0014005c 00000001 d firstConsoleInit.0
00140060 00000004 d queueLock
00140064 00000004 d kCount
00140068 00000004 d kDelay
0014006c 00000004 d kInterval
00140070 W __stacksize__
00140074 00000004 D _impure_ptr
00140078 00000460 d impure_data
001404d8 00000408 D __malloc_av_
001408e0 00000004 D __malloc_sbrk_base
001408e4 00000004 D __malloc_trim_threshold
001408e8 0000000c d __malloc_recursive_mutex
001408f4 0000000c D __atexit_recursive_mutex
00140900 0000000c d __sfp_recursive_mutex
0014090c 0000000c d __sinit_recursive_mutex
00140918 0000016c D __global_locale
00140a84 00000002 d numempty
00140a88 00000004 d defaultDevice
00140a8c 0000008c D devoptab_list
00140b18 00000400 d _current_working_directory
00140f18 00000004 d __hndl_lock
00140f1c 0000000c d __stderr_handle
00140f28 0000000c d __stdin_handle
00140f34 0000000c d __stdout_handle
00140f40 00001000 d handles
00141f48 d _GLOBAL_OFFSET_TABLE_
00141f54 d __frame_dummy_init_array_entry
00141f54 D __init_array_start
00141f54 B __preinit_array_end
00141f54 B __preinit_array_start
00141f54 D __tdata_lma
00141f54 D __tdata_lma_end
00141f58 d __do_global_dtors_aux_fini_array_entry
00141f58 D __fini_array_start
00141f58 D __init_array_end
00141f5c D __bss_start__
00141f5c D __fini_array_end
00141f5c 00000040 b projection
00141f9c 00000004 b angleY
00141fa0 00000070 b light
00142010 00000004 b uLoc_projection
00142014 00000004 b uLoc_modelView
00142018 00000004 b vshader_dvlb
0014201c 00000014 b program
00142030 00000004 b vbo_data
00142034 000000a4 b lightEnv
001420d8 00000400 b lut_Spec
001424d8 00000004 b angleX
001424dc b completed.1
001424e0 b object.0
001424f8 000002d0 B __C3D_Context
001427c8 0000000c b hookCookie
001427d8 00000010 b cpuTime
001427e8 00000004 b firstTarget
001427ec 00000008 b frameCounter
001427f4 00000004 b frameEndCb
001427f8 00000004 b frameEndCbData
00142800 00000010 b gpuTime
00142810 00000001 b inFrame
00142811 00000001 b inSafeTransfer
00142812 00000001 b isTopStereo
00142814 00000004 b lastTarget
00142818 0000000c b linkedTarget
00142824 00000001 b measureGpuTime
00142825 00000001 b needSwapBot
00142826 00000001 b needSwapTop
00142828 00000004 B C3D_BoolUnifs
0014282c 00000002 B C3D_BoolUnifsDirty
00142830 00000c00 B C3D_FVUnif
00143430 000000c0 B C3D_FVUnifDirty
001434f0 00000020 B C3D_IVUnif
00143510 00000008 B C3D_IVUnifDirty
00143518 000000c0 b C3Di_FVUnifEverDirty
001435d8 00000008 b C3Di_IVUnifEverDirty
001435e0 00000018 b C3Di_ShaderFVecData
001435f8 0000000c b sAddrMap
00143604 00000008 b sVramPool
0014360c 00000008 b sLinearPool
00143614 0000000c b sAddrMap
00143620 00000001 V __ctru_speedup
00143624 0000004c B currentCopy
00143670 00000004 b gfxBottomFramebufferMaxSize
00143674 00000008 b gfxBottomFramebuffers
0014367c 00000002 b gfxCurBuf
00143680 00000002 b gfxFramebufferFormats
00143684 00000002 b gfxIsDoubleBuf
00143686 00000001 b gfxIsVram
00143688 00000004 b gfxTopFramebufferMaxSize
0014368c 00000008 b gfxTopFramebuffers
00143694 00000001 b gfxTopMode
00143698 00000004 b screenAlloc
0014369c 00000004 b screenFree
001436a0 00000004 b boundQueue
001436a4 00000004 b curQueue
001436a8 00000001 b isActive
001436a9 00000001 b isRunning
001436aa 00000001 b shouldStop
001436ac 00000004 B gpuCmdBuf
001436b0 00000004 B gpuCmdBufOffset
001436b4 00000004 B gpuCmdBufSize
001436b8 00000004 b gspEvent
001436bc 0000001c b gspEventCb
001436d8 0000001c b gspEventCbData
001436f4 00000007 b gspEventCbOneShot
001436fc 00000004 b gspEventThread
00143700 00000038 b gspEvents
00143738 00000004 b gspGpuHandle
0014373c 00000001 b gspGpuRight
00143740 00000004 b gspLastEvent
00143744 00000004 b gspRefCount
00143748 00000001 b gspRunEvents
0014374c 00000004 b gspSharedMem
00143750 00000004 b gspSharedMemHandle
00143754 00000001 b gspThreadId
00143755 00000001 b aptChainloadFlags
00143756 00000001 b aptChainloadMediatype
00143758 00000008 b aptChainloadTid
00143760 00000004 b aptEventHandlerThread
00143764 00000001 b aptEventHandlerThreadQuit
00143768 00000008 b aptEvents
00143770 0000000c b aptFirstHook
0014377c 00000004 b aptFlags
00143780 00000001 b aptHomeButtonState
00143784 00000004 b aptLockHandle
00143788 00000004 b aptMessageFunc
0014378c 00000004 b aptMessageFuncData
00143790 00001000 b aptParameters
00144790 00000008 b aptReceiveEvent
00144798 00000004 b aptRefCount
0014479c 00000008 b aptSleepEvent
001447a4 00000001 b flagInit.1
001447a5 00000001 b flagValue.0
001447a8 00000004 b serviceName.6
001447ac 00000006 b aVec
001447b4 00000004 b cPos
001447b8 00000006 b gRate
001447c0 00000014 B hidEvents
001447d4 00000004 B hidHandle
001447d8 00000004 B hidMemHandle
001447dc 00000004 b hidRefCount
001447e0 00000004 B hidSharedMem
001447e4 00000004 b kDown
001447e8 00000004 b kHeld
001447ec 00000004 b kOld
001447f0 00000004 b kRepeat
001447f4 00000004 b kUp
001447f8 00000004 b tPos
001447fc 00000001 b usingIrrst
00144800 00000004 b ptmSysmHandle
00144804 00000004 b ptmSysmRefCount
00144808 00000004 B __ctru_heap
0014480c 00000004 V __ctru_heap_size
00144810 00000004 B __ctru_linear_heap
00144814 00000004 V __ctru_linear_heap_size
00144818 00000004 B __system_retAddr
0014481c 00000004 B __system_argc
00144820 00000004 B __system_argv
00144824 b saved_stack
0014482c 00000004 b arbiter
00144830 00000004 b srvHandle
00144834 00000004 b srvRefCount
00144838 00000004 b currentAddr
0014483c 00000004 b maxAddr
00144840 00000004 b minAddr
00144844 00000004 b csPos
00144848 00000004 B irrstEvent
0014484c 00000004 B irrstHandle
00144850 00000004 B irrstMemHandle
00144854 00000004 b irrstRefCount
00144858 00000004 B irrstSharedMem
0014485c 00000004 b kHeld
00144860 00000004 b srvPmHandle
00144864 00000004 b archive_device_cwd
00144868 00000540 b archive_devices
00144da8 00000001 b archive_initialized
00144db0 00000080 b fsExemptArchives
00144e30 00000004 b fsuHandle
00144e34 00000004 b fsuRefCount
00144e38 00000028 B __malloc_current_mallinfo
00144e60 00000004 B __malloc_max_sbrked_mem
00144e64 00000004 B __malloc_max_total_mem
00144e68 00000004 B __malloc_top_pad
00144e6c 00000004 b heap_start.0
00144e70 00000004 B fake_heap_end
00144e74 00000004 B fake_heap_start
00144e78 00000400 b temp_cwd
00145278 00000048 B __syscalls
001452c0 B __tls_start
00145ec8 B __bss_end__
00145ec8 A __end__
00145ec8 B __tls_end
