         w __deregister_frame_info
         w __register_frame_info
         w userAppExit
         w userAppInit
00000000 00000401 B __ctru_dev_path_buf
00000000 b _TLS_MODULE_BASE_
00000000 a shift
00000404 00000802 B __ctru_dev_utf16_buf
00100000 A __start__
00100000 T _start
00100008 T __service_ptr
0010000c T __apt_appid
00100010 T __heap_size
00100014 T __linear_heap_size
00100018 T __system_arglist
0010001c T __system_runflags
00100020 t startup
00100058 t ClearMem
0010006c t ClrLoop
00100094 T _init
001000ac T __aeabi_ldivmod
00100180 00000004 W __aeabi_idiv0
00100180 00000004 W __aeabi_ldiv0
001001a8 00000390 T strcmp
00100530 t .udivsi3_skip_div0_test
00100530 T __aeabi_uidiv
00100530 000001ec T __udivsi3
0010071c 00000020 T __aeabi_uidivmod
0010073c t __do_global_dtors_aux
0010077c t frame_dummy
001007a8 00000274 T main
00100a1c 00000004 W C3Di_LightEnvUpdate
00100a20 00000004 W C3Di_LightEnvDirty
00100a24 00000004 W C3Di_ProcTexUpdate
00100a28 00000004 W C3Di_ProcTexDirty
00100a2c 000000b4 t C3Di_AptEventHook
00100ae0 00000004 W C3Di_GasUpdate
00100ae4 000001e0 T C3D_Init
00100cc4 00000098 T C3D_SetViewport
00100d5c 000004ec T C3Di_UpdateContext
00101248 000000e0 T C3Di_SplitFrame
00101328 00000044 T C3D_Fini
0010136c 00000108 T C3D_BindProgram
00101474 0000004c t onVBlank0
001014c0 0000004c t onVBlank1
0010150c 00000080 t C3Di_RenderTargetDestroy
0010158c 000000f4 t onQueueFinish
00101680 00000038 T C3Di_RenderQueueEnableVBlank
001016b8 00000030 T C3Di_RenderQueueDisableVBlank
001016e8 00000060 T C3Di_RenderQueueInit
00101748 000000b0 T C3Di_RenderQueueExit
001017f8 00000034 T C3Di_RenderQueueWaitDone
0010182c 000000e4 T C3D_FrameBegin
00101910 00000048 T C3D_FrameDrawOn
00101958 000001d8 T C3D_FrameEnd
00101b30 00000128 T C3D_RenderTargetCreate
00101c58 000000a8 T C3D_RenderTargetSetOutput
00101d00 0000016c T C3Di_SetTex
00101e6c 0000001c T C3D_CalcColorBufSize
00101e88 0000001c T C3D_CalcDepthBufSize
00101ea4 00000044 T C3D_SetFrameBuf
00101ee8 0000016c T C3Di_FrameBufBind
00102054 000000cc T C3D_FrameBufClear
00102120 00000044 T C3D_FrameBufTransfer
00102164 00000034 T C3D_GetTexEnv
00102198 00000024 T C3Di_TexEnvBind
001021bc 00000024 T BufInfo_Init
001021e0 00000080 T BufInfo_Add
00102260 00000020 T C3D_GetBufInfo
00102280 00000048 T C3Di_BufInfoBind
001022c8 00000148 T C3D_DrawArrays
00102410 00000040 T C3D_DepthMap
00102450 0000001c T C3D_CullFace
0010246c 00000040 T C3D_StencilTest
001024ac 00000024 T C3D_StencilOp
001024d0 0000001c T C3D_BlendingColor
001024ec 00000024 T C3D_EarlyDepthTest
00102510 0000002c T C3D_DepthTest
0010253c 0000002c T C3D_AlphaTest
00102568 00000050 T C3D_AlphaBlend
001025b8 00000030 T C3D_FragOpMode
001025e8 00000044 T C3D_FragOpShadow
0010262c 000001ac T C3Di_EffectBind
001027d8 00000028 T AttrInfo_Init
00102800 00000098 T AttrInfo_AddLoader
00102898 00000020 T C3D_GetAttrInfo
001028b8 00000080 T C3Di_AttrInfoBind
00102938 000000a8 T C3D_ImmSendAttrib
001029e0 0000029c T C3D_UpdateUniforms
00102c7c 000000c0 T C3Di_DirtyUniforms
00102d3c 000000d8 T C3Di_LoadShaderUniforms
00102e14 00000028 T C3Di_ClearShaderUniforms
00102e3c 000000cc T Mtx_OrthoTilt
00102f08 00000024 t addrMapNodeComparator(rbtree_node const*, rbtree_node const*)
00102f2c 00000004 t addrMapNodeDestructor(rbtree_node*)
00102f30 00000114 T vramMemAlign
00103044 00000008 T vramAlloc
0010304c 0000005c T vramFree
001030a8 00000024 t addrMapNodeComparator(rbtree_node const*, rbtree_node const*)
001030cc 00000004 t addrMapNodeDestructor(rbtree_node*)
001030d0 00000120 T linearMemAlign
001031f0 00000008 T linearAlloc
001031f8 0000005c T linearFree
00103254 00000084 T MemPool::CoalesceRight(MemBlock*)
001032d8 00000170 T MemPool::Allocate(MemChunk&, unsigned long, int)
00103448 000000fc T MemPool::Deallocate(MemChunk const&)
00103544 00000074 T osConvertVirtToPhys
001035b8 00000054 T osGetTimeRef
0010360c 000000e4 T osGetTime
001036f0 00000074 T __libctru_gtod
00103764 00000034 T __ctru_speedup_config
00103798 000000d0 t gfxPresentFramebuffer
00103868 000000ec T gfxSetScreenFormat
00103954 00000108 T gfxInit
00103a5c 00000010 T gfxInitDefault
00103a6c 000000b4 T gfxExit
00103b20 000000a0 T gfxGetFramebuffer
00103bc0 00000030 T gfxScreenSwapBuffers
00103bf0 000001e0 T shaderInstanceInit
00103dd0 00000018 T shaderInstanceGetUniformLocation
00103de8 0000001c T shaderProgramInit
00103e04 00000064 T shaderProgramFree
00103e68 00000080 T shaderProgramSetVsh
00103ee8 000000a0 T shaderProgramSetGsh
00103f88 000008c0 T shaderProgramConfigure
00104848 000001f8 t DVLE_GenerateOutmap.part.0
00104a40 000001cc T DVLB_ParseFile
00104c0c 00000038 T DVLB_Free
00104c44 00000074 T DVLE_GetUniformRegister
00104cb8 00000010 T GX_BindQueue
00104cc8 00000078 T GX_ProcessCommandList
00104d40 00000074 T GX_MemoryFill
00104db4 00000070 T GX_DisplayTransfer
00104e24 00000068 t gxCmdQueueDoCommands.part.0
00104e8c 000000c8 T gxCmdQueueInterrupt
00104f54 0000004c T gxCmdQueueClear
00104fa0 000000f8 T gxCmdQueueAdd
00105098 00000080 T gxCmdQueueRun
00105118 00000060 T gxCmdQueueStop
00105178 00000074 T gxCmdQueueWait
001051ec 0000013c T GPUCMD_Add
00105328 000000ac T GPUCMD_Split
001053d4 00000040 T f32tof16
00105414 00000040 T f32tof24
00105454 00000044 T f32tof31
00105498 00000c58 t gspHardwareInit
001060f0 00000254 T gspInit
00106344 000000f0 T gspExit
00106434 00000010 T gspHasGpuRight
00106444 00000098 T gspPresentBuffer
001064dc 00000030 T gspSetEventCallback
0010650c 00000050 T gspWaitForEvent
0010655c 0000004c T gspWaitForAnyEvent
001065a8 00000160 t gspEventThreadMain
00106708 00000130 T gspSubmitGxCommand
00106838 00000050 T GSPGPU_FlushDataCache
00106888 00000034 T GSPGPU_SetLcdForceBlack
001068bc 00000068 T GSPGPU_AcquireRight
00106924 00000048 T GSPGPU_ReleaseRight
0010696c 0000007c T GSPGPU_ImportDisplayCaptureInfo
001069e8 0000002c T GSPGPU_SaveVramSysArea
00106a14 0000002c T GSPGPU_RestoreVramSysArea
00106a40 000001b0 t aptConvertScreenForCapture
00106bf0 00000008 W aptDspSleep
00106bf8 00000004 W aptDspWakeup
00106bfc 00000004 W aptDspCancel
00106c00 0000015c T aptSendCommand
00106d5c 00000038 t aptExitProcess
00106d94 000002f0 T aptExit
00107084 000000d8 T aptHandleSleep
0010715c 00000030 T aptHook
0010718c 00000030 T aptUnhook
001071bc 00000084 T APT_SleepIfShellClosed
00107240 00000084 T aptSetSleepAllowed
001072c4 00000084 T APT_UnlockTransition
00107348 00000484 t aptEventHandler
001077cc 000000b0 T APT_ReceiveParameter
0010787c 000000b0 t aptReceiveParameter.constprop.0
00107930 000002bc t aptScreenTransfer
00107bec 000002d0 t aptWaitForWakeUp.isra.0
00107ebc 000000f8 T aptJumpToHomeMenu
00107fb4 0000004c T aptMainLoop
00108000 00000234 T aptInit
00108234 0000007c T APT_CheckNew3DS
001082b0 00000024 W hidShouldUseIrrst
001082d4 0000018c T hidInit
00108460 000000e8 T hidExit
00108548 00000294 T hidScanInput
001087dc 00000010 T hidKeysDown
001087ec 00000074 T ptmSysmInit
00108860 0000003c T ptmSysmExit
0010889c 00000034 T PTMSYSM_ConfigureNew3DSCPU
001088d0 00000010 T rbtree_init
001088e0 000001a0 t do_insert
00108a80 00000008 T rbtree_insert
00108a88 00000090 T rbtree_rotate
00108b18 00000338 T rbtree_remove
00108e50 00000074 T rbtree_find
00108ec8 000001e0 W __system_allocateHeaps
001090a8 00000038 W __libctru_init
001090e0 000000f0 W __system_initArgv
001091d0 T svcControlMemory
001091f0 T svcQueryMemory
00109220 T svcExitProcess
00109228 T svcCreateThread
00109248 T svcExitThread
00109250 T svcSleepThread
00109258 T svcReleaseMutex
00109260 T svcCreateEvent
00109274 T svcSignalEvent
0010927c T svcClearEvent
00109284 T svcMapMemoryBlock
0010928c T svcUnmapMemoryBlock
00109294 T svcCreateAddressArbiter
001092a8 T svcArbitrateAddressNoTimeout
001092b0 T svcCloseHandle
001092b8 T svcWaitSynchronization
001092c0 T svcWaitSynchronizationN
001092e8 T svcDuplicateHandle
001092fc T svcGetSystemTick
00109304 T svcConnectToPort
00109318 T svcSendSyncRequest
00109320 T svcGetResourceLimit
00109334 T svcGetResourceLimitLimitValues
0010933c T svcGetResourceLimitCurrentValues
00109344 T svcBreak
0010934c W initSystem
0010939c W __ctru_exit
001093b4 0000000c T __sync_init
001093c0 00000018 T __sync_fini
001093d8 0000002c T syncArbitrateAddress
00109404 0000001c T LightLock_Init
00109420 00000094 T LightLock_Lock
001094b4 00000044 T LightLock_TryLock
001094f8 00000040 T LightLock_Unlock
00109538 00000024 T RecursiveLock_Init
0010955c 00000030 T RecursiveLock_Lock
0010958c 00000078 T RecursiveLock_TryLock
00109604 00000054 T RecursiveLock_Unlock
00109658 00000040 T LightEvent_Init
00109698 000000a4 T LightEvent_Clear
0010973c 000000c8 T LightEvent_Signal
00109804 00000058 T LightEvent_TryWait
0010985c 000000b0 T LightEvent_Wait
0010990c 00000124 T srvInit
00109a30 00000058 T srvExit
00109a88 00000080 T srvGetServiceHandleDirect
00109b08 00000048 T srvGetServiceHandle
00109b50 00000038 T srvPublishToSubscriber
00109b88 00000188 T threadCreate
00109d10 0000002c T threadFree
00109d3c 00000024 T threadJoin
00109d60 00000030 T threadGetCurrent
00109d90 00000040 T threadExit
00109dd0 00000044 t _thread_begin
00109e14 00000094 t mappableFindAddressWithin
00109ea8 00000028 T mappableInit
00109ed0 00000080 T mappableAlloc
00109f50 00000004 T mappableFree
00109f54 00000160 T irrstInit
0010a0b4 000000cc T irrstExit
0010a180 000000b0 T irrstScanInput
0010a230 00000024 T irrstKeysHeld
0010a254 0000000c T srvPmGetSessionHandle
0010a260 00000050 T rbtree_node_next
0010a2b0 00000030 W __appInit
0010a2e0 00000030 t __libctru_nanosleep
0010a310 00000030 t __libctru_get_reent
0010a340 000000f8 T __system_initSyscalls
0010a438 00000030 W __appExit
0010a468 00000090 W __libctru_exit
0010a4f8 00000084 W envGetHandle
0010a57c 00000050 W envDestroyHandles
0010a5cc 00000014 t archive_link
0010a5e0 00000014 t archive_dirreset
0010a5f4 00000014 t archive_chmod
0010a608 00000024 t error_cmp
0010a62c 00000050 t archive_translate_error
0010a67c 000000d4 t archive_seek
0010a750 0000007c t _archiveInit.part.0
0010a7cc 0000008c t archiveFindDevice.part.0
0010a858 00000294 t archive_utf16path
0010aaec 000000a0 t _archiveUnmountDeviceStruct.part.0
0010ab8c 00000014 t archive_fchmod
0010aba0 00000014 t archive_statvfs
0010abb4 00000158 t _archiveMountDevice
0010ad0c 000000e8 t archive_diropen
0010adf4 000000a4 t archive_fstat
0010ae98 0000006c t archive_close
0010af04 0000006c t archive_fsync
0010af70 00000070 t archive_dirclose
0010afe0 000000e8 t sdmc_statvfs
0010b0c8 00000080 t archive_ftruncate
0010b148 000000fc t archive_chdir
0010b244 000000b0 t archive_read
0010b2f4 000000ac t archive_unlink
0010b3a0 000000c8 t archive_rmdir
0010b468 000000ec t archive_mkdir
0010b554 000001a8 t archive_stat
0010b6fc 00000184 t archive_rename
0010b880 00000168 t archive_dirnext
0010b9e8 0000012c t archive_write
0010bb14 000001f0 t archive_open
0010bd04 000001a4 T archiveMountSdmc
0010bea8 00000054 T archiveUnmountAll
0010befc 000000c8 T fsInit
0010bfc4 0000003c T fsExit
0010c000 00000060 T fsExemptFromSession
0010c060 00000050 T fsUnexemptFromSession
0010c0b0 000000cc T FSUSER_OpenFile
0010c17c 000000bc T FSUSER_DeleteFile
0010c238 000000f8 T FSUSER_RenameFile
0010c330 000000bc T FSUSER_DeleteDirectory
0010c3ec 000000d4 T FSUSER_CreateFile
0010c4c0 000000c4 T FSUSER_CreateDirectory
0010c584 000000f8 T FSUSER_RenameDirectory
0010c67c 000000b4 T FSUSER_OpenDirectory
0010c730 00000094 T FSUSER_OpenArchive
0010c7c4 0000008c T FSUSER_CloseArchive
0010c850 00000074 T FSUSER_GetSdmcArchiveResource
0010c8c4 00000064 T FSUSER_IsSdmcWritable
0010c928 00000058 T FSFILE_Read
0010c980 00000060 T FSFILE_Write
0010c9e0 00000038 T FSFILE_GetSize
0010ca18 00000028 T FSFILE_SetSize
0010ca40 0000003c T FSFILE_Close
0010ca7c 00000024 T FSFILE_Flush
0010caa0 00000050 T FSDIR_Read
0010caf0 0000003c T FSDIR_Close
0010cb2c 000000e8 T utf16_to_utf8
0010cc14 00000064 T decode_utf16
0010cc78 0000013c T decode_utf8
0010cdb4 000000c0 T utf8_to_utf16
0010ce74 T __aeabi_read_tp
0010ce80 00000060 T encode_utf16
0010cee0 000000fc T encode_utf8
0010cfdc 00000120 T __udivmoddi4
0010d0fc 00000078 T bsearch
0010d174 00000028 T calloc
0010d19c 00000094 T _calloc_r
0010d230 00000034 T exit
0010d264 0000003c T __libc_fini_array
0010d2a0 0000007c T __libc_init_array
0010d31c 00000028 T memalign
0010d344 00000148 T _memalign_r
0010d48c 00000020 T malloc
0010d4ac 00000020 T free
0010d4cc 000007f0 T _malloc_r
0010dcbc 0000011c T memcpy
0010ddd8 00000118 T memset
0010def0 0000000c T __malloc_lock
0010defc 0000000c T __malloc_unlock
0010df08 0000005c T strlen
0010df64 000000ec T strncat
0010e050 000000dc T strncmp
0010e12c 000000c0 T strncpy
0010e1ec 00000048 T strnlen
0010e234 00000114 T __call_exitprocs
0010e348 000000f8 T _malloc_trim_r
0010e440 000002e4 T _free_r
0010e724 00000008 t null_write
0010e72c 00000018 T setDefaultDevice
0010e744 000000c8 T FindDevice
0010e80c 00000028 T RemoveDevice
0010e834 0000009c T AddDevice
0010e8d0 00000020 T GetDeviceOpTab
0010e8f0 00000078 T _sbrk_r
0010e968 00000024 T _exit
0010e98c 000001b8 T _concatenate_path
0010eb44 00000160 T chdir
0010eca4 00000018 T __libc_lock_acquire_recursive
0010ecbc 00000018 T __libc_lock_release_recursive
0010ecd4 00000028 T __getreent
0010ecfc 00000144 T strchr
0010ee40 00000044 T strrchr
0010ee84 T _fini
0010f000 00000054 r vertex_list
0010f064 R program_shbin
0010f270 R program_shbin_end
0010f270 R program_shbin_size
0010f280 00000005 r colorFmtSizes
0010f288 00000004 r depthFmtSizes
0010f2b0 00000008 r morton_x.3
0010f2b8 00000008 r morton_y.2
0010f2c0 00000008 r s_sleepWakeEvents.4
0010f318 00000070 r archive_devoptab
0010f388 00000030 r error_table
0010f3c0 00000004 R _global_impure_ptr
0010f3c4 00000070 R dotab_stdnull
0010f434 00000101 R _ctype_
0010f538 r 
0010f538 R __exidx_end
0010f538 R __exidx_start
00110000 00000004 d framerate
00110004 00000008 d framerateCounter
0011000c 00000004 d queueLock
00110010 00000004 d kCount
00110014 00000004 d kDelay
00110018 00000004 d kInterval
0011001c W __stacksize__
00110020 00000004 D _impure_ptr
00110028 00000460 d impure_data
00110488 00000408 D __malloc_av_
00110890 00000004 D __malloc_sbrk_base
00110894 00000004 D __malloc_trim_threshold
00110898 0000000c d __malloc_recursive_mutex
001108a4 0000000c D __atexit_recursive_mutex
001108b0 00000004 d defaultDevice
001108b4 0000008c D devoptab_list
00110940 00000400 d _current_working_directory
00110d48 d _GLOBAL_OFFSET_TABLE_
00110d54 d __frame_dummy_init_array_entry
00110d54 D __init_array_start
00110d54 B __preinit_array_end
00110d54 B __preinit_array_start
00110d54 D __tdata_lma
00110d54 D __tdata_lma_end
00110d58 d __do_global_dtors_aux_fini_array_entry
00110d58 D __fini_array_start
00110d58 D __init_array_end
00110d5c D __bss_start__
00110d5c D __fini_array_end
00110d5c 00000004 b program_dvlb
00110d60 00000014 b program
00110d74 00000004 b uLoc_projection
00110d78 00000040 b projection
00110db8 00000004 b vbo_data
00110dbc b completed.1
00110dc0 b object.0
00110dd8 000002d0 B __C3D_Context
001110a8 0000000c b hookCookie
001110b8 00000010 b cpuTime
001110c8 00000004 b firstTarget
001110cc 00000008 b frameCounter
001110d4 00000004 b frameEndCb
001110d8 00000004 b frameEndCbData
001110e0 00000010 b gpuTime
001110f0 00000001 b inFrame
001110f1 00000001 b inSafeTransfer
001110f2 00000001 b isTopStereo
001110f4 00000004 b lastTarget
001110f8 0000000c b linkedTarget
00111104 00000001 b measureGpuTime
00111105 00000001 b needSwapBot
00111106 00000001 b needSwapTop
00111108 00000004 B C3D_BoolUnifs
0011110c 00000002 B C3D_BoolUnifsDirty
00111110 00000c00 B C3D_FVUnif
00111d10 000000c0 B C3D_FVUnifDirty
00111dd0 00000020 B C3D_IVUnif
00111df0 00000008 B C3D_IVUnifDirty
00111df8 000000c0 b C3Di_FVUnifEverDirty
00111eb8 00000008 b C3Di_IVUnifEverDirty
00111ec0 00000018 b C3Di_ShaderFVecData
00111ed8 0000000c b sAddrMap
00111ee4 00000008 b sVramPool
00111eec 00000008 b sLinearPool
00111ef4 0000000c b sAddrMap
00111f00 00000001 V __ctru_speedup
00111f04 00000004 b gfxBottomFramebufferMaxSize
00111f08 00000008 b gfxBottomFramebuffers
00111f10 00000002 b gfxCurBuf
00111f14 00000002 b gfxFramebufferFormats
00111f18 00000002 b gfxIsDoubleBuf
00111f1a 00000001 b gfxIsVram
00111f1c 00000004 b gfxTopFramebufferMaxSize
00111f20 00000008 b gfxTopFramebuffers
00111f28 00000001 b gfxTopMode
00111f2c 00000004 b screenAlloc
00111f30 00000004 b screenFree
00111f34 00000004 b boundQueue
00111f38 00000004 b curQueue
00111f3c 00000001 b isActive
00111f3d 00000001 b isRunning
00111f3e 00000001 b shouldStop
00111f40 00000004 B gpuCmdBuf
00111f44 00000004 B gpuCmdBufOffset
00111f48 00000004 B gpuCmdBufSize
00111f4c 00000004 b gspEvent
00111f50 0000001c b gspEventCb
00111f6c 0000001c b gspEventCbData
00111f88 00000007 b gspEventCbOneShot
00111f90 00000004 b gspEventThread
00111f94 00000038 b gspEvents
00111fcc 00000004 b gspGpuHandle
00111fd0 00000001 b gspGpuRight
00111fd4 00000004 b gspLastEvent
00111fd8 00000004 b gspRefCount
00111fdc 00000001 b gspRunEvents
00111fe0 00000004 b gspSharedMem
00111fe4 00000004 b gspSharedMemHandle
00111fe8 00000001 b gspThreadId
00111fe9 00000001 b aptChainloadFlags
00111fea 00000001 b aptChainloadMediatype
00111ff0 00000008 b aptChainloadTid
00111ff8 00000004 b aptEventHandlerThread
00111ffc 00000001 b aptEventHandlerThreadQuit
00112000 00000008 b aptEvents
00112008 0000000c b aptFirstHook
00112014 00000004 b aptFlags
00112018 00000001 b aptHomeButtonState
0011201c 00000004 b aptLockHandle
00112020 00000004 b aptMessageFunc
00112024 00000004 b aptMessageFuncData
00112028 00001000 b aptParameters
00113028 00000008 b aptReceiveEvent
00113030 00000004 b aptRefCount
00113034 00000008 b aptSleepEvent
0011303c 00000001 b flagInit.1
0011303d 00000001 b flagValue.0
00113040 00000004 b serviceName.6
00113044 00000006 b aVec
0011304c 00000004 b cPos
00113050 00000006 b gRate
00113058 00000014 B hidEvents
0011306c 00000004 B hidHandle
00113070 00000004 B hidMemHandle
00113074 00000004 b hidRefCount
00113078 00000004 B hidSharedMem
0011307c 00000004 b kDown
00113080 00000004 b kHeld
00113084 00000004 b kOld
00113088 00000004 b kRepeat
0011308c 00000004 b kUp
00113090 00000004 b tPos
00113094 00000001 b usingIrrst
00113098 00000004 b ptmSysmHandle
0011309c 00000004 b ptmSysmRefCount
001130a0 00000004 B __ctru_heap
001130a4 00000004 V __ctru_heap_size
001130a8 00000004 B __ctru_linear_heap
001130ac 00000004 V __ctru_linear_heap_size
001130b0 00000004 B __system_retAddr
001130b4 00000004 B __system_argc
001130b8 00000004 B __system_argv
001130bc b saved_stack
001130c4 00000004 b arbiter
001130c8 00000004 b srvHandle
001130cc 00000004 b srvRefCount
001130d0 00000004 b currentAddr
001130d4 00000004 b maxAddr
001130d8 00000004 b minAddr
001130dc 00000004 b csPos
001130e0 00000004 B irrstEvent
001130e4 00000004 B irrstHandle
001130e8 00000004 B irrstMemHandle
001130ec 00000004 b irrstRefCount
001130f0 00000004 B irrstSharedMem
001130f4 00000004 b kHeld
001130f8 00000004 b srvPmHandle
001130fc 00000004 b archive_device_cwd
00113100 00000540 b archive_devices
00113640 00000001 b archive_initialized
00113648 00000080 b fsExemptArchives
001136c8 00000004 b fsuHandle
001136cc 00000004 b fsuRefCount
001136d0 00000028 B __malloc_current_mallinfo
001136f8 00000004 B __malloc_max_sbrked_mem
001136fc 00000004 B __malloc_max_total_mem
00113700 00000004 B __malloc_top_pad
00113704 00000004 b heap_start.0
00113708 00000004 B fake_heap_end
0011370c 00000004 B fake_heap_start
00113710 00000400 b temp_cwd
00113b10 00000048 B __syscalls
00113b58 B __tls_start
00114760 B __bss_end__
00114760 A __end__
00114760 B __tls_end
