         w __deregister_frame_info
         w __register_frame_info
         w userAppExit
         w userAppInit
00000000 00000401 B __ctru_dev_path_buf
00000000 b _TLS_MODULE_BASE_
00000000 a shift
00000000 a shift
00000404 00000802 B __ctru_dev_utf16_buf
00100000 A __start__
00100000 T _start
00100008 T __service_ptr
0010000c T __apt_appid
00100010 T __heap_size
00100014 T __linear_heap_size
00100018 T __system_arglist
0010001c T __system_runflags
00100020 t startup
00100058 t ClearMem
0010006c t ClrLoop
00100094 T _init
001000ac T __aeabi_idiv
001000ac 00000220 T __divsi3
001000b4 t .divsi3_skip_div0_test
001002cc 00000020 T __aeabi_idivmod
001002ec 00000004 W __aeabi_idiv0
001002ec 00000004 W __aeabi_ldiv0
001002f0 T __aeabi_ldivmod
001003c4 T __aeabi_uldivmod
00100408 00000390 T strcmp
00100790 t .udivsi3_skip_div0_test
00100790 T __aeabi_uidiv
00100790 000001ec T __udivsi3
0010097c 00000020 T __aeabi_uidivmod
0010099c T __aeabi_drsub
001009a4 000002b0 T __aeabi_dsub
001009a4 000002b0 T __subdf3
001009a8 000002ac T __adddf3
001009a8 000002ac T __aeabi_dadd
00100c54 00000024 T __aeabi_ui2d
00100c54 00000024 T __floatunsidf
00100c78 00000028 T __aeabi_i2d
00100c78 00000028 T __floatsidf
00100ca0 00000048 T __aeabi_f2d
00100ca0 00000048 T __extendsfdf2
00100ce8 00000074 T __aeabi_ul2d
00100ce8 00000074 T __floatundidf
00100cfc 00000060 T __aeabi_l2d
00100cfc 00000060 T __floatdidf
00100d5c t __do_global_dtors_aux
00100d9c t frame_dummy
00100dc8 000001b0 T main
00100f78 00000178 T consoleDrawChar
001010f0 00000124 T consolePrintChar
00101214 00000a00 T con_write
00101c14 00000168 T consoleInit
00101d7c 000000f4 t newRow
00101e70 0000000c T consoleClear
00101e7c 000000d0 t gfxPresentFramebuffer
00101f4c 0000001c T gfxIsWide
00101f68 000000ec T gfxSetScreenFormat
00102054 00000010 T gfxSetDoubleBuffering
00102064 00000108 T gfxInit
0010216c 00000010 T gfxInitDefault
0010217c 000000b4 T gfxExit
00102230 000000a0 T gfxGetFramebuffer
001022d0 0000010c T gfxFlushBuffers
001023dc 00000050 T gfxSwapBuffers
0010242c 00000050 T gfxSwapBuffersGpu
0010247c 00000c58 t gspHardwareInit
001030d4 00000254 T gspInit
00103328 000000f0 T gspExit
00103418 00000010 T gspHasGpuRight
00103428 00000098 T gspPresentBuffer
001034c0 00000050 T gspWaitForEvent
00103510 00000004 W gxCmdQueueInterrupt
00103514 00000160 t gspEventThreadMain
00103674 00000050 T GSPGPU_FlushDataCache
001036c4 00000034 T GSPGPU_SetLcdForceBlack
001036f8 00000068 T GSPGPU_AcquireRight
00103760 00000048 T GSPGPU_ReleaseRight
001037a8 0000007c T GSPGPU_ImportDisplayCaptureInfo
00103824 0000002c T GSPGPU_SaveVramSysArea
00103850 0000002c T GSPGPU_RestoreVramSysArea
0010387c 000001b0 t aptConvertScreenForCapture
00103a2c 00000008 W aptDspSleep
00103a34 00000004 W aptDspWakeup
00103a38 00000004 W aptDspCancel
00103a3c 0000015c T aptSendCommand
00103b98 00000038 t aptExitProcess
00103bd0 000002f0 T aptExit
00103ec0 000000d8 T aptHandleSleep
00103f98 00000084 T APT_SleepIfShellClosed
0010401c 00000084 T aptSetSleepAllowed
001040a0 00000084 T APT_UnlockTransition
00104128 00000484 t aptEventHandler
001045ac 000000b0 T APT_ReceiveParameter
0010465c 000000b0 t aptReceiveParameter.constprop.0
00104710 000002bc t aptScreenTransfer
001049cc 000002d0 t aptWaitForWakeUp.isra.0
00104c9c 000000f8 T aptJumpToHomeMenu
00104d94 0000004c T aptMainLoop
00104de0 00000234 T aptInit
00105014 0000007c T APT_CheckNew3DS
00105090 00000024 W hidShouldUseIrrst
001050b4 0000018c T hidInit
00105240 000000e8 T hidExit
00105328 00000294 T hidScanInput
001055bc 00000010 T hidKeysHeld
001055cc 00000010 T hidKeysDown
001055dc 00000010 T hidKeysUp
001055ec 00000018 T hidCircleRead
00105604 00000038 W __libctru_init
0010563c 000000f0 W __system_initArgv
0010572c T svcControlMemory
0010574c T svcQueryMemory
0010577c T svcExitProcess
00105784 T svcCreateThread
001057a4 T svcExitThread
001057ac T svcSleepThread
001057b4 T svcReleaseMutex
001057bc T svcCreateEvent
001057d0 T svcSignalEvent
001057d8 T svcClearEvent
001057e0 T svcMapMemoryBlock
001057e8 T svcUnmapMemoryBlock
001057f0 T svcCreateAddressArbiter
00105804 T svcArbitrateAddressNoTimeout
0010580c T svcCloseHandle
00105814 T svcWaitSynchronization
0010581c T svcWaitSynchronizationN
00105844 T svcDuplicateHandle
00105858 T svcGetSystemTick
00105860 T svcConnectToPort
00105874 T svcSendSyncRequest
0010587c T svcGetResourceLimit
00105890 T svcGetResourceLimitLimitValues
00105898 T svcGetResourceLimitCurrentValues
001058a0 T svcBreak
001058a8 W initSystem
001058f8 W __ctru_exit
00105910 00000024 t addrMapNodeComparator(rbtree_node const*, rbtree_node const*)
00105934 00000004 t addrMapNodeDestructor(rbtree_node*)
00105938 00000114 T vramMemAlign
00105a4c 00000008 T vramAlloc
00105a54 0000005c T vramFree
00105ab0 00000024 t addrMapNodeComparator(rbtree_node const*, rbtree_node const*)
00105ad4 00000004 t addrMapNodeDestructor(rbtree_node*)
00105ad8 00000120 T linearMemAlign
00105bf8 00000008 T linearAlloc
00105c00 0000005c T linearFree
00105c5c 00000084 T MemPool::CoalesceRight(MemBlock*)
00105ce0 00000170 T MemPool::Allocate(MemChunk&, unsigned long, int)
00105e50 000000fc T MemPool::Deallocate(MemChunk const&)
00105f4c 0000000c T __sync_init
00105f58 00000018 T __sync_fini
00105f70 0000002c T syncArbitrateAddress
00105f9c 0000001c T LightLock_Init
00105fb8 00000094 T LightLock_Lock
0010604c 00000044 T LightLock_TryLock
00106090 00000040 T LightLock_Unlock
001060d0 00000024 T RecursiveLock_Init
001060f4 00000030 T RecursiveLock_Lock
00106124 00000078 T RecursiveLock_TryLock
0010619c 00000054 T RecursiveLock_Unlock
001061f0 00000040 T LightEvent_Init
00106230 000000a4 T LightEvent_Clear
001062d4 000000c8 T LightEvent_Signal
0010639c 00000058 T LightEvent_TryWait
001063f4 000000b0 T LightEvent_Wait
001064a4 00000054 T osGetTimeRef
001064f8 000000e4 T osGetTime
001065dc 00000074 T __libctru_gtod
00106650 00000034 T __ctru_speedup_config
00106684 00000124 T srvInit
001067a8 00000058 T srvExit
00106800 00000080 T srvGetServiceHandleDirect
00106880 00000048 T srvGetServiceHandle
001068c8 00000038 T srvPublishToSubscriber
00106900 00000188 T threadCreate
00106a88 0000002c T threadFree
00106ab4 00000024 T threadJoin
00106ad8 00000030 T threadGetCurrent
00106b08 00000040 T threadExit
00106b48 00000044 t _thread_begin
00106b8c 00000094 t mappableFindAddressWithin
00106c20 00000028 T mappableInit
00106c48 00000080 T mappableAlloc
00106cc8 00000004 T mappableFree
00106ccc 00000160 T irrstInit
00106e2c 000000cc T irrstExit
00106ef8 000000b0 T irrstScanInput
00106fa8 00000024 T irrstKeysHeld
00106fcc 0000000c T srvPmGetSessionHandle
00106fd8 00000074 T ptmSysmInit
0010704c 0000003c T ptmSysmExit
00107088 00000034 T PTMSYSM_ConfigureNew3DSCPU
001070bc 00000010 T rbtree_init
001070cc 000001a0 t do_insert
0010726c 00000008 T rbtree_insert
00107274 00000090 T rbtree_rotate
00107304 00000338 T rbtree_remove
0010763c 00000074 T rbtree_find
001076b0 00000030 W __appInit
001076e0 00000030 t __libctru_nanosleep
00107710 00000030 t __libctru_get_reent
00107740 000000f8 T __system_initSyscalls
00107838 000001e0 W __system_allocateHeaps
00107a18 00000030 W __appExit
00107a48 00000090 W __libctru_exit
00107ad8 00000084 W envGetHandle
00107b5c 00000050 W envDestroyHandles
00107bac 00000014 t archive_link
00107bc0 00000014 t archive_dirreset
00107bd4 00000014 t archive_chmod
00107be8 00000024 t error_cmp
00107c0c 00000050 t archive_translate_error
00107c5c 000000d4 t archive_seek
00107d30 0000007c t _archiveInit.part.0
00107dac 0000008c t archiveFindDevice.part.0
00107e38 00000294 t archive_utf16path
001080cc 000000a0 t _archiveUnmountDeviceStruct.part.0
0010816c 00000014 t archive_fchmod
00108180 00000014 t archive_statvfs
00108194 00000158 t _archiveMountDevice
001082ec 000000e8 t archive_diropen
001083d4 000000a4 t archive_fstat
00108478 0000006c t archive_close
001084e4 0000006c t archive_fsync
00108550 00000070 t archive_dirclose
001085c0 000000e8 t sdmc_statvfs
001086a8 00000080 t archive_ftruncate
00108728 000000fc t archive_chdir
00108824 000000b0 t archive_read
001088d4 000000ac t archive_unlink
00108980 000000c8 t archive_rmdir
00108a48 000000ec t archive_mkdir
00108b34 000001a8 t archive_stat
00108cdc 00000184 t archive_rename
00108e60 00000168 t archive_dirnext
00108fc8 0000012c t archive_write
001090f4 000001f0 t archive_open
001092e4 000001a4 T archiveMountSdmc
00109488 00000054 T archiveUnmountAll
001094dc 000000c8 T fsInit
001095a4 0000003c T fsExit
001095e0 00000060 T fsExemptFromSession
00109640 00000050 T fsUnexemptFromSession
00109690 000000cc T FSUSER_OpenFile
0010975c 000000bc T FSUSER_DeleteFile
00109818 000000f8 T FSUSER_RenameFile
00109910 000000bc T FSUSER_DeleteDirectory
001099cc 000000d4 T FSUSER_CreateFile
00109aa0 000000c4 T FSUSER_CreateDirectory
00109b64 000000f8 T FSUSER_RenameDirectory
00109c5c 000000b4 T FSUSER_OpenDirectory
00109d10 00000094 T FSUSER_OpenArchive
00109da4 0000008c T FSUSER_CloseArchive
00109e30 00000074 T FSUSER_GetSdmcArchiveResource
00109ea4 00000064 T FSUSER_IsSdmcWritable
00109f08 00000058 T FSFILE_Read
00109f60 00000060 T FSFILE_Write
00109fc0 00000038 T FSFILE_GetSize
00109ff8 00000028 T FSFILE_SetSize
0010a020 0000003c T FSFILE_Close
0010a05c 00000024 T FSFILE_Flush
0010a080 00000050 T FSDIR_Read
0010a0d0 0000003c T FSDIR_Close
0010a10c 00000050 T rbtree_node_next
0010a15c 000000e8 T utf16_to_utf8
0010a244 00000064 T decode_utf16
0010a2a8 0000013c T decode_utf8
0010a3e4 000000c0 T utf8_to_utf16
0010a4a4 T __aeabi_read_tp
0010a4b0 00000060 T encode_utf16
0010a510 000000fc T encode_utf8
0010a60c 00000120 T __udivmoddi4
0010a72c 00000078 T bsearch
0010a7a4 0000000c T __errno
0010a7b0 00000034 T exit
0010a7e4 0000003c T __libc_fini_array
0010a820 0000007c T __libc_init_array
0010a89c 00000034 T iprintf
0010a8d0 00000028 T memalign
0010a8f8 00000148 T _memalign_r
0010aa40 00000020 T malloc
0010aa60 00000020 T free
0010aa80 000007f0 T _malloc_r
0010b270 000000e0 T memchr
0010b350 0000011c T memcpy
0010b46c 00000118 T memset
0010b584 0000000c T __malloc_lock
0010b590 0000000c T __malloc_unlock
0010b59c 00000034 T printf
0010b5d0 00000260 T setvbuf
0010b830 00000074 T sscanf
0010b8a4 00000044 T __sread
0010b8e8 00000008 T __seofread
0010b8f0 00000068 T __swrite
0010b958 00000048 T __sseek
0010b9a0 00000008 T __sclose
0010b9a8 0000005c T strlen
0010ba04 000000ec T strncat
0010baf0 000000dc T strncmp
0010bbcc 000000c0 T strncpy
0010bc8c 00000048 T strnlen
0010bcd4 00000050 t get_arg
0010bd24 00002b68 T __ssvfscanf_r
0010e88c 0000064c t get_arg
0010eed8 00000034 T __sprint_r
0010ef0c 00002584 T _vfiprintf_r
00111490 000000d4 t __sbprintf
00111564 0000064c t get_arg
00111bb0 000038d4 T _vfprintf_r
00115484 000000d4 t __sbprintf
00115558 00000054 T _wcrtomb_r
001155ac 00000028 T _wcsrtombs_r
001155d4 00000154 T __swsetup_r
00115728 00000114 T __call_exitprocs
0011583c 000001a8 t quorem
001159e8 000012ec T _dtoa_r
00116cd4 00000258 T __sflush_r
00116f2c 00000094 T _fflush_r
00116fc0 0000000c T _cleanup_r
00116fcc 00000184 T __sinit
00117150 0000000c T __sfp_lock_acquire
0011715c 0000000c T __sfp_lock_release
00117168 000000f8 T _malloc_trim_r
00117260 000002e4 T _free_r
00117544 000004a4 T __sfvwrite_r
001179e8 00000070 T _fwalk_reent
00117a58 00000008 T iswspace
00117a60 0000000c T _localeconv_r
00117a6c 00000010 T __locale_mb_cur_max
00117a7c 00000138 T __smakebuf_r
00117bb4 00000094 T __swhatbuf_r
00117c48 00000068 T _mbrtowc_r
00117cb0 000002fc T __utf8_mbtowc
00117fac 00000154 T memmove
00118100 00000088 T _Balloc
00118188 0000001c T _Bfree
001181a4 000000f4 T __multadd
00118298 00000110 T __s2b
001183a8 00000058 T __hi0bits
00118400 0000009c T __lo0bits
0011849c 000000a4 T __i2b
00118540 00000204 T __multiply
00118744 00000120 T __pow5mult
00118864 0000013c T __lshift
001189a0 00000058 T __mcmp
001189f8 000001cc T __mdiff
00118bc4 00000088 T __ulp
00118c4c 000000d4 T __b2d
00118d20 0000012c T __d2b
00118e4c 00000078 T __ratio
00118ec4 00000088 T __copybits
00118f4c 0000005c T __any_on
00118fa8 00000028 T realloc
00118fd0 00000598 T _realloc_r
00119568 000000e4 T __sccl
0011964c 0000000c T nanf
00119658 000000a8 T frexp
00119700 00000064 T sprintf
00119764 000000b8 T stpncpy
0011981c 00000144 T strchr
00119960 0000130c T _strtod_l
0011ac6c 0000000c T _strtod_r
0011ac78 0000022c t _strtoll_l.constprop.0
0011aea4 00000004 T _strtoll_r
0011aea8 000001b0 t _strtol_l.part.0
0011b058 0000003c T _strtol_r
0011b094 00000244 t _strtoull_l.constprop.0
0011b2d8 00000004 T _strtoull_r
0011b2dc 000001c8 t _strtoul_l.constprop.0
0011b4a4 00000004 T _strtoul_r
0011b4a8 00000188 T __ssprint_r
0011b630 000000e0 T _sungetc_r
0011b710 0000006c T __ssrefill_r
0011b77c 000000c8 T _sfread_r
0011b844 0000064c t get_arg
0011be90 00003808 T _svfprintf_r
0011f698 000000a8 T __submore
0011f740 00000190 T _wcsnrtombs_l
0011f8d0 0000004c T _wcsnrtombs_r
0011f91c 000000f0 T __utf8_wctomb
0011fa0c 0000005c T __assert_func
0011fa68 00000094 T _calloc_r
0011fafc 00000160 T _fclose_r
0011fc5c 0000003c T fiprintf
0011fc98 000000ec t rshift
0011fd84 00000928 T __gethex
001206ac 0000004c T __match
001206f8 0000029c T __hexnan
00120994 0000003c T iswspace_l
001209d0 000001d4 t __jp2uc
00120ba4 0000009c T _jp2uc_l
00120c40 00000010 T nan
00120c50 00000014 T abort
00120c64 00000084 T category
00120ce8 00000098 T _raise_r
00120d80 00000020 T raise
00120da0 00000008 t null_write
00120da8 00000018 T setDefaultDevice
00120dc0 000000c8 T FindDevice
00120e88 00000028 T RemoveDevice
00120eb0 0000009c T AddDevice
00120f4c 00000020 T GetDeviceOpTab
00120f6c 00000078 T _fstat_r
00120fe4 00000014 T _getpid_r
00120ff8 00000008 T _isatty_r
00121000 00000014 T _kill_r
00121014 00000084 T _lseek_r
00121098 00000080 T _read_r
00121118 00000078 T _sbrk_r
00121190 00000080 T _write_r
00121210 00000024 T _exit
00121234 000001b8 T _concatenate_path
001213ec 00000160 T chdir
0012154c 00000008 T __flockfile
00121554 00000008 T __funlockfile
0012155c 00000018 T __libc_lock_acquire
00121574 00000018 T __libc_lock_release
0012158c 00000018 T __libc_lock_init_recursive
001215a4 00000018 T __libc_lock_acquire_recursive
001215bc 00000018 T __libc_lock_release_recursive
001215d4 00000018 T __libc_lock_close_recursive
001215ec 0000003c T __get_handle
00121628 000000f4 T _close_r
0012171c 00000028 T __getreent
00121744 00000038 T __aeabi_d2lz
00121744 00000038 T __fixdfdi
00121780 00000040 T __aeabi_d2ulz
00121780 00000040 T __fixunsdfdi
001217c0 00000044 T strrchr
00121804 T _fini
001224f0 00000030 r colorTable
00122520 00000070 r dotab_stdout
001225b4 00000008 r morton_x.3
001225bc 00000008 r morton_y.2
001225c4 00000008 r s_sleepWakeEvents.4
001225e4 R default_font_bin
00122de4 R default_font_bin_end
00122e18 00000070 r archive_devoptab
00122e88 00000030 r error_table
00122ec0 00000004 R _global_impure_ptr
00122ecc 00000022 r basefix.0
00122f18 00000010 r blanks.1
00122f28 00000010 r zeroes.0
00122f4c 00000010 r blanks.1
00122f5c 00000010 r zeroes.0
00122f6c 00000101 R _ctype_
00123080 r .LC2
00123160 00000028 R __mprec_bigtens
00123188 000000c8 R __mprec_tens
00123250 0000000c r p05.0
0012326c 00000014 r fpi.1
00123280 00000014 r fpinan.0
00123298 00000028 r tinytens
001232c0 0000006c R __action_table
0012332c 00000100 R __chclass
0012342c 0000006c R __state_table
00123498 00000010 r blanks.1
001234a8 00000010 r zeroes.0
00123540 00000100 R __hexdig
00123654 000000bc r a1
00123710 000000bc r a2
001237cc 0000005b r a3
00123828 00000070 r a6
00123898 000000a2 r a7
0012393c 00000040 r a8
0012397c 0000172a r b02cf
001250a8 00001a7c r d02f4
00126b24 0000000c R _C_numeric_locale
00126b30 000031e6 r categories
00129d18 00000070 R dotab_stdnull
00129d88 r 
00129d88 R __exidx_end
00129d88 R __exidx_start
0012a000 00000004 D currentConsole
0012a004 0000004c D defaultConsole
0012a050 00000001 d firstConsoleInit.0
0012a054 00000004 d kCount
0012a058 00000004 d kDelay
0012a05c 00000004 d kInterval
0012a060 W __stacksize__
0012a064 00000004 D _impure_ptr
0012a068 00000460 d impure_data
0012a4c8 00000408 D __malloc_av_
0012a8d0 00000004 D __malloc_sbrk_base
0012a8d4 00000004 D __malloc_trim_threshold
0012a8d8 0000000c d __malloc_recursive_mutex
0012a8e4 0000000c D __atexit_recursive_mutex
0012a8f0 0000000c d __sfp_recursive_mutex
0012a8fc 0000000c d __sinit_recursive_mutex
0012a908 0000016c D __global_locale
0012aa74 00000002 d numempty
0012aa78 00000004 d defaultDevice
0012aa7c 0000008c D devoptab_list
0012ab08 00000400 d _current_working_directory
0012af08 00000004 d __hndl_lock
0012af0c 0000000c d __stderr_handle
0012af18 0000000c d __stdin_handle
0012af24 0000000c d __stdout_handle
0012af30 00001000 d handles
0012bf38 d _GLOBAL_OFFSET_TABLE_
0012bf44 d __frame_dummy_init_array_entry
0012bf44 D __init_array_start
0012bf44 B __preinit_array_end
0012bf44 B __preinit_array_start
0012bf44 D __tdata_lma
0012bf44 D __tdata_lma_end
0012bf48 d __do_global_dtors_aux_fini_array_entry
0012bf48 D __fini_array_start
0012bf48 D __init_array_end
0012bf4c D __bss_start__
0012bf4c D __fini_array_end
0012bf4c b completed.1
0012bf50 b object.0
0012bf68 0000004c B currentCopy
0012bfb4 00000004 b gfxBottomFramebufferMaxSize
0012bfb8 00000008 b gfxBottomFramebuffers
0012bfc0 00000002 b gfxCurBuf
0012bfc4 00000002 b gfxFramebufferFormats
0012bfc8 00000002 b gfxIsDoubleBuf
0012bfca 00000001 b gfxIsVram
0012bfcc 00000004 b gfxTopFramebufferMaxSize
0012bfd0 00000008 b gfxTopFramebuffers
0012bfd8 00000001 b gfxTopMode
0012bfdc 00000004 b screenAlloc
0012bfe0 00000004 b screenFree
0012bfe4 00000004 b gspEvent
0012bfe8 0000001c b gspEventCb
0012c004 0000001c b gspEventCbData
0012c020 00000007 b gspEventCbOneShot
0012c028 00000004 b gspEventThread
0012c02c 00000038 b gspEvents
0012c064 00000004 b gspGpuHandle
0012c068 00000001 b gspGpuRight
0012c06c 00000004 b gspLastEvent
0012c070 00000004 b gspRefCount
0012c074 00000001 b gspRunEvents
0012c078 00000004 b gspSharedMem
0012c07c 00000004 b gspSharedMemHandle
0012c080 00000001 b gspThreadId
0012c081 00000001 b aptChainloadFlags
0012c082 00000001 b aptChainloadMediatype
0012c088 00000008 b aptChainloadTid
0012c090 00000004 b aptEventHandlerThread
0012c094 00000001 b aptEventHandlerThreadQuit
0012c098 00000008 b aptEvents
0012c0a0 0000000c b aptFirstHook
0012c0ac 00000004 b aptFlags
0012c0b0 00000001 b aptHomeButtonState
0012c0b4 00000004 b aptLockHandle
0012c0b8 00000004 b aptMessageFunc
0012c0bc 00000004 b aptMessageFuncData
0012c0c0 00001000 b aptParameters
0012d0c0 00000008 b aptReceiveEvent
0012d0c8 00000004 b aptRefCount
0012d0cc 00000008 b aptSleepEvent
0012d0d4 00000001 b flagInit.1
0012d0d5 00000001 b flagValue.0
0012d0d8 00000004 b serviceName.6
0012d0dc 00000006 b aVec
0012d0e4 00000004 b cPos
0012d0e8 00000006 b gRate
0012d0f0 00000014 B hidEvents
0012d104 00000004 B hidHandle
0012d108 00000004 B hidMemHandle
0012d10c 00000004 b hidRefCount
0012d110 00000004 B hidSharedMem
0012d114 00000004 b kDown
0012d118 00000004 b kHeld
0012d11c 00000004 b kOld
0012d120 00000004 b kRepeat
0012d124 00000004 b kUp
0012d128 00000004 b tPos
0012d12c 00000001 b usingIrrst
0012d130 00000004 B __system_retAddr
0012d134 00000004 B __system_argc
0012d138 00000004 B __system_argv
0012d13c b saved_stack
0012d144 0000000c b sAddrMap
0012d150 00000008 b sVramPool
0012d158 00000008 b sLinearPool
0012d160 0000000c b sAddrMap
0012d16c 00000004 b arbiter
0012d170 00000001 V __ctru_speedup
0012d174 00000004 b srvHandle
0012d178 00000004 b srvRefCount
0012d17c 00000004 b currentAddr
0012d180 00000004 b maxAddr
0012d184 00000004 b minAddr
0012d188 00000004 b csPos
0012d18c 00000004 B irrstEvent
0012d190 00000004 B irrstHandle
0012d194 00000004 B irrstMemHandle
0012d198 00000004 b irrstRefCount
0012d19c 00000004 B irrstSharedMem
0012d1a0 00000004 b kHeld
0012d1a4 00000004 b srvPmHandle
0012d1a8 00000004 b ptmSysmHandle
0012d1ac 00000004 b ptmSysmRefCount
0012d1b0 00000004 B __ctru_heap
0012d1b4 00000004 V __ctru_heap_size
0012d1b8 00000004 B __ctru_linear_heap
0012d1bc 00000004 V __ctru_linear_heap_size
0012d1c0 00000004 b archive_device_cwd
0012d1c8 00000540 b archive_devices
0012d708 00000001 b archive_initialized
0012d710 00000080 b fsExemptArchives
0012d790 00000004 b fsuHandle
0012d794 00000004 b fsuRefCount
0012d798 00000028 B __malloc_current_mallinfo
0012d7c0 00000004 B __malloc_max_sbrked_mem
0012d7c4 00000004 B __malloc_max_total_mem
0012d7c8 00000004 B __malloc_top_pad
0012d7cc 00000004 b heap_start.0
0012d7d0 00000004 B fake_heap_end
0012d7d4 00000004 B fake_heap_start
0012d7d8 00000400 b temp_cwd
0012dbd8 00000048 B __syscalls
0012dc20 B __tls_start
0012e828 B __bss_end__
0012e828 A __end__
0012e828 B __tls_end
