         w __deregister_frame_info
         w __register_frame_info
         w userAppExit
         w userAppInit
00000000 00000401 B __ctru_dev_path_buf
00000000 b _TLS_MODULE_BASE_
00000000 a shift
00000000 a shift
00000404 00000802 B __ctru_dev_utf16_buf
00100000 A __start__
00100000 T _start
00100008 T __service_ptr
0010000c T __apt_appid
00100010 T __heap_size
00100014 T __linear_heap_size
00100018 T __system_arglist
0010001c T __system_runflags
00100020 t startup
00100058 t ClearMem
0010006c t ClrLoop
00100094 T _init
001000ac t .udivsi3_skip_div0_test
001000ac T __aeabi_uidiv
001000ac 000001ec T __udivsi3
00100298 00000020 T __aeabi_uidivmod
001002b8 T __aeabi_idiv
001002b8 00000220 T __divsi3
001002c0 t .divsi3_skip_div0_test
001004d8 00000020 T __aeabi_idivmod
001004f8 00000004 W __aeabi_idiv0
001004f8 00000004 W __aeabi_ldiv0
001004fc T __aeabi_ldivmod
001005d0 T __aeabi_uldivmod
00100628 00000390 T strcmp
001009b0 t __do_global_dtors_aux
001009f0 t frame_dummy
00100a20 00000308 T main
00100d28 00000034 t C2Di_FrameEndHook
00100d60 00000330 T C2D_Init
00101090 00000044 T C2D_Fini
001010d4 000000d0 T C2D_Prepare
001011a4 0000003c T C2D_Flush
001011e0 00000108 T C2D_SceneSize
001012e8 00000058 T C2D_CreateScreenTarget
00101340 00000058 T C2D_TargetClear
00101398 00000040 T C2Di_AppendVtx
001013d8 0000022c T C2Di_Update
00101604 00000018 t C2Di_GlyphComp
0010161c 00000140 t C2Di_CalcLineWidths
0010175c 000001d0 T C2D_TextBufNew
0010192c 00000004 T C2D_TextBufDelete
00101930 0000000c T C2D_TextBufClear
0010193c 000001c8 T C2D_TextFontParseLine
00101b04 000000a8 T C2D_TextFontParse
00101bac 00000014 T C2D_TextParse
00101bc0 00000030 T C2D_TextOptimize
00101bf0 000010d4 T C2D_DrawText
00102cc4 00000044 T C2D_FontGlyphIndexFromCodePoint
00102d08 00000078 T C2D_FontCalcGlyphPos
00102d80 00000004 W C3Di_LightEnvUpdate
00102d84 00000004 W C3Di_LightEnvDirty
00102d88 000000b4 t C3Di_AptEventHook
00102e3c 00000004 W C3Di_GasUpdate
00102e40 000001e0 T C3D_Init
00103020 00000098 T C3D_SetViewport
001030b8 000004ec T C3Di_UpdateContext
001035a4 000000e0 T C3Di_SplitFrame
00103684 00000044 T C3D_Fini
001036c8 00000108 T C3D_BindProgram
001037d0 0000004c t onVBlank0
0010381c 0000004c t onVBlank1
00103868 00000080 t C3Di_RenderTargetDestroy
001038e8 000000f4 t onQueueFinish
001039dc 00000038 T C3Di_RenderQueueEnableVBlank
00103a14 00000030 T C3Di_RenderQueueDisableVBlank
00103a44 00000060 T C3Di_RenderQueueInit
00103aa4 000000b0 T C3Di_RenderQueueExit
00103b54 00000034 T C3Di_RenderQueueWaitDone
00103b88 000000e4 T C3D_FrameBegin
00103c6c 00000048 T C3D_FrameDrawOn
00103cb4 00000058 T C3D_FrameSplit
00103d0c 000001d8 T C3D_FrameEnd
00103ee4 0000001c T C3D_FrameEndHook
00103f00 00000128 T C3D_RenderTargetCreate
00104028 000000a8 T C3D_RenderTargetSetOutput
001040d0 00000044 T C3D_TexBind
00104114 0000016c T C3Di_SetTex
00104280 0000001c T C3D_CalcColorBufSize
0010429c 0000001c T C3D_CalcDepthBufSize
001042b8 00000044 T C3D_SetFrameBuf
001042fc 0000016c T C3Di_FrameBufBind
00104468 000000cc T C3D_FrameBufClear
00104534 00000044 T C3D_FrameBufTransfer
00104578 00000034 T C3D_GetTexEnv
001045ac 00000024 T C3Di_TexEnvBind
001045d0 00000070 T C3D_ProcTexInit
00104640 00000054 T C3D_ProcTexBind
00104694 0000005c T C3D_ProcTexLutBind
001046f0 000000a4 T ProcTexLut_FromArray
00104794 0000017c T C3Di_ProcTexUpdate
00104910 00000068 T C3Di_ProcTexDirty
00104978 00000024 T BufInfo_Init
0010499c 00000080 T BufInfo_Add
00104a1c 00000040 T C3D_SetBufInfo
00104a5c 00000048 T C3Di_BufInfoBind
00104aa4 00000148 T C3D_DrawArrays
00104bec 00000040 T C3D_DepthMap
00104c2c 0000001c T C3D_CullFace
00104c48 00000040 T C3D_StencilTest
00104c88 00000024 T C3D_StencilOp
00104cac 0000001c T C3D_BlendingColor
00104cc8 00000024 T C3D_EarlyDepthTest
00104cec 0000002c T C3D_DepthTest
00104d18 0000002c T C3D_AlphaTest
00104d44 00000050 T C3D_AlphaBlend
00104d94 00000030 T C3D_FragOpMode
00104dc4 00000044 T C3D_FragOpShadow
00104e08 000001ac T C3Di_EffectBind
00104fb4 00000028 T AttrInfo_Init
00104fdc 00000098 T AttrInfo_AddLoader
00105074 00000054 T C3D_SetAttrInfo
001050c8 00000080 T C3Di_AttrInfoBind
00105148 000000a8 T C3D_ImmSendAttrib
001051f0 0000029c T C3D_UpdateUniforms
0010548c 000000c0 T C3Di_DirtyUniforms
0010554c 000000d8 T C3Di_LoadShaderUniforms
00105624 00000028 T C3Di_ClearShaderUniforms
0010564c 000000cc T Mtx_Ortho
00105718 000000cc T Mtx_OrthoTilt
001057e4 00000024 t addrMapNodeComparator(rbtree_node const*, rbtree_node const*)
00105808 00000004 t addrMapNodeDestructor(rbtree_node*)
0010580c 00000114 T vramMemAlign
00105920 00000008 T vramAlloc
00105928 0000005c T vramFree
00105984 00000024 t addrMapNodeComparator(rbtree_node const*, rbtree_node const*)
001059a8 00000004 t addrMapNodeDestructor(rbtree_node*)
001059ac 00000120 T linearMemAlign
00105acc 00000008 T linearAlloc
00105ad4 0000005c T linearFree
00105b30 00000084 T MemPool::CoalesceRight(MemBlock*)
00105bb4 00000170 T MemPool::Allocate(MemChunk&, unsigned long, int)
00105d24 000000fc T MemPool::Deallocate(MemChunk const&)
00105e20 00000074 T osConvertVirtToPhys
00105e94 00000054 T osGetTimeRef
00105ee8 000000e4 T osGetTime
00105fcc 00000074 T __libctru_gtod
00106040 00000034 T __ctru_speedup_config
00106074 0000009c T fontEnsureMapped
00106110 000000fc T fontGlyphIndexFromCodePoint
0010620c 0000006c T fontGetCharWidthInfo
00106278 000001c0 T fontCalcGlyphPos
00106438 000000d0 t gfxPresentFramebuffer
00106508 0000001c T gfxIsWide
00106524 000000ec T gfxSetScreenFormat
00106610 00000108 T gfxInit
00106718 00000010 T gfxInitDefault
00106728 000000b4 T gfxExit
001067dc 000000a0 T gfxGetFramebuffer
0010687c 00000030 T gfxScreenSwapBuffers
001068ac 000001e0 T shaderInstanceInit
00106a8c 00000018 T shaderInstanceGetUniformLocation
00106aa4 0000001c T shaderProgramInit
00106ac0 00000064 T shaderProgramFree
00106b24 00000080 T shaderProgramSetVsh
00106ba4 000008c0 T shaderProgramConfigure
00107464 000001f8 t DVLE_GenerateOutmap.part.0
0010765c 000001cc T DVLB_ParseFile
00107828 00000038 T DVLB_Free
00107860 00000074 T DVLE_GetUniformRegister
001078d4 00000010 T GX_BindQueue
001078e4 00000078 T GX_ProcessCommandList
0010795c 00000074 T GX_MemoryFill
001079d0 00000070 T GX_DisplayTransfer
00107a40 00000068 t gxCmdQueueDoCommands.part.0
00107aa8 000000c8 T gxCmdQueueInterrupt
00107b70 0000004c T gxCmdQueueClear
00107bbc 000000f8 T gxCmdQueueAdd
00107cb4 00000080 T gxCmdQueueRun
00107d34 00000060 T gxCmdQueueStop
00107d94 00000074 T gxCmdQueueWait
00107e08 0000013c T GPUCMD_Add
00107f44 000000ac T GPUCMD_Split
00107ff0 00000040 T f32tof16
00108030 00000040 T f32tof24
00108070 00000044 T f32tof31
001080b4 00000c58 t gspHardwareInit
00108d0c 00000254 T gspInit
00108f60 000000f0 T gspExit
00109050 00000010 T gspHasGpuRight
00109060 00000098 T gspPresentBuffer
001090f8 00000030 T gspSetEventCallback
00109128 00000050 T gspWaitForEvent
00109178 0000004c T gspWaitForAnyEvent
001091c4 00000160 t gspEventThreadMain
00109324 00000130 T gspSubmitGxCommand
00109454 00000050 T GSPGPU_FlushDataCache
001094a4 00000034 T GSPGPU_SetLcdForceBlack
001094d8 00000068 T GSPGPU_AcquireRight
00109540 00000048 T GSPGPU_ReleaseRight
00109588 0000007c T GSPGPU_ImportDisplayCaptureInfo
00109604 0000002c T GSPGPU_SaveVramSysArea
00109630 0000002c T GSPGPU_RestoreVramSysArea
0010965c 000001b0 t aptConvertScreenForCapture
0010980c 00000008 W aptDspSleep
00109814 00000004 W aptDspWakeup
00109818 00000004 W aptDspCancel
0010981c 0000015c T aptSendCommand
00109978 00000038 t aptExitProcess
001099b0 000002f0 T aptExit
00109ca0 000000d8 T aptHandleSleep
00109d78 00000030 T aptHook
00109da8 00000030 T aptUnhook
00109dd8 00000084 T APT_SleepIfShellClosed
00109e5c 00000084 T aptSetSleepAllowed
00109ee0 00000084 T APT_UnlockTransition
00109f68 00000484 t aptEventHandler
0010a3ec 000000b0 T APT_ReceiveParameter
0010a49c 000000b0 t aptReceiveParameter.constprop.0
0010a550 000002bc t aptScreenTransfer
0010a80c 000002d0 t aptWaitForWakeUp.isra.0
0010aadc 000000f8 T aptJumpToHomeMenu
0010abd4 0000004c T aptMainLoop
0010ac20 00000234 T aptInit
0010ae54 0000007c T APT_CheckNew3DS
0010aed0 00000048 T APT_GetSharedFont
0010af18 00000024 W hidShouldUseIrrst
0010af3c 0000018c T hidInit
0010b0c8 000000e8 T hidExit
0010b1b0 00000294 T hidScanInput
0010b444 00000010 T hidKeysHeld
0010b454 00000010 T hidKeysDown
0010b464 00000074 T ptmSysmInit
0010b4d8 0000003c T ptmSysmExit
0010b514 00000034 T PTMSYSM_ConfigureNew3DSCPU
0010b548 000000c8 T fsInit
0010b610 0000003c T fsExit
0010b64c 00000060 T fsExemptFromSession
0010b6ac 00000050 T fsUnexemptFromSession
0010b6fc 000000cc T FSUSER_OpenFile
0010b7c8 000000bc T FSUSER_DeleteFile
0010b884 000000f8 T FSUSER_RenameFile
0010b97c 000000bc T FSUSER_DeleteDirectory
0010ba38 000000d4 T FSUSER_CreateFile
0010bb0c 000000c4 T FSUSER_CreateDirectory
0010bbd0 000000f8 T FSUSER_RenameDirectory
0010bcc8 000000b4 T FSUSER_OpenDirectory
0010bd7c 00000094 T FSUSER_OpenArchive
0010be10 0000008c T FSUSER_CloseArchive
0010be9c 00000074 T FSUSER_GetSdmcArchiveResource
0010bf10 00000064 T FSUSER_IsSdmcWritable
0010bf74 00000058 T FSFILE_Read
0010bfcc 00000060 T FSFILE_Write
0010c02c 00000038 T FSFILE_GetSize
0010c064 00000028 T FSFILE_SetSize
0010c08c 0000003c T FSFILE_Close
0010c0c8 00000024 T FSFILE_Flush
0010c0ec 00000050 T FSDIR_Read
0010c13c 0000003c T FSDIR_Close
0010c178 00000010 T rbtree_init
0010c188 000001a0 t do_insert
0010c328 00000008 T rbtree_insert
0010c330 00000090 T rbtree_rotate
0010c3c0 00000338 T rbtree_remove
0010c6f8 00000074 T rbtree_find
0010c76c 000000e8 T utf16_to_utf8
0010c854 00000064 T decode_utf16
0010c8b8 0000013c T decode_utf8
0010c9f4 000000c0 T utf8_to_utf16
0010cab8 000001e0 W __system_allocateHeaps
0010cc98 00000038 W __libctru_init
0010ccd0 000000f0 W __system_initArgv
0010cdc0 T svcControlMemory
0010cde0 T svcQueryMemory
0010ce10 T svcExitProcess
0010ce18 T svcCreateThread
0010ce38 T svcExitThread
0010ce40 T svcSleepThread
0010ce48 T svcReleaseMutex
0010ce50 T svcCreateEvent
0010ce64 T svcSignalEvent
0010ce6c T svcClearEvent
0010ce74 T svcMapMemoryBlock
0010ce7c T svcUnmapMemoryBlock
0010ce84 T svcCreateAddressArbiter
0010ce98 T svcArbitrateAddressNoTimeout
0010cea0 T svcCloseHandle
0010cea8 T svcWaitSynchronization
0010ceb0 T svcWaitSynchronizationN
0010ced8 T svcDuplicateHandle
0010ceec T svcGetSystemTick
0010cef4 T svcConnectToPort
0010cf08 T svcSendSyncRequest
0010cf10 T svcGetResourceLimit
0010cf24 T svcGetResourceLimitLimitValues
0010cf2c T svcGetResourceLimitCurrentValues
0010cf34 T svcBreak
0010cf3c W initSystem
0010cf8c W __ctru_exit
0010cfa4 T __aeabi_read_tp
0010cfb0 0000000c T __sync_init
0010cfbc 00000018 T __sync_fini
0010cfd4 0000002c T syncArbitrateAddress
0010d000 0000001c T LightLock_Init
0010d01c 00000094 T LightLock_Lock
0010d0b0 00000044 T LightLock_TryLock
0010d0f4 00000040 T LightLock_Unlock
0010d134 00000024 T RecursiveLock_Init
0010d158 00000030 T RecursiveLock_Lock
0010d188 00000078 T RecursiveLock_TryLock
0010d200 00000054 T RecursiveLock_Unlock
0010d254 00000040 T LightEvent_Init
0010d294 000000a4 T LightEvent_Clear
0010d338 000000c8 T LightEvent_Signal
0010d400 00000058 T LightEvent_TryWait
0010d458 000000b0 T LightEvent_Wait
0010d508 00000084 W envGetHandle
0010d58c 00000050 W envDestroyHandles
0010d5dc 00000124 T srvInit
0010d700 00000058 T srvExit
0010d758 00000080 T srvGetServiceHandleDirect
0010d7d8 00000048 T srvGetServiceHandle
0010d820 00000038 T srvPublishToSubscriber
0010d858 00000188 T threadCreate
0010d9e0 0000002c T threadFree
0010da0c 00000024 T threadJoin
0010da30 00000030 T threadGetCurrent
0010da60 00000040 T threadExit
0010daa0 00000044 t _thread_begin
0010dae4 00000094 t mappableFindAddressWithin
0010db78 00000028 T mappableInit
0010dba0 00000080 T mappableAlloc
0010dc20 00000004 T mappableFree
0010dc24 00000160 T irrstInit
0010dd84 000000cc T irrstExit
0010de50 000000b0 T irrstScanInput
0010df00 00000024 T irrstKeysHeld
0010df24 0000000c T srvPmGetSessionHandle
0010df30 00000050 T rbtree_node_next
0010df80 00000060 T encode_utf16
0010dfe0 000000fc T encode_utf8
0010e0dc 00000030 W __appInit
0010e10c 00000030 t __libctru_nanosleep
0010e13c 00000030 t __libctru_get_reent
0010e16c 000000f8 T __system_initSyscalls
0010e264 00000030 W __appExit
0010e294 00000090 W __libctru_exit
0010e324 00000014 t archive_link
0010e338 00000014 t archive_dirreset
0010e34c 00000014 t archive_chmod
0010e360 00000024 t error_cmp
0010e384 00000050 t archive_translate_error
0010e3d4 000000d4 t archive_seek
0010e4a8 0000007c t _archiveInit.part.0
0010e524 0000008c t archiveFindDevice.part.0
0010e5b0 00000294 t archive_utf16path
0010e844 000000a0 t _archiveUnmountDeviceStruct.part.0
0010e8e4 00000014 t archive_fchmod
0010e8f8 00000014 t archive_statvfs
0010e90c 00000158 t _archiveMountDevice
0010ea64 000000e8 t archive_diropen
0010eb4c 000000a4 t archive_fstat
0010ebf0 0000006c t archive_close
0010ec5c 0000006c t archive_fsync
0010ecc8 00000070 t archive_dirclose
0010ed38 000000e8 t sdmc_statvfs
0010ee20 00000080 t archive_ftruncate
0010eea0 000000fc t archive_chdir
0010ef9c 000000b0 t archive_read
0010f04c 000000ac t archive_unlink
0010f0f8 000000c8 t archive_rmdir
0010f1c0 000000ec t archive_mkdir
0010f2ac 000001a8 t archive_stat
0010f454 00000184 t archive_rename
0010f5d8 00000168 t archive_dirnext
0010f740 0000012c t archive_write
0010f86c 000001f0 t archive_open
0010fa5c 000001a4 T archiveMountSdmc
0010fc00 00000054 T archiveUnmountAll
0010fc54 000000b4 T ceilf
0010fd08 00000120 T __udivmoddi4
0010fe28 00000078 T bsearch
0010fea0 00000028 T calloc
0010fec8 00000094 T _calloc_r
0010ff5c 00000034 T exit
0010ff90 00000160 T _fclose_r
001100f0 00000258 T __sflush_r
00110348 00000094 T _fflush_r
001103dc 0000000c T _cleanup_r
001103e8 00000184 T __sinit
0011056c 0000000c T __sfp_lock_acquire
00110578 0000000c T __sfp_lock_release
00110584 0000003c T __libc_fini_array
001105c0 000000f8 T _malloc_trim_r
001106b8 000002e4 T _free_r
0011099c 00000070 T _fwalk_reent
00110a0c 0000007c T __libc_init_array
00110a88 00000138 T __smakebuf_r
00110bc0 00000028 T memalign
00110be8 00000148 T _memalign_r
00110d30 00000020 T malloc
00110d50 00000020 T free
00110d70 000007f0 T _malloc_r
00111560 0000011c T memcpy
0011167c 00000118 T memset
00111794 0000000c T __malloc_lock
001117a0 0000000c T __malloc_unlock
001117ac 00000958 T qsort
00112104 00000598 T _realloc_r
0011269c 000000cc T snprintf
00112768 00000044 T __sread
001127ac 00000068 T __swrite
00112814 00000048 T __sseek
0011285c 00000008 T __sclose
00112864 00000144 T strchr
001129a8 0000005c T strlen
00112a04 000000ec T strncat
00112af0 000000dc T strncmp
00112bcc 000000c0 T strncpy
00112c8c 00000048 T strnlen
00112cd4 0000064c t get_arg
00113320 00003808 T _svfprintf_r
00116b28 00000054 T _wcrtomb_r
00116b7c 00000028 T _wcsrtombs_r
00116ba4 00000114 T __call_exitprocs
00116cb8 000001a8 t quorem
00116e60 000012ec T _dtoa_r
0011814c 0000000c T _localeconv_r
00118158 00000010 T __locale_mb_cur_max
00118168 000002fc T __utf8_mbtowc
00118464 000000e0 T memchr
00118544 00000154 T memmove
00118698 00000088 T _Balloc
00118720 0000001c T _Bfree
0011873c 000000f4 T __multadd
00118830 00000058 T __hi0bits
00118888 0000009c T __lo0bits
00118924 000000a4 T __i2b
001189c8 00000204 T __multiply
00118bcc 00000120 T __pow5mult
00118cec 0000013c T __lshift
00118e28 00000058 T __mcmp
00118e80 000001cc T __mdiff
0011904c 0000012c T __d2b
00119178 000000a8 T frexp
00119220 00000188 T __ssprint_r
001193a8 00000190 T _wcsnrtombs_l
00119538 0000004c T _wcsnrtombs_r
00119584 000000f0 T __utf8_wctomb
00119674 0000005c T __assert_func
001196d0 0000003c T fiprintf
0011970c 0000064c t get_arg
00119d58 00000034 T __sprint_r
00119d8c 00002584 T _vfiprintf_r
0011c310 000000d4 t __sbprintf
0011c3e4 00000154 T __swsetup_r
0011c538 00000014 T abort
0011c54c 000004a4 T __sfvwrite_r
0011c9f0 00000098 T _raise_r
0011ca88 00000020 T raise
0011caa8 00000008 t null_write
0011cab0 00000018 T setDefaultDevice
0011cac8 000000c8 T FindDevice
0011cb90 00000028 T RemoveDevice
0011cbb8 0000009c T AddDevice
0011cc54 00000020 T GetDeviceOpTab
0011cc74 00000078 T _fstat_r
0011ccec 00000014 T _getpid_r
0011cd00 00000008 T _isatty_r
0011cd08 00000014 T _kill_r
0011cd1c 00000084 T _lseek_r
0011cda0 00000080 T _read_r
0011ce20 00000078 T _sbrk_r
0011ce98 00000080 T _write_r
0011cf18 00000024 T _exit
0011cf3c 000001b8 T _concatenate_path
0011d0f4 00000160 T chdir
0011d254 00000008 T __flockfile
0011d25c 00000008 T __funlockfile
0011d264 00000018 T __libc_lock_acquire
0011d27c 00000018 T __libc_lock_release
0011d294 00000018 T __libc_lock_init_recursive
0011d2ac 00000018 T __libc_lock_acquire_recursive
0011d2c4 00000018 T __libc_lock_release_recursive
0011d2dc 00000018 T __libc_lock_close_recursive
0011d2f4 0000003c T __get_handle
0011d330 000000f4 T _close_r
0011d424 00000028 T __getreent
0011d44c 00000044 T strrchr
0011d490 T _fini
0011e000 00000196 r teststring
0011e22c R render2d_shbin
0011e3b8 R render2d_shbin_end
0011e3b8 R render2d_shbin_size
0011e3bc 00000005 r colorFmtSizes
0011e3c4 00000004 r depthFmtSizes
0011e3c8 00000010 r CSWTCH.9
0011e3fc 00000008 r morton_x.3
0011e404 00000008 r morton_y.2
0011e40c 00000008 r s_sleepWakeEvents.4
0011e46c 00000070 r archive_devoptab
0011e4dc 00000030 r error_table
0011e50c 00000004 R _global_impure_ptr
0011e54c 00000010 r blanks.1
0011e55c 00000010 r zeroes.0
0011e57c r .LC2
0011e660 00000028 R __mprec_bigtens
0011e688 000000c8 R __mprec_tens
0011e750 0000000c r p05.0
0011e75c 0000006c R __action_table
0011e7c8 00000100 R __chclass
0011e8c8 0000006c R __state_table
0011e974 00000101 R _ctype_
0011ea78 00000010 r blanks.1
0011ea88 00000010 r zeroes.0
0011ea98 00000070 R dotab_stdnull
0011eb08 r 
0011eb08 R __exidx_end
0011eb08 R __exidx_start
0011f000 00000004 d framerate
0011f004 00000008 d framerateCounter
0011f00c 00000004 d queueLock
0011f010 00000004 d kCount
0011f014 00000004 d kDelay
0011f018 00000004 d kInterval
0011f01c W __stacksize__
0011f020 0000000c d __sfp_recursive_mutex
0011f02c 0000000c d __sinit_recursive_mutex
0011f038 00000004 D _impure_ptr
0011f040 00000460 d impure_data
0011f4a0 00000408 D __malloc_av_
0011f8a8 00000004 D __malloc_sbrk_base
0011f8ac 00000004 D __malloc_trim_threshold
0011f8b0 0000000c d __malloc_recursive_mutex
0011f8bc 0000000c D __atexit_recursive_mutex
0011f8c8 0000016c D __global_locale
0011fa34 00000004 d defaultDevice
0011fa38 0000008c D devoptab_list
0011fac4 00000400 d _current_working_directory
0011fec4 00000004 d __hndl_lock
0011fec8 0000000c d __stderr_handle
0011fed4 0000000c d __stdin_handle
0011fee0 0000000c d __stdout_handle
0011feec 00001000 d handles
00120ef4 d _GLOBAL_OFFSET_TABLE_
00120f00 d __frame_dummy_init_array_entry
00120f00 D __init_array_start
00120f00 B __preinit_array_end
00120f00 B __preinit_array_start
00120f00 D __tdata_lma
00120f00 D __tdata_lma_end
00120f04 d __do_global_dtors_aux_fini_array_entry
00120f04 D __fini_array_start
00120f04 D __init_array_end
00120f08 D __bss_start__
00120f08 D __fini_array_end
00120f08 00000004 B g_staticBuf
00120f0c 00000004 B g_dynamicBuf
00120f10 00000070 B g_staticText
00120f80 b completed.1
00120f84 b object.0
00120fa0 000005a0 B __C2Di_Context
00121540 00000040 b s_projBot
00121580 00000040 b s_projTop
001215c0 00000004 b uLoc_mdlvMtx
001215c4 00000004 b uLoc_projMtx
001215c8 00000004 b s_glyphSheets
001215cc 00000004 b s_textScale
001215d0 000002d0 B __C3D_Context
001218a0 0000000c b hookCookie
001218b0 00000010 b cpuTime
001218c0 00000004 b firstTarget
001218c4 00000008 b frameCounter
001218cc 00000004 b frameEndCb
001218d0 00000004 b frameEndCbData
001218d8 00000010 b gpuTime
001218e8 00000001 b inFrame
001218e9 00000001 b inSafeTransfer
001218ea 00000001 b isTopStereo
001218ec 00000004 b lastTarget
001218f0 0000000c b linkedTarget
001218fc 00000001 b measureGpuTime
001218fd 00000001 b needSwapBot
001218fe 00000001 b needSwapTop
00121900 00000004 B C3D_BoolUnifs
00121904 00000002 B C3D_BoolUnifsDirty
00121908 00000c00 B C3D_FVUnif
00122508 000000c0 B C3D_FVUnifDirty
001225c8 00000020 B C3D_IVUnif
001225e8 00000008 B C3D_IVUnifDirty
001225f0 000000c0 b C3Di_FVUnifEverDirty
001226b0 00000008 b C3Di_IVUnifEverDirty
001226b8 00000018 b C3Di_ShaderFVecData
001226d0 0000000c b sAddrMap
001226dc 00000008 b sVramPool
001226e4 00000008 b sLinearPool
001226ec 0000000c b sAddrMap
001226f8 00000001 V __ctru_speedup
001226fc 00000004 B g_sharedFont
00122700 00000004 b sharedFontAddr
00122704 00000004 b gfxBottomFramebufferMaxSize
00122708 00000008 b gfxBottomFramebuffers
00122710 00000002 b gfxCurBuf
00122714 00000002 b gfxFramebufferFormats
00122718 00000002 b gfxIsDoubleBuf
0012271a 00000001 b gfxIsVram
0012271c 00000004 b gfxTopFramebufferMaxSize
00122720 00000008 b gfxTopFramebuffers
00122728 00000001 b gfxTopMode
0012272c 00000004 b screenAlloc
00122730 00000004 b screenFree
00122734 00000004 b boundQueue
00122738 00000004 b curQueue
0012273c 00000001 b isActive
0012273d 00000001 b isRunning
0012273e 00000001 b shouldStop
00122740 00000004 B gpuCmdBuf
00122744 00000004 B gpuCmdBufOffset
00122748 00000004 B gpuCmdBufSize
0012274c 00000004 b gspEvent
00122750 0000001c b gspEventCb
0012276c 0000001c b gspEventCbData
00122788 00000007 b gspEventCbOneShot
00122790 00000004 b gspEventThread
00122794 00000038 b gspEvents
001227cc 00000004 b gspGpuHandle
001227d0 00000001 b gspGpuRight
001227d4 00000004 b gspLastEvent
001227d8 00000004 b gspRefCount
001227dc 00000001 b gspRunEvents
001227e0 00000004 b gspSharedMem
001227e4 00000004 b gspSharedMemHandle
001227e8 00000001 b gspThreadId
001227e9 00000001 b aptChainloadFlags
001227ea 00000001 b aptChainloadMediatype
001227f0 00000008 b aptChainloadTid
001227f8 00000004 b aptEventHandlerThread
001227fc 00000001 b aptEventHandlerThreadQuit
00122800 00000008 b aptEvents
00122808 0000000c b aptFirstHook
00122814 00000004 b aptFlags
00122818 00000001 b aptHomeButtonState
0012281c 00000004 b aptLockHandle
00122820 00000004 b aptMessageFunc
00122824 00000004 b aptMessageFuncData
00122828 00001000 b aptParameters
00123828 00000008 b aptReceiveEvent
00123830 00000004 b aptRefCount
00123834 00000008 b aptSleepEvent
0012383c 00000001 b flagInit.1
0012383d 00000001 b flagValue.0
00123840 00000004 b serviceName.6
00123844 00000006 b aVec
0012384c 00000004 b cPos
00123850 00000006 b gRate
00123858 00000014 B hidEvents
0012386c 00000004 B hidHandle
00123870 00000004 B hidMemHandle
00123874 00000004 b hidRefCount
00123878 00000004 B hidSharedMem
0012387c 00000004 b kDown
00123880 00000004 b kHeld
00123884 00000004 b kOld
00123888 00000004 b kRepeat
0012388c 00000004 b kUp
00123890 00000004 b tPos
00123894 00000001 b usingIrrst
00123898 00000004 b ptmSysmHandle
0012389c 00000004 b ptmSysmRefCount
001238a0 00000080 b fsExemptArchives
00123920 00000004 b fsuHandle
00123924 00000004 b fsuRefCount
00123928 00000004 B __ctru_heap
0012392c 00000004 V __ctru_heap_size
00123930 00000004 B __ctru_linear_heap
00123934 00000004 V __ctru_linear_heap_size
00123938 00000004 B __system_retAddr
0012393c 00000004 B __system_argc
00123940 00000004 B __system_argv
00123944 b saved_stack
0012394c 00000004 b arbiter
00123950 00000004 b srvHandle
00123954 00000004 b srvRefCount
00123958 00000004 b currentAddr
0012395c 00000004 b maxAddr
00123960 00000004 b minAddr
00123964 00000004 b csPos
00123968 00000004 B irrstEvent
0012396c 00000004 B irrstHandle
00123970 00000004 B irrstMemHandle
00123974 00000004 b irrstRefCount
00123978 00000004 B irrstSharedMem
0012397c 00000004 b kHeld
00123980 00000004 b srvPmHandle
00123984 00000004 b archive_device_cwd
00123988 00000540 b archive_devices
00123ec8 00000001 b archive_initialized
00123ecc 00000028 B __malloc_current_mallinfo
00123ef4 00000004 B __malloc_max_sbrked_mem
00123ef8 00000004 B __malloc_max_total_mem
00123efc 00000004 B __malloc_top_pad
00123f00 00000004 b heap_start.0
00123f04 00000004 B fake_heap_end
00123f08 00000004 B fake_heap_start
00123f0c 00000400 b temp_cwd
0012430c 00000048 B __syscalls
00124354 B __tls_start
00124f5c B __bss_end__
00124f5c A __end__
00124f5c B __tls_end
