         w __deregister_frame_info
         w __register_frame_info
         w userAppExit
         w userAppInit
00000000 00000401 B __ctru_dev_path_buf
00000000 b _TLS_MODULE_BASE_
00000000 a shift
00000000 a shift
00000404 00000802 B __ctru_dev_utf16_buf
00100000 A __start__
00100000 T _start
00100008 T __service_ptr
0010000c T __apt_appid
00100010 T __heap_size
00100014 T __linear_heap_size
00100018 T __system_arglist
0010001c T __system_runflags
00100020 t startup
00100058 t ClearMem
0010006c t ClrLoop
00100094 T _init
001000ac T __aeabi_idiv
001000ac 00000220 T __divsi3
001000b4 t .divsi3_skip_div0_test
001002cc 00000020 T __aeabi_idivmod
001002ec 00000004 W __aeabi_idiv0
001002ec 00000004 W __aeabi_ldiv0
001002f0 T __aeabi_drsub
001002f8 000002b0 T __aeabi_dsub
001002f8 000002b0 T __subdf3
001002fc 000002ac T __adddf3
001002fc 000002ac T __aeabi_dadd
001005a8 00000024 T __aeabi_ui2d
001005a8 00000024 T __floatunsidf
001005cc 00000028 T __aeabi_i2d
001005cc 00000028 T __floatsidf
001005f4 00000048 T __aeabi_f2d
001005f4 00000048 T __extendsfdf2
0010063c 00000074 T __aeabi_ul2d
0010063c 00000074 T __floatundidf
00100650 00000060 T __aeabi_l2d
00100650 00000060 T __floatdidf
001006b0 T __aeabi_ldivmod
00100784 T __aeabi_uldivmod
001007c8 00000390 T strcmp
00100b50 t .udivsi3_skip_div0_test
00100b50 T __aeabi_uidiv
00100b50 000001ec T __udivsi3
00100d3c 00000020 T __aeabi_uidivmod
00100d5c t __do_global_dtors_aux
00100d9c t frame_dummy
00100dc8 0000026c T main
00101034 00000034 t C2Di_FrameEndHook
00101068 00000330 T C2D_Init
00101398 00000044 T C2D_Fini
001013dc 000000d0 T C2D_Prepare
001014ac 0000003c T C2D_Flush
001014e8 00000108 T C2D_SceneSize
001015f0 00000058 T C2D_CreateScreenTarget
00101648 00000058 T C2D_TargetClear
001016a0 0000022c T C2Di_Update
001018cc 00000134 T C2D_DrawTriangle
00101a00 000001b0 T C2D_DrawRectangle
00101bb0 000001a8 T C2D_DrawEllipse
00101d58 00000004 W C3Di_LightEnvUpdate
00101d5c 00000004 W C3Di_LightEnvDirty
00101d60 000000b4 t C3Di_AptEventHook
00101e14 00000004 W C3Di_GasUpdate
00101e18 000001e0 T C3D_Init
00101ff8 00000098 T C3D_SetViewport
00102090 000004ec T C3Di_UpdateContext
0010257c 000000e0 T C3Di_SplitFrame
0010265c 00000010 T C3D_GetCmdBufUsage
0010266c 00000044 T C3D_Fini
001026b0 00000108 T C3D_BindProgram
001027b8 0000004c t onVBlank0
00102804 0000004c t onVBlank1
00102850 00000080 t C3Di_RenderTargetDestroy
001028d0 000000f4 t onQueueFinish
001029c4 00000038 T C3Di_RenderQueueEnableVBlank
001029fc 00000030 T C3Di_RenderQueueDisableVBlank
00102a2c 00000060 T C3Di_RenderQueueInit
00102a8c 000000b0 T C3Di_RenderQueueExit
00102b3c 00000034 T C3Di_RenderQueueWaitDone
00102b70 000000e4 T C3D_FrameBegin
00102c54 00000048 T C3D_FrameDrawOn
00102c9c 00000058 T C3D_FrameSplit
00102cf4 000001d8 T C3D_FrameEnd
00102ecc 0000001c T C3D_FrameEndHook
00102ee8 00000018 T C3D_GetDrawingTime
00102f00 00000018 T C3D_GetProcessingTime
00102f18 00000128 T C3D_RenderTargetCreate
00103040 000000a8 T C3D_RenderTargetSetOutput
001030e8 00000044 T C3D_TexBind
0010312c 0000016c T C3Di_SetTex
00103298 0000001c T C3D_CalcColorBufSize
001032b4 0000001c T C3D_CalcDepthBufSize
001032d0 00000044 T C3D_SetFrameBuf
00103314 0000016c T C3Di_FrameBufBind
00103480 000000cc T C3D_FrameBufClear
0010354c 00000044 T C3D_FrameBufTransfer
00103590 00000034 T C3D_GetTexEnv
001035c4 00000024 T C3Di_TexEnvBind
001035e8 00000070 T C3D_ProcTexInit
00103658 00000054 T C3D_ProcTexBind
001036ac 0000005c T C3D_ProcTexLutBind
00103708 000000a4 T ProcTexLut_FromArray
001037ac 0000017c T C3Di_ProcTexUpdate
00103928 00000068 T C3Di_ProcTexDirty
00103990 00000024 T BufInfo_Init
001039b4 00000080 T BufInfo_Add
00103a34 00000040 T C3D_SetBufInfo
00103a74 00000048 T C3Di_BufInfoBind
00103abc 00000148 T C3D_DrawArrays
00103c04 00000040 T C3D_DepthMap
00103c44 0000001c T C3D_CullFace
00103c60 00000040 T C3D_StencilTest
00103ca0 00000024 T C3D_StencilOp
00103cc4 0000001c T C3D_BlendingColor
00103ce0 00000024 T C3D_EarlyDepthTest
00103d04 0000002c T C3D_DepthTest
00103d30 0000002c T C3D_AlphaTest
00103d5c 00000050 T C3D_AlphaBlend
00103dac 00000030 T C3D_FragOpMode
00103ddc 00000044 T C3D_FragOpShadow
00103e20 000001ac T C3Di_EffectBind
00103fcc 00000028 T AttrInfo_Init
00103ff4 00000098 T AttrInfo_AddLoader
0010408c 00000054 T C3D_SetAttrInfo
001040e0 00000080 T C3Di_AttrInfoBind
00104160 000000a8 T C3D_ImmSendAttrib
00104208 0000029c T C3D_UpdateUniforms
001044a4 000000c0 T C3Di_DirtyUniforms
00104564 000000d8 T C3Di_LoadShaderUniforms
0010463c 00000028 T C3Di_ClearShaderUniforms
00104664 000000cc T Mtx_Ortho
00104730 000000cc T Mtx_OrthoTilt
001047fc 00000024 t addrMapNodeComparator(rbtree_node const*, rbtree_node const*)
00104820 00000004 t addrMapNodeDestructor(rbtree_node*)
00104824 00000114 T vramMemAlign
00104938 00000008 T vramAlloc
00104940 0000005c T vramFree
0010499c 00000024 t addrMapNodeComparator(rbtree_node const*, rbtree_node const*)
001049c0 00000004 t addrMapNodeDestructor(rbtree_node*)
001049c4 00000120 T linearMemAlign
00104ae4 00000008 T linearAlloc
00104aec 0000005c T linearFree
00104b48 00000084 T MemPool::CoalesceRight(MemBlock*)
00104bcc 00000170 T MemPool::Allocate(MemChunk&, unsigned long, int)
00104d3c 000000fc T MemPool::Deallocate(MemChunk const&)
00104e38 00000074 T osConvertVirtToPhys
00104eac 00000054 T osGetTimeRef
00104f00 000000e4 T osGetTime
00104fe4 00000074 T __libctru_gtod
00105058 00000038 T osTickCounterRead
00105090 00000034 T __ctru_speedup_config
001050c4 00000178 T consoleDrawChar
0010523c 00000124 T consolePrintChar
00105360 00000a00 T con_write
00105d60 00000168 T consoleInit
00105ec8 000000f4 t newRow
00105fbc 000000d0 t gfxPresentFramebuffer
0010608c 0000001c T gfxIsWide
001060a8 000000ec T gfxSetScreenFormat
00106194 00000010 T gfxSetDoubleBuffering
001061a4 00000108 T gfxInit
001062ac 00000010 T gfxInitDefault
001062bc 000000b4 T gfxExit
00106370 000000a0 T gfxGetFramebuffer
00106410 0000010c T gfxFlushBuffers
0010651c 00000030 T gfxScreenSwapBuffers
0010654c 00000050 T gfxSwapBuffersGpu
0010659c 000001e0 T shaderInstanceInit
0010677c 00000018 T shaderInstanceGetUniformLocation
00106794 0000001c T shaderProgramInit
001067b0 00000064 T shaderProgramFree
00106814 00000080 T shaderProgramSetVsh
00106894 000008c0 T shaderProgramConfigure
00107154 000001f8 t DVLE_GenerateOutmap.part.0
0010734c 000001cc T DVLB_ParseFile
00107518 00000038 T DVLB_Free
00107550 00000074 T DVLE_GetUniformRegister
001075c4 00000010 T GX_BindQueue
001075d4 00000078 T GX_ProcessCommandList
0010764c 00000074 T GX_MemoryFill
001076c0 00000070 T GX_DisplayTransfer
00107730 00000068 t gxCmdQueueDoCommands.part.0
00107798 000000c8 T gxCmdQueueInterrupt
00107860 0000004c T gxCmdQueueClear
001078ac 000000f8 T gxCmdQueueAdd
001079a4 00000080 T gxCmdQueueRun
00107a24 00000060 T gxCmdQueueStop
00107a84 00000074 T gxCmdQueueWait
00107af8 0000013c T GPUCMD_Add
00107c34 000000ac T GPUCMD_Split
00107ce0 00000040 T f32tof16
00107d20 00000040 T f32tof24
00107d60 00000044 T f32tof31
00107da4 00000c58 t gspHardwareInit
001089fc 00000254 T gspInit
00108c50 000000f0 T gspExit
00108d40 00000010 T gspHasGpuRight
00108d50 00000098 T gspPresentBuffer
00108de8 00000030 T gspSetEventCallback
00108e18 00000050 T gspWaitForEvent
00108e68 0000004c T gspWaitForAnyEvent
00108eb4 00000160 t gspEventThreadMain
00109014 00000130 T gspSubmitGxCommand
00109144 00000050 T GSPGPU_FlushDataCache
00109194 00000034 T GSPGPU_SetLcdForceBlack
001091c8 00000068 T GSPGPU_AcquireRight
00109230 00000048 T GSPGPU_ReleaseRight
00109278 0000007c T GSPGPU_ImportDisplayCaptureInfo
001092f4 0000002c T GSPGPU_SaveVramSysArea
00109320 0000002c T GSPGPU_RestoreVramSysArea
0010934c 000001b0 t aptConvertScreenForCapture
001094fc 00000008 W aptDspSleep
00109504 00000004 W aptDspWakeup
00109508 00000004 W aptDspCancel
0010950c 0000015c T aptSendCommand
00109668 00000038 t aptExitProcess
001096a0 000002f0 T aptExit
00109990 000000d8 T aptHandleSleep
00109a68 00000030 T aptHook
00109a98 00000030 T aptUnhook
00109ac8 00000084 T APT_SleepIfShellClosed
00109b4c 00000084 T aptSetSleepAllowed
00109bd0 00000084 T APT_UnlockTransition
00109c58 00000484 t aptEventHandler
0010a0dc 000000b0 T APT_ReceiveParameter
0010a18c 000000b0 t aptReceiveParameter.constprop.0
0010a240 000002bc t aptScreenTransfer
0010a4fc 000002d0 t aptWaitForWakeUp.isra.0
0010a7cc 000000f8 T aptJumpToHomeMenu
0010a8c4 0000004c T aptMainLoop
0010a910 00000234 T aptInit
0010ab44 0000007c T APT_CheckNew3DS
0010abc0 00000024 W hidShouldUseIrrst
0010abe4 0000018c T hidInit
0010ad70 000000e8 T hidExit
0010ae58 00000294 T hidScanInput
0010b0ec 00000010 T hidKeysDown
0010b0fc 00000074 T ptmSysmInit
0010b170 0000003c T ptmSysmExit
0010b1ac 00000034 T PTMSYSM_ConfigureNew3DSCPU
0010b1e0 00000010 T rbtree_init
0010b1f0 000001a0 t do_insert
0010b390 00000008 T rbtree_insert
0010b398 00000090 T rbtree_rotate
0010b428 00000338 T rbtree_remove
0010b760 00000074 T rbtree_find
0010b7d8 000001e0 W __system_allocateHeaps
0010b9b8 00000038 W __libctru_init
0010b9f0 000000f0 W __system_initArgv
0010bae0 T svcControlMemory
0010bb00 T svcQueryMemory
0010bb30 T svcExitProcess
0010bb38 T svcCreateThread
0010bb58 T svcExitThread
0010bb60 T svcSleepThread
0010bb68 T svcReleaseMutex
0010bb70 T svcCreateEvent
0010bb84 T svcSignalEvent
0010bb8c T svcClearEvent
0010bb94 T svcMapMemoryBlock
0010bb9c T svcUnmapMemoryBlock
0010bba4 T svcCreateAddressArbiter
0010bbb8 T svcArbitrateAddressNoTimeout
0010bbc0 T svcCloseHandle
0010bbc8 T svcWaitSynchronization
0010bbd0 T svcWaitSynchronizationN
0010bbf8 T svcDuplicateHandle
0010bc0c T svcGetSystemTick
0010bc14 T svcConnectToPort
0010bc28 T svcSendSyncRequest
0010bc30 T svcGetResourceLimit
0010bc44 T svcGetResourceLimitLimitValues
0010bc4c T svcGetResourceLimitCurrentValues
0010bc54 T svcBreak
0010bc5c W initSystem
0010bcac W __ctru_exit
0010bcc4 0000000c T __sync_init
0010bcd0 00000018 T __sync_fini
0010bce8 0000002c T syncArbitrateAddress
0010bd14 0000001c T LightLock_Init
0010bd30 00000094 T LightLock_Lock
0010bdc4 00000044 T LightLock_TryLock
0010be08 00000040 T LightLock_Unlock
0010be48 00000024 T RecursiveLock_Init
0010be6c 00000030 T RecursiveLock_Lock
0010be9c 00000078 T RecursiveLock_TryLock
0010bf14 00000054 T RecursiveLock_Unlock
0010bf68 00000040 T LightEvent_Init
0010bfa8 000000a4 T LightEvent_Clear
0010c04c 000000c8 T LightEvent_Signal
0010c114 00000058 T LightEvent_TryWait
0010c16c 000000b0 T LightEvent_Wait
0010c21c 00000124 T srvInit
0010c340 00000058 T srvExit
0010c398 00000080 T srvGetServiceHandleDirect
0010c418 00000048 T srvGetServiceHandle
0010c460 00000038 T srvPublishToSubscriber
0010c498 00000188 T threadCreate
0010c620 0000002c T threadFree
0010c64c 00000024 T threadJoin
0010c670 00000030 T threadGetCurrent
0010c6a0 00000040 T threadExit
0010c6e0 00000044 t _thread_begin
0010c724 00000094 t mappableFindAddressWithin
0010c7b8 00000028 T mappableInit
0010c7e0 00000080 T mappableAlloc
0010c860 00000004 T mappableFree
0010c864 00000160 T irrstInit
0010c9c4 000000cc T irrstExit
0010ca90 000000b0 T irrstScanInput
0010cb40 00000024 T irrstKeysHeld
0010cb64 0000000c T srvPmGetSessionHandle
0010cb70 00000050 T rbtree_node_next
0010cbc0 00000030 W __appInit
0010cbf0 00000030 t __libctru_nanosleep
0010cc20 00000030 t __libctru_get_reent
0010cc50 000000f8 T __system_initSyscalls
0010cd48 00000030 W __appExit
0010cd78 00000090 W __libctru_exit
0010ce08 00000084 W envGetHandle
0010ce8c 00000050 W envDestroyHandles
0010cedc 00000014 t archive_link
0010cef0 00000014 t archive_dirreset
0010cf04 00000014 t archive_chmod
0010cf18 00000024 t error_cmp
0010cf3c 00000050 t archive_translate_error
0010cf8c 000000d4 t archive_seek
0010d060 0000007c t _archiveInit.part.0
0010d0dc 0000008c t archiveFindDevice.part.0
0010d168 00000294 t archive_utf16path
0010d3fc 000000a0 t _archiveUnmountDeviceStruct.part.0
0010d49c 00000014 t archive_fchmod
0010d4b0 00000014 t archive_statvfs
0010d4c4 00000158 t _archiveMountDevice
0010d61c 000000e8 t archive_diropen
0010d704 000000a4 t archive_fstat
0010d7a8 0000006c t archive_close
0010d814 0000006c t archive_fsync
0010d880 00000070 t archive_dirclose
0010d8f0 000000e8 t sdmc_statvfs
0010d9d8 00000080 t archive_ftruncate
0010da58 000000fc t archive_chdir
0010db54 000000b0 t archive_read
0010dc04 000000ac t archive_unlink
0010dcb0 000000c8 t archive_rmdir
0010dd78 000000ec t archive_mkdir
0010de64 000001a8 t archive_stat
0010e00c 00000184 t archive_rename
0010e190 00000168 t archive_dirnext
0010e2f8 0000012c t archive_write
0010e424 000001f0 t archive_open
0010e614 000001a4 T archiveMountSdmc
0010e7b8 00000054 T archiveUnmountAll
0010e80c 000000c8 T fsInit
0010e8d4 0000003c T fsExit
0010e910 00000060 T fsExemptFromSession
0010e970 00000050 T fsUnexemptFromSession
0010e9c0 000000cc T FSUSER_OpenFile
0010ea8c 000000bc T FSUSER_DeleteFile
0010eb48 000000f8 T FSUSER_RenameFile
0010ec40 000000bc T FSUSER_DeleteDirectory
0010ecfc 000000d4 T FSUSER_CreateFile
0010edd0 000000c4 T FSUSER_CreateDirectory
0010ee94 000000f8 T FSUSER_RenameDirectory
0010ef8c 000000b4 T FSUSER_OpenDirectory
0010f040 00000094 T FSUSER_OpenArchive
0010f0d4 0000008c T FSUSER_CloseArchive
0010f160 00000074 T FSUSER_GetSdmcArchiveResource
0010f1d4 00000064 T FSUSER_IsSdmcWritable
0010f238 00000058 T FSFILE_Read
0010f290 00000060 T FSFILE_Write
0010f2f0 00000038 T FSFILE_GetSize
0010f328 00000028 T FSFILE_SetSize
0010f350 0000003c T FSFILE_Close
0010f38c 00000024 T FSFILE_Flush
0010f3b0 00000050 T FSDIR_Read
0010f400 0000003c T FSDIR_Close
0010f43c 000000e8 T utf16_to_utf8
0010f524 00000064 T decode_utf16
0010f588 0000013c T decode_utf8
0010f6c4 000000c0 T utf8_to_utf16
0010f784 T __aeabi_read_tp
0010f790 00000060 T encode_utf16
0010f7f0 000000fc T encode_utf8
0010f8ec 00000120 T __udivmoddi4
0010fa0c 00000078 T bsearch
0010fa84 00000028 T calloc
0010faac 00000094 T _calloc_r
0010fb40 0000000c T __errno
0010fb4c 00000034 T exit
0010fb80 0000003c T __libc_fini_array
0010fbbc 0000007c T __libc_init_array
0010fc38 00000028 T memalign
0010fc60 00000148 T _memalign_r
0010fda8 00000020 T malloc
0010fdc8 00000020 T free
0010fde8 000007f0 T _malloc_r
001105d8 000000e0 T memchr
001106b8 0000011c T memcpy
001107d4 00000118 T memset
001108ec 0000000c T __malloc_lock
001108f8 0000000c T __malloc_unlock
00110904 00000034 T printf
00110938 00000260 T setvbuf
00110b98 00000074 T sscanf
00110c0c 00000044 T __sread
00110c50 00000008 T __seofread
00110c58 00000068 T __swrite
00110cc0 00000048 T __sseek
00110d08 00000008 T __sclose
00110d10 0000005c T strlen
00110d6c 000000ec T strncat
00110e58 000000dc T strncmp
00110f34 000000c0 T strncpy
00110ff4 00000048 T strnlen
0011103c 00000050 t get_arg
0011108c 00002b68 T __ssvfscanf_r
00113bf4 0000064c t get_arg
00114240 00000034 T __sprint_r
00114274 00002584 T _vfiprintf_r
001167f8 000000d4 t __sbprintf
001168cc 0000064c t get_arg
00116f18 000038d4 T _vfprintf_r
0011a7ec 000000d4 t __sbprintf
0011a8c0 00000054 T _wcrtomb_r
0011a914 00000028 T _wcsrtombs_r
0011a93c 00000154 T __swsetup_r
0011aa90 00000114 T __call_exitprocs
0011aba4 000001a8 t quorem
0011ad50 000012ec T _dtoa_r
0011c03c 00000258 T __sflush_r
0011c294 00000094 T _fflush_r
0011c328 0000000c T _cleanup_r
0011c334 00000184 T __sinit
0011c4b8 0000000c T __sfp_lock_acquire
0011c4c4 0000000c T __sfp_lock_release
0011c4d0 000000f8 T _malloc_trim_r
0011c5c8 000002e4 T _free_r
0011c8ac 000004a4 T __sfvwrite_r
0011cd50 00000070 T _fwalk_reent
0011cdc0 00000008 T iswspace
0011cdc8 0000000c T _localeconv_r
0011cdd4 00000010 T __locale_mb_cur_max
0011cde4 00000138 T __smakebuf_r
0011cf1c 00000094 T __swhatbuf_r
0011cfb0 00000068 T _mbrtowc_r
0011d018 000002fc T __utf8_mbtowc
0011d314 00000154 T memmove
0011d468 00000088 T _Balloc
0011d4f0 0000001c T _Bfree
0011d50c 000000f4 T __multadd
0011d600 00000110 T __s2b
0011d710 00000058 T __hi0bits
0011d768 0000009c T __lo0bits
0011d804 000000a4 T __i2b
0011d8a8 00000204 T __multiply
0011daac 00000120 T __pow5mult
0011dbcc 0000013c T __lshift
0011dd08 00000058 T __mcmp
0011dd60 000001cc T __mdiff
0011df2c 00000088 T __ulp
0011dfb4 000000d4 T __b2d
0011e088 0000012c T __d2b
0011e1b4 00000078 T __ratio
0011e22c 00000088 T __copybits
0011e2b4 0000005c T __any_on
0011e310 00000028 T realloc
0011e338 00000598 T _realloc_r
0011e8d0 000000e4 T __sccl
0011e9b4 0000000c T nanf
0011e9c0 000000a8 T frexp
0011ea68 00000064 T sprintf
0011eacc 000000b8 T stpncpy
0011eb84 00000144 T strchr
0011ecc8 0000130c T _strtod_l
0011ffd4 0000000c T _strtod_r
0011ffe0 0000022c t _strtoll_l.constprop.0
0012020c 00000004 T _strtoll_r
00120210 000001b0 t _strtol_l.part.0
001203c0 0000003c T _strtol_r
001203fc 00000244 t _strtoull_l.constprop.0
00120640 00000004 T _strtoull_r
00120644 000001c8 t _strtoul_l.constprop.0
0012080c 00000004 T _strtoul_r
00120810 00000188 T __ssprint_r
00120998 000000e0 T _sungetc_r
00120a78 0000006c T __ssrefill_r
00120ae4 000000c8 T _sfread_r
00120bac 0000064c t get_arg
001211f8 00003808 T _svfprintf_r
00124a00 000000a8 T __submore
00124aa8 00000190 T _wcsnrtombs_l
00124c38 0000004c T _wcsnrtombs_r
00124c84 000000f0 T __utf8_wctomb
00124d74 0000005c T __assert_func
00124dd0 00000160 T _fclose_r
00124f30 0000003c T fiprintf
00124f6c 000000ec t rshift
00125058 00000928 T __gethex
00125980 0000004c T __match
001259cc 0000029c T __hexnan
00125c68 0000003c T iswspace_l
00125ca4 000001d4 t __jp2uc
00125e78 0000009c T _jp2uc_l
00125f18 00000010 T nan
00125f28 00000014 T abort
00125f3c 00000084 T category
00125fc0 00000098 T _raise_r
00126058 00000020 T raise
00126078 00000008 t null_write
00126080 00000018 T setDefaultDevice
00126098 000000c8 T FindDevice
00126160 00000028 T RemoveDevice
00126188 0000009c T AddDevice
00126224 00000020 T GetDeviceOpTab
00126244 00000078 T _fstat_r
001262bc 00000014 T _getpid_r
001262d0 00000008 T _isatty_r
001262d8 00000014 T _kill_r
001262ec 00000084 T _lseek_r
00126370 00000080 T _read_r
001263f0 00000078 T _sbrk_r
00126468 00000080 T _write_r
001264e8 00000024 T _exit
0012650c 000001b8 T _concatenate_path
001266c4 00000160 T chdir
00126824 00000008 T __flockfile
0012682c 00000008 T __funlockfile
00126834 00000018 T __libc_lock_acquire
0012684c 00000018 T __libc_lock_release
00126864 00000018 T __libc_lock_init_recursive
0012687c 00000018 T __libc_lock_acquire_recursive
00126894 00000018 T __libc_lock_release_recursive
001268ac 00000018 T __libc_lock_close_recursive
001268c4 0000003c T __get_handle
00126900 000000f4 T _close_r
001269f4 00000028 T __getreent
00126a1c 00000038 T __aeabi_d2lz
00126a1c 00000038 T __fixdfdi
00126a58 00000040 T __aeabi_d2ulz
00126a58 00000040 T __fixunsdfdi
00126a98 00000044 T strrchr
00126adc T _fini
00127098 R render2d_shbin
00127224 R render2d_shbin_end
00127224 R render2d_shbin_size
00127228 00000005 r colorFmtSizes
00127230 00000004 r depthFmtSizes
00127234 00000010 r CSWTCH.9
001272a8 00000030 r colorTable
001272d8 00000070 r dotab_stdout
0012736c 00000008 r morton_x.3
00127374 00000008 r morton_y.2
0012737c 00000008 r s_sleepWakeEvents.4
001273a8 R default_font_bin
00127ba8 R default_font_bin_end
00127bd4 00000070 r archive_devoptab
00127c44 00000030 r error_table
00127c7c 00000004 R _global_impure_ptr
00127c88 00000022 r basefix.0
00127cd4 00000010 r blanks.1
00127ce4 00000010 r zeroes.0
00127d08 00000010 r blanks.1
00127d18 00000010 r zeroes.0
00127d28 00000101 R _ctype_
00127e3c r .LC2
00127f20 00000028 R __mprec_bigtens
00127f48 000000c8 R __mprec_tens
00128010 0000000c r p05.0
0012802c 00000014 r fpi.1
00128040 00000014 r fpinan.0
00128058 00000028 r tinytens
00128080 0000006c R __action_table
001280ec 00000100 R __chclass
001281ec 0000006c R __state_table
00128258 00000010 r blanks.1
00128268 00000010 r zeroes.0
00128300 00000100 R __hexdig
00128414 000000bc r a1
001284d0 000000bc r a2
0012858c 0000005b r a3
001285e8 00000070 r a6
00128658 000000a2 r a7
001286fc 00000040 r a8
0012873c 0000172a r b02cf
00129e68 00001a7c r d02f4
0012b8e4 0000000c R _C_numeric_locale
0012b8f0 000031e6 r categories
0012ead8 00000070 R dotab_stdnull
0012eb48 r 
0012eb48 R __exidx_end
0012eb48 R __exidx_start
0012f000 00000004 d framerate
0012f004 00000008 d framerateCounter
0012f00c 00000004 D currentConsole
0012f010 0000004c D defaultConsole
0012f05c 00000001 d firstConsoleInit.0
0012f060 00000004 d queueLock
0012f064 00000004 d kCount
0012f068 00000004 d kDelay
0012f06c 00000004 d kInterval
0012f070 W __stacksize__
0012f074 00000004 D _impure_ptr
0012f078 00000460 d impure_data
0012f4d8 00000408 D __malloc_av_
0012f8e0 00000004 D __malloc_sbrk_base
0012f8e4 00000004 D __malloc_trim_threshold
0012f8e8 0000000c d __malloc_recursive_mutex
0012f8f4 0000000c D __atexit_recursive_mutex
0012f900 0000000c d __sfp_recursive_mutex
0012f90c 0000000c d __sinit_recursive_mutex
0012f918 0000016c D __global_locale
0012fa84 00000002 d numempty
0012fa88 00000004 d defaultDevice
0012fa8c 0000008c D devoptab_list
0012fb18 00000400 d _current_working_directory
0012ff18 00000004 d __hndl_lock
0012ff1c 0000000c d __stderr_handle
0012ff28 0000000c d __stdin_handle
0012ff34 0000000c d __stdout_handle
0012ff40 00001000 d handles
00130f48 d _GLOBAL_OFFSET_TABLE_
00130f54 d __frame_dummy_init_array_entry
00130f54 D __init_array_start
00130f54 B __preinit_array_end
00130f54 B __preinit_array_start
00130f54 D __tdata_lma
00130f54 D __tdata_lma_end
00130f58 d __do_global_dtors_aux_fini_array_entry
00130f58 D __fini_array_start
00130f58 D __init_array_end
00130f5c D __bss_start__
00130f5c D __fini_array_end
00130f5c b completed.1
00130f60 b object.0
00130f78 000005a0 B __C2Di_Context
00131518 00000040 b s_projBot
00131558 00000040 b s_projTop
00131598 00000004 b uLoc_mdlvMtx
0013159c 00000004 b uLoc_projMtx
001315a0 000002d0 B __C3D_Context
00131870 0000000c b hookCookie
00131880 00000010 b cpuTime
00131890 00000004 b firstTarget
00131894 00000008 b frameCounter
0013189c 00000004 b frameEndCb
001318a0 00000004 b frameEndCbData
001318a8 00000010 b gpuTime
001318b8 00000001 b inFrame
001318b9 00000001 b inSafeTransfer
001318ba 00000001 b isTopStereo
001318bc 00000004 b lastTarget
001318c0 0000000c b linkedTarget
001318cc 00000001 b measureGpuTime
001318cd 00000001 b needSwapBot
001318ce 00000001 b needSwapTop
001318d0 00000004 B C3D_BoolUnifs
001318d4 00000002 B C3D_BoolUnifsDirty
001318d8 00000c00 B C3D_FVUnif
001324d8 000000c0 B C3D_FVUnifDirty
00132598 00000020 B C3D_IVUnif
001325b8 00000008 B C3D_IVUnifDirty
001325c0 000000c0 b C3Di_FVUnifEverDirty
00132680 00000008 b C3Di_IVUnifEverDirty
00132688 00000018 b C3Di_ShaderFVecData
001326a0 0000000c b sAddrMap
001326ac 00000008 b sVramPool
001326b4 00000008 b sLinearPool
001326bc 0000000c b sAddrMap
001326c8 00000001 V __ctru_speedup
001326cc 0000004c B currentCopy
00132718 00000004 b gfxBottomFramebufferMaxSize
0013271c 00000008 b gfxBottomFramebuffers
00132724 00000002 b gfxCurBuf
00132728 00000002 b gfxFramebufferFormats
0013272c 00000002 b gfxIsDoubleBuf
0013272e 00000001 b gfxIsVram
00132730 00000004 b gfxTopFramebufferMaxSize
00132734 00000008 b gfxTopFramebuffers
0013273c 00000001 b gfxTopMode
00132740 00000004 b screenAlloc
00132744 00000004 b screenFree
00132748 00000004 b boundQueue
0013274c 00000004 b curQueue
00132750 00000001 b isActive
00132751 00000001 b isRunning
00132752 00000001 b shouldStop
00132754 00000004 B gpuCmdBuf
00132758 00000004 B gpuCmdBufOffset
0013275c 00000004 B gpuCmdBufSize
00132760 00000004 b gspEvent
00132764 0000001c b gspEventCb
00132780 0000001c b gspEventCbData
0013279c 00000007 b gspEventCbOneShot
001327a4 00000004 b gspEventThread
001327a8 00000038 b gspEvents
001327e0 00000004 b gspGpuHandle
001327e4 00000001 b gspGpuRight
001327e8 00000004 b gspLastEvent
001327ec 00000004 b gspRefCount
001327f0 00000001 b gspRunEvents
001327f4 00000004 b gspSharedMem
001327f8 00000004 b gspSharedMemHandle
001327fc 00000001 b gspThreadId
001327fd 00000001 b aptChainloadFlags
001327fe 00000001 b aptChainloadMediatype
00132800 00000008 b aptChainloadTid
00132808 00000004 b aptEventHandlerThread
0013280c 00000001 b aptEventHandlerThreadQuit
00132810 00000008 b aptEvents
00132818 0000000c b aptFirstHook
00132824 00000004 b aptFlags
00132828 00000001 b aptHomeButtonState
0013282c 00000004 b aptLockHandle
00132830 00000004 b aptMessageFunc
00132834 00000004 b aptMessageFuncData
00132838 00001000 b aptParameters
00133838 00000008 b aptReceiveEvent
00133840 00000004 b aptRefCount
00133844 00000008 b aptSleepEvent
0013384c 00000001 b flagInit.1
0013384d 00000001 b flagValue.0
00133850 00000004 b serviceName.6
00133854 00000006 b aVec
0013385c 00000004 b cPos
00133860 00000006 b gRate
00133868 00000014 B hidEvents
0013387c 00000004 B hidHandle
00133880 00000004 B hidMemHandle
00133884 00000004 b hidRefCount
00133888 00000004 B hidSharedMem
0013388c 00000004 b kDown
00133890 00000004 b kHeld
00133894 00000004 b kOld
00133898 00000004 b kRepeat
0013389c 00000004 b kUp
001338a0 00000004 b tPos
001338a4 00000001 b usingIrrst
001338a8 00000004 b ptmSysmHandle
001338ac 00000004 b ptmSysmRefCount
001338b0 00000004 B __ctru_heap
001338b4 00000004 V __ctru_heap_size
001338b8 00000004 B __ctru_linear_heap
001338bc 00000004 V __ctru_linear_heap_size
001338c0 00000004 B __system_retAddr
001338c4 00000004 B __system_argc
001338c8 00000004 B __system_argv
001338cc b saved_stack
001338d4 00000004 b arbiter
001338d8 00000004 b srvHandle
001338dc 00000004 b srvRefCount
001338e0 00000004 b currentAddr
001338e4 00000004 b maxAddr
001338e8 00000004 b minAddr
001338ec 00000004 b csPos
001338f0 00000004 B irrstEvent
001338f4 00000004 B irrstHandle
001338f8 00000004 B irrstMemHandle
001338fc 00000004 b irrstRefCount
00133900 00000004 B irrstSharedMem
00133904 00000004 b kHeld
00133908 00000004 b srvPmHandle
0013390c 00000004 b archive_device_cwd
00133910 00000540 b archive_devices
00133e50 00000001 b archive_initialized
00133e58 00000080 b fsExemptArchives
00133ed8 00000004 b fsuHandle
00133edc 00000004 b fsuRefCount
00133ee0 00000028 B __malloc_current_mallinfo
00133f08 00000004 B __malloc_max_sbrked_mem
00133f0c 00000004 B __malloc_max_total_mem
00133f10 00000004 B __malloc_top_pad
00133f14 00000004 b heap_start.0
00133f18 00000004 B fake_heap_end
00133f1c 00000004 B fake_heap_start
00133f20 00000400 b temp_cwd
00134320 00000048 B __syscalls
00134368 B __tls_start
00134f70 B __bss_end__
00134f70 A __end__
00134f70 B __tls_end
