         w __deregister_frame_info
         w __register_frame_info
         w userAppExit
         w userAppInit
00000000 00000401 B __ctru_dev_path_buf
00000000 b _TLS_MODULE_BASE_
00000000 a shift
00000000 a shift
00000404 00000802 B __ctru_dev_utf16_buf
00100000 A __start__
00100000 T _start
00100008 T __service_ptr
0010000c T __apt_appid
00100010 T __heap_size
00100014 T __linear_heap_size
00100018 T __system_arglist
0010001c T __system_runflags
00100020 t startup
00100058 t ClearMem
0010006c t ClrLoop
00100094 T _init
001000ac T __aeabi_idiv
001000ac 00000220 T __divsi3
001000b4 t .divsi3_skip_div0_test
001002cc 00000020 T __aeabi_idivmod
001002ec 00000004 W __aeabi_idiv0
001002ec 00000004 W __aeabi_ldiv0
001002f0 T __aeabi_ldivmod
001003c4 T __aeabi_uldivmod
00100408 00000390 T strcmp
00100790 t .udivsi3_skip_div0_test
00100790 T __aeabi_uidiv
00100790 000001ec T __udivsi3
0010097c 00000020 T __aeabi_uidivmod
0010099c T __aeabi_drsub
001009a4 000002b0 T __aeabi_dsub
001009a4 000002b0 T __subdf3
001009a8 000002ac T __adddf3
001009a8 000002ac T __aeabi_dadd
00100c54 00000024 T __aeabi_ui2d
00100c54 00000024 T __floatunsidf
00100c78 00000028 T __aeabi_i2d
00100c78 00000028 T __floatsidf
00100ca0 00000048 T __aeabi_f2d
00100ca0 00000048 T __extendsfdf2
00100ce8 00000074 T __aeabi_ul2d
00100ce8 00000074 T __floatundidf
00100cfc 00000060 T __aeabi_l2d
00100cfc 00000060 T __floatdidf
00100d5c t __do_global_dtors_aux
00100d9c t frame_dummy
00100dc8 000002bc T network_request
00101084 000000e4 T main
00101168 00000178 T consoleDrawChar
001012e0 00000124 T consolePrintChar
00101404 00000a00 T con_write
00101e04 00000168 T consoleInit
00101f6c 000000f4 t newRow
00102060 000000d0 t gfxPresentFramebuffer
00102130 0000001c T gfxIsWide
0010214c 000000ec T gfxSetScreenFormat
00102238 00000010 T gfxSetDoubleBuffering
00102248 00000108 T gfxInit
00102350 00000010 T gfxInitDefault
00102360 000000b4 T gfxExit
00102414 000000a0 T gfxGetFramebuffer
001024b4 0000010c T gfxFlushBuffers
001025c0 00000050 T gfxSwapBuffers
00102610 00000050 T gfxSwapBuffersGpu
00102660 00000c58 t gspHardwareInit
001032b8 00000254 T gspInit
0010350c 000000f0 T gspExit
001035fc 00000010 T gspHasGpuRight
0010360c 00000098 T gspPresentBuffer
001036a4 00000050 T gspWaitForEvent
001036f4 00000004 W gxCmdQueueInterrupt
001036f8 00000160 t gspEventThreadMain
00103858 00000050 T GSPGPU_FlushDataCache
001038a8 00000034 T GSPGPU_SetLcdForceBlack
001038dc 00000068 T GSPGPU_AcquireRight
00103944 00000048 T GSPGPU_ReleaseRight
0010398c 0000007c T GSPGPU_ImportDisplayCaptureInfo
00103a08 0000002c T GSPGPU_SaveVramSysArea
00103a34 0000002c T GSPGPU_RestoreVramSysArea
00103a60 000000b8 T sslcInit
00103b18 00000048 T sslcExit
00103b60 00000040 T sslcCreateRootCertChain
00103ba0 00000034 T sslcDestroyRootCertChain
00103bd4 00000068 T sslcAddTrustedRootCA
00103c3c 000001a0 T sslcCreateContext
00103ddc 0000006c T sslcDestroyContext
00103e48 00000098 T sslcStartConnection
00103ee0 00000054 T sslcRead
00103f34 00000050 T sslcWrite
00103f84 00000034 T sslcContextSetRootCertChain
00103fb8 000001b0 t aptConvertScreenForCapture
00104168 00000008 W aptDspSleep
00104170 00000004 W aptDspWakeup
00104174 00000004 W aptDspCancel
00104178 0000015c T aptSendCommand
001042d4 00000038 t aptExitProcess
0010430c 000002f0 T aptExit
001045fc 000000d8 T aptHandleSleep
001046d4 00000084 T APT_SleepIfShellClosed
00104758 00000084 T aptSetSleepAllowed
001047dc 00000084 T APT_UnlockTransition
00104860 00000484 t aptEventHandler
00104ce4 000000b0 T APT_ReceiveParameter
00104d94 000000b0 t aptReceiveParameter.constprop.0
00104e48 000002bc t aptScreenTransfer
00105104 000002d0 t aptWaitForWakeUp.isra.0
001053d4 000000f8 T aptJumpToHomeMenu
001054cc 0000004c T aptMainLoop
00105518 00000234 T aptInit
0010574c 0000007c T APT_CheckNew3DS
001057c8 00000024 W hidShouldUseIrrst
001057ec 0000018c T hidInit
00105978 000000e8 T hidExit
00105a60 00000294 T hidScanInput
00105cf4 00000010 T hidKeysDown
00105d04 00000158 T socket
00105e5c 00000078 T closesocket
00105ed4 00000024 T freeaddrinfo
00105ef8 000002e4 T getaddrinfo
001061dc 0000009c T SOCU_AddGlobalSocket
00106278 0000017c T connect
001063f4 0000003c T _net_convert_error
00106430 00000014 t soc_open
00106444 00000034 t soc_read
00106478 00000034 t soc_write
001064ac 0000008c t soc_close
00106538 0000014c T socInit
00106684 00000088 T socExit
0010670c 00000144 T socuipc_cmd7
00106850 0000015c T socuipc_cmd8
001069ac 00000024 T soc_recvfrom
001069d0 0000015c T socuipc_cmd9
00106b2c 00000160 T socuipc_cmda
00106c8c 00000024 T soc_sendto
00106cb0 00000038 W __libctru_init
00106ce8 000000f0 W __system_initArgv
00106dd8 T svcControlMemory
00106df8 T svcQueryMemory
00106e28 T svcExitProcess
00106e30 T svcCreateThread
00106e50 T svcExitThread
00106e58 T svcSleepThread
00106e60 T svcReleaseMutex
00106e68 T svcCreateEvent
00106e7c T svcSignalEvent
00106e84 T svcClearEvent
00106e8c T svcCreateMemoryBlock
00106ea4 T svcMapMemoryBlock
00106eac T svcUnmapMemoryBlock
00106eb4 T svcCreateAddressArbiter
00106ec8 T svcArbitrateAddressNoTimeout
00106ed0 T svcCloseHandle
00106ed8 T svcWaitSynchronization
00106ee0 T svcWaitSynchronizationN
00106f08 T svcDuplicateHandle
00106f1c T svcGetSystemTick
00106f24 T svcConnectToPort
00106f38 T svcSendSyncRequest
00106f40 T svcGetResourceLimit
00106f54 T svcGetResourceLimitLimitValues
00106f5c T svcGetResourceLimitCurrentValues
00106f64 T svcBreak
00106f6c W initSystem
00106fbc W __ctru_exit
00106fd4 00000024 t addrMapNodeComparator(rbtree_node const*, rbtree_node const*)
00106ff8 00000004 t addrMapNodeDestructor(rbtree_node*)
00106ffc 00000114 T vramMemAlign
00107110 00000008 T vramAlloc
00107118 0000005c T vramFree
00107174 00000024 t addrMapNodeComparator(rbtree_node const*, rbtree_node const*)
00107198 00000004 t addrMapNodeDestructor(rbtree_node*)
0010719c 00000120 T linearMemAlign
001072bc 00000008 T linearAlloc
001072c4 0000005c T linearFree
00107320 00000084 T MemPool::CoalesceRight(MemBlock*)
001073a4 00000170 T MemPool::Allocate(MemChunk&, unsigned long, int)
00107514 000000fc T MemPool::Deallocate(MemChunk const&)
00107610 0000000c T __sync_init
0010761c 00000018 T __sync_fini
00107634 0000002c T syncArbitrateAddress
00107660 0000001c T LightLock_Init
0010767c 00000094 T LightLock_Lock
00107710 00000044 T LightLock_TryLock
00107754 00000040 T LightLock_Unlock
00107794 00000024 T RecursiveLock_Init
001077b8 00000030 T RecursiveLock_Lock
001077e8 00000078 T RecursiveLock_TryLock
00107860 00000054 T RecursiveLock_Unlock
001078b4 00000040 T LightEvent_Init
001078f4 000000a4 T LightEvent_Clear
00107998 000000c8 T LightEvent_Signal
00107a60 00000058 T LightEvent_TryWait
00107ab8 000000b0 T LightEvent_Wait
00107b68 00000054 T osGetTimeRef
00107bbc 000000e4 T osGetTime
00107ca0 00000074 T __libctru_gtod
00107d14 00000034 T __ctru_speedup_config
00107d48 00000124 T srvInit
00107e6c 00000058 T srvExit
00107ec4 00000080 T srvGetServiceHandleDirect
00107f44 00000048 T srvGetServiceHandle
00107f8c 00000038 T srvPublishToSubscriber
00107fc4 00000188 T threadCreate
0010814c 0000002c T threadFree
00108178 00000024 T threadJoin
0010819c 00000030 T threadGetCurrent
001081cc 00000040 T threadExit
0010820c 00000044 t _thread_begin
00108250 00000094 t mappableFindAddressWithin
001082e4 00000028 T mappableInit
0010830c 00000080 T mappableAlloc
0010838c 00000004 T mappableFree
00108390 00000160 T irrstInit
001084f0 000000cc T irrstExit
001085bc 000000b0 T irrstScanInput
0010866c 00000024 T irrstKeysHeld
00108690 0000000c T srvPmGetSessionHandle
0010869c 00000074 T ptmSysmInit
00108710 0000003c T ptmSysmExit
0010874c 00000034 T PTMSYSM_ConfigureNew3DSCPU
00108780 00000010 T rbtree_init
00108790 000001a0 t do_insert
00108930 00000008 T rbtree_insert
00108938 00000090 T rbtree_rotate
001089c8 00000338 T rbtree_remove
00108d00 00000074 T rbtree_find
00108d74 00000030 W __appInit
00108da4 00000030 t __libctru_nanosleep
00108dd4 00000030 t __libctru_get_reent
00108e04 000000f8 T __system_initSyscalls
00108f00 000001e0 W __system_allocateHeaps
001090e0 00000030 W __appExit
00109110 00000090 W __libctru_exit
001091a0 00000084 W envGetHandle
00109224 00000050 W envDestroyHandles
00109274 00000014 t archive_link
00109288 00000014 t archive_dirreset
0010929c 00000014 t archive_chmod
001092b0 00000024 t error_cmp
001092d4 00000050 t archive_translate_error
00109324 000000d4 t archive_seek
001093f8 0000007c t _archiveInit.part.0
00109474 0000008c t archiveFindDevice.part.0
00109500 00000294 t archive_utf16path
00109794 000000a0 t _archiveUnmountDeviceStruct.part.0
00109834 00000014 t archive_fchmod
00109848 00000014 t archive_statvfs
0010985c 00000158 t _archiveMountDevice
001099b4 000000e8 t archive_diropen
00109a9c 000000a4 t archive_fstat
00109b40 0000006c t archive_close
00109bac 0000006c t archive_fsync
00109c18 00000070 t archive_dirclose
00109c88 000000e8 t sdmc_statvfs
00109d70 00000080 t archive_ftruncate
00109df0 000000fc t archive_chdir
00109eec 000000b0 t archive_read
00109f9c 000000ac t archive_unlink
0010a048 000000c8 t archive_rmdir
0010a110 000000ec t archive_mkdir
0010a1fc 000001a8 t archive_stat
0010a3a4 00000184 t archive_rename
0010a528 00000168 t archive_dirnext
0010a690 0000012c t archive_write
0010a7bc 000001f0 t archive_open
0010a9ac 000001a4 T archiveMountSdmc
0010ab50 00000054 T archiveUnmountAll
0010aba4 000000c8 T fsInit
0010ac6c 0000003c T fsExit
0010aca8 00000060 T fsExemptFromSession
0010ad08 00000050 T fsUnexemptFromSession
0010ad58 000000cc T FSUSER_OpenFile
0010ae24 000000bc T FSUSER_DeleteFile
0010aee0 000000f8 T FSUSER_RenameFile
0010afd8 000000bc T FSUSER_DeleteDirectory
0010b094 000000d4 T FSUSER_CreateFile
0010b168 000000c4 T FSUSER_CreateDirectory
0010b22c 000000f8 T FSUSER_RenameDirectory
0010b324 000000b4 T FSUSER_OpenDirectory
0010b3d8 00000094 T FSUSER_OpenArchive
0010b46c 0000008c T FSUSER_CloseArchive
0010b4f8 00000074 T FSUSER_GetSdmcArchiveResource
0010b56c 00000064 T FSUSER_IsSdmcWritable
0010b5d0 00000058 T FSFILE_Read
0010b628 00000060 T FSFILE_Write
0010b688 00000038 T FSFILE_GetSize
0010b6c0 00000028 T FSFILE_SetSize
0010b6e8 0000003c T FSFILE_Close
0010b724 00000024 T FSFILE_Flush
0010b748 00000050 T FSDIR_Read
0010b798 0000003c T FSDIR_Close
0010b7d4 00000050 T rbtree_node_next
0010b824 000000e8 T utf16_to_utf8
0010b90c 00000064 T decode_utf16
0010b970 0000013c T decode_utf8
0010baac 000000c0 T utf8_to_utf16
0010bb6c T __aeabi_read_tp
0010bb78 00000060 T encode_utf16
0010bbd8 000000fc T encode_utf8
0010bcd4 00000120 T __udivmoddi4
0010bdf4 00000078 T bsearch
0010be6c 00000028 T calloc
0010be94 00000094 T _calloc_r
0010bf28 0000000c T __errno
0010bf34 00000034 T exit
0010bf68 0000003c T __libc_fini_array
0010bfa4 0000007c T __libc_init_array
0010c020 00000028 T memalign
0010c048 00000148 T _memalign_r
0010c190 00000020 T malloc
0010c1b0 00000020 T free
0010c1d0 000007f0 T _malloc_r
0010c9c0 000000e0 T memchr
0010caa0 0000011c T memcpy
0010cbbc 00000118 T memset
0010ccd4 0000000c T __malloc_lock
0010cce0 0000000c T __malloc_unlock
0010ccec 00000034 T printf
0010cd20 000000e0 T _puts_r
0010ce00 00000020 T puts
0010ce20 00000028 T realloc
0010ce48 00000598 T _realloc_r
0010d3e0 00000260 T setvbuf
0010d640 00000074 T sscanf
0010d6b4 00000044 T __sread
0010d6f8 00000008 T __seofread
0010d700 00000068 T __swrite
0010d768 00000048 T __sseek
0010d7b0 00000008 T __sclose
0010d7b8 0000005c T strlen
0010d814 000000ec T strncat
0010d900 000000dc T strncmp
0010d9dc 000000c0 T strncpy
0010da9c 00000048 T strnlen
0010dae4 00000050 t get_arg
0010db34 00002b68 T __ssvfscanf_r
0011069c 00000020 T close
001106bc 0000064c t get_arg
00110d08 00000034 T __sprint_r
00110d3c 00002584 T _vfiprintf_r
001132c0 000000d4 t __sbprintf
00113394 0000064c t get_arg
001139e0 000038d4 T _vfprintf_r
001172b4 000000d4 t __sbprintf
00117388 00000054 T _wcrtomb_r
001173dc 00000028 T _wcsrtombs_r
00117404 00000154 T __swsetup_r
00117558 00000114 T __call_exitprocs
0011766c 000001a8 t quorem
00117818 000012ec T _dtoa_r
00118b04 00000258 T __sflush_r
00118d5c 00000094 T _fflush_r
00118df0 0000000c T _cleanup_r
00118dfc 00000184 T __sinit
00118f80 0000000c T __sfp_lock_acquire
00118f8c 0000000c T __sfp_lock_release
00118f98 000000f8 T _malloc_trim_r
00119090 000002e4 T _free_r
00119374 000004a4 T __sfvwrite_r
00119818 00000070 T _fwalk_reent
00119888 00000008 T iswspace
00119890 0000000c T _localeconv_r
0011989c 00000010 T __locale_mb_cur_max
001198ac 00000138 T __smakebuf_r
001199e4 00000094 T __swhatbuf_r
00119a78 00000068 T _mbrtowc_r
00119ae0 000002fc T __utf8_mbtowc
00119ddc 00000154 T memmove
00119f30 00000088 T _Balloc
00119fb8 0000001c T _Bfree
00119fd4 000000f4 T __multadd
0011a0c8 00000110 T __s2b
0011a1d8 00000058 T __hi0bits
0011a230 0000009c T __lo0bits
0011a2cc 000000a4 T __i2b
0011a370 00000204 T __multiply
0011a574 00000120 T __pow5mult
0011a694 0000013c T __lshift
0011a7d0 00000058 T __mcmp
0011a828 000001cc T __mdiff
0011a9f4 00000088 T __ulp
0011aa7c 000000d4 T __b2d
0011ab50 0000012c T __d2b
0011ac7c 00000078 T __ratio
0011acf4 00000088 T __copybits
0011ad7c 0000005c T __any_on
0011add8 000000e4 T __sccl
0011aebc 0000000c T nanf
0011aec8 000000a8 T frexp
0011af70 00000064 T sprintf
0011afd4 000000b8 T stpncpy
0011b08c 00000144 T strchr
0011b1d0 0000130c T _strtod_l
0011c4dc 0000000c T _strtod_r
0011c4e8 0000022c t _strtoll_l.constprop.0
0011c714 00000004 T _strtoll_r
0011c718 000001b0 t _strtol_l.part.0
0011c8c8 0000003c T _strtol_r
0011c904 00000244 t _strtoull_l.constprop.0
0011cb48 00000004 T _strtoull_r
0011cb4c 000001c8 t _strtoul_l.constprop.0
0011cd14 00000004 T _strtoul_r
0011cd18 00000188 T __ssprint_r
0011cea0 000000e0 T _sungetc_r
0011cf80 0000006c T __ssrefill_r
0011cfec 000000c8 T _sfread_r
0011d0b4 0000064c t get_arg
0011d700 00003808 T _svfprintf_r
00120f08 000000a8 T __submore
00120fb0 00000190 T _wcsnrtombs_l
00121140 0000004c T _wcsnrtombs_r
0012118c 000000f0 T __utf8_wctomb
0012127c 0000005c T __assert_func
001212d8 00000160 T _fclose_r
00121438 0000003c T fiprintf
00121474 000000ec t rshift
00121560 00000928 T __gethex
00121e88 0000004c T __match
00121ed4 0000029c T __hexnan
00122170 0000003c T iswspace_l
001221ac 000001d4 t __jp2uc
00122380 0000009c T _jp2uc_l
00122420 00000010 T nan
00122430 00000014 T abort
00122444 00000084 T category
001224c8 00000098 T _raise_r
00122560 00000020 T raise
00122580 00000008 t null_write
00122588 00000018 T setDefaultDevice
001225a0 000000c8 T FindDevice
00122668 00000028 T RemoveDevice
00122690 0000009c T AddDevice
0012272c 00000020 T GetDeviceOpTab
0012274c 00000078 T _fstat_r
001227c4 00000014 T _getpid_r
001227d8 00000008 T _isatty_r
001227e0 00000014 T _kill_r
001227f4 00000084 T _lseek_r
00122878 00000080 T _read_r
001228f8 00000078 T _sbrk_r
00122970 00000080 T _write_r
001229f0 00000024 T _exit
00122a14 000001b8 T _concatenate_path
00122bcc 00000160 T chdir
00122d2c 00000008 T __flockfile
00122d34 00000008 T __funlockfile
00122d3c 00000018 T __libc_lock_acquire
00122d54 00000018 T __libc_lock_release
00122d6c 00000018 T __libc_lock_init_recursive
00122d84 00000018 T __libc_lock_acquire_recursive
00122d9c 00000018 T __libc_lock_release_recursive
00122db4 00000018 T __libc_lock_close_recursive
00122dcc 0000008c T __release_handle
00122e58 000000b4 T __alloc_handle
00122f0c 0000003c T __get_handle
00122f48 000000f4 T _close_r
0012303c 00000028 T __getreent
00123064 00000038 T __aeabi_d2lz
00123064 00000038 T __fixdfdi
001230a0 00000040 T __aeabi_d2ulz
001230a0 00000040 T __fixunsdfdi
001230e0 00000044 T strrchr
00123124 T _fini
00124010 R builtin_rootca_der
001244a6 R builtin_rootca_der_end
001247ac 00000030 r colorTable
001247dc 00000070 r dotab_stdout
0012487c 00000008 r morton_x.3
00124884 00000008 r morton_y.2
0012488c 00000008 r s_sleepWakeEvents.4
001248b4 0000004d r _net_error_code_map
0012490c R default_font_bin
0012510c R default_font_bin_end
00125144 00000070 r archive_devoptab
001251b4 00000030 r error_table
001251ec 00000004 R _global_impure_ptr
001251f8 00000022 r basefix.0
00125244 00000010 r blanks.1
00125254 00000010 r zeroes.0
00125278 00000010 r blanks.1
00125288 00000010 r zeroes.0
00125298 00000101 R _ctype_
001253ac r .LC2
00125488 00000028 R __mprec_bigtens
001254b0 000000c8 R __mprec_tens
00125578 0000000c r p05.0
00125594 00000014 r fpi.1
001255a8 00000014 r fpinan.0
001255c0 00000028 r tinytens
001255e8 0000006c R __action_table
00125654 00000100 R __chclass
00125754 0000006c R __state_table
001257c0 00000010 r blanks.1
001257d0 00000010 r zeroes.0
00125868 00000100 R __hexdig
0012597c 000000bc r a1
00125a38 000000bc r a2
00125af4 0000005b r a3
00125b50 00000070 r a6
00125bc0 000000a2 r a7
00125c64 00000040 r a8
00125ca4 0000172a r b02cf
001273d0 00001a7c r d02f4
00128e4c 0000000c R _C_numeric_locale
00128e58 000031e6 r categories
0012c040 00000070 R dotab_stdnull
0012c0b0 r 
0012c0b0 R __exidx_end
0012c0b0 R __exidx_start
0012d000 00000065 d http_netreq
0012d068 00000004 D currentConsole
0012d06c 0000004c D defaultConsole
0012d0b8 00000001 d firstConsoleInit.0
0012d0bc 00000004 d kCount
0012d0c0 00000004 d kDelay
0012d0c4 00000004 d kInterval
0012d0c8 00000070 d soc_devoptab
0012d138 W __stacksize__
0012d13c 00000004 D _impure_ptr
0012d140 00000460 d impure_data
0012d5a0 00000408 D __malloc_av_
0012d9a8 00000004 D __malloc_sbrk_base
0012d9ac 00000004 D __malloc_trim_threshold
0012d9b0 0000000c d __malloc_recursive_mutex
0012d9bc 0000000c D __atexit_recursive_mutex
0012d9c8 0000000c d __sfp_recursive_mutex
0012d9d4 0000000c d __sinit_recursive_mutex
0012d9e0 0000016c D __global_locale
0012db4c 00000002 d numempty
0012db50 00000004 d defaultDevice
0012db54 0000008c D devoptab_list
0012dbe0 00000400 d _current_working_directory
0012dfe0 00000004 d __hndl_lock
0012dfe4 0000000c d __stderr_handle
0012dff0 0000000c d __stdin_handle
0012dffc 0000000c d __stdout_handle
0012e008 00001000 d handles
0012f010 d _GLOBAL_OFFSET_TABLE_
0012f01c d __frame_dummy_init_array_entry
0012f01c D __init_array_start
0012f01c B __preinit_array_end
0012f01c B __preinit_array_start
0012f01c D __tdata_lma
0012f01c D __tdata_lma_end
0012f020 d __do_global_dtors_aux_fini_array_entry
0012f020 D __fini_array_start
0012f020 D __init_array_end
0012f024 D __bss_start__
0012f024 D __fini_array_end
0012f024 00000400 B readbuf
0012f424 b completed.1
0012f428 b object.0
0012f440 0000004c B currentCopy
0012f48c 00000004 b gfxBottomFramebufferMaxSize
0012f490 00000008 b gfxBottomFramebuffers
0012f498 00000002 b gfxCurBuf
0012f49c 00000002 b gfxFramebufferFormats
0012f4a0 00000002 b gfxIsDoubleBuf
0012f4a2 00000001 b gfxIsVram
0012f4a4 00000004 b gfxTopFramebufferMaxSize
0012f4a8 00000008 b gfxTopFramebuffers
0012f4b0 00000001 b gfxTopMode
0012f4b4 00000004 b screenAlloc
0012f4b8 00000004 b screenFree
0012f4bc 00000004 b gspEvent
0012f4c0 0000001c b gspEventCb
0012f4dc 0000001c b gspEventCbData
0012f4f8 00000007 b gspEventCbOneShot
0012f500 00000004 b gspEventThread
0012f504 00000038 b gspEvents
0012f53c 00000004 b gspGpuHandle
0012f540 00000001 b gspGpuRight
0012f544 00000004 b gspLastEvent
0012f548 00000004 b gspRefCount
0012f54c 00000001 b gspRunEvents
0012f550 00000004 b gspSharedMem
0012f554 00000004 b gspSharedMemHandle
0012f558 00000001 b gspThreadId
0012f55c 00000004 b __sslc_refcount
0012f560 00000004 B __sslc_servhandle
0012f564 00000001 b aptChainloadFlags
0012f565 00000001 b aptChainloadMediatype
0012f568 00000008 b aptChainloadTid
0012f570 00000004 b aptEventHandlerThread
0012f574 00000001 b aptEventHandlerThreadQuit
0012f578 00000008 b aptEvents
0012f580 0000000c b aptFirstHook
0012f58c 00000004 b aptFlags
0012f590 00000001 b aptHomeButtonState
0012f594 00000004 b aptLockHandle
0012f598 00000004 b aptMessageFunc
0012f59c 00000004 b aptMessageFuncData
0012f5a0 00001000 b aptParameters
001305a0 00000008 b aptReceiveEvent
001305a8 00000004 b aptRefCount
001305ac 00000008 b aptSleepEvent
001305b4 00000001 b flagInit.1
001305b5 00000001 b flagValue.0
001305b8 00000004 b serviceName.6
001305bc 00000006 b aVec
001305c4 00000004 b cPos
001305c8 00000006 b gRate
001305d0 00000014 B hidEvents
001305e4 00000004 B hidHandle
001305e8 00000004 B hidMemHandle
001305ec 00000004 b hidRefCount
001305f0 00000004 B hidSharedMem
001305f4 00000004 b kDown
001305f8 00000004 b kHeld
001305fc 00000004 b kOld
00130600 00000004 b kRepeat
00130604 00000004 b kUp
00130608 00000004 b tPos
0013060c 00000001 b usingIrrst
00130610 00000004 B SOCU_handle
00130614 00000004 B socMemhandle
00130618 00000004 B __system_retAddr
0013061c 00000004 B __system_argc
00130620 00000004 B __system_argv
00130624 b saved_stack
0013062c 0000000c b sAddrMap
00130638 00000008 b sVramPool
00130640 00000008 b sLinearPool
00130648 0000000c b sAddrMap
00130654 00000004 b arbiter
00130658 00000001 V __ctru_speedup
0013065c 00000004 b srvHandle
00130660 00000004 b srvRefCount
00130664 00000004 b currentAddr
00130668 00000004 b maxAddr
0013066c 00000004 b minAddr
00130670 00000004 b csPos
00130674 00000004 B irrstEvent
00130678 00000004 B irrstHandle
0013067c 00000004 B irrstMemHandle
00130680 00000004 b irrstRefCount
00130684 00000004 B irrstSharedMem
00130688 00000004 b kHeld
0013068c 00000004 b srvPmHandle
00130690 00000004 b ptmSysmHandle
00130694 00000004 b ptmSysmRefCount
00130698 00000004 B __ctru_heap
0013069c 00000004 V __ctru_heap_size
001306a0 00000004 B __ctru_linear_heap
001306a4 00000004 V __ctru_linear_heap_size
001306a8 00000004 b archive_device_cwd
001306b0 00000540 b archive_devices
00130bf0 00000001 b archive_initialized
00130bf8 00000080 b fsExemptArchives
00130c78 00000004 b fsuHandle
00130c7c 00000004 b fsuRefCount
00130c80 00000028 B __malloc_current_mallinfo
00130ca8 00000004 B __malloc_max_sbrked_mem
00130cac 00000004 B __malloc_max_total_mem
00130cb0 00000004 B __malloc_top_pad
00130cb4 00000004 b heap_start.0
00130cb8 00000004 B fake_heap_end
00130cbc 00000004 B fake_heap_start
00130cc0 00000400 b temp_cwd
001310c0 00000048 B __syscalls
00131108 B __tls_start
00131d10 B __bss_end__
00131d10 A __end__
00131d10 B __tls_end
