         w __deregister_frame_info
         w __register_frame_info
         w userAppExit
         w userAppInit
00000000 00000401 B __ctru_dev_path_buf
00000000 b _TLS_MODULE_BASE_
00000000 a shift
00000404 00000802 B __ctru_dev_utf16_buf
00100000 A __start__
00100000 T _start
00100008 T __service_ptr
0010000c T __apt_appid
00100010 T __heap_size
00100014 T __linear_heap_size
00100018 T __system_arglist
0010001c T __system_runflags
00100020 t startup
00100058 t ClearMem
0010006c t ClrLoop
00100094 T _init
001000ac T __aeabi_ldivmod
00100180 00000004 W __aeabi_idiv0
00100180 00000004 W __aeabi_ldiv0
001001a8 00000390 T strcmp
00100530 t .udivsi3_skip_div0_test
00100530 T __aeabi_uidiv
00100530 000001ec T __udivsi3
0010071c 00000020 T __aeabi_uidivmod
0010073c t __do_global_dtors_aux
0010077c t frame_dummy
001007a8 000002f4 T main
00100a9c 00000004 W C3Di_LightEnvUpdate
00100aa0 00000004 W C3Di_LightEnvDirty
00100aa4 00000004 W C3Di_ProcTexUpdate
00100aa8 00000004 W C3Di_ProcTexDirty
00100aac 000000b4 t C3Di_AptEventHook
00100b60 00000004 W C3Di_GasUpdate
00100b64 000001e0 T C3D_Init
00100d44 00000098 T C3D_SetViewport
00100ddc 000004ec T C3Di_UpdateContext
001012c8 000000e0 T C3Di_SplitFrame
001013a8 00000044 T C3D_Fini
001013ec 00000108 T C3D_BindProgram
001014f4 0000004c t onVBlank0
00101540 0000004c t onVBlank1
0010158c 00000080 t C3Di_RenderTargetDestroy
0010160c 000000f4 t onQueueFinish
00101700 00000038 T C3Di_RenderQueueEnableVBlank
00101738 00000030 T C3Di_RenderQueueDisableVBlank
00101768 00000060 T C3Di_RenderQueueInit
001017c8 000000b0 T C3Di_RenderQueueExit
00101878 00000034 T C3Di_RenderQueueWaitDone
001018ac 000000e4 T C3D_FrameBegin
00101990 00000048 T C3D_FrameDrawOn
001019d8 000001d8 T C3D_FrameEnd
00101bb0 00000128 T C3D_RenderTargetCreate
00101cd8 000000a8 T C3D_RenderTargetSetOutput
00101d80 0000016c T C3Di_SetTex
00101eec 0000001c T C3D_CalcColorBufSize
00101f08 0000001c T C3D_CalcDepthBufSize
00101f24 00000044 T C3D_SetFrameBuf
00101f68 0000016c T C3Di_FrameBufBind
001020d4 000000cc T C3D_FrameBufClear
001021a0 00000044 T C3D_FrameBufTransfer
001021e4 00000034 T C3D_GetTexEnv
00102218 00000024 T C3Di_TexEnvBind
0010223c 00000024 T BufInfo_Init
00102260 00000080 T BufInfo_Add
001022e0 00000020 T C3D_GetBufInfo
00102300 00000048 T C3Di_BufInfoBind
00102348 00000148 T C3D_DrawArrays
00102490 00000040 T C3D_DepthMap
001024d0 0000001c T C3D_CullFace
001024ec 00000040 T C3D_StencilTest
0010252c 00000024 T C3D_StencilOp
00102550 0000001c T C3D_BlendingColor
0010256c 00000024 T C3D_EarlyDepthTest
00102590 0000002c T C3D_DepthTest
001025bc 0000002c T C3D_AlphaTest
001025e8 00000050 T C3D_AlphaBlend
00102638 00000030 T C3D_FragOpMode
00102668 00000044 T C3D_FragOpShadow
001026ac 000001ac T C3Di_EffectBind
00102858 00000028 T AttrInfo_Init
00102880 00000098 T AttrInfo_AddLoader
00102918 00000020 T C3D_GetAttrInfo
00102938 00000080 T C3Di_AttrInfoBind
001029b8 000000a8 T C3D_ImmSendAttrib
00102a60 0000029c T C3D_UpdateUniforms
00102cfc 000000c0 T C3Di_DirtyUniforms
00102dbc 000000d8 T C3Di_LoadShaderUniforms
00102e94 00000028 T C3Di_ClearShaderUniforms
00102ebc 000000cc T Mtx_OrthoTilt
00102f88 00000024 t addrMapNodeComparator(rbtree_node const*, rbtree_node const*)
00102fac 00000004 t addrMapNodeDestructor(rbtree_node*)
00102fb0 00000114 T vramMemAlign
001030c4 00000008 T vramAlloc
001030cc 0000005c T vramFree
00103128 00000024 t addrMapNodeComparator(rbtree_node const*, rbtree_node const*)
0010314c 00000004 t addrMapNodeDestructor(rbtree_node*)
00103150 00000120 T linearMemAlign
00103270 00000008 T linearAlloc
00103278 0000005c T linearFree
001032d4 00000084 T MemPool::CoalesceRight(MemBlock*)
00103358 00000170 T MemPool::Allocate(MemChunk&, unsigned long, int)
001034c8 000000fc T MemPool::Deallocate(MemChunk const&)
001035c4 00000074 T osConvertVirtToPhys
00103638 00000054 T osGetTimeRef
0010368c 000000e4 T osGetTime
00103770 00000074 T __libctru_gtod
001037e4 00000034 T __ctru_speedup_config
00103818 000000d0 t gfxPresentFramebuffer
001038e8 000000ec T gfxSetScreenFormat
001039d4 00000108 T gfxInit
00103adc 00000010 T gfxInitDefault
00103aec 000000b4 T gfxExit
00103ba0 000000a0 T gfxGetFramebuffer
00103c40 00000030 T gfxScreenSwapBuffers
00103c70 000001e0 T shaderInstanceInit
00103e50 00000018 T shaderInstanceGetUniformLocation
00103e68 0000001c T shaderProgramInit
00103e84 00000064 T shaderProgramFree
00103ee8 00000080 T shaderProgramSetVsh
00103f68 000008c0 T shaderProgramConfigure
00104828 000001f8 t DVLE_GenerateOutmap.part.0
00104a20 000001cc T DVLB_ParseFile
00104bec 00000038 T DVLB_Free
00104c24 00000074 T DVLE_GetUniformRegister
00104c98 00000010 T GX_BindQueue
00104ca8 00000078 T GX_ProcessCommandList
00104d20 00000074 T GX_MemoryFill
00104d94 00000070 T GX_DisplayTransfer
00104e04 00000068 t gxCmdQueueDoCommands.part.0
00104e6c 000000c8 T gxCmdQueueInterrupt
00104f34 0000004c T gxCmdQueueClear
00104f80 000000f8 T gxCmdQueueAdd
00105078 00000080 T gxCmdQueueRun
001050f8 00000060 T gxCmdQueueStop
00105158 00000074 T gxCmdQueueWait
001051cc 0000013c T GPUCMD_Add
00105308 000000ac T GPUCMD_Split
001053b4 00000040 T f32tof16
001053f4 00000040 T f32tof24
00105434 00000044 T f32tof31
00105478 00000c58 t gspHardwareInit
001060d0 00000254 T gspInit
00106324 000000f0 T gspExit
00106414 00000010 T gspHasGpuRight
00106424 00000098 T gspPresentBuffer
001064bc 00000030 T gspSetEventCallback
001064ec 00000050 T gspWaitForEvent
0010653c 0000004c T gspWaitForAnyEvent
00106588 00000160 t gspEventThreadMain
001066e8 00000130 T gspSubmitGxCommand
00106818 00000050 T GSPGPU_FlushDataCache
00106868 00000034 T GSPGPU_SetLcdForceBlack
0010689c 00000068 T GSPGPU_AcquireRight
00106904 00000048 T GSPGPU_ReleaseRight
0010694c 0000007c T GSPGPU_ImportDisplayCaptureInfo
001069c8 0000002c T GSPGPU_SaveVramSysArea
001069f4 0000002c T GSPGPU_RestoreVramSysArea
00106a20 000001b0 t aptConvertScreenForCapture
00106bd0 00000008 W aptDspSleep
00106bd8 00000004 W aptDspWakeup
00106bdc 00000004 W aptDspCancel
00106be0 0000015c T aptSendCommand
00106d3c 00000038 t aptExitProcess
00106d74 000002f0 T aptExit
00107064 000000d8 T aptHandleSleep
0010713c 00000030 T aptHook
0010716c 00000030 T aptUnhook
0010719c 00000084 T APT_SleepIfShellClosed
00107220 00000084 T aptSetSleepAllowed
001072a4 00000084 T APT_UnlockTransition
00107328 00000484 t aptEventHandler
001077ac 000000b0 T APT_ReceiveParameter
0010785c 000000b0 t aptReceiveParameter.constprop.0
00107910 000002bc t aptScreenTransfer
00107bcc 000002d0 t aptWaitForWakeUp.isra.0
00107e9c 000000f8 T aptJumpToHomeMenu
00107f94 0000004c T aptMainLoop
00107fe0 00000234 T aptInit
00108214 0000007c T APT_CheckNew3DS
00108290 00000024 W hidShouldUseIrrst
001082b4 0000018c T hidInit
00108440 000000e8 T hidExit
00108528 00000294 T hidScanInput
001087bc 00000010 T hidKeysDown
001087cc 00000074 T ptmSysmInit
00108840 0000003c T ptmSysmExit
0010887c 00000034 T PTMSYSM_ConfigureNew3DSCPU
001088b0 00000010 T rbtree_init
001088c0 000001a0 t do_insert
00108a60 00000008 T rbtree_insert
00108a68 00000090 T rbtree_rotate
00108af8 00000338 T rbtree_remove
00108e30 00000074 T rbtree_find
00108ea8 000001e0 W __system_allocateHeaps
00109088 00000038 W __libctru_init
001090c0 000000f0 W __system_initArgv
001091b0 T svcControlMemory
001091d0 T svcQueryMemory
00109200 T svcExitProcess
00109208 T svcCreateThread
00109228 T svcExitThread
00109230 T svcSleepThread
00109238 T svcReleaseMutex
00109240 T svcCreateEvent
00109254 T svcSignalEvent
0010925c T svcClearEvent
00109264 T svcMapMemoryBlock
0010926c T svcUnmapMemoryBlock
00109274 T svcCreateAddressArbiter
00109288 T svcArbitrateAddressNoTimeout
00109290 T svcCloseHandle
00109298 T svcWaitSynchronization
001092a0 T svcWaitSynchronizationN
001092c8 T svcDuplicateHandle
001092dc T svcGetSystemTick
001092e4 T svcConnectToPort
001092f8 T svcSendSyncRequest
00109300 T svcGetResourceLimit
00109314 T svcGetResourceLimitLimitValues
0010931c T svcGetResourceLimitCurrentValues
00109324 T svcBreak
0010932c W initSystem
0010937c W __ctru_exit
00109394 0000000c T __sync_init
001093a0 00000018 T __sync_fini
001093b8 0000002c T syncArbitrateAddress
001093e4 0000001c T LightLock_Init
00109400 00000094 T LightLock_Lock
00109494 00000044 T LightLock_TryLock
001094d8 00000040 T LightLock_Unlock
00109518 00000024 T RecursiveLock_Init
0010953c 00000030 T RecursiveLock_Lock
0010956c 00000078 T RecursiveLock_TryLock
001095e4 00000054 T RecursiveLock_Unlock
00109638 00000040 T LightEvent_Init
00109678 000000a4 T LightEvent_Clear
0010971c 000000c8 T LightEvent_Signal
001097e4 00000058 T LightEvent_TryWait
0010983c 000000b0 T LightEvent_Wait
001098ec 00000124 T srvInit
00109a10 00000058 T srvExit
00109a68 00000080 T srvGetServiceHandleDirect
00109ae8 00000048 T srvGetServiceHandle
00109b30 00000038 T srvPublishToSubscriber
00109b68 00000188 T threadCreate
00109cf0 0000002c T threadFree
00109d1c 00000024 T threadJoin
00109d40 00000030 T threadGetCurrent
00109d70 00000040 T threadExit
00109db0 00000044 t _thread_begin
00109df4 00000094 t mappableFindAddressWithin
00109e88 00000028 T mappableInit
00109eb0 00000080 T mappableAlloc
00109f30 00000004 T mappableFree
00109f34 00000160 T irrstInit
0010a094 000000cc T irrstExit
0010a160 000000b0 T irrstScanInput
0010a210 00000024 T irrstKeysHeld
0010a234 0000000c T srvPmGetSessionHandle
0010a240 00000050 T rbtree_node_next
0010a290 00000030 W __appInit
0010a2c0 00000030 t __libctru_nanosleep
0010a2f0 00000030 t __libctru_get_reent
0010a320 000000f8 T __system_initSyscalls
0010a418 00000030 W __appExit
0010a448 00000090 W __libctru_exit
0010a4d8 00000084 W envGetHandle
0010a55c 00000050 W envDestroyHandles
0010a5ac 00000014 t archive_link
0010a5c0 00000014 t archive_dirreset
0010a5d4 00000014 t archive_chmod
0010a5e8 00000024 t error_cmp
0010a60c 00000050 t archive_translate_error
0010a65c 000000d4 t archive_seek
0010a730 0000007c t _archiveInit.part.0
0010a7ac 0000008c t archiveFindDevice.part.0
0010a838 00000294 t archive_utf16path
0010aacc 000000a0 t _archiveUnmountDeviceStruct.part.0
0010ab6c 00000014 t archive_fchmod
0010ab80 00000014 t archive_statvfs
0010ab94 00000158 t _archiveMountDevice
0010acec 000000e8 t archive_diropen
0010add4 000000a4 t archive_fstat
0010ae78 0000006c t archive_close
0010aee4 0000006c t archive_fsync
0010af50 00000070 t archive_dirclose
0010afc0 000000e8 t sdmc_statvfs
0010b0a8 00000080 t archive_ftruncate
0010b128 000000fc t archive_chdir
0010b224 000000b0 t archive_read
0010b2d4 000000ac t archive_unlink
0010b380 000000c8 t archive_rmdir
0010b448 000000ec t archive_mkdir
0010b534 000001a8 t archive_stat
0010b6dc 00000184 t archive_rename
0010b860 00000168 t archive_dirnext
0010b9c8 0000012c t archive_write
0010baf4 000001f0 t archive_open
0010bce4 000001a4 T archiveMountSdmc
0010be88 00000054 T archiveUnmountAll
0010bedc 000000c8 T fsInit
0010bfa4 0000003c T fsExit
0010bfe0 00000060 T fsExemptFromSession
0010c040 00000050 T fsUnexemptFromSession
0010c090 000000cc T FSUSER_OpenFile
0010c15c 000000bc T FSUSER_DeleteFile
0010c218 000000f8 T FSUSER_RenameFile
0010c310 000000bc T FSUSER_DeleteDirectory
0010c3cc 000000d4 T FSUSER_CreateFile
0010c4a0 000000c4 T FSUSER_CreateDirectory
0010c564 000000f8 T FSUSER_RenameDirectory
0010c65c 000000b4 T FSUSER_OpenDirectory
0010c710 00000094 T FSUSER_OpenArchive
0010c7a4 0000008c T FSUSER_CloseArchive
0010c830 00000074 T FSUSER_GetSdmcArchiveResource
0010c8a4 00000064 T FSUSER_IsSdmcWritable
0010c908 00000058 T FSFILE_Read
0010c960 00000060 T FSFILE_Write
0010c9c0 00000038 T FSFILE_GetSize
0010c9f8 00000028 T FSFILE_SetSize
0010ca20 0000003c T FSFILE_Close
0010ca5c 00000024 T FSFILE_Flush
0010ca80 00000050 T FSDIR_Read
0010cad0 0000003c T FSDIR_Close
0010cb0c 000000e8 T utf16_to_utf8
0010cbf4 00000064 T decode_utf16
0010cc58 0000013c T decode_utf8
0010cd94 000000c0 T utf8_to_utf16
0010ce54 T __aeabi_read_tp
0010ce60 00000060 T encode_utf16
0010cec0 000000fc T encode_utf8
0010cfbc 00000120 T __udivmoddi4
0010d0dc 00000078 T bsearch
0010d154 00000028 T calloc
0010d17c 00000094 T _calloc_r
0010d210 00000034 T exit
0010d244 0000003c T __libc_fini_array
0010d280 0000007c T __libc_init_array
0010d2fc 00000028 T memalign
0010d324 00000148 T _memalign_r
0010d46c 00000020 T malloc
0010d48c 00000020 T free
0010d4ac 000007f0 T _malloc_r
0010dc9c 0000011c T memcpy
0010ddb8 00000118 T memset
0010ded0 0000000c T __malloc_lock
0010dedc 0000000c T __malloc_unlock
0010dee8 0000005c T strlen
0010df44 000000ec T strncat
0010e030 000000dc T strncmp
0010e10c 000000c0 T strncpy
0010e1cc 00000048 T strnlen
0010e214 00000114 T __call_exitprocs
0010e328 000000f8 T _malloc_trim_r
0010e420 000002e4 T _free_r
0010e704 00000008 t null_write
0010e70c 00000018 T setDefaultDevice
0010e724 000000c8 T FindDevice
0010e7ec 00000028 T RemoveDevice
0010e814 0000009c T AddDevice
0010e8b0 00000020 T GetDeviceOpTab
0010e8d0 00000078 T _sbrk_r
0010e948 00000024 T _exit
0010e96c 000001b8 T _concatenate_path
0010eb24 00000160 T chdir
0010ec84 00000018 T __libc_lock_acquire_recursive
0010ec9c 00000018 T __libc_lock_release_recursive
0010ecb4 00000028 T __getreent
0010ecdc 00000144 T strchr
0010ee20 00000044 T strrchr
0010ee64 T _fini
0010f000 00000024 r position_list
0010f024 00000030 r color_list
0010f064 R vshader_shbin
0010f17c R vshader_shbin_end
0010f17c R vshader_shbin_size
0010f18c 00000005 r colorFmtSizes
0010f194 00000004 r depthFmtSizes
0010f1bc 00000008 r morton_x.3
0010f1c4 00000008 r morton_y.2
0010f1cc 00000008 r s_sleepWakeEvents.4
0010f224 00000070 r archive_devoptab
0010f294 00000030 r error_table
0010f2cc 00000004 R _global_impure_ptr
0010f2d0 00000070 R dotab_stdnull
0010f340 00000101 R _ctype_
0010f444 r 
0010f444 R __exidx_end
0010f444 R __exidx_start
00110000 00000004 d framerate
00110004 00000008 d framerateCounter
0011000c 00000004 d queueLock
00110010 00000004 d kCount
00110014 00000004 d kDelay
00110018 00000004 d kInterval
0011001c W __stacksize__
00110020 00000004 D _impure_ptr
00110028 00000460 d impure_data
00110488 00000408 D __malloc_av_
00110890 00000004 D __malloc_sbrk_base
00110894 00000004 D __malloc_trim_threshold
00110898 0000000c d __malloc_recursive_mutex
001108a4 0000000c D __atexit_recursive_mutex
001108b0 00000004 d defaultDevice
001108b4 0000008c D devoptab_list
00110940 00000400 d _current_working_directory
00110d48 d _GLOBAL_OFFSET_TABLE_
00110d54 d __frame_dummy_init_array_entry
00110d54 D __init_array_start
00110d54 B __preinit_array_end
00110d54 B __preinit_array_start
00110d54 D __tdata_lma
00110d54 D __tdata_lma_end
00110d58 d __do_global_dtors_aux_fini_array_entry
00110d58 D __fini_array_start
00110d58 D __init_array_end
00110d5c D __bss_start__
00110d5c D __fini_array_end
00110d5c 00000004 b vshader_dvlb
00110d60 00000014 b program
00110d74 00000004 b uLoc_projection
00110d78 00000040 b projection
00110db8 00000004 b vbo_data_pos
00110dbc 00000004 b vbo_data_clr
00110dc0 b completed.1
00110dc4 b object.0
00110de0 000002d0 B __C3D_Context
001110b0 0000000c b hookCookie
001110c0 00000010 b cpuTime
001110d0 00000004 b firstTarget
001110d4 00000008 b frameCounter
001110dc 00000004 b frameEndCb
001110e0 00000004 b frameEndCbData
001110e8 00000010 b gpuTime
001110f8 00000001 b inFrame
001110f9 00000001 b inSafeTransfer
001110fa 00000001 b isTopStereo
001110fc 00000004 b lastTarget
00111100 0000000c b linkedTarget
0011110c 00000001 b measureGpuTime
0011110d 00000001 b needSwapBot
0011110e 00000001 b needSwapTop
00111110 00000004 B C3D_BoolUnifs
00111114 00000002 B C3D_BoolUnifsDirty
00111118 00000c00 B C3D_FVUnif
00111d18 000000c0 B C3D_FVUnifDirty
00111dd8 00000020 B C3D_IVUnif
00111df8 00000008 B C3D_IVUnifDirty
00111e00 000000c0 b C3Di_FVUnifEverDirty
00111ec0 00000008 b C3Di_IVUnifEverDirty
00111ec8 00000018 b C3Di_ShaderFVecData
00111ee0 0000000c b sAddrMap
00111eec 00000008 b sVramPool
00111ef4 00000008 b sLinearPool
00111efc 0000000c b sAddrMap
00111f08 00000001 V __ctru_speedup
00111f0c 00000004 b gfxBottomFramebufferMaxSize
00111f10 00000008 b gfxBottomFramebuffers
00111f18 00000002 b gfxCurBuf
00111f1c 00000002 b gfxFramebufferFormats
00111f20 00000002 b gfxIsDoubleBuf
00111f22 00000001 b gfxIsVram
00111f24 00000004 b gfxTopFramebufferMaxSize
00111f28 00000008 b gfxTopFramebuffers
00111f30 00000001 b gfxTopMode
00111f34 00000004 b screenAlloc
00111f38 00000004 b screenFree
00111f3c 00000004 b boundQueue
00111f40 00000004 b curQueue
00111f44 00000001 b isActive
00111f45 00000001 b isRunning
00111f46 00000001 b shouldStop
00111f48 00000004 B gpuCmdBuf
00111f4c 00000004 B gpuCmdBufOffset
00111f50 00000004 B gpuCmdBufSize
00111f54 00000004 b gspEvent
00111f58 0000001c b gspEventCb
00111f74 0000001c b gspEventCbData
00111f90 00000007 b gspEventCbOneShot
00111f98 00000004 b gspEventThread
00111f9c 00000038 b gspEvents
00111fd4 00000004 b gspGpuHandle
00111fd8 00000001 b gspGpuRight
00111fdc 00000004 b gspLastEvent
00111fe0 00000004 b gspRefCount
00111fe4 00000001 b gspRunEvents
00111fe8 00000004 b gspSharedMem
00111fec 00000004 b gspSharedMemHandle
00111ff0 00000001 b gspThreadId
00111ff1 00000001 b aptChainloadFlags
00111ff2 00000001 b aptChainloadMediatype
00111ff8 00000008 b aptChainloadTid
00112000 00000004 b aptEventHandlerThread
00112004 00000001 b aptEventHandlerThreadQuit
00112008 00000008 b aptEvents
00112010 0000000c b aptFirstHook
0011201c 00000004 b aptFlags
00112020 00000001 b aptHomeButtonState
00112024 00000004 b aptLockHandle
00112028 00000004 b aptMessageFunc
0011202c 00000004 b aptMessageFuncData
00112030 00001000 b aptParameters
00113030 00000008 b aptReceiveEvent
00113038 00000004 b aptRefCount
0011303c 00000008 b aptSleepEvent
00113044 00000001 b flagInit.1
00113045 00000001 b flagValue.0
00113048 00000004 b serviceName.6
0011304c 00000006 b aVec
00113054 00000004 b cPos
00113058 00000006 b gRate
00113060 00000014 B hidEvents
00113074 00000004 B hidHandle
00113078 00000004 B hidMemHandle
0011307c 00000004 b hidRefCount
00113080 00000004 B hidSharedMem
00113084 00000004 b kDown
00113088 00000004 b kHeld
0011308c 00000004 b kOld
00113090 00000004 b kRepeat
00113094 00000004 b kUp
00113098 00000004 b tPos
0011309c 00000001 b usingIrrst
001130a0 00000004 b ptmSysmHandle
001130a4 00000004 b ptmSysmRefCount
001130a8 00000004 B __ctru_heap
001130ac 00000004 V __ctru_heap_size
001130b0 00000004 B __ctru_linear_heap
001130b4 00000004 V __ctru_linear_heap_size
001130b8 00000004 B __system_retAddr
001130bc 00000004 B __system_argc
001130c0 00000004 B __system_argv
001130c4 b saved_stack
001130cc 00000004 b arbiter
001130d0 00000004 b srvHandle
001130d4 00000004 b srvRefCount
001130d8 00000004 b currentAddr
001130dc 00000004 b maxAddr
001130e0 00000004 b minAddr
001130e4 00000004 b csPos
001130e8 00000004 B irrstEvent
001130ec 00000004 B irrstHandle
001130f0 00000004 B irrstMemHandle
001130f4 00000004 b irrstRefCount
001130f8 00000004 B irrstSharedMem
001130fc 00000004 b kHeld
00113100 00000004 b srvPmHandle
00113104 00000004 b archive_device_cwd
00113108 00000540 b archive_devices
00113648 00000001 b archive_initialized
00113650 00000080 b fsExemptArchives
001136d0 00000004 b fsuHandle
001136d4 00000004 b fsuRefCount
001136d8 00000028 B __malloc_current_mallinfo
00113700 00000004 B __malloc_max_sbrked_mem
00113704 00000004 B __malloc_max_total_mem
00113708 00000004 B __malloc_top_pad
0011370c 00000004 b heap_start.0
00113710 00000004 B fake_heap_end
00113714 00000004 B fake_heap_start
00113718 00000400 b temp_cwd
00113b18 00000048 B __syscalls
00113b60 B __tls_start
00114768 B __bss_end__
00114768 A __end__
00114768 B __tls_end
