         w __deregister_frame_info
         w __register_frame_info
         w userAppExit
         w userAppInit
00000000 00000401 B __ctru_dev_path_buf
00000000 b _TLS_MODULE_BASE_
00000000 a shift
00000404 00000802 B __ctru_dev_utf16_buf
00100000 A __start__
00100000 T _start
00100008 T __service_ptr
0010000c T __apt_appid
00100010 T __heap_size
00100014 T __linear_heap_size
00100018 T __system_arglist
0010001c T __system_runflags
00100020 t startup
00100058 t ClearMem
0010006c t ClrLoop
00100094 T _init
001000ac T __aeabi_drsub
001000b4 000002b0 T __aeabi_dsub
001000b4 000002b0 T __subdf3
001000b8 000002ac T __adddf3
001000b8 000002ac T __aeabi_dadd
00100364 00000024 T __aeabi_ui2d
00100364 00000024 T __floatunsidf
00100388 00000028 T __aeabi_i2d
00100388 00000028 T __floatsidf
001003b0 00000048 T __aeabi_f2d
001003b0 00000048 T __extendsfdf2
001003f8 00000074 T __aeabi_ul2d
001003f8 00000074 T __floatundidf
0010040c 00000060 T __aeabi_l2d
0010040c 00000060 T __floatdidf
0010046c T __aeabi_ldivmod
00100540 00000004 W __aeabi_idiv0
00100540 00000004 W __aeabi_ldiv0
00100568 00000390 T strcmp
001008f0 t .udivsi3_skip_div0_test
001008f0 T __aeabi_uidiv
001008f0 000001ec T __udivsi3
00100adc 00000020 T __aeabi_uidivmod
00100afc t __do_global_dtors_aux
00100b3c t frame_dummy
00100b68 0000016c t sceneRender
00100cd8 000004a8 T main
00101180 00000004 W C3Di_ProcTexUpdate
00101184 00000004 W C3Di_ProcTexDirty
00101188 000000b4 t C3Di_AptEventHook
0010123c 00000004 W C3Di_GasUpdate
00101240 000001e0 T C3D_Init
00101420 00000098 T C3D_SetViewport
001014b8 000004ec T C3Di_UpdateContext
001019a4 000000e0 T C3Di_SplitFrame
00101a84 00000044 T C3D_Fini
00101ac8 00000108 T C3D_BindProgram
00101bd0 0000004c t onVBlank0
00101c1c 0000004c t onVBlank1
00101c68 00000080 t C3Di_RenderTargetDestroy
00101ce8 000000f4 t onQueueFinish
00101ddc 00000038 T C3Di_RenderQueueEnableVBlank
00101e14 00000030 T C3Di_RenderQueueDisableVBlank
00101e44 00000060 T C3Di_RenderQueueInit
00101ea4 000000b0 T C3Di_RenderQueueExit
00101f54 00000034 T C3Di_RenderQueueWaitDone
00101f88 000000e4 T C3D_FrameBegin
0010206c 00000048 T C3D_FrameDrawOn
001020b4 000001d8 T C3D_FrameEnd
0010228c 00000128 T C3D_RenderTargetCreate
001023b4 000000a8 T C3D_RenderTargetSetOutput
0010245c 000000fc T C3D_SyncTextureCopy
00102558 000002a0 T C3D_TexInitWithParams
001027f8 000000c8 T C3D_TexLoadImage
001028c0 00000044 T C3D_TexBind
00102904 00000074 T C3D_TexDelete
00102978 0000016c T C3Di_SetTex
00102ae4 000000dc T C3Di_LightMtlBlend
00102bc0 00000090 T C3D_LightInit
00102c50 0000001c T C3D_LightDiffuse
00102c6c 0000001c T C3D_LightSpecular0
00102c88 0000001c T C3D_LightSpecular1
00102ca4 0000005c T C3D_LightPosition
00102d00 000003f4 t Tex3DSi_ImportCommon
001030f4 00000034 T Tex3DS_TextureImport
00103128 00000004 T Tex3DS_TextureFree
0010312c 0000001c T C3D_CalcColorBufSize
00103148 0000001c T C3D_CalcDepthBufSize
00103164 00000044 T C3D_SetFrameBuf
001031a8 0000016c T C3Di_FrameBufBind
00103314 000000cc T C3D_FrameBufClear
001033e0 00000044 T C3D_FrameBufTransfer
00103424 00000034 T C3D_GetTexEnv
00103458 00000024 T C3Di_TexEnvBind
0010347c 00000024 T BufInfo_Init
001034a0 00000080 T BufInfo_Add
00103520 00000020 T C3D_GetBufInfo
00103540 00000048 T C3Di_BufInfoBind
00103588 00000148 T C3D_DrawArrays
001036d0 00000040 T C3D_DepthMap
00103710 0000001c T C3D_CullFace
0010372c 00000040 T C3D_StencilTest
0010376c 00000024 T C3D_StencilOp
00103790 0000001c T C3D_BlendingColor
001037ac 00000024 T C3D_EarlyDepthTest
001037d0 0000002c T C3D_DepthTest
001037fc 0000002c T C3D_AlphaTest
00103828 00000050 T C3D_AlphaBlend
00103878 00000030 T C3D_FragOpMode
001038a8 00000044 T C3D_FragOpShadow
001038ec 000001ac T C3Di_EffectBind
00103a98 00000028 T AttrInfo_Init
00103ac0 00000098 T AttrInfo_AddLoader
00103b58 00000020 T C3D_GetAttrInfo
00103b78 00000080 T C3Di_AttrInfoBind
00103bf8 000003d8 T C3Di_LightEnvUpdate
00103fd0 0000009c T C3Di_LightEnvDirty
0010406c 0000005c T C3D_LightEnvInit
001040c8 0000002c T C3D_LightEnvBind
001040f4 00000084 T C3D_LightEnvMaterial
00104178 000000b8 T C3D_LightEnvLut
00104230 00000028 T C3D_LightEnvBumpMode
00104258 00000028 T C3D_LightEnvBumpSel
00104280 000000a8 T C3D_ImmSendAttrib
00104328 000000a8 T LightLut_FromArray
001043d0 000000d8 T LightLut_FromFunc
001044a8 0000029c T C3D_UpdateUniforms
00104744 000000c0 T C3Di_DirtyUniforms
00104804 000000d8 T C3Di_LoadShaderUniforms
001048dc 00000028 T C3Di_ClearShaderUniforms
00104904 00000038 T Mtx_Scale
0010493c 000000a4 T Mtx_RotateX
001049e0 000000b8 T Mtx_PerspStereoTilt
00104a98 000000a0 T Mtx_Translate
00104b38 000000a0 T Mtx_RotateY
00104bd8 00000024 t addrMapNodeComparator(rbtree_node const*, rbtree_node const*)
00104bfc 00000004 t addrMapNodeDestructor(rbtree_node*)
00104c00 00000114 T vramMemAlign
00104d14 00000008 T vramAlloc
00104d1c 0000005c T vramFree
00104d78 00000024 t addrMapNodeComparator(rbtree_node const*, rbtree_node const*)
00104d9c 00000004 t addrMapNodeDestructor(rbtree_node*)
00104da0 00000120 T linearMemAlign
00104ec0 00000008 T linearAlloc
00104ec8 0000005c T linearFree
00104f24 00000084 T MemPool::CoalesceRight(MemBlock*)
00104fa8 00000170 T MemPool::Allocate(MemChunk&, unsigned long, int)
00105118 000000fc T MemPool::Deallocate(MemChunk const&)
00105214 00000074 T osConvertVirtToPhys
00105288 00000054 T osGetTimeRef
001052dc 000000e4 T osGetTime
001053c0 00000074 T __libctru_gtod
00105434 00000034 T __ctru_speedup_config
00105468 000000d0 t gfxPresentFramebuffer
00105538 00000010 T gfxSet3D
00105548 000000ec T gfxSetScreenFormat
00105634 00000108 T gfxInit
0010573c 00000010 T gfxInitDefault
0010574c 000000b4 T gfxExit
00105800 000000a0 T gfxGetFramebuffer
001058a0 00000030 T gfxScreenSwapBuffers
001058d0 000001e0 T shaderInstanceInit
00105ab0 00000018 T shaderInstanceGetUniformLocation
00105ac8 0000001c T shaderProgramInit
00105ae4 00000064 T shaderProgramFree
00105b48 00000080 T shaderProgramSetVsh
00105bc8 000008c0 T shaderProgramConfigure
00106488 000001f8 t DVLE_GenerateOutmap.part.0
00106680 000001cc T DVLB_ParseFile
0010684c 00000038 T DVLB_Free
00106884 00000074 T DVLE_GetUniformRegister
001068f8 00000010 T GX_BindQueue
00106908 00000078 T GX_ProcessCommandList
00106980 00000074 T GX_MemoryFill
001069f4 00000070 T GX_DisplayTransfer
00106a64 00000074 T GX_TextureCopy
00106ad8 00000068 t gxCmdQueueDoCommands.part.0
00106b40 000000c8 T gxCmdQueueInterrupt
00106c08 0000004c T gxCmdQueueClear
00106c54 000000f8 T gxCmdQueueAdd
00106d4c 00000080 T gxCmdQueueRun
00106dcc 00000060 T gxCmdQueueStop
00106e2c 00000074 T gxCmdQueueWait
00106ea0 0000013c T GPUCMD_Add
00106fdc 000000ac T GPUCMD_Split
00107088 00000040 T f32tof16
001070c8 00000040 T f32tof24
00107108 00000044 T f32tof31
0010714c 00000c58 t gspHardwareInit
00107da4 00000254 T gspInit
00107ff8 000000f0 T gspExit
001080e8 00000010 T gspHasGpuRight
001080f8 00000098 T gspPresentBuffer
00108190 00000030 T gspSetEventCallback
001081c0 00000050 T gspWaitForEvent
00108210 0000004c T gspWaitForAnyEvent
0010825c 00000160 t gspEventThreadMain
001083bc 00000130 T gspSubmitGxCommand
001084ec 00000050 T GSPGPU_FlushDataCache
0010853c 00000034 T GSPGPU_SetLcdForceBlack
00108570 00000068 T GSPGPU_AcquireRight
001085d8 00000048 T GSPGPU_ReleaseRight
00108620 0000007c T GSPGPU_ImportDisplayCaptureInfo
0010869c 0000002c T GSPGPU_SaveVramSysArea
001086c8 0000002c T GSPGPU_RestoreVramSysArea
001086f4 000001b0 t aptConvertScreenForCapture
001088a4 00000008 W aptDspSleep
001088ac 00000004 W aptDspWakeup
001088b0 00000004 W aptDspCancel
001088b4 0000015c T aptSendCommand
00108a10 00000038 t aptExitProcess
00108a48 000002f0 T aptExit
00108d38 000000d8 T aptHandleSleep
00108e10 00000030 T aptHook
00108e40 00000030 T aptUnhook
00108e70 00000084 T APT_SleepIfShellClosed
00108ef4 00000084 T aptSetSleepAllowed
00108f78 00000084 T APT_UnlockTransition
00109000 00000484 t aptEventHandler
00109484 000000b0 T APT_ReceiveParameter
00109534 000000b0 t aptReceiveParameter.constprop.0
001095e8 000002bc t aptScreenTransfer
001098a4 000002d0 t aptWaitForWakeUp.isra.0
00109b74 000000f8 T aptJumpToHomeMenu
00109c6c 0000004c T aptMainLoop
00109cb8 00000234 T aptInit
00109eec 0000007c T APT_CheckNew3DS
00109f68 00000024 W hidShouldUseIrrst
00109f8c 0000018c T hidInit
0010a118 000000e8 T hidExit
0010a200 00000294 T hidScanInput
0010a494 00000010 T hidKeysDown
0010a4a4 00000074 T ptmSysmInit
0010a518 0000003c T ptmSysmExit
0010a554 00000034 T PTMSYSM_ConfigureNew3DSCPU
0010a588 000000cc t buffer_read
0010a654 000000d0 t iov_read
0010a724 00000128 t iov_memmove
0010a84c 000001d8 t decompress_rle
0010aa24 00000258 t decompress_lzss
0010ac7c 000002ec t decompress_huff.part.0
0010af68 00000440 t decompress_lz11
0010b3a8 000000e4 T decompressHeader
0010b48c 00000250 T decompressV
0010b6dc 00000010 T rbtree_init
0010b6ec 000001a0 t do_insert
0010b88c 00000008 T rbtree_insert
0010b894 00000090 T rbtree_rotate
0010b924 00000338 T rbtree_remove
0010bc5c 00000074 T rbtree_find
0010bcd0 000001e0 W __system_allocateHeaps
0010beb0 00000038 W __libctru_init
0010bee8 000000f0 W __system_initArgv
0010bfd8 T svcControlMemory
0010bff8 T svcQueryMemory
0010c028 T svcExitProcess
0010c030 T svcCreateThread
0010c050 T svcExitThread
0010c058 T svcSleepThread
0010c060 T svcReleaseMutex
0010c068 T svcCreateEvent
0010c07c T svcSignalEvent
0010c084 T svcClearEvent
0010c08c T svcMapMemoryBlock
0010c094 T svcUnmapMemoryBlock
0010c09c T svcCreateAddressArbiter
0010c0b0 T svcArbitrateAddressNoTimeout
0010c0b8 T svcCloseHandle
0010c0c0 T svcWaitSynchronization
0010c0c8 T svcWaitSynchronizationN
0010c0f0 T svcDuplicateHandle
0010c104 T svcGetSystemTick
0010c10c T svcConnectToPort
0010c120 T svcSendSyncRequest
0010c128 T svcGetResourceLimit
0010c13c T svcGetResourceLimitLimitValues
0010c144 T svcGetResourceLimitCurrentValues
0010c14c T svcBreak
0010c154 W initSystem
0010c1a4 W __ctru_exit
0010c1bc 0000000c T __sync_init
0010c1c8 00000018 T __sync_fini
0010c1e0 0000002c T syncArbitrateAddress
0010c20c 0000001c T LightLock_Init
0010c228 00000094 T LightLock_Lock
0010c2bc 00000044 T LightLock_TryLock
0010c300 00000040 T LightLock_Unlock
0010c340 00000024 T RecursiveLock_Init
0010c364 00000030 T RecursiveLock_Lock
0010c394 00000078 T RecursiveLock_TryLock
0010c40c 00000054 T RecursiveLock_Unlock
0010c460 00000040 T LightEvent_Init
0010c4a0 000000a4 T LightEvent_Clear
0010c544 000000c8 T LightEvent_Signal
0010c60c 00000058 T LightEvent_TryWait
0010c664 000000b0 T LightEvent_Wait
0010c714 00000124 T srvInit
0010c838 00000058 T srvExit
0010c890 00000080 T srvGetServiceHandleDirect
0010c910 00000048 T srvGetServiceHandle
0010c958 00000038 T srvPublishToSubscriber
0010c990 00000188 T threadCreate
0010cb18 0000002c T threadFree
0010cb44 00000024 T threadJoin
0010cb68 00000030 T threadGetCurrent
0010cb98 00000040 T threadExit
0010cbd8 00000044 t _thread_begin
0010cc1c 00000094 t mappableFindAddressWithin
0010ccb0 00000028 T mappableInit
0010ccd8 00000080 T mappableAlloc
0010cd58 00000004 T mappableFree
0010cd5c 00000160 T irrstInit
0010cebc 000000cc T irrstExit
0010cf88 000000b0 T irrstScanInput
0010d038 00000024 T irrstKeysHeld
0010d05c 0000000c T srvPmGetSessionHandle
0010d068 00000050 T rbtree_node_next
0010d0b8 00000030 W __appInit
0010d0e8 00000030 t __libctru_nanosleep
0010d118 00000030 t __libctru_get_reent
0010d148 000000f8 T __system_initSyscalls
0010d240 00000030 W __appExit
0010d270 00000090 W __libctru_exit
0010d300 00000084 W envGetHandle
0010d384 00000050 W envDestroyHandles
0010d3d4 00000014 t archive_link
0010d3e8 00000014 t archive_dirreset
0010d3fc 00000014 t archive_chmod
0010d410 00000024 t error_cmp
0010d434 00000050 t archive_translate_error
0010d484 000000d4 t archive_seek
0010d558 0000007c t _archiveInit.part.0
0010d5d4 0000008c t archiveFindDevice.part.0
0010d660 00000294 t archive_utf16path
0010d8f4 000000a0 t _archiveUnmountDeviceStruct.part.0
0010d994 00000014 t archive_fchmod
0010d9a8 00000014 t archive_statvfs
0010d9bc 00000158 t _archiveMountDevice
0010db14 000000e8 t archive_diropen
0010dbfc 000000a4 t archive_fstat
0010dca0 0000006c t archive_close
0010dd0c 0000006c t archive_fsync
0010dd78 00000070 t archive_dirclose
0010dde8 000000e8 t sdmc_statvfs
0010ded0 00000080 t archive_ftruncate
0010df50 000000fc t archive_chdir
0010e04c 000000b0 t archive_read
0010e0fc 000000ac t archive_unlink
0010e1a8 000000c8 t archive_rmdir
0010e270 000000ec t archive_mkdir
0010e35c 000001a8 t archive_stat
0010e504 00000184 t archive_rename
0010e688 00000168 t archive_dirnext
0010e7f0 0000012c t archive_write
0010e91c 000001f0 t archive_open
0010eb0c 000001a4 T archiveMountSdmc
0010ecb0 00000054 T archiveUnmountAll
0010ed04 000000c8 T fsInit
0010edcc 0000003c T fsExit
0010ee08 00000060 T fsExemptFromSession
0010ee68 00000050 T fsUnexemptFromSession
0010eeb8 000000cc T FSUSER_OpenFile
0010ef84 000000bc T FSUSER_DeleteFile
0010f040 000000f8 T FSUSER_RenameFile
0010f138 000000bc T FSUSER_DeleteDirectory
0010f1f4 000000d4 T FSUSER_CreateFile
0010f2c8 000000c4 T FSUSER_CreateDirectory
0010f38c 000000f8 T FSUSER_RenameDirectory
0010f484 000000b4 T FSUSER_OpenDirectory
0010f538 00000094 T FSUSER_OpenArchive
0010f5cc 0000008c T FSUSER_CloseArchive
0010f658 00000074 T FSUSER_GetSdmcArchiveResource
0010f6cc 00000064 T FSUSER_IsSdmcWritable
0010f730 00000058 T FSFILE_Read
0010f788 00000060 T FSFILE_Write
0010f7e8 00000038 T FSFILE_GetSize
0010f820 00000028 T FSFILE_SetSize
0010f848 0000003c T FSFILE_Close
0010f884 00000024 T FSFILE_Flush
0010f8a8 00000050 T FSDIR_Read
0010f8f8 0000003c T FSDIR_Close
0010f934 000000e8 T utf16_to_utf8
0010fa1c 00000064 T decode_utf16
0010fa80 0000013c T decode_utf8
0010fbbc 000000c0 T utf8_to_utf16
0010fc7c T __aeabi_read_tp
0010fc88 00000060 T encode_utf16
0010fce8 000000fc T encode_utf8
0010fde8 0000022c T cosf
00110014 00000024 t with_errnof
00110038 00000018 t xflowf
00110050 0000000c T __math_uflowf
0011005c 0000000c T __math_may_uflowf
00110068 0000000c T __math_oflowf
00110074 00000030 T __math_divzerof
001100a4 0000001c T __math_invalidf
001100c0 000003ec T powf
001104ac 00000070 T tanf
00110520 00000274 T sinf
00110794 000002f0 T __ieee754_rem_pio2f
00110a84 00000868 T __kernel_rem_pio2f
001112ec 00000208 T __kernel_tanf
001114f4 00000010 T fabsf
00111504 000000b4 T floorf
001115b8 00000154 T scalbnf
0011170c 00000120 T __udivmoddi4
0011182c 00000078 T bsearch
001118a4 00000028 T calloc
001118cc 00000094 T _calloc_r
00111960 0000000c T __errno
0011196c 00000034 T exit
001119a0 0000003c T __libc_fini_array
001119dc 000000f8 T _malloc_trim_r
00111ad4 000002e4 T _free_r
00111db8 0000007c T __libc_init_array
00111e34 00000028 T memalign
00111e5c 00000148 T _memalign_r
00111fa4 00000020 T malloc
00111fc4 00000020 T free
00111fe4 000007f0 T _malloc_r
001127d4 0000011c T memcpy
001128f0 00000118 T memset
00112a08 0000000c T __malloc_lock
00112a14 0000000c T __malloc_unlock
00112a20 0000005c T strlen
00112a7c 000000ec T strncat
00112b68 000000dc T strncmp
00112c44 000000c0 T strncpy
00112d04 00000048 T strnlen
00112d4c 00000114 T __call_exitprocs
00112e60 00000008 t null_write
00112e68 00000018 T setDefaultDevice
00112e80 000000c8 T FindDevice
00112f48 00000028 T RemoveDevice
00112f70 0000009c T AddDevice
0011300c 00000020 T GetDeviceOpTab
0011302c 00000078 T _sbrk_r
001130a4 00000024 T _exit
001130c8 000001b8 T _concatenate_path
00113280 00000160 T chdir
001133e0 00000018 T __libc_lock_acquire_recursive
001133f8 00000018 T __libc_lock_release_recursive
00113410 00000028 T __getreent
00113438 00000144 T strchr
0011357c 00000044 T strrchr
001135c0 T _fini
00114000 00000630 r vertex_list
00114630 0000003c r material.0
0011467c R vshader_shbin
0011495c R vshader_shbin_end
0011495c R vshader_shbin_size
00114960 R diffuse_t3x
00116955 R diffuse_t3x_end
00116958 R normal_t3x
0012296d R normal_t3x_end
00122988 00000038 r CSWTCH.18
001229c0 00000005 r colorFmtSizes
001229c8 00000004 r depthFmtSizes
001229cc 00000008 r ids.0
001229d4 00000007 r layer_enabled.1
001229dc 00000006 r lutIds.2
00122a08 00000008 r morton_x.3
00122a10 00000008 r morton_y.2
00122a18 00000008 r s_sleepWakeEvents.4
00122a70 00000070 r archive_devoptab
00122ae0 00000030 r error_table
00122b18 00000060 R __inv_pio4
00122b78 000000e0 R __sincosf_table
00122c58 00000080 r npio2_hw
00122cd8 00000318 r two_over_pi
00122ff0 0000002c r PIo2
0012301c 0000000c r init_jk
00123028 00000148 R __exp2f_data
00123170 00000128 R __powf_log2_data
00123298 00000004 R _global_impure_ptr
0012329c 00000070 R dotab_stdnull
0012330c 00000101 R _ctype_
00123410 r 
00123410 R __exidx_end
00123410 R __exidx_start
00124000 00000004 d framerate
00124004 00000008 d framerateCounter
0012400c 00000004 d queueLock
00124010 00000004 d kCount
00124014 00000004 d kDelay
00124018 00000004 d kInterval
0012401c W __stacksize__
00124020 00000004 D _impure_ptr
00124028 00000460 d impure_data
00124488 00000408 D __malloc_av_
00124890 00000004 D __malloc_sbrk_base
00124894 00000004 D __malloc_trim_threshold
00124898 0000000c d __malloc_recursive_mutex
001248a4 0000000c D __atexit_recursive_mutex
001248b0 00000004 d defaultDevice
001248b4 0000008c D devoptab_list
00124940 00000400 d _current_working_directory
00124d48 d _GLOBAL_OFFSET_TABLE_
00124d54 d __frame_dummy_init_array_entry
00124d54 D __init_array_start
00124d54 B __preinit_array_end
00124d54 B __preinit_array_start
00124d54 D __tdata_lma
00124d54 D __tdata_lma_end
00124d58 d __do_global_dtors_aux_fini_array_entry
00124d58 D __fini_array_start
00124d58 D __init_array_end
00124d5c D __bss_start__
00124d5c D __fini_array_end
00124d5c 00000040 b projection
00124d9c 00000004 b angleX
00124da0 00000004 b angleY
00124da4 00000004 b uLoc_projection
00124da8 00000004 b uLoc_modelView
00124dac 00000004 b vshader_dvlb
00124db0 00000014 b program
00124dc4 00000004 b vbo_data
00124dc8 00000018 b diffuse_tex
00124de0 00000018 b normal_tex
00124df8 000000a4 b lightEnv
00124e9c 00000400 b lut_Phong
0012529c 00000070 b light
0012530c b completed.1
00125310 b object.0
00125328 000002d0 B __C3D_Context
001255f8 0000000c b hookCookie
00125608 00000010 b cpuTime
00125618 00000004 b firstTarget
0012561c 00000008 b frameCounter
00125624 00000004 b frameEndCb
00125628 00000004 b frameEndCbData
00125630 00000010 b gpuTime
00125640 00000001 b inFrame
00125641 00000001 b inSafeTransfer
00125642 00000001 b isTopStereo
00125644 00000004 b lastTarget
00125648 0000000c b linkedTarget
00125654 00000001 b measureGpuTime
00125655 00000001 b needSwapBot
00125656 00000001 b needSwapTop
00125658 00000004 B C3D_BoolUnifs
0012565c 00000002 B C3D_BoolUnifsDirty
00125660 00000c00 B C3D_FVUnif
00126260 000000c0 B C3D_FVUnifDirty
00126320 00000020 B C3D_IVUnif
00126340 00000008 B C3D_IVUnifDirty
00126348 000000c0 b C3Di_FVUnifEverDirty
00126408 00000008 b C3Di_IVUnifEverDirty
00126410 00000018 b C3Di_ShaderFVecData
00126428 0000000c b sAddrMap
00126434 00000008 b sVramPool
0012643c 00000008 b sLinearPool
00126444 0000000c b sAddrMap
00126450 00000001 V __ctru_speedup
00126454 00000004 b gfxBottomFramebufferMaxSize
00126458 00000008 b gfxBottomFramebuffers
00126460 00000002 b gfxCurBuf
00126464 00000002 b gfxFramebufferFormats
00126468 00000002 b gfxIsDoubleBuf
0012646a 00000001 b gfxIsVram
0012646c 00000004 b gfxTopFramebufferMaxSize
00126470 00000008 b gfxTopFramebuffers
00126478 00000001 b gfxTopMode
0012647c 00000004 b screenAlloc
00126480 00000004 b screenFree
00126484 00000004 b boundQueue
00126488 00000004 b curQueue
0012648c 00000001 b isActive
0012648d 00000001 b isRunning
0012648e 00000001 b shouldStop
00126490 00000004 B gpuCmdBuf
00126494 00000004 B gpuCmdBufOffset
00126498 00000004 B gpuCmdBufSize
0012649c 00000004 b gspEvent
001264a0 0000001c b gspEventCb
001264bc 0000001c b gspEventCbData
001264d8 00000007 b gspEventCbOneShot
001264e0 00000004 b gspEventThread
001264e4 00000038 b gspEvents
0012651c 00000004 b gspGpuHandle
00126520 00000001 b gspGpuRight
00126524 00000004 b gspLastEvent
00126528 00000004 b gspRefCount
0012652c 00000001 b gspRunEvents
00126530 00000004 b gspSharedMem
00126534 00000004 b gspSharedMemHandle
00126538 00000001 b gspThreadId
00126539 00000001 b aptChainloadFlags
0012653a 00000001 b aptChainloadMediatype
00126540 00000008 b aptChainloadTid
00126548 00000004 b aptEventHandlerThread
0012654c 00000001 b aptEventHandlerThreadQuit
00126550 00000008 b aptEvents
00126558 0000000c b aptFirstHook
00126564 00000004 b aptFlags
00126568 00000001 b aptHomeButtonState
0012656c 00000004 b aptLockHandle
00126570 00000004 b aptMessageFunc
00126574 00000004 b aptMessageFuncData
00126578 00001000 b aptParameters
00127578 00000008 b aptReceiveEvent
00127580 00000004 b aptRefCount
00127584 00000008 b aptSleepEvent
0012758c 00000001 b flagInit.1
0012758d 00000001 b flagValue.0
00127590 00000004 b serviceName.6
00127594 00000006 b aVec
0012759c 00000004 b cPos
001275a0 00000006 b gRate
001275a8 00000014 B hidEvents
001275bc 00000004 B hidHandle
001275c0 00000004 B hidMemHandle
001275c4 00000004 b hidRefCount
001275c8 00000004 B hidSharedMem
001275cc 00000004 b kDown
001275d0 00000004 b kHeld
001275d4 00000004 b kOld
001275d8 00000004 b kRepeat
001275dc 00000004 b kUp
001275e0 00000004 b tPos
001275e4 00000001 b usingIrrst
001275e8 00000004 b ptmSysmHandle
001275ec 00000004 b ptmSysmRefCount
001275f0 00000004 B __ctru_heap
001275f4 00000004 V __ctru_heap_size
001275f8 00000004 B __ctru_linear_heap
001275fc 00000004 V __ctru_linear_heap_size
00127600 00000004 B __system_retAddr
00127604 00000004 B __system_argc
00127608 00000004 B __system_argv
0012760c b saved_stack
00127614 00000004 b arbiter
00127618 00000004 b srvHandle
0012761c 00000004 b srvRefCount
00127620 00000004 b currentAddr
00127624 00000004 b maxAddr
00127628 00000004 b minAddr
0012762c 00000004 b csPos
00127630 00000004 B irrstEvent
00127634 00000004 B irrstHandle
00127638 00000004 B irrstMemHandle
0012763c 00000004 b irrstRefCount
00127640 00000004 B irrstSharedMem
00127644 00000004 b kHeld
00127648 00000004 b srvPmHandle
0012764c 00000004 b archive_device_cwd
00127650 00000540 b archive_devices
00127b90 00000001 b archive_initialized
00127b98 00000080 b fsExemptArchives
00127c18 00000004 b fsuHandle
00127c1c 00000004 b fsuRefCount
00127c20 00000028 B __malloc_current_mallinfo
00127c48 00000004 B __malloc_max_sbrked_mem
00127c4c 00000004 B __malloc_max_total_mem
00127c50 00000004 B __malloc_top_pad
00127c54 00000004 b heap_start.0
00127c58 00000004 B fake_heap_end
00127c5c 00000004 B fake_heap_start
00127c60 00000400 b temp_cwd
00128060 00000048 B __syscalls
001280a8 B __tls_start
00128cb0 B __bss_end__
00128cb0 A __end__
00128cb0 B __tls_end
