         w __deregister_frame_info
         w __register_frame_info
         w userAppExit
         w userAppInit
00000000 00000401 B __ctru_dev_path_buf
00000000 b _TLS_MODULE_BASE_
00000000 a shift
00000000 a shift
00000404 00000802 B __ctru_dev_utf16_buf
00100000 A __start__
00100000 T _start
00100008 T __service_ptr
0010000c T __apt_appid
00100010 T __heap_size
00100014 T __linear_heap_size
00100018 T __system_arglist
0010001c T __system_runflags
00100020 t startup
00100058 t ClearMem
0010006c t ClrLoop
00100094 T _init
001000ac t .udivsi3_skip_div0_test
001000ac T __aeabi_uidiv
001000ac 000001ec T __udivsi3
00100298 00000020 T __aeabi_uidivmod
001002b8 T __aeabi_idiv
001002b8 00000220 T __divsi3
001002c0 t .divsi3_skip_div0_test
001004d8 00000020 T __aeabi_idivmod
001004f8 00000004 W __aeabi_idiv0
001004f8 00000004 W __aeabi_ldiv0
001004fc T __aeabi_drsub
00100504 000002b0 T __aeabi_dsub
00100504 000002b0 T __subdf3
00100508 000002ac T __adddf3
00100508 000002ac T __aeabi_dadd
001007b4 00000024 T __aeabi_ui2d
001007b4 00000024 T __floatunsidf
001007d8 00000028 T __aeabi_i2d
001007d8 00000028 T __floatsidf
00100800 00000048 T __aeabi_f2d
00100800 00000048 T __extendsfdf2
00100848 00000074 T __aeabi_ul2d
00100848 00000074 T __floatundidf
0010085c 00000060 T __aeabi_l2d
0010085c 00000060 T __floatdidf
001008bc T __aeabi_ldivmod
00100990 T __aeabi_uldivmod
001009e8 00000390 T strcmp
00100d70 t __do_global_dtors_aux
00100db0 t frame_dummy
00100de0 000004a4 T main
00101284 00000034 t C2Di_FrameEndHook
001012b8 00000330 T C2D_Init
001015e8 00000044 T C2D_Fini
0010162c 000000d0 T C2D_Prepare
001016fc 0000003c T C2D_Flush
00101738 00000108 T C2D_SceneSize
00101840 00000058 T C2D_CreateScreenTarget
00101898 00000058 T C2D_TargetClear
001018f0 0000013c T C2Di_CalcQuad
00101a2c 0000022c T C2Di_Update
00101c58 000002f8 T C2D_DrawImage
00101f50 0000006c T C2D_SpriteSheetLoadFromHandle
00101fbc 00000048 T C2D_SpriteSheetLoad
00102004 00000028 T C2D_SpriteSheetFree
0010202c 00000008 T C2D_SpriteSheetCount
00102034 0000002c T C2D_SpriteSheetGetImage
00102060 00000004 W C3Di_LightEnvUpdate
00102064 00000004 W C3Di_LightEnvDirty
00102068 000000b4 t C3Di_AptEventHook
0010211c 00000004 W C3Di_GasUpdate
00102120 000001e0 T C3D_Init
00102300 00000098 T C3D_SetViewport
00102398 000004ec T C3Di_UpdateContext
00102884 000000e0 T C3Di_SplitFrame
00102964 00000010 T C3D_GetCmdBufUsage
00102974 00000044 T C3D_Fini
001029b8 00000108 T C3D_BindProgram
00102ac0 0000004c t onVBlank0
00102b0c 0000004c t onVBlank1
00102b58 00000080 t C3Di_RenderTargetDestroy
00102bd8 000000f4 t onQueueFinish
00102ccc 00000038 T C3Di_RenderQueueEnableVBlank
00102d04 00000030 T C3Di_RenderQueueDisableVBlank
00102d34 00000060 T C3Di_RenderQueueInit
00102d94 000000b0 T C3Di_RenderQueueExit
00102e44 00000034 T C3Di_RenderQueueWaitDone
00102e78 000000e4 T C3D_FrameBegin
00102f5c 00000048 T C3D_FrameDrawOn
00102fa4 00000058 T C3D_FrameSplit
00102ffc 000001d8 T C3D_FrameEnd
001031d4 0000001c T C3D_FrameEndHook
001031f0 00000018 T C3D_GetDrawingTime
00103208 00000018 T C3D_GetProcessingTime
00103220 00000128 T C3D_RenderTargetCreate
00103348 000000a8 T C3D_RenderTargetSetOutput
001033f0 000000fc T C3D_SyncTextureCopy
001034ec 000002a0 T C3D_TexInitWithParams
0010378c 000000c8 T C3D_TexLoadImage
00103854 00000044 T C3D_TexBind
00103898 00000074 T C3D_TexDelete
0010390c 0000016c T C3Di_SetTex
00103a78 000003f4 t Tex3DSi_ImportCommon
00103e6c 00000038 T Tex3DS_TextureImportStdio
00103ea4 00000008 T Tex3DS_GetNumSubTextures
00103eac 0000001c T Tex3DS_GetSubTexture
00103ec8 00000004 T Tex3DS_TextureFree
00103ecc 0000001c T C3D_CalcColorBufSize
00103ee8 0000001c T C3D_CalcDepthBufSize
00103f04 00000044 T C3D_SetFrameBuf
00103f48 0000016c T C3Di_FrameBufBind
001040b4 000000cc T C3D_FrameBufClear
00104180 00000044 T C3D_FrameBufTransfer
001041c4 00000034 T C3D_GetTexEnv
001041f8 00000024 T C3Di_TexEnvBind
0010421c 00000070 T C3D_ProcTexInit
0010428c 00000054 T C3D_ProcTexBind
001042e0 0000005c T C3D_ProcTexLutBind
0010433c 000000a4 T ProcTexLut_FromArray
001043e0 0000017c T C3Di_ProcTexUpdate
0010455c 00000068 T C3Di_ProcTexDirty
001045c4 00000024 T BufInfo_Init
001045e8 00000080 T BufInfo_Add
00104668 00000040 T C3D_SetBufInfo
001046a8 00000048 T C3Di_BufInfoBind
001046f0 00000148 T C3D_DrawArrays
00104838 00000040 T C3D_DepthMap
00104878 0000001c T C3D_CullFace
00104894 00000040 T C3D_StencilTest
001048d4 00000024 T C3D_StencilOp
001048f8 0000001c T C3D_BlendingColor
00104914 00000024 T C3D_EarlyDepthTest
00104938 0000002c T C3D_DepthTest
00104964 0000002c T C3D_AlphaTest
00104990 00000050 T C3D_AlphaBlend
001049e0 00000030 T C3D_FragOpMode
00104a10 00000044 T C3D_FragOpShadow
00104a54 000001ac T C3Di_EffectBind
00104c00 00000028 T AttrInfo_Init
00104c28 00000098 T AttrInfo_AddLoader
00104cc0 00000054 T C3D_SetAttrInfo
00104d14 00000080 T C3Di_AttrInfoBind
00104d94 000000a8 T C3D_ImmSendAttrib
00104e3c 0000029c T C3D_UpdateUniforms
001050d8 000000c0 T C3Di_DirtyUniforms
00105198 000000d8 T C3Di_LoadShaderUniforms
00105270 00000028 T C3Di_ClearShaderUniforms
00105298 000000cc T Mtx_Ortho
00105364 000000cc T Mtx_OrthoTilt
00105430 00000024 t addrMapNodeComparator(rbtree_node const*, rbtree_node const*)
00105454 00000004 t addrMapNodeDestructor(rbtree_node*)
00105458 00000114 T vramMemAlign
0010556c 00000008 T vramAlloc
00105574 0000005c T vramFree
001055d0 00000024 t addrMapNodeComparator(rbtree_node const*, rbtree_node const*)
001055f4 00000004 t addrMapNodeDestructor(rbtree_node*)
001055f8 00000120 T linearMemAlign
00105718 00000008 T linearAlloc
00105720 0000005c T linearFree
0010577c 00000084 T MemPool::CoalesceRight(MemBlock*)
00105800 00000170 T MemPool::Allocate(MemChunk&, unsigned long, int)
00105970 000000fc T MemPool::Deallocate(MemChunk const&)
00105a6c 00000008 t romfs_close
00105a74 000000c8 t romfs_seek
00105b3c 00000024 t romfs_dirreset
00105b60 000000c8 t fill_dir
00105c28 000002b0 t romfs_dirnext
00105ed8 00000084 t romfs_free
00105f5c 000000d4 t searchForFile.constprop.0
00106030 000000d8 t searchForDir.constprop.0
00106108 000001c0 t navigateToDir.constprop.0
001062c8 00000128 t romfs_open
001063f0 0000004c t romfs_chdir
0010643c 00000070 t romfs_diropen
001064ac 0000017c t romfs_stat
00106628 00000008 t romfs_dirclose
00106630 0000007c t romfs_fstat
001066ac 000000d4 t romfs_read
00106780 00000290 T romfsMountFromFile
00106a10 00000098 T romfsMountFromCurrentProcess
00106aa8 0000025c T romfsMountSelf
00106d04 000000ac T romfsUnmount
00106db0 00000074 T osConvertVirtToPhys
00106e24 00000054 T osGetTimeRef
00106e78 000000e4 T osGetTime
00106f5c 00000074 T __libctru_gtod
00106fd0 00000038 T osTickCounterRead
00107008 00000034 T __ctru_speedup_config
0010703c 00000178 T consoleDrawChar
001071b4 00000124 T consolePrintChar
001072d8 00000a00 T con_write
00107cd8 00000168 T consoleInit
00107e40 000000f4 t newRow
00107f34 000000d0 t gfxPresentFramebuffer
00108004 0000001c T gfxIsWide
00108020 000000ec T gfxSetScreenFormat
0010810c 00000010 T gfxSetDoubleBuffering
0010811c 00000108 T gfxInit
00108224 00000010 T gfxInitDefault
00108234 000000b4 T gfxExit
001082e8 000000a0 T gfxGetFramebuffer
00108388 0000010c T gfxFlushBuffers
00108494 00000030 T gfxScreenSwapBuffers
001084c4 00000050 T gfxSwapBuffersGpu
00108514 000001e0 T shaderInstanceInit
001086f4 00000018 T shaderInstanceGetUniformLocation
0010870c 0000001c T shaderProgramInit
00108728 00000064 T shaderProgramFree
0010878c 00000080 T shaderProgramSetVsh
0010880c 000008c0 T shaderProgramConfigure
001090cc 000001f8 t DVLE_GenerateOutmap.part.0
001092c4 000001cc T DVLB_ParseFile
00109490 00000038 T DVLB_Free
001094c8 00000074 T DVLE_GetUniformRegister
0010953c 00000010 T GX_BindQueue
0010954c 00000078 T GX_ProcessCommandList
001095c4 00000074 T GX_MemoryFill
00109638 00000070 T GX_DisplayTransfer
001096a8 00000074 T GX_TextureCopy
0010971c 00000068 t gxCmdQueueDoCommands.part.0
00109784 000000c8 T gxCmdQueueInterrupt
0010984c 0000004c T gxCmdQueueClear
00109898 000000f8 T gxCmdQueueAdd
00109990 00000080 T gxCmdQueueRun
00109a10 00000060 T gxCmdQueueStop
00109a70 00000074 T gxCmdQueueWait
00109ae4 0000013c T GPUCMD_Add
00109c20 000000ac T GPUCMD_Split
00109ccc 00000040 T f32tof16
00109d0c 00000040 T f32tof24
00109d4c 00000044 T f32tof31
00109d90 00000c58 t gspHardwareInit
0010a9e8 00000254 T gspInit
0010ac3c 000000f0 T gspExit
0010ad2c 00000010 T gspHasGpuRight
0010ad3c 00000098 T gspPresentBuffer
0010add4 00000030 T gspSetEventCallback
0010ae04 00000050 T gspWaitForEvent
0010ae54 0000004c T gspWaitForAnyEvent
0010aea0 00000160 t gspEventThreadMain
0010b000 00000130 T gspSubmitGxCommand
0010b130 00000050 T GSPGPU_FlushDataCache
0010b180 00000034 T GSPGPU_SetLcdForceBlack
0010b1b4 00000068 T GSPGPU_AcquireRight
0010b21c 00000048 T GSPGPU_ReleaseRight
0010b264 0000007c T GSPGPU_ImportDisplayCaptureInfo
0010b2e0 0000002c T GSPGPU_SaveVramSysArea
0010b30c 0000002c T GSPGPU_RestoreVramSysArea
0010b338 000001b0 t aptConvertScreenForCapture
0010b4e8 00000008 W aptDspSleep
0010b4f0 00000004 W aptDspWakeup
0010b4f4 00000004 W aptDspCancel
0010b4f8 0000015c T aptSendCommand
0010b654 00000038 t aptExitProcess
0010b68c 000002f0 T aptExit
0010b97c 000000d8 T aptHandleSleep
0010ba54 00000030 T aptHook
0010ba84 00000030 T aptUnhook
0010bab4 00000084 T APT_SleepIfShellClosed
0010bb38 00000084 T aptSetSleepAllowed
0010bbbc 00000084 T APT_UnlockTransition
0010bc40 00000484 t aptEventHandler
0010c0c4 000000b0 T APT_ReceiveParameter
0010c174 000000b0 t aptReceiveParameter.constprop.0
0010c228 000002bc t aptScreenTransfer
0010c4e4 000002d0 t aptWaitForWakeUp.isra.0
0010c7b4 000000f8 T aptJumpToHomeMenu
0010c8ac 0000004c T aptMainLoop
0010c8f8 00000234 T aptInit
0010cb2c 0000007c T APT_CheckNew3DS
0010cba8 00000024 W hidShouldUseIrrst
0010cbcc 0000018c T hidInit
0010cd58 000000e8 T hidExit
0010ce40 00000294 T hidScanInput
0010d0d4 00000010 T hidKeysHeld
0010d0e4 00000010 T hidKeysDown
0010d0f4 00000074 T ptmSysmInit
0010d168 0000003c T ptmSysmExit
0010d1a4 00000034 T PTMSYSM_ConfigureNew3DSCPU
0010d1d8 000000c8 T fsInit
0010d2a0 0000003c T fsExit
0010d2dc 00000060 T fsExemptFromSession
0010d33c 00000050 T fsUnexemptFromSession
0010d38c 000000cc T FSUSER_OpenFile
0010d458 000000d4 T FSUSER_OpenFileDirectly
0010d52c 000000bc T FSUSER_DeleteFile
0010d5e8 000000f8 T FSUSER_RenameFile
0010d6e0 000000bc T FSUSER_DeleteDirectory
0010d79c 000000d4 T FSUSER_CreateFile
0010d870 000000c4 T FSUSER_CreateDirectory
0010d934 000000f8 T FSUSER_RenameDirectory
0010da2c 000000b4 T FSUSER_OpenDirectory
0010dae0 00000094 T FSUSER_OpenArchive
0010db74 0000008c T FSUSER_CloseArchive
0010dc00 00000074 T FSUSER_GetSdmcArchiveResource
0010dc74 00000064 T FSUSER_IsSdmcWritable
0010dcd8 00000058 T FSFILE_Read
0010dd30 00000060 T FSFILE_Write
0010dd90 00000038 T FSFILE_GetSize
0010ddc8 00000028 T FSFILE_SetSize
0010ddf0 0000003c T FSFILE_Close
0010de2c 00000024 T FSFILE_Flush
0010de50 00000050 T FSDIR_Read
0010dea0 0000003c T FSDIR_Close
0010dedc 000000cc t buffer_read
0010dfa8 000000d0 t iov_read
0010e078 00000128 t iov_memmove
0010e1a0 000001d8 t decompress_rle
0010e378 00000258 t decompress_lzss
0010e5d0 000002ec t decompress_huff.part.0
0010e8bc 00000440 t decompress_lz11
0010ecfc 00000010 T decompressCallback_Stdio
0010ed0c 000000e4 T decompressHeader
0010edf0 00000250 T decompressV
0010f040 00000010 T rbtree_init
0010f050 000001a0 t do_insert
0010f1f0 00000008 T rbtree_insert
0010f1f8 00000090 T rbtree_rotate
0010f288 00000338 T rbtree_remove
0010f5c0 00000074 T rbtree_find
0010f634 000000e8 T utf16_to_utf8
0010f71c 00000064 T decode_utf16
0010f780 000000c0 T utf8_to_utf16
0010f840 000001e0 W __system_allocateHeaps
0010fa20 00000038 W __libctru_init
0010fa58 000000f0 W __system_initArgv
0010fb48 T svcControlMemory
0010fb68 T svcQueryMemory
0010fb98 T svcExitProcess
0010fba0 T svcCreateThread
0010fbc0 T svcExitThread
0010fbc8 T svcSleepThread
0010fbd0 T svcReleaseMutex
0010fbd8 T svcCreateEvent
0010fbec T svcSignalEvent
0010fbf4 T svcClearEvent
0010fbfc T svcMapMemoryBlock
0010fc04 T svcUnmapMemoryBlock
0010fc0c T svcCreateAddressArbiter
0010fc20 T svcArbitrateAddressNoTimeout
0010fc28 T svcCloseHandle
0010fc30 T svcWaitSynchronization
0010fc38 T svcWaitSynchronizationN
0010fc60 T svcDuplicateHandle
0010fc74 T svcGetSystemTick
0010fc7c T svcConnectToPort
0010fc90 T svcSendSyncRequest
0010fc98 T svcGetResourceLimit
0010fcac T svcGetResourceLimitLimitValues
0010fcb4 T svcGetResourceLimitCurrentValues
0010fcbc T svcBreak
0010fcc4 W initSystem
0010fd14 W __ctru_exit
0010fd2c T __aeabi_read_tp
0010fd38 0000000c T __sync_init
0010fd44 00000018 T __sync_fini
0010fd5c 0000002c T syncArbitrateAddress
0010fd88 0000001c T LightLock_Init
0010fda4 00000094 T LightLock_Lock
0010fe38 00000044 T LightLock_TryLock
0010fe7c 00000040 T LightLock_Unlock
0010febc 00000024 T RecursiveLock_Init
0010fee0 00000030 T RecursiveLock_Lock
0010ff10 00000078 T RecursiveLock_TryLock
0010ff88 00000054 T RecursiveLock_Unlock
0010ffdc 00000040 T LightEvent_Init
0011001c 000000a4 T LightEvent_Clear
001100c0 000000c8 T LightEvent_Signal
00110188 00000058 T LightEvent_TryWait
001101e0 000000b0 T LightEvent_Wait
00110290 00000084 W envGetHandle
00110314 00000050 W envDestroyHandles
00110364 00000124 T srvInit
00110488 00000058 T srvExit
001104e0 00000080 T srvGetServiceHandleDirect
00110560 00000048 T srvGetServiceHandle
001105a8 00000038 T srvPublishToSubscriber
001105e0 00000188 T threadCreate
00110768 0000002c T threadFree
00110794 00000024 T threadJoin
001107b8 00000030 T threadGetCurrent
001107e8 00000040 T threadExit
00110828 00000044 t _thread_begin
0011086c 00000094 t mappableFindAddressWithin
00110900 00000028 T mappableInit
00110928 00000080 T mappableAlloc
001109a8 00000004 T mappableFree
001109ac 00000160 T irrstInit
00110b0c 000000cc T irrstExit
00110bd8 000000b0 T irrstScanInput
00110c88 00000024 T irrstKeysHeld
00110cac 0000000c T srvPmGetSessionHandle
00110cb8 00000050 T rbtree_node_next
00110d08 00000060 T encode_utf16
00110d68 000000fc T encode_utf8
00110e64 0000013c T decode_utf8
00110fa0 00000030 W __appInit
00110fd0 00000030 t __libctru_nanosleep
00111000 00000030 t __libctru_get_reent
00111030 000000f8 T __system_initSyscalls
00111128 00000030 W __appExit
00111158 00000090 W __libctru_exit
001111e8 00000014 t archive_link
001111fc 00000014 t archive_dirreset
00111210 00000014 t archive_chmod
00111224 00000024 t error_cmp
00111248 00000050 t archive_translate_error
00111298 000000d4 t archive_seek
0011136c 0000007c t _archiveInit.part.0
001113e8 0000008c t archiveFindDevice.part.0
00111474 00000294 t archive_utf16path
00111708 000000a0 t _archiveUnmountDeviceStruct.part.0
001117a8 00000014 t archive_fchmod
001117bc 00000014 t archive_statvfs
001117d0 00000158 t _archiveMountDevice
00111928 000000e8 t archive_diropen
00111a10 000000a4 t archive_fstat
00111ab4 0000006c t archive_close
00111b20 0000006c t archive_fsync
00111b8c 00000070 t archive_dirclose
00111bfc 000000e8 t sdmc_statvfs
00111ce4 00000080 t archive_ftruncate
00111d64 000000fc t archive_chdir
00111e60 000000b0 t archive_read
00111f10 000000ac t archive_unlink
00111fbc 000000c8 t archive_rmdir
00112084 000000ec t archive_mkdir
00112170 000001a8 t archive_stat
00112318 00000184 t archive_rename
0011249c 00000168 t archive_dirnext
00112604 0000012c t archive_write
00112730 000001f0 t archive_open
00112920 000001a4 T archiveMountSdmc
00112ac4 00000054 T archiveUnmountAll
00112b18 0000022c T cosf
00112d44 00000024 t with_errnof
00112d68 0000001c T __math_invalidf
00112d88 00000274 T sinf
00112ffc 00000120 T __udivmoddi4
0011311c 00000078 T bsearch
00113194 00000028 T calloc
001131bc 00000094 T _calloc_r
00113250 0000000c T __errno
0011325c 00000034 T exit
00113290 00000160 T _fclose_r
001133f0 00000020 T fclose
00113410 00000258 T __sflush_r
00113668 00000094 T _fflush_r
001136fc 00000038 T fflush
00113734 0000000c T _cleanup_r
00113740 00000184 T __sinit
001138c4 00000134 T __sfp
001139f8 0000000c T __sfp_lock_acquire
00113a04 0000000c T __sfp_lock_release
00113a10 0000003c T __libc_fini_array
00113a4c 00000140 T _fopen_r
00113b8c 00000028 T fopen
00113bb4 000002d0 T _fread_r
00113e84 00000038 T fread
00113ebc 000000f8 T _malloc_trim_r
00113fb4 000002e4 T _free_r
00114298 0000001c T _fseek_r
001142b4 000004f8 T _fseeko_r
001147ac 000001bc T _ftello_r
00114968 00000068 T _fwalk
001149d0 00000070 T _fwalk_reent
00114a40 0000007c T __libc_init_array
00114abc 00000138 T __smakebuf_r
00114bf4 00000094 T __swhatbuf_r
00114c88 00000028 T memalign
00114cb0 00000148 T _memalign_r
00114df8 00000020 T malloc
00114e18 00000020 T free
00114e38 000007f0 T _malloc_r
00115628 000000e0 T memchr
00115708 000000a8 T memcmp
001157b0 0000011c T memcpy
001158cc 00000118 T memset
001159e4 0000000c T __malloc_lock
001159f0 0000000c T __malloc_unlock
001159fc 00000034 T printf
00115a30 0000001c T srand
00115a4c 00000044 T rand
00115a90 0000001c t lflush
00115aac 000001ac T __srefill_r
00115c58 00000260 T setvbuf
00115eb8 00000074 T sscanf
00115f2c 00000044 T __sread
00115f70 00000008 T __seofread
00115f78 00000068 T __swrite
00115fe0 00000048 T __sseek
00116028 00000008 T __sclose
00116030 00000144 T strchr
00116174 0000005c T strlen
001161d0 000000ec T strncat
001162bc 000000dc T strncmp
00116398 000000c0 T strncpy
00116458 00000048 T strnlen
001164a0 00000050 t get_arg
001164f0 00002b68 T __ssvfscanf_r
00119058 0000003c T time
00119094 0000064c t get_arg
001196e0 00000034 T __sprint_r
00119714 00002584 T _vfiprintf_r
0011bc98 000000d4 t __sbprintf
0011bd6c 0000064c t get_arg
0011c3b8 000038d4 T _vfprintf_r
0011fc8c 000000d4 t __sbprintf
0011fd60 00000054 T _wcrtomb_r
0011fdb4 00000028 T _wcsrtombs_r
0011fddc 00000154 T __swsetup_r
0011ff30 00000114 T __call_exitprocs
00120044 000001a8 t quorem
001201f0 000012ec T _dtoa_r
001214dc 000000c8 T __sflags
001215a4 000004a4 T __sfvwrite_r
00121a48 00000008 T iswspace
00121a50 0000000c T _localeconv_r
00121a5c 00000010 T __locale_mb_cur_max
00121a6c 00000068 T _mbrtowc_r
00121ad4 000002fc T __utf8_mbtowc
00121dd0 00000154 T memmove
00121f24 00000088 T _Balloc
00121fac 0000001c T _Bfree
00121fc8 000000f4 T __multadd
001220bc 00000110 T __s2b
001221cc 00000058 T __hi0bits
00122224 0000009c T __lo0bits
001222c0 000000a4 T __i2b
00122364 00000204 T __multiply
00122568 00000120 T __pow5mult
00122688 0000013c T __lshift
001227c4 00000058 T __mcmp
0012281c 000001cc T __mdiff
001229e8 00000088 T __ulp
00122a70 000000d4 T __b2d
00122b44 0000012c T __d2b
00122c70 00000078 T __ratio
00122ce8 00000088 T __copybits
00122d70 0000005c T __any_on
00122dcc 00000028 T realloc
00122df4 00000598 T _realloc_r
0012338c 000000e4 T __sccl
00123470 0000000c T nanf
00123480 000000a8 T frexp
00123528 00000064 T sprintf
0012358c 000000b8 T stpncpy
00123648 0000130c T _strtod_l
00124954 0000000c T _strtod_r
00124960 0000022c t _strtoll_l.constprop.0
00124b8c 00000004 T _strtoll_r
00124b90 000001b0 t _strtol_l.part.0
00124d40 0000003c T _strtol_r
00124d7c 00000244 t _strtoull_l.constprop.0
00124fc0 00000004 T _strtoull_r
00124fc4 000001c8 t _strtoul_l.constprop.0
0012518c 00000004 T _strtoul_r
00125190 00000188 T __ssprint_r
00125318 000000e0 T _sungetc_r
001253f8 0000006c T __ssrefill_r
00125464 000000c8 T _sfread_r
0012552c 0000064c t get_arg
00125b78 00003808 T _svfprintf_r
00129380 000000a8 T __submore
00129428 00000190 T _wcsnrtombs_l
001295b8 0000004c T _wcsnrtombs_r
00129604 000000f0 T __utf8_wctomb
001296f4 0000005c T __assert_func
00129750 0000003c T fiprintf
0012978c 000000ec t rshift
00129878 00000928 T __gethex
0012a1a0 0000004c T __match
0012a1ec 0000029c T __hexnan
0012a488 0000003c T iswspace_l
0012a4c4 000001d4 t __jp2uc
0012a698 0000009c T _jp2uc_l
0012a738 00000010 T nan
0012a748 00000014 T abort
0012a75c 00000084 T category
0012a7e0 00000098 T _raise_r
0012a878 00000020 T raise
0012a898 00000008 t null_write
0012a8a0 00000018 T setDefaultDevice
0012a8b8 000000c8 T FindDevice
0012a980 00000028 T RemoveDevice
0012a9a8 0000009c T AddDevice
0012aa44 00000020 T GetDeviceOpTab
0012aa64 00000078 T _fstat_r
0012aadc 00000014 T _getpid_r
0012aaf0 00000038 T _gettimeofday_r
0012ab28 00000008 T _isatty_r
0012ab30 00000014 T _kill_r
0012ab44 00000084 T _lseek_r
0012abc8 000000c8 T _open_r
0012ac90 00000080 T _read_r
0012ad10 00000078 T _sbrk_r
0012ad88 00000080 T _write_r
0012ae08 00000024 T _exit
0012ae2c 000001b8 T _concatenate_path
0012afe4 00000160 T chdir
0012b144 00000008 T __flockfile
0012b14c 00000008 T __funlockfile
0012b154 00000018 T __libc_lock_acquire
0012b16c 00000018 T __libc_lock_release
0012b184 00000018 T __libc_lock_init_recursive
0012b19c 00000018 T __libc_lock_acquire_recursive
0012b1b4 00000018 T __libc_lock_release_recursive
0012b1cc 00000018 T __libc_lock_close_recursive
0012b1e4 0000008c T __release_handle
0012b270 000000b4 T __alloc_handle
0012b324 0000003c T __get_handle
0012b360 000000f4 T _close_r
0012b454 00000028 T __getreent
0012b47c 00000038 T __aeabi_d2lz
0012b47c 00000038 T __fixdfdi
0012b4b8 00000040 T __aeabi_d2ulz
0012b4b8 00000040 T __fixunsdfdi
0012b4f8 00000044 T strrchr
0012b53c T _fini
0012c10c R render2d_shbin
0012c298 R render2d_shbin_end
0012c298 R render2d_shbin_size
0012c29c 00000038 r CSWTCH.18
0012c2d4 00000005 r colorFmtSizes
0012c2dc 00000004 r depthFmtSizes
0012c2e0 00000010 r CSWTCH.9
0012c314 00000070 r romFS_devoptab
0012c3e8 00000030 r colorTable
0012c418 00000070 r dotab_stdout
0012c4ac 00000008 r morton_x.3
0012c4b4 00000008 r morton_y.2
0012c4bc 00000008 r s_sleepWakeEvents.4
0012c4f0 R default_font_bin
0012ccf0 R default_font_bin_end
0012cd1c 00000070 r archive_devoptab
0012cd8c 00000030 r error_table
0012cdbc 00000060 R __inv_pio4
0012ce20 000000e0 R __sincosf_table
0012cf00 00000004 R _global_impure_ptr
0012cf0c 00000022 r basefix.0
0012cf58 00000010 r blanks.1
0012cf68 00000010 r zeroes.0
0012cf8c 00000010 r blanks.1
0012cf9c 00000010 r zeroes.0
0012cfac 00000101 R _ctype_
0012d0c0 r .LC2
0012d1a0 00000028 R __mprec_bigtens
0012d1c8 000000c8 R __mprec_tens
0012d290 0000000c r p05.0
0012d2ac 00000014 r fpi.1
0012d2c0 00000014 r fpinan.0
0012d2d8 00000028 r tinytens
0012d300 0000006c R __action_table
0012d36c 00000100 R __chclass
0012d46c 0000006c R __state_table
0012d4d8 00000010 r blanks.1
0012d4e8 00000010 r zeroes.0
0012d580 00000100 R __hexdig
0012d694 000000bc r a1
0012d750 000000bc r a2
0012d80c 0000005b r a3
0012d868 00000070 r a6
0012d8d8 000000a2 r a7
0012d97c 00000040 r a8
0012d9bc 0000172a r b02cf
0012f0e8 00001a7c r d02f4
00130b64 0000000c R _C_numeric_locale
00130b70 000031e6 r categories
00133d58 00000070 R dotab_stdnull
00133dc8 r 
00133dc8 R __exidx_end
00133dc8 R __exidx_start
00134000 00000004 d numSprites
00134004 00000004 d framerate
00134008 00000008 d framerateCounter
00134010 00000004 D currentConsole
00134014 0000004c D defaultConsole
00134060 00000001 d firstConsoleInit.0
00134064 00000004 d queueLock
00134068 00000004 d kCount
0013406c 00000004 d kDelay
00134070 00000004 d kInterval
00134074 W __stacksize__
00134078 0000000c d __sfp_recursive_mutex
00134084 0000000c d __sinit_recursive_mutex
00134090 00000004 D _impure_ptr
00134098 00000460 d impure_data
001344f8 00000408 D __malloc_av_
00134900 00000004 D __malloc_sbrk_base
00134904 00000004 D __malloc_trim_threshold
00134908 0000000c d __malloc_recursive_mutex
00134914 0000000c D __atexit_recursive_mutex
00134920 0000016c D __global_locale
00134a8c 00000002 d numempty
00134a90 00000004 d defaultDevice
00134a94 0000008c D devoptab_list
00134b20 00000400 d _current_working_directory
00134f20 00000004 d __hndl_lock
00134f24 0000000c d __stderr_handle
00134f30 0000000c d __stdin_handle
00134f3c 0000000c d __stdout_handle
00134f48 00001000 d handles
00135f50 d _GLOBAL_OFFSET_TABLE_
00135f5c d __frame_dummy_init_array_entry
00135f5c D __init_array_start
00135f5c B __preinit_array_end
00135f5c B __preinit_array_start
00135f5c D __tdata_lma
00135f5c D __tdata_lma_end
00135f60 d __do_global_dtors_aux_fini_array_entry
00135f60 D __fini_array_start
00135f60 D __init_array_end
00135f64 D __bss_start__
00135f64 D __fini_array_end
00135f64 00000004 b spriteSheet
00135f68 00009000 b sprites
0013ef68 b completed.1
0013ef6c b object.0
0013ef88 000005a0 B __C2Di_Context
0013f528 00000040 b s_projBot
0013f568 00000040 b s_projTop
0013f5a8 00000004 b uLoc_mdlvMtx
0013f5ac 00000004 b uLoc_projMtx
0013f5b0 000002d0 B __C3D_Context
0013f880 0000000c b hookCookie
0013f890 00000010 b cpuTime
0013f8a0 00000004 b firstTarget
0013f8a4 00000008 b frameCounter
0013f8ac 00000004 b frameEndCb
0013f8b0 00000004 b frameEndCbData
0013f8b8 00000010 b gpuTime
0013f8c8 00000001 b inFrame
0013f8c9 00000001 b inSafeTransfer
0013f8ca 00000001 b isTopStereo
0013f8cc 00000004 b lastTarget
0013f8d0 0000000c b linkedTarget
0013f8dc 00000001 b measureGpuTime
0013f8dd 00000001 b needSwapBot
0013f8de 00000001 b needSwapTop
0013f8e0 00000004 B C3D_BoolUnifs
0013f8e4 00000002 B C3D_BoolUnifsDirty
0013f8e8 00000c00 B C3D_FVUnif
001404e8 000000c0 B C3D_FVUnifDirty
001405a8 00000020 B C3D_IVUnif
001405c8 00000008 B C3D_IVUnifDirty
001405d0 000000c0 b C3Di_FVUnifEverDirty
00140690 00000008 b C3Di_IVUnifEverDirty
00140698 00000018 b C3Di_ShaderFVecData
001406b0 0000000c b sAddrMap
001406bc 00000008 b sVramPool
001406c4 00000008 b sLinearPool
001406cc 0000000c b sAddrMap
001406d8 00000004 V __romfs_path
001406dc 00000004 b romfs_mount_list
001406e0 00000001 V __ctru_speedup
001406e4 0000004c B currentCopy
00140730 00000004 b gfxBottomFramebufferMaxSize
00140734 00000008 b gfxBottomFramebuffers
0014073c 00000002 b gfxCurBuf
00140740 00000002 b gfxFramebufferFormats
00140744 00000002 b gfxIsDoubleBuf
00140746 00000001 b gfxIsVram
00140748 00000004 b gfxTopFramebufferMaxSize
0014074c 00000008 b gfxTopFramebuffers
00140754 00000001 b gfxTopMode
00140758 00000004 b screenAlloc
0014075c 00000004 b screenFree
00140760 00000004 b boundQueue
00140764 00000004 b curQueue
00140768 00000001 b isActive
00140769 00000001 b isRunning
0014076a 00000001 b shouldStop
0014076c 00000004 B gpuCmdBuf
00140770 00000004 B gpuCmdBufOffset
00140774 00000004 B gpuCmdBufSize
00140778 00000004 b gspEvent
0014077c 0000001c b gspEventCb
00140798 0000001c b gspEventCbData
001407b4 00000007 b gspEventCbOneShot
001407bc 00000004 b gspEventThread
001407c0 00000038 b gspEvents
001407f8 00000004 b gspGpuHandle
001407fc 00000001 b gspGpuRight
00140800 00000004 b gspLastEvent
00140804 00000004 b gspRefCount
00140808 00000001 b gspRunEvents
0014080c 00000004 b gspSharedMem
00140810 00000004 b gspSharedMemHandle
00140814 00000001 b gspThreadId
00140815 00000001 b aptChainloadFlags
00140816 00000001 b aptChainloadMediatype
00140818 00000008 b aptChainloadTid
00140820 00000004 b aptEventHandlerThread
00140824 00000001 b aptEventHandlerThreadQuit
00140828 00000008 b aptEvents
00140830 0000000c b aptFirstHook
0014083c 00000004 b aptFlags
00140840 00000001 b aptHomeButtonState
00140844 00000004 b aptLockHandle
00140848 00000004 b aptMessageFunc
0014084c 00000004 b aptMessageFuncData
00140850 00001000 b aptParameters
00141850 00000008 b aptReceiveEvent
00141858 00000004 b aptRefCount
0014185c 00000008 b aptSleepEvent
00141864 00000001 b flagInit.1
00141865 00000001 b flagValue.0
00141868 00000004 b serviceName.6
0014186c 00000006 b aVec
00141874 00000004 b cPos
00141878 00000006 b gRate
00141880 00000014 B hidEvents
00141894 00000004 B hidHandle
00141898 00000004 B hidMemHandle
0014189c 00000004 b hidRefCount
001418a0 00000004 B hidSharedMem
001418a4 00000004 b kDown
001418a8 00000004 b kHeld
001418ac 00000004 b kOld
001418b0 00000004 b kRepeat
001418b4 00000004 b kUp
001418b8 00000004 b tPos
001418bc 00000001 b usingIrrst
001418c0 00000004 b ptmSysmHandle
001418c4 00000004 b ptmSysmRefCount
001418c8 00000080 b fsExemptArchives
00141948 00000004 b fsuHandle
0014194c 00000004 b fsuRefCount
00141950 00000004 B __ctru_heap
00141954 00000004 V __ctru_heap_size
00141958 00000004 B __ctru_linear_heap
0014195c 00000004 V __ctru_linear_heap_size
00141960 00000004 B __system_retAddr
00141964 00000004 B __system_argc
00141968 00000004 B __system_argv
0014196c b saved_stack
00141974 00000004 b arbiter
00141978 00000004 b srvHandle
0014197c 00000004 b srvRefCount
00141980 00000004 b currentAddr
00141984 00000004 b maxAddr
00141988 00000004 b minAddr
0014198c 00000004 b csPos
00141990 00000004 B irrstEvent
00141994 00000004 B irrstHandle
00141998 00000004 B irrstMemHandle
0014199c 00000004 b irrstRefCount
001419a0 00000004 B irrstSharedMem
001419a4 00000004 b kHeld
001419a8 00000004 b srvPmHandle
001419ac 00000004 b archive_device_cwd
001419b0 00000540 b archive_devices
00141ef0 00000001 b archive_initialized
00141ef4 00000028 B __malloc_current_mallinfo
00141f1c 00000004 B __malloc_max_sbrked_mem
00141f20 00000004 B __malloc_max_total_mem
00141f24 00000004 B __malloc_top_pad
00141f28 00000004 b heap_start.0
00141f2c 00000004 B fake_heap_end
00141f30 00000004 B fake_heap_start
00141f34 00000400 b temp_cwd
00142334 00000048 B __syscalls
0014237c B __tls_start
00142f84 B __bss_end__
00142f84 A __end__
00142f84 B __tls_end
