         w __deregister_frame_info
         w __register_frame_info
         w userAppExit
         w userAppInit
00000000 00000401 B __ctru_dev_path_buf
00000000 b _TLS_MODULE_BASE_
00000000 a shift
00000404 00000802 B __ctru_dev_utf16_buf
00100000 A __start__
00100000 T _start
00100008 T __service_ptr
0010000c T __apt_appid
00100010 T __heap_size
00100014 T __linear_heap_size
00100018 T __system_arglist
0010001c T __system_runflags
00100020 t startup
00100058 t ClearMem
0010006c t ClrLoop
00100094 T _init
001000ac T __aeabi_drsub
001000b4 000002b0 T __aeabi_dsub
001000b4 000002b0 T __subdf3
001000b8 000002ac T __adddf3
001000b8 000002ac T __aeabi_dadd
00100364 00000024 T __aeabi_ui2d
00100364 00000024 T __floatunsidf
00100388 00000028 T __aeabi_i2d
00100388 00000028 T __floatsidf
001003b0 00000048 T __aeabi_f2d
001003b0 00000048 T __extendsfdf2
001003f8 00000074 T __aeabi_ul2d
001003f8 00000074 T __floatundidf
0010040c 00000060 T __aeabi_l2d
0010040c 00000060 T __floatdidf
0010046c T __aeabi_ldivmod
00100540 00000004 W __aeabi_idiv0
00100540 00000004 W __aeabi_ldiv0
00100568 00000390 T strcmp
001008f0 t .udivsi3_skip_div0_test
001008f0 T __aeabi_uidiv
001008f0 000001ec T __udivsi3
00100adc 00000020 T __aeabi_uidivmod
00100afc t __do_global_dtors_aux
00100b3c t frame_dummy
00100b68 00000500 T main
00101068 00000004 W C3Di_LightEnvUpdate
0010106c 00000004 W C3Di_LightEnvDirty
00101070 00000004 W C3Di_ProcTexUpdate
00101074 00000004 W C3Di_ProcTexDirty
00101078 000000b4 t C3Di_AptEventHook
0010112c 00000004 W C3Di_GasUpdate
00101130 000001e0 T C3D_Init
00101310 00000098 T C3D_SetViewport
001013a8 000004ec T C3Di_UpdateContext
00101894 000000e0 T C3Di_SplitFrame
00101974 00000044 T C3D_Fini
001019b8 00000108 T C3D_BindProgram
00101ac0 0000004c t onVBlank0
00101b0c 0000004c t onVBlank1
00101b58 00000080 t C3Di_RenderTargetDestroy
00101bd8 000000f4 t onQueueFinish
00101ccc 00000038 T C3Di_RenderQueueEnableVBlank
00101d04 00000030 T C3Di_RenderQueueDisableVBlank
00101d34 00000060 T C3Di_RenderQueueInit
00101d94 000000b0 T C3Di_RenderQueueExit
00101e44 00000034 T C3Di_RenderQueueWaitDone
00101e78 000000e4 T C3D_FrameBegin
00101f5c 00000048 T C3D_FrameDrawOn
00101fa4 000001d8 T C3D_FrameEnd
0010217c 00000128 T C3D_RenderTargetCreate
001022a4 000000a8 T C3D_RenderTargetSetOutput
0010234c 000000fc T C3D_SyncTextureCopy
00102448 000002a0 T C3D_TexInitWithParams
001026e8 000000c8 T C3D_TexLoadImage
001027b0 00000044 T C3D_TexBind
001027f4 00000074 T C3D_TexDelete
00102868 0000016c T C3Di_SetTex
001029d4 000003f4 t Tex3DSi_ImportCommon
00102dc8 00000034 T Tex3DS_TextureImport
00102dfc 00000004 T Tex3DS_TextureFree
00102e00 0000001c T C3D_CalcColorBufSize
00102e1c 0000001c T C3D_CalcDepthBufSize
00102e38 00000044 T C3D_SetFrameBuf
00102e7c 0000016c T C3Di_FrameBufBind
00102fe8 000000cc T C3D_FrameBufClear
001030b4 00000044 T C3D_FrameBufTransfer
001030f8 00000034 T C3D_GetTexEnv
0010312c 00000024 T C3Di_TexEnvBind
00103150 00000024 T BufInfo_Init
00103174 00000080 T BufInfo_Add
001031f4 00000020 T C3D_GetBufInfo
00103214 00000048 T C3Di_BufInfoBind
0010325c 00000148 T C3D_DrawArrays
001033a4 00000040 T C3D_DepthMap
001033e4 0000001c T C3D_CullFace
00103400 00000040 T C3D_StencilTest
00103440 00000024 T C3D_StencilOp
00103464 0000001c T C3D_BlendingColor
00103480 00000024 T C3D_EarlyDepthTest
001034a4 0000002c T C3D_DepthTest
001034d0 0000002c T C3D_AlphaTest
001034fc 00000050 T C3D_AlphaBlend
0010354c 00000030 T C3D_FragOpMode
0010357c 00000044 T C3D_FragOpShadow
001035c0 000001ac T C3Di_EffectBind
0010376c 00000028 T AttrInfo_Init
00103794 00000098 T AttrInfo_AddLoader
0010382c 00000020 T C3D_GetAttrInfo
0010384c 00000080 T C3Di_AttrInfoBind
001038cc 000000a8 T C3D_ImmSendAttrib
00103974 0000029c T C3D_UpdateUniforms
00103c10 000000c0 T C3Di_DirtyUniforms
00103cd0 000000d8 T C3Di_LoadShaderUniforms
00103da8 00000028 T C3Di_ClearShaderUniforms
00103dd0 000000a4 T Mtx_RotateX
00103e74 00000094 T Mtx_PerspTilt
00103f08 000000a0 T Mtx_Translate
00103fa8 000000a0 T Mtx_RotateY
00104048 00000024 t addrMapNodeComparator(rbtree_node const*, rbtree_node const*)
0010406c 00000004 t addrMapNodeDestructor(rbtree_node*)
00104070 00000114 T vramMemAlign
00104184 00000008 T vramAlloc
0010418c 0000005c T vramFree
001041e8 00000024 t addrMapNodeComparator(rbtree_node const*, rbtree_node const*)
0010420c 00000004 t addrMapNodeDestructor(rbtree_node*)
00104210 00000120 T linearMemAlign
00104330 00000008 T linearAlloc
00104338 0000005c T linearFree
00104394 00000084 T MemPool::CoalesceRight(MemBlock*)
00104418 00000170 T MemPool::Allocate(MemChunk&, unsigned long, int)
00104588 000000fc T MemPool::Deallocate(MemChunk const&)
00104684 00000074 T osConvertVirtToPhys
001046f8 00000054 T osGetTimeRef
0010474c 000000e4 T osGetTime
00104830 00000074 T __libctru_gtod
001048a4 00000034 T __ctru_speedup_config
001048d8 000000d0 t gfxPresentFramebuffer
001049a8 000000ec T gfxSetScreenFormat
00104a94 00000108 T gfxInit
00104b9c 00000010 T gfxInitDefault
00104bac 000000b4 T gfxExit
00104c60 000000a0 T gfxGetFramebuffer
00104d00 00000030 T gfxScreenSwapBuffers
00104d30 000001e0 T shaderInstanceInit
00104f10 00000018 T shaderInstanceGetUniformLocation
00104f28 0000001c T shaderProgramInit
00104f44 00000064 T shaderProgramFree
00104fa8 00000080 T shaderProgramSetVsh
00105028 000008c0 T shaderProgramConfigure
001058e8 000001f8 t DVLE_GenerateOutmap.part.0
00105ae0 000001cc T DVLB_ParseFile
00105cac 00000038 T DVLB_Free
00105ce4 00000074 T DVLE_GetUniformRegister
00105d58 00000010 T GX_BindQueue
00105d68 00000078 T GX_ProcessCommandList
00105de0 00000074 T GX_MemoryFill
00105e54 00000070 T GX_DisplayTransfer
00105ec4 00000074 T GX_TextureCopy
00105f38 00000068 t gxCmdQueueDoCommands.part.0
00105fa0 000000c8 T gxCmdQueueInterrupt
00106068 0000004c T gxCmdQueueClear
001060b4 000000f8 T gxCmdQueueAdd
001061ac 00000080 T gxCmdQueueRun
0010622c 00000060 T gxCmdQueueStop
0010628c 00000074 T gxCmdQueueWait
00106300 0000013c T GPUCMD_Add
0010643c 000000ac T GPUCMD_Split
001064e8 00000040 T f32tof16
00106528 00000040 T f32tof24
00106568 00000044 T f32tof31
001065ac 00000c58 t gspHardwareInit
00107204 00000254 T gspInit
00107458 000000f0 T gspExit
00107548 00000010 T gspHasGpuRight
00107558 00000098 T gspPresentBuffer
001075f0 00000030 T gspSetEventCallback
00107620 00000050 T gspWaitForEvent
00107670 0000004c T gspWaitForAnyEvent
001076bc 00000160 t gspEventThreadMain
0010781c 00000130 T gspSubmitGxCommand
0010794c 00000050 T GSPGPU_FlushDataCache
0010799c 00000034 T GSPGPU_SetLcdForceBlack
001079d0 00000068 T GSPGPU_AcquireRight
00107a38 00000048 T GSPGPU_ReleaseRight
00107a80 0000007c T GSPGPU_ImportDisplayCaptureInfo
00107afc 0000002c T GSPGPU_SaveVramSysArea
00107b28 0000002c T GSPGPU_RestoreVramSysArea
00107b54 000001b0 t aptConvertScreenForCapture
00107d04 00000008 W aptDspSleep
00107d0c 00000004 W aptDspWakeup
00107d10 00000004 W aptDspCancel
00107d14 0000015c T aptSendCommand
00107e70 00000038 t aptExitProcess
00107ea8 000002f0 T aptExit
00108198 000000d8 T aptHandleSleep
00108270 00000030 T aptHook
001082a0 00000030 T aptUnhook
001082d0 00000084 T APT_SleepIfShellClosed
00108354 00000084 T aptSetSleepAllowed
001083d8 00000084 T APT_UnlockTransition
00108460 00000484 t aptEventHandler
001088e4 000000b0 T APT_ReceiveParameter
00108994 000000b0 t aptReceiveParameter.constprop.0
00108a48 000002bc t aptScreenTransfer
00108d04 000002d0 t aptWaitForWakeUp.isra.0
00108fd4 000000f8 T aptJumpToHomeMenu
001090cc 0000004c T aptMainLoop
00109118 00000234 T aptInit
0010934c 0000007c T APT_CheckNew3DS
001093c8 00000024 W hidShouldUseIrrst
001093ec 0000018c T hidInit
00109578 000000e8 T hidExit
00109660 00000294 T hidScanInput
001098f4 00000010 T hidKeysDown
00109904 00000074 T ptmSysmInit
00109978 0000003c T ptmSysmExit
001099b4 00000034 T PTMSYSM_ConfigureNew3DSCPU
001099e8 000000cc t buffer_read
00109ab4 000000d0 t iov_read
00109b84 00000128 t iov_memmove
00109cac 000001d8 t decompress_rle
00109e84 00000258 t decompress_lzss
0010a0dc 000002ec t decompress_huff.part.0
0010a3c8 00000440 t decompress_lz11
0010a808 000000e4 T decompressHeader
0010a8ec 00000250 T decompressV
0010ab3c 00000010 T rbtree_init
0010ab4c 000001a0 t do_insert
0010acec 00000008 T rbtree_insert
0010acf4 00000090 T rbtree_rotate
0010ad84 00000338 T rbtree_remove
0010b0bc 00000074 T rbtree_find
0010b130 000001e0 W __system_allocateHeaps
0010b310 00000038 W __libctru_init
0010b348 000000f0 W __system_initArgv
0010b438 T svcControlMemory
0010b458 T svcQueryMemory
0010b488 T svcExitProcess
0010b490 T svcCreateThread
0010b4b0 T svcExitThread
0010b4b8 T svcSleepThread
0010b4c0 T svcReleaseMutex
0010b4c8 T svcCreateEvent
0010b4dc T svcSignalEvent
0010b4e4 T svcClearEvent
0010b4ec T svcMapMemoryBlock
0010b4f4 T svcUnmapMemoryBlock
0010b4fc T svcCreateAddressArbiter
0010b510 T svcArbitrateAddressNoTimeout
0010b518 T svcCloseHandle
0010b520 T svcWaitSynchronization
0010b528 T svcWaitSynchronizationN
0010b550 T svcDuplicateHandle
0010b564 T svcGetSystemTick
0010b56c T svcConnectToPort
0010b580 T svcSendSyncRequest
0010b588 T svcGetResourceLimit
0010b59c T svcGetResourceLimitLimitValues
0010b5a4 T svcGetResourceLimitCurrentValues
0010b5ac T svcBreak
0010b5b4 W initSystem
0010b604 W __ctru_exit
0010b61c 0000000c T __sync_init
0010b628 00000018 T __sync_fini
0010b640 0000002c T syncArbitrateAddress
0010b66c 0000001c T LightLock_Init
0010b688 00000094 T LightLock_Lock
0010b71c 00000044 T LightLock_TryLock
0010b760 00000040 T LightLock_Unlock
0010b7a0 00000024 T RecursiveLock_Init
0010b7c4 00000030 T RecursiveLock_Lock
0010b7f4 00000078 T RecursiveLock_TryLock
0010b86c 00000054 T RecursiveLock_Unlock
0010b8c0 00000040 T LightEvent_Init
0010b900 000000a4 T LightEvent_Clear
0010b9a4 000000c8 T LightEvent_Signal
0010ba6c 00000058 T LightEvent_TryWait
0010bac4 000000b0 T LightEvent_Wait
0010bb74 00000124 T srvInit
0010bc98 00000058 T srvExit
0010bcf0 00000080 T srvGetServiceHandleDirect
0010bd70 00000048 T srvGetServiceHandle
0010bdb8 00000038 T srvPublishToSubscriber
0010bdf0 00000188 T threadCreate
0010bf78 0000002c T threadFree
0010bfa4 00000024 T threadJoin
0010bfc8 00000030 T threadGetCurrent
0010bff8 00000040 T threadExit
0010c038 00000044 t _thread_begin
0010c07c 00000094 t mappableFindAddressWithin
0010c110 00000028 T mappableInit
0010c138 00000080 T mappableAlloc
0010c1b8 00000004 T mappableFree
0010c1bc 00000160 T irrstInit
0010c31c 000000cc T irrstExit
0010c3e8 000000b0 T irrstScanInput
0010c498 00000024 T irrstKeysHeld
0010c4bc 0000000c T srvPmGetSessionHandle
0010c4c8 00000050 T rbtree_node_next
0010c518 00000030 W __appInit
0010c548 00000030 t __libctru_nanosleep
0010c578 00000030 t __libctru_get_reent
0010c5a8 000000f8 T __system_initSyscalls
0010c6a0 00000030 W __appExit
0010c6d0 00000090 W __libctru_exit
0010c760 00000084 W envGetHandle
0010c7e4 00000050 W envDestroyHandles
0010c834 00000014 t archive_link
0010c848 00000014 t archive_dirreset
0010c85c 00000014 t archive_chmod
0010c870 00000024 t error_cmp
0010c894 00000050 t archive_translate_error
0010c8e4 000000d4 t archive_seek
0010c9b8 0000007c t _archiveInit.part.0
0010ca34 0000008c t archiveFindDevice.part.0
0010cac0 00000294 t archive_utf16path
0010cd54 000000a0 t _archiveUnmountDeviceStruct.part.0
0010cdf4 00000014 t archive_fchmod
0010ce08 00000014 t archive_statvfs
0010ce1c 00000158 t _archiveMountDevice
0010cf74 000000e8 t archive_diropen
0010d05c 000000a4 t archive_fstat
0010d100 0000006c t archive_close
0010d16c 0000006c t archive_fsync
0010d1d8 00000070 t archive_dirclose
0010d248 000000e8 t sdmc_statvfs
0010d330 00000080 t archive_ftruncate
0010d3b0 000000fc t archive_chdir
0010d4ac 000000b0 t archive_read
0010d55c 000000ac t archive_unlink
0010d608 000000c8 t archive_rmdir
0010d6d0 000000ec t archive_mkdir
0010d7bc 000001a8 t archive_stat
0010d964 00000184 t archive_rename
0010dae8 00000168 t archive_dirnext
0010dc50 0000012c t archive_write
0010dd7c 000001f0 t archive_open
0010df6c 000001a4 T archiveMountSdmc
0010e110 00000054 T archiveUnmountAll
0010e164 000000c8 T fsInit
0010e22c 0000003c T fsExit
0010e268 00000060 T fsExemptFromSession
0010e2c8 00000050 T fsUnexemptFromSession
0010e318 000000cc T FSUSER_OpenFile
0010e3e4 000000bc T FSUSER_DeleteFile
0010e4a0 000000f8 T FSUSER_RenameFile
0010e598 000000bc T FSUSER_DeleteDirectory
0010e654 000000d4 T FSUSER_CreateFile
0010e728 000000c4 T FSUSER_CreateDirectory
0010e7ec 000000f8 T FSUSER_RenameDirectory
0010e8e4 000000b4 T FSUSER_OpenDirectory
0010e998 00000094 T FSUSER_OpenArchive
0010ea2c 0000008c T FSUSER_CloseArchive
0010eab8 00000074 T FSUSER_GetSdmcArchiveResource
0010eb2c 00000064 T FSUSER_IsSdmcWritable
0010eb90 00000058 T FSFILE_Read
0010ebe8 00000060 T FSFILE_Write
0010ec48 00000038 T FSFILE_GetSize
0010ec80 00000028 T FSFILE_SetSize
0010eca8 0000003c T FSFILE_Close
0010ece4 00000024 T FSFILE_Flush
0010ed08 00000050 T FSDIR_Read
0010ed58 0000003c T FSDIR_Close
0010ed94 000000e8 T utf16_to_utf8
0010ee7c 00000064 T decode_utf16
0010eee0 0000013c T decode_utf8
0010f01c 000000c0 T utf8_to_utf16
0010f0dc T __aeabi_read_tp
0010f0e8 00000060 T encode_utf16
0010f148 000000fc T encode_utf8
0010f248 0000022c T cosf
0010f474 00000024 t with_errnof
0010f498 0000001c T __math_invalidf
0010f4b4 00000070 T tanf
0010f528 00000274 T sinf
0010f79c 000002f0 T __ieee754_rem_pio2f
0010fa8c 00000868 T __kernel_rem_pio2f
001102f4 00000208 T __kernel_tanf
001104fc 00000010 T fabsf
0011050c 000000b4 T floorf
001105c0 00000154 T scalbnf
00110714 00000120 T __udivmoddi4
00110834 00000078 T bsearch
001108ac 00000028 T calloc
001108d4 00000094 T _calloc_r
00110968 0000000c T __errno
00110974 00000034 T exit
001109a8 0000003c T __libc_fini_array
001109e4 000000f8 T _malloc_trim_r
00110adc 000002e4 T _free_r
00110dc0 0000007c T __libc_init_array
00110e3c 00000028 T memalign
00110e64 00000148 T _memalign_r
00110fac 00000020 T malloc
00110fcc 00000020 T free
00110fec 000007f0 T _malloc_r
001117dc 0000011c T memcpy
001118f8 00000118 T memset
00111a10 0000000c T __malloc_lock
00111a1c 0000000c T __malloc_unlock
00111a28 0000005c T strlen
00111a84 000000ec T strncat
00111b70 000000dc T strncmp
00111c4c 000000c0 T strncpy
00111d0c 00000048 T strnlen
00111d54 00000114 T __call_exitprocs
00111e68 00000008 t null_write
00111e70 00000018 T setDefaultDevice
00111e88 000000c8 T FindDevice
00111f50 00000028 T RemoveDevice
00111f78 0000009c T AddDevice
00112014 00000020 T GetDeviceOpTab
00112034 00000078 T _sbrk_r
001120ac 00000024 T _exit
001120d0 000001b8 T _concatenate_path
00112288 00000160 T chdir
001123e8 00000018 T __libc_lock_acquire_recursive
00112400 00000018 T __libc_lock_release_recursive
00112418 00000028 T __getreent
00112440 00000144 T strchr
00112584 00000044 T strrchr
001125c8 T _fini
00113000 00000480 r vertex_list
00113490 R vshader_shbin
00113698 R vshader_shbin_end
00113698 R vshader_shbin_size
0011369c R kitten_t3x
00114011 R kitten_t3x_end
00114060 00000038 r CSWTCH.18
00114098 00000005 r colorFmtSizes
001140a0 00000004 r depthFmtSizes
001140c8 00000008 r morton_x.3
001140d0 00000008 r morton_y.2
001140d8 00000008 r s_sleepWakeEvents.4
00114130 00000070 r archive_devoptab
001141a0 00000030 r error_table
001141d8 00000060 R __inv_pio4
00114238 000000e0 R __sincosf_table
00114318 00000080 r npio2_hw
00114398 00000318 r two_over_pi
001146b0 0000002c r PIo2
001146dc 0000000c r init_jk
001146e8 00000004 R _global_impure_ptr
001146ec 00000070 R dotab_stdnull
0011475c 00000101 R _ctype_
00114860 r 
00114860 R __exidx_end
00114860 R __exidx_start
00115000 00000040 d material
00115040 00000004 d framerate
00115044 00000008 d framerateCounter
0011504c 00000004 d queueLock
00115050 00000004 d kCount
00115054 00000004 d kDelay
00115058 00000004 d kInterval
0011505c W __stacksize__
00115060 00000004 D _impure_ptr
00115068 00000460 d impure_data
001154c8 00000408 D __malloc_av_
001158d0 00000004 D __malloc_sbrk_base
001158d4 00000004 D __malloc_trim_threshold
001158d8 0000000c d __malloc_recursive_mutex
001158e4 0000000c D __atexit_recursive_mutex
001158f0 00000004 d defaultDevice
001158f4 0000008c D devoptab_list
00115980 00000400 d _current_working_directory
00115d88 d _GLOBAL_OFFSET_TABLE_
00115d94 d __frame_dummy_init_array_entry
00115d94 D __init_array_start
00115d94 B __preinit_array_end
00115d94 B __preinit_array_start
00115d94 D __tdata_lma
00115d94 D __tdata_lma_end
00115d98 d __do_global_dtors_aux_fini_array_entry
00115d98 D __fini_array_start
00115d98 D __init_array_end
00115d9c D __bss_start__
00115d9c D __fini_array_end
00115d9c 00000004 b vshader_dvlb
00115da0 00000014 b program
00115db4 00000004 b uLoc_projection
00115db8 00000004 b uLoc_modelView
00115dbc 00000004 b uLoc_lightVec
00115dc0 00000004 b uLoc_lightHalfVec
00115dc4 00000004 b uLoc_lightClr
00115dc8 00000004 b uLoc_material
00115dcc 00000040 b projection
00115e0c 00000004 b vbo_data
00115e10 00000018 b kitten_tex
00115e28 00000004 b angleX
00115e2c 00000004 b angleY
00115e30 b completed.1
00115e34 b object.0
00115e50 000002d0 B __C3D_Context
00116120 0000000c b hookCookie
00116130 00000010 b cpuTime
00116140 00000004 b firstTarget
00116144 00000008 b frameCounter
0011614c 00000004 b frameEndCb
00116150 00000004 b frameEndCbData
00116158 00000010 b gpuTime
00116168 00000001 b inFrame
00116169 00000001 b inSafeTransfer
0011616a 00000001 b isTopStereo
0011616c 00000004 b lastTarget
00116170 0000000c b linkedTarget
0011617c 00000001 b measureGpuTime
0011617d 00000001 b needSwapBot
0011617e 00000001 b needSwapTop
00116180 00000004 B C3D_BoolUnifs
00116184 00000002 B C3D_BoolUnifsDirty
00116188 00000c00 B C3D_FVUnif
00116d88 000000c0 B C3D_FVUnifDirty
00116e48 00000020 B C3D_IVUnif
00116e68 00000008 B C3D_IVUnifDirty
00116e70 000000c0 b C3Di_FVUnifEverDirty
00116f30 00000008 b C3Di_IVUnifEverDirty
00116f38 00000018 b C3Di_ShaderFVecData
00116f50 0000000c b sAddrMap
00116f5c 00000008 b sVramPool
00116f64 00000008 b sLinearPool
00116f6c 0000000c b sAddrMap
00116f78 00000001 V __ctru_speedup
00116f7c 00000004 b gfxBottomFramebufferMaxSize
00116f80 00000008 b gfxBottomFramebuffers
00116f88 00000002 b gfxCurBuf
00116f8c 00000002 b gfxFramebufferFormats
00116f90 00000002 b gfxIsDoubleBuf
00116f92 00000001 b gfxIsVram
00116f94 00000004 b gfxTopFramebufferMaxSize
00116f98 00000008 b gfxTopFramebuffers
00116fa0 00000001 b gfxTopMode
00116fa4 00000004 b screenAlloc
00116fa8 00000004 b screenFree
00116fac 00000004 b boundQueue
00116fb0 00000004 b curQueue
00116fb4 00000001 b isActive
00116fb5 00000001 b isRunning
00116fb6 00000001 b shouldStop
00116fb8 00000004 B gpuCmdBuf
00116fbc 00000004 B gpuCmdBufOffset
00116fc0 00000004 B gpuCmdBufSize
00116fc4 00000004 b gspEvent
00116fc8 0000001c b gspEventCb
00116fe4 0000001c b gspEventCbData
00117000 00000007 b gspEventCbOneShot
00117008 00000004 b gspEventThread
0011700c 00000038 b gspEvents
00117044 00000004 b gspGpuHandle
00117048 00000001 b gspGpuRight
0011704c 00000004 b gspLastEvent
00117050 00000004 b gspRefCount
00117054 00000001 b gspRunEvents
00117058 00000004 b gspSharedMem
0011705c 00000004 b gspSharedMemHandle
00117060 00000001 b gspThreadId
00117061 00000001 b aptChainloadFlags
00117062 00000001 b aptChainloadMediatype
00117068 00000008 b aptChainloadTid
00117070 00000004 b aptEventHandlerThread
00117074 00000001 b aptEventHandlerThreadQuit
00117078 00000008 b aptEvents
00117080 0000000c b aptFirstHook
0011708c 00000004 b aptFlags
00117090 00000001 b aptHomeButtonState
00117094 00000004 b aptLockHandle
00117098 00000004 b aptMessageFunc
0011709c 00000004 b aptMessageFuncData
001170a0 00001000 b aptParameters
001180a0 00000008 b aptReceiveEvent
001180a8 00000004 b aptRefCount
001180ac 00000008 b aptSleepEvent
001180b4 00000001 b flagInit.1
001180b5 00000001 b flagValue.0
001180b8 00000004 b serviceName.6
001180bc 00000006 b aVec
001180c4 00000004 b cPos
001180c8 00000006 b gRate
001180d0 00000014 B hidEvents
001180e4 00000004 B hidHandle
001180e8 00000004 B hidMemHandle
001180ec 00000004 b hidRefCount
001180f0 00000004 B hidSharedMem
001180f4 00000004 b kDown
001180f8 00000004 b kHeld
001180fc 00000004 b kOld
00118100 00000004 b kRepeat
00118104 00000004 b kUp
00118108 00000004 b tPos
0011810c 00000001 b usingIrrst
00118110 00000004 b ptmSysmHandle
00118114 00000004 b ptmSysmRefCount
00118118 00000004 B __ctru_heap
0011811c 00000004 V __ctru_heap_size
00118120 00000004 B __ctru_linear_heap
00118124 00000004 V __ctru_linear_heap_size
00118128 00000004 B __system_retAddr
0011812c 00000004 B __system_argc
00118130 00000004 B __system_argv
00118134 b saved_stack
0011813c 00000004 b arbiter
00118140 00000004 b srvHandle
00118144 00000004 b srvRefCount
00118148 00000004 b currentAddr
0011814c 00000004 b maxAddr
00118150 00000004 b minAddr
00118154 00000004 b csPos
00118158 00000004 B irrstEvent
0011815c 00000004 B irrstHandle
00118160 00000004 B irrstMemHandle
00118164 00000004 b irrstRefCount
00118168 00000004 B irrstSharedMem
0011816c 00000004 b kHeld
00118170 00000004 b srvPmHandle
00118174 00000004 b archive_device_cwd
00118178 00000540 b archive_devices
001186b8 00000001 b archive_initialized
001186c0 00000080 b fsExemptArchives
00118740 00000004 b fsuHandle
00118744 00000004 b fsuRefCount
00118748 00000028 B __malloc_current_mallinfo
00118770 00000004 B __malloc_max_sbrked_mem
00118774 00000004 B __malloc_max_total_mem
00118778 00000004 B __malloc_top_pad
0011877c 00000004 b heap_start.0
00118780 00000004 B fake_heap_end
00118784 00000004 B fake_heap_start
00118788 00000400 b temp_cwd
00118b88 00000048 B __syscalls
00118bd0 B __tls_start
001197d8 B __bss_end__
001197d8 A __end__
001197d8 B __tls_end
