         w __deregister_frame_info
         w __register_frame_info
         w userAppExit
         w userAppInit
00000000 00000401 B __ctru_dev_path_buf
00000000 b _TLS_MODULE_BASE_
00000000 a shift
00000000 a shift
00000404 00000802 B __ctru_dev_utf16_buf
00100000 A __start__
00100000 T _start
00100008 T __service_ptr
0010000c T __apt_appid
00100010 T __heap_size
00100014 T __linear_heap_size
00100018 T __system_arglist
0010001c T __system_runflags
00100020 t startup
00100058 t ClearMem
0010006c t ClrLoop
00100094 T _init
001000ac T __aeabi_idiv
001000ac 00000220 T __divsi3
001000b4 t .divsi3_skip_div0_test
001002cc 00000020 T __aeabi_idivmod
001002ec 00000004 W __aeabi_idiv0
001002ec 00000004 W __aeabi_ldiv0
001002f0 T __aeabi_ldivmod
001003c4 T __aeabi_uldivmod
00100400 00000014 T setjmp
00100414 00000018 T longjmp
00100448 00000390 T strcmp
001007d0 t .udivsi3_skip_div0_test
001007d0 T __aeabi_uidiv
001007d0 000001ec T __udivsi3
001009bc 00000020 T __aeabi_uidivmod
001009dc T __aeabi_drsub
001009e4 000002b0 T __aeabi_dsub
001009e4 000002b0 T __subdf3
001009e8 000002ac T __adddf3
001009e8 000002ac T __aeabi_dadd
00100c94 00000024 T __aeabi_ui2d
00100c94 00000024 T __floatunsidf
00100cb8 00000028 T __aeabi_i2d
00100cb8 00000028 T __floatsidf
00100ce0 00000048 T __aeabi_f2d
00100ce0 00000048 T __extendsfdf2
00100d28 00000074 T __aeabi_ul2d
00100d28 00000074 T __floatundidf
00100d3c 00000060 T __aeabi_l2d
00100d3c 00000060 T __floatdidf
00100d9c t __do_global_dtors_aux
00100ddc t frame_dummy
00100e08 00000070 T hang
00100e78 00000014 T cleanup
00100e90 00000520 T main
001013b0 00000178 T consoleDrawChar
00101528 00000124 T consolePrintChar
0010164c 00000a00 T con_write
0010204c 00000168 T consoleInit
001021b4 000000f4 t newRow
001022a8 000000d0 t gfxPresentFramebuffer
00102378 00000010 T gfxSet3D
00102388 0000001c T gfxIsWide
001023a4 000000ec T gfxSetScreenFormat
00102490 00000010 T gfxSetDoubleBuffering
001024a0 00000108 T gfxInit
001025a8 00000010 T gfxInitDefault
001025b8 000000b4 T gfxExit
0010266c 000000a0 T gfxGetFramebuffer
0010270c 0000010c T gfxFlushBuffers
00102818 00000050 T gfxSwapBuffers
00102868 00000050 T gfxSwapBuffersGpu
001028b8 00000c58 t gspHardwareInit
00103510 00000254 T gspInit
00103764 000000f0 T gspExit
00103854 00000010 T gspHasGpuRight
00103864 00000098 T gspPresentBuffer
001038fc 00000050 T gspWaitForEvent
0010394c 00000004 W gxCmdQueueInterrupt
00103950 00000160 t gspEventThreadMain
00103ab0 00000050 T GSPGPU_FlushDataCache
00103b00 00000034 T GSPGPU_SetLcdForceBlack
00103b34 00000068 T GSPGPU_AcquireRight
00103b9c 00000048 T GSPGPU_ReleaseRight
00103be4 0000007c T GSPGPU_ImportDisplayCaptureInfo
00103c60 0000002c T GSPGPU_SaveVramSysArea
00103c8c 0000002c T GSPGPU_RestoreVramSysArea
00103cb8 0000008c T acInit
00103d44 0000003c T acExit
00103d80 000001b0 t aptConvertScreenForCapture
00103f30 00000008 W aptDspSleep
00103f38 00000004 W aptDspWakeup
00103f3c 00000004 W aptDspCancel
00103f40 0000015c T aptSendCommand
0010409c 00000038 t aptExitProcess
001040d4 000002f0 T aptExit
001043c4 000000d8 T aptHandleSleep
0010449c 00000084 T APT_SleepIfShellClosed
00104520 00000084 T aptSetSleepAllowed
001045a4 00000084 T APT_UnlockTransition
00104628 00000484 t aptEventHandler
00104aac 000000b0 T APT_ReceiveParameter
00104b5c 000000b0 t aptReceiveParameter.constprop.0
00104c10 000002bc t aptScreenTransfer
00104ecc 000002d0 t aptWaitForWakeUp.isra.0
0010519c 000000f8 T aptJumpToHomeMenu
00105294 0000004c T aptMainLoop
001052e0 00000234 T aptInit
00105514 0000007c T APT_CheckNew3DS
00105590 000000ac T camInit
0010563c 00000058 T camExit
00105694 00000034 T CAMU_StartCapture
001056c8 00000034 T CAMU_StopCapture
001056fc 00000034 T CAMU_ClearBuffer
00105730 00000064 T CAMU_SetReceiving
00105794 0000003c T CAMU_SetTransferBytes
001057d0 00000044 T CAMU_GetMaxBytes
00105814 00000038 T CAMU_SetTrimming
0010584c 00000034 T CAMU_Activate
00105880 00000038 T CAMU_SetAutoExposure
001058b8 00000038 T CAMU_SetAutoWhiteBalance
001058f0 00000040 T CAMU_SetSize
00105930 00000038 T CAMU_SetFrameRate
00105968 00000040 T CAMU_SetOutputFormat
001059a8 00000038 T CAMU_SetNoiseFilter
001059e0 00000038 T CAMU_SynchronizeVsyncTiming
00105a18 00000034 T CAMU_PlayShutterSound
00105a4c 00000024 W hidShouldUseIrrst
00105a70 0000018c T hidInit
00105bfc 000000e8 T hidExit
00105ce4 00000294 T hidScanInput
00105f78 00000010 T hidKeysHeld
00105f88 00000010 T hidKeysDown
00105f98 00000038 W __libctru_init
00105fd0 000000f0 W __system_initArgv
001060c0 T svcControlMemory
001060e0 T svcQueryMemory
00106110 T svcExitProcess
00106118 T svcCreateThread
00106138 T svcExitThread
00106140 T svcSleepThread
00106148 T svcReleaseMutex
00106150 T svcCreateEvent
00106164 T svcSignalEvent
0010616c T svcClearEvent
00106174 T svcMapMemoryBlock
0010617c T svcUnmapMemoryBlock
00106184 T svcCreateAddressArbiter
00106198 T svcArbitrateAddressNoTimeout
001061a0 T svcCloseHandle
001061a8 T svcWaitSynchronization
001061b0 T svcWaitSynchronizationN
001061d8 T svcDuplicateHandle
001061ec T svcGetSystemTick
001061f4 T svcConnectToPort
00106208 T svcSendSyncRequest
00106210 T svcGetResourceLimit
00106224 T svcGetResourceLimitLimitValues
0010622c T svcGetResourceLimitCurrentValues
00106234 T svcBreak
0010623c W initSystem
0010628c W __ctru_exit
001062a4 00000024 t addrMapNodeComparator(rbtree_node const*, rbtree_node const*)
001062c8 00000004 t addrMapNodeDestructor(rbtree_node*)
001062cc 00000114 T vramMemAlign
001063e0 00000008 T vramAlloc
001063e8 0000005c T vramFree
00106444 00000024 t addrMapNodeComparator(rbtree_node const*, rbtree_node const*)
00106468 00000004 t addrMapNodeDestructor(rbtree_node*)
0010646c 00000120 T linearMemAlign
0010658c 00000008 T linearAlloc
00106594 0000005c T linearFree
001065f0 00000084 T MemPool::CoalesceRight(MemBlock*)
00106674 00000170 T MemPool::Allocate(MemChunk&, unsigned long, int)
001067e4 000000fc T MemPool::Deallocate(MemChunk const&)
001068e0 0000000c T __sync_init
001068ec 00000018 T __sync_fini
00106904 0000002c T syncArbitrateAddress
00106930 0000001c T LightLock_Init
0010694c 00000094 T LightLock_Lock
001069e0 00000044 T LightLock_TryLock
00106a24 00000040 T LightLock_Unlock
00106a64 00000024 T RecursiveLock_Init
00106a88 00000030 T RecursiveLock_Lock
00106ab8 00000078 T RecursiveLock_TryLock
00106b30 00000054 T RecursiveLock_Unlock
00106b84 00000040 T LightEvent_Init
00106bc4 000000a4 T LightEvent_Clear
00106c68 000000c8 T LightEvent_Signal
00106d30 00000058 T LightEvent_TryWait
00106d88 000000b0 T LightEvent_Wait
00106e38 00000054 T osGetTimeRef
00106e8c 000000e4 T osGetTime
00106f70 00000074 T __libctru_gtod
00106fe4 00000034 T __ctru_speedup_config
00107018 00000124 T srvInit
0010713c 00000058 T srvExit
00107194 00000080 T srvGetServiceHandleDirect
00107214 00000048 T srvGetServiceHandle
0010725c 00000038 T srvPublishToSubscriber
00107294 00000188 T threadCreate
0010741c 0000002c T threadFree
00107448 00000024 T threadJoin
0010746c 00000030 T threadGetCurrent
0010749c 00000040 T threadExit
001074dc 00000044 t _thread_begin
00107520 00000094 t mappableFindAddressWithin
001075b4 00000028 T mappableInit
001075dc 00000080 T mappableAlloc
0010765c 00000004 T mappableFree
00107660 00000160 T irrstInit
001077c0 000000cc T irrstExit
0010788c 000000b0 T irrstScanInput
0010793c 00000024 T irrstKeysHeld
00107960 0000000c T srvPmGetSessionHandle
0010796c 00000074 T ptmSysmInit
001079e0 0000003c T ptmSysmExit
00107a1c 00000034 T PTMSYSM_ConfigureNew3DSCPU
00107a50 00000010 T rbtree_init
00107a60 000001a0 t do_insert
00107c00 00000008 T rbtree_insert
00107c08 00000090 T rbtree_rotate
00107c98 00000338 T rbtree_remove
00107fd0 00000074 T rbtree_find
00108044 00000030 W __appInit
00108074 00000030 t __libctru_nanosleep
001080a4 00000030 t __libctru_get_reent
001080d4 000000f8 T __system_initSyscalls
001081d0 000001e0 W __system_allocateHeaps
001083b0 00000030 W __appExit
001083e0 00000090 W __libctru_exit
00108470 00000084 W envGetHandle
001084f4 00000050 W envDestroyHandles
00108544 00000014 t archive_link
00108558 00000014 t archive_dirreset
0010856c 00000014 t archive_chmod
00108580 00000024 t error_cmp
001085a4 00000050 t archive_translate_error
001085f4 000000d4 t archive_seek
001086c8 0000007c t _archiveInit.part.0
00108744 0000008c t archiveFindDevice.part.0
001087d0 00000294 t archive_utf16path
00108a64 000000a0 t _archiveUnmountDeviceStruct.part.0
00108b04 00000014 t archive_fchmod
00108b18 00000014 t archive_statvfs
00108b2c 00000158 t _archiveMountDevice
00108c84 000000e8 t archive_diropen
00108d6c 000000a4 t archive_fstat
00108e10 0000006c t archive_close
00108e7c 0000006c t archive_fsync
00108ee8 00000070 t archive_dirclose
00108f58 000000e8 t sdmc_statvfs
00109040 00000080 t archive_ftruncate
001090c0 000000fc t archive_chdir
001091bc 000000b0 t archive_read
0010926c 000000ac t archive_unlink
00109318 000000c8 t archive_rmdir
001093e0 000000ec t archive_mkdir
001094cc 000001a8 t archive_stat
00109674 00000184 t archive_rename
001097f8 00000168 t archive_dirnext
00109960 0000012c t archive_write
00109a8c 000001f0 t archive_open
00109c7c 000001a4 T archiveMountSdmc
00109e20 00000054 T archiveUnmountAll
00109e74 000000c8 T fsInit
00109f3c 0000003c T fsExit
00109f78 00000060 T fsExemptFromSession
00109fd8 00000050 T fsUnexemptFromSession
0010a028 000000cc T FSUSER_OpenFile
0010a0f4 000000bc T FSUSER_DeleteFile
0010a1b0 000000f8 T FSUSER_RenameFile
0010a2a8 000000bc T FSUSER_DeleteDirectory
0010a364 000000d4 T FSUSER_CreateFile
0010a438 000000c4 T FSUSER_CreateDirectory
0010a4fc 000000f8 T FSUSER_RenameDirectory
0010a5f4 000000b4 T FSUSER_OpenDirectory
0010a6a8 00000094 T FSUSER_OpenArchive
0010a73c 0000008c T FSUSER_CloseArchive
0010a7c8 00000074 T FSUSER_GetSdmcArchiveResource
0010a83c 00000064 T FSUSER_IsSdmcWritable
0010a8a0 00000058 T FSFILE_Read
0010a8f8 00000060 T FSFILE_Write
0010a958 00000038 T FSFILE_GetSize
0010a990 00000028 T FSFILE_SetSize
0010a9b8 0000003c T FSFILE_Close
0010a9f4 00000024 T FSFILE_Flush
0010aa18 00000050 T FSDIR_Read
0010aa68 0000003c T FSDIR_Close
0010aaa4 00000050 T rbtree_node_next
0010aaf4 000000e8 T utf16_to_utf8
0010abdc 00000064 T decode_utf16
0010ac40 0000013c T decode_utf8
0010ad7c 000000c0 T utf8_to_utf16
0010ae3c T __aeabi_read_tp
0010ae48 00000060 T encode_utf16
0010aea8 000000fc T encode_utf8
0010afa4 00000120 T __udivmoddi4
0010b0c4 00000078 T bsearch
0010b13c 0000000c T __errno
0010b148 00000034 T exit
0010b17c 0000003c T __libc_fini_array
0010b1b8 0000007c T __libc_init_array
0010b234 00000028 T memalign
0010b25c 00000148 T _memalign_r
0010b3a4 00000020 T malloc
0010b3c4 00000020 T free
0010b3e4 000007f0 T _malloc_r
0010bbd4 000000e0 T memchr
0010bcb4 0000011c T memcpy
0010bdd0 00000118 T memset
0010bee8 0000000c T __malloc_lock
0010bef4 0000000c T __malloc_unlock
0010bf00 00000034 T printf
0010bf34 000000e0 T _puts_r
0010c014 00000020 T puts
0010c034 00000260 T setvbuf
0010c294 00000074 T sscanf
0010c308 00000044 T __sread
0010c34c 00000008 T __seofread
0010c354 00000068 T __swrite
0010c3bc 00000048 T __sseek
0010c404 00000008 T __sclose
0010c40c 0000005c T strlen
0010c468 000000ec T strncat
0010c554 000000dc T strncmp
0010c630 000000c0 T strncpy
0010c6f0 00000048 T strnlen
0010c738 00000050 t get_arg
0010c788 00002b68 T __ssvfscanf_r
0010f2f0 0000064c t get_arg
0010f93c 00000034 T __sprint_r
0010f970 00002584 T _vfiprintf_r
00111ef4 000000d4 t __sbprintf
00111fc8 0000064c t get_arg
00112618 000038d4 T _vfprintf_r
00115eec 000000d4 t __sbprintf
00115fc0 00000054 T _wcrtomb_r
00116014 00000028 T _wcsrtombs_r
0011603c 00000154 T __swsetup_r
00116190 00000114 T __call_exitprocs
001162a4 000001a8 t quorem
00116450 000012ec T _dtoa_r
0011773c 00000258 T __sflush_r
00117994 00000094 T _fflush_r
00117a28 0000000c T _cleanup_r
00117a34 00000184 T __sinit
00117bb8 0000000c T __sfp_lock_acquire
00117bc4 0000000c T __sfp_lock_release
00117bd0 000000f8 T _malloc_trim_r
00117cc8 000002e4 T _free_r
00117fac 000004a4 T __sfvwrite_r
00118450 00000070 T _fwalk_reent
001184c0 00000008 T iswspace
001184c8 0000000c T _localeconv_r
001184d4 00000010 T __locale_mb_cur_max
001184e4 00000138 T __smakebuf_r
0011861c 00000094 T __swhatbuf_r
001186b0 00000068 T _mbrtowc_r
00118718 000002fc T __utf8_mbtowc
00118a14 00000154 T memmove
00118b68 00000088 T _Balloc
00118bf0 0000001c T _Bfree
00118c0c 000000f4 T __multadd
00118d00 00000110 T __s2b
00118e10 00000058 T __hi0bits
00118e68 0000009c T __lo0bits
00118f04 000000a4 T __i2b
00118fa8 00000204 T __multiply
001191ac 00000120 T __pow5mult
001192cc 0000013c T __lshift
00119408 00000058 T __mcmp
00119460 000001cc T __mdiff
0011962c 00000088 T __ulp
001196b4 000000d4 T __b2d
00119788 0000012c T __d2b
001198b4 00000078 T __ratio
0011992c 00000088 T __copybits
001199b4 0000005c T __any_on
00119a10 00000028 T realloc
00119a38 00000598 T _realloc_r
00119fd0 000000e4 T __sccl
0011a0b4 0000000c T nanf
0011a0c0 000000a8 T frexp
0011a168 00000064 T sprintf
0011a1cc 000000b8 T stpncpy
0011a284 00000144 T strchr
0011a3c8 0000130c T _strtod_l
0011b6d4 0000000c T _strtod_r
0011b6e0 0000022c t _strtoll_l.constprop.0
0011b90c 00000004 T _strtoll_r
0011b910 000001b0 t _strtol_l.part.0
0011bac0 0000003c T _strtol_r
0011bafc 00000244 t _strtoull_l.constprop.0
0011bd40 00000004 T _strtoull_r
0011bd44 000001c8 t _strtoul_l.constprop.0
0011bf0c 00000004 T _strtoul_r
0011bf10 00000188 T __ssprint_r
0011c098 000000e0 T _sungetc_r
0011c178 0000006c T __ssrefill_r
0011c1e4 000000c8 T _sfread_r
0011c2ac 0000064c t get_arg
0011c8f8 00003808 T _svfprintf_r
00120100 000000a8 T __submore
001201a8 00000190 T _wcsnrtombs_l
00120338 0000004c T _wcsnrtombs_r
00120384 000000f0 T __utf8_wctomb
00120474 0000005c T __assert_func
001204d0 00000094 T _calloc_r
00120564 00000160 T _fclose_r
001206c4 0000003c T fiprintf
00120700 000000ec t rshift
001207ec 00000928 T __gethex
00121114 0000004c T __match
00121160 0000029c T __hexnan
001213fc 0000003c T iswspace_l
00121438 000001d4 t __jp2uc
0012160c 0000009c T _jp2uc_l
001216a8 00000010 T nan
001216b8 00000014 T abort
001216cc 00000084 T category
00121750 00000098 T _raise_r
001217e8 00000020 T raise
00121808 00000008 t null_write
00121810 00000018 T setDefaultDevice
00121828 000000c8 T FindDevice
001218f0 00000028 T RemoveDevice
00121918 0000009c T AddDevice
001219b4 00000020 T GetDeviceOpTab
001219d4 00000078 T _fstat_r
00121a4c 00000014 T _getpid_r
00121a60 00000008 T _isatty_r
00121a68 00000014 T _kill_r
00121a7c 00000084 T _lseek_r
00121b00 00000080 T _read_r
00121b80 00000078 T _sbrk_r
00121bf8 00000080 T _write_r
00121c78 00000024 T _exit
00121c9c 000001b8 T _concatenate_path
00121e54 00000160 T chdir
00121fb4 00000008 T __flockfile
00121fbc 00000008 T __funlockfile
00121fc4 00000018 T __libc_lock_acquire
00121fdc 00000018 T __libc_lock_release
00121ff4 00000018 T __libc_lock_init_recursive
0012200c 00000018 T __libc_lock_acquire_recursive
00122024 00000018 T __libc_lock_release_recursive
0012203c 00000018 T __libc_lock_close_recursive
00122054 0000003c T __get_handle
00122090 000000f4 T _close_r
00122184 00000028 T __getreent
001221ac 00000038 T __aeabi_d2lz
001221ac 00000038 T __fixdfdi
001221e8 00000040 T __aeabi_d2ulz
001221e8 00000040 T __fixunsdfdi
00122228 00000044 T strrchr
0012226c T _fini
00123338 00000030 r colorTable
00123368 00000070 r dotab_stdout
0012340c 00000008 r morton_x.3
00123414 00000008 r morton_y.2
0012341c 00000008 r s_sleepWakeEvents.4
00123444 R default_font_bin
00123c44 R default_font_bin_end
00123c7c 00000070 r archive_devoptab
00123cec 00000030 r error_table
00123d24 00000004 R _global_impure_ptr
00123d30 00000022 r basefix.0
00123d7c 00000010 r blanks.1
00123d8c 00000010 r zeroes.0
00123db0 00000010 r blanks.1
00123dc0 00000010 r zeroes.0
00123dd0 00000101 R _ctype_
00123ee4 r .LC2
00123fc8 00000028 R __mprec_bigtens
00123ff0 000000c8 R __mprec_tens
001240b8 0000000c r p05.0
001240d4 00000014 r fpi.1
001240e8 00000014 r fpinan.0
00124100 00000028 r tinytens
00124128 0000006c R __action_table
00124194 00000100 R __chclass
00124294 0000006c R __state_table
00124300 00000010 r blanks.1
00124310 00000010 r zeroes.0
001243a8 00000100 R __hexdig
001244bc 000000bc r a1
00124578 000000bc r a2
00124634 0000005b r a3
00124690 00000070 r a6
00124700 000000a2 r a7
001247a4 00000040 r a8
001247e4 0000172a r b02cf
00125f10 00001a7c r d02f4
0012798c 0000000c R _C_numeric_locale
00127998 000031e6 r categories
0012ab80 00000070 R dotab_stdnull
0012abf0 r 
0012abf0 R __exidx_end
0012abf0 R __exidx_start
0012b000 00000004 D currentConsole
0012b004 0000004c D defaultConsole
0012b050 00000001 d firstConsoleInit.0
0012b054 00000004 d kCount
0012b058 00000004 d kDelay
0012b05c 00000004 d kInterval
0012b060 W __stacksize__
0012b064 00000004 D _impure_ptr
0012b068 00000460 d impure_data
0012b4c8 00000408 D __malloc_av_
0012b8d0 00000004 D __malloc_sbrk_base
0012b8d4 00000004 D __malloc_trim_threshold
0012b8d8 0000000c d __malloc_recursive_mutex
0012b8e4 0000000c D __atexit_recursive_mutex
0012b8f0 0000000c d __sfp_recursive_mutex
0012b8fc 0000000c d __sinit_recursive_mutex
0012b908 0000016c D __global_locale
0012ba74 00000002 d numempty
0012ba78 00000004 d defaultDevice
0012ba7c 0000008c D devoptab_list
0012bb08 00000400 d _current_working_directory
0012bf08 00000004 d __hndl_lock
0012bf0c 0000000c d __stderr_handle
0012bf18 0000000c d __stdin_handle
0012bf24 0000000c d __stdout_handle
0012bf30 00001000 d handles
0012cf38 d _GLOBAL_OFFSET_TABLE_
0012cf44 d __frame_dummy_init_array_entry
0012cf44 D __init_array_start
0012cf44 B __preinit_array_end
0012cf44 B __preinit_array_start
0012cf44 D __tdata_lma
0012cf44 D __tdata_lma_end
0012cf48 d __do_global_dtors_aux_fini_array_entry
0012cf48 D __fini_array_start
0012cf48 D __init_array_end
0012cf4c D __bss_start__
0012cf4c D __fini_array_end
0012cf4c 0000005c b exitJmp
0012cfa8 b completed.1
0012cfac b object.0
0012cfc4 0000004c B currentCopy
0012d010 00000004 b gfxBottomFramebufferMaxSize
0012d014 00000008 b gfxBottomFramebuffers
0012d01c 00000002 b gfxCurBuf
0012d020 00000002 b gfxFramebufferFormats
0012d024 00000002 b gfxIsDoubleBuf
0012d026 00000001 b gfxIsVram
0012d028 00000004 b gfxTopFramebufferMaxSize
0012d02c 00000008 b gfxTopFramebuffers
0012d034 00000001 b gfxTopMode
0012d038 00000004 b screenAlloc
0012d03c 00000004 b screenFree
0012d040 00000004 b gspEvent
0012d044 0000001c b gspEventCb
0012d060 0000001c b gspEventCbData
0012d07c 00000007 b gspEventCbOneShot
0012d084 00000004 b gspEventThread
0012d088 00000038 b gspEvents
0012d0c0 00000004 b gspGpuHandle
0012d0c4 00000001 b gspGpuRight
0012d0c8 00000004 b gspLastEvent
0012d0cc 00000004 b gspRefCount
0012d0d0 00000001 b gspRunEvents
0012d0d4 00000004 b gspSharedMem
0012d0d8 00000004 b gspSharedMemHandle
0012d0dc 00000001 b gspThreadId
0012d0e0 00000004 b acHandle
0012d0e4 00000004 b acRefCount
0012d0e8 00000001 b aptChainloadFlags
0012d0e9 00000001 b aptChainloadMediatype
0012d0f0 00000008 b aptChainloadTid
0012d0f8 00000004 b aptEventHandlerThread
0012d0fc 00000001 b aptEventHandlerThreadQuit
0012d100 00000008 b aptEvents
0012d108 0000000c b aptFirstHook
0012d114 00000004 b aptFlags
0012d118 00000001 b aptHomeButtonState
0012d11c 00000004 b aptLockHandle
0012d120 00000004 b aptMessageFunc
0012d124 00000004 b aptMessageFuncData
0012d128 00001000 b aptParameters
0012e128 00000008 b aptReceiveEvent
0012e130 00000004 b aptRefCount
0012e134 00000008 b aptSleepEvent
0012e13c 00000001 b flagInit.1
0012e13d 00000001 b flagValue.0
0012e140 00000004 b serviceName.6
0012e144 00000004 B camHandle
0012e148 00000004 b camRefCount
0012e14c 00000006 b aVec
0012e154 00000004 b cPos
0012e158 00000006 b gRate
0012e160 00000014 B hidEvents
0012e174 00000004 B hidHandle
0012e178 00000004 B hidMemHandle
0012e17c 00000004 b hidRefCount
0012e180 00000004 B hidSharedMem
0012e184 00000004 b kDown
0012e188 00000004 b kHeld
0012e18c 00000004 b kOld
0012e190 00000004 b kRepeat
0012e194 00000004 b kUp
0012e198 00000004 b tPos
0012e19c 00000001 b usingIrrst
0012e1a0 00000004 B __system_retAddr
0012e1a4 00000004 B __system_argc
0012e1a8 00000004 B __system_argv
0012e1ac b saved_stack
0012e1b4 0000000c b sAddrMap
0012e1c0 00000008 b sVramPool
0012e1c8 00000008 b sLinearPool
0012e1d0 0000000c b sAddrMap
0012e1dc 00000004 b arbiter
0012e1e0 00000001 V __ctru_speedup
0012e1e4 00000004 b srvHandle
0012e1e8 00000004 b srvRefCount
0012e1ec 00000004 b currentAddr
0012e1f0 00000004 b maxAddr
0012e1f4 00000004 b minAddr
0012e1f8 00000004 b csPos
0012e1fc 00000004 B irrstEvent
0012e200 00000004 B irrstHandle
0012e204 00000004 B irrstMemHandle
0012e208 00000004 b irrstRefCount
0012e20c 00000004 B irrstSharedMem
0012e210 00000004 b kHeld
0012e214 00000004 b srvPmHandle
0012e218 00000004 b ptmSysmHandle
0012e21c 00000004 b ptmSysmRefCount
0012e220 00000004 B __ctru_heap
0012e224 00000004 V __ctru_heap_size
0012e228 00000004 B __ctru_linear_heap
0012e22c 00000004 V __ctru_linear_heap_size
0012e230 00000004 b archive_device_cwd
0012e238 00000540 b archive_devices
0012e778 00000001 b archive_initialized
0012e780 00000080 b fsExemptArchives
0012e800 00000004 b fsuHandle
0012e804 00000004 b fsuRefCount
0012e808 00000028 B __malloc_current_mallinfo
0012e830 00000004 B __malloc_max_sbrked_mem
0012e834 00000004 B __malloc_max_total_mem
0012e838 00000004 B __malloc_top_pad
0012e83c 00000004 b heap_start.0
0012e840 00000004 B fake_heap_end
0012e844 00000004 B fake_heap_start
0012e848 00000400 b temp_cwd
0012ec48 00000048 B __syscalls
0012ec90 B __tls_start
0012f898 B __bss_end__
0012f898 A __end__
0012f898 B __tls_end
