         w __deregister_frame_info
         w __register_frame_info
         w userAppExit
         w userAppInit
00000000 00000401 B __ctru_dev_path_buf
00000000 b _TLS_MODULE_BASE_
00000000 a shift
00000000 a shift
00000404 00000802 B __ctru_dev_utf16_buf
00100000 A __start__
00100000 T _start
00100008 T __service_ptr
0010000c T __apt_appid
00100010 T __heap_size
00100014 T __linear_heap_size
00100018 T __system_arglist
0010001c T __system_runflags
00100020 t startup
00100058 t ClearMem
0010006c t ClrLoop
00100094 T _init
001000ac T __aeabi_idiv
001000ac 00000220 T __divsi3
001000b4 t .divsi3_skip_div0_test
001002cc 00000020 T __aeabi_idivmod
001002ec 00000004 W __aeabi_idiv0
001002ec 00000004 W __aeabi_ldiv0
001002f0 T __aeabi_ldivmod
001003c4 T __aeabi_uldivmod
00100408 00000390 T strcmp
00100790 t .udivsi3_skip_div0_test
00100790 T __aeabi_uidiv
00100790 000001ec T __udivsi3
0010097c 00000020 T __aeabi_uidivmod
0010099c T __aeabi_drsub
001009a4 000002b0 T __aeabi_dsub
001009a4 000002b0 T __subdf3
001009a8 000002ac T __adddf3
001009a8 000002ac T __aeabi_dadd
00100c54 00000024 T __aeabi_ui2d
00100c54 00000024 T __floatunsidf
00100c78 00000028 T __aeabi_i2d
00100c78 00000028 T __floatsidf
00100ca0 00000048 T __aeabi_f2d
00100ca0 00000048 T __extendsfdf2
00100ce8 00000074 T __aeabi_ul2d
00100ce8 00000074 T __floatundidf
00100cfc 00000060 T __aeabi_l2d
00100cfc 00000060 T __floatdidf
00100d5c t __do_global_dtors_aux
00100d9c t frame_dummy
00100dc8 000000d0 T print_constatus
00100e98 000007cc T uds_test
00101664 00000098 T main
001016fc 00000178 T consoleDrawChar
00101874 00000124 T consolePrintChar
00101998 00000a00 T con_write
00102398 00000168 T consoleInit
00102500 000000f4 t newRow
001025f4 000000d0 t gfxPresentFramebuffer
001026c4 0000001c T gfxIsWide
001026e0 000000ec T gfxSetScreenFormat
001027cc 00000010 T gfxSetDoubleBuffering
001027dc 00000108 T gfxInit
001028e4 00000010 T gfxInitDefault
001028f4 000000b4 T gfxExit
001029a8 000000a0 T gfxGetFramebuffer
00102a48 0000010c T gfxFlushBuffers
00102b54 00000050 T gfxSwapBuffers
00102ba4 00000050 T gfxSwapBuffersGpu
00102bf4 00000c58 t gspHardwareInit
0010384c 00000254 T gspInit
00103aa0 000000f0 T gspExit
00103b90 00000010 T gspHasGpuRight
00103ba0 00000098 T gspPresentBuffer
00103c38 00000050 T gspWaitForEvent
00103c88 00000004 W gxCmdQueueInterrupt
00103c8c 00000160 t gspEventThreadMain
00103dec 00000050 T GSPGPU_FlushDataCache
00103e3c 00000034 T GSPGPU_SetLcdForceBlack
00103e70 00000068 T GSPGPU_AcquireRight
00103ed8 00000048 T GSPGPU_ReleaseRight
00103f20 0000007c T GSPGPU_ImportDisplayCaptureInfo
00103f9c 0000002c T GSPGPU_SaveVramSysArea
00103fc8 0000002c T GSPGPU_RestoreVramSysArea
00103ff4 000000ac T udsExit
001040a0 000000e4 T udsGenerateNodeInfo
00104184 00000260 T udsInit
001043e4 00000028 T udsGetNodeInfoUsername
0010440c 00000010 T udsCheckNodeInfoInitialized
0010441c 00000080 T udsGenerateDefaultNetworkStruct
0010449c 0000002c T udsEjectSpectator
001044c8 00000050 T udsSetNewConnectionsBlocked
00104518 0000003c T udsAllowSpectators
00104554 0000002c T udsDestroyNetwork
00104580 0000002c T udsDisconnectNetwork
001045ac 00000088 T udsGetConnectionStatus
00104634 0000007c T udsWaitConnectionStatusEvent
001046b0 000000a0 T udsGetNodeInformation
00104750 00000664 T udsScanBeacons
00104db4 000000e8 T udsBind
00104e9c 00000090 T udsUnbind
00104f2c 00000138 T udsCreateNetwork
00105064 000000ec T udsConnectNetwork
00105150 0000004c T udsSetApplicationData
0010519c 0000007c T udsGetApplicationData
00105218 00000060 T udsGetNetworkStructApplicationData
00105278 000000a0 T udsPullPacket
00105318 00000074 T udsSendTo
0010538c 00000040 T udsGetChannel
001053cc 000001b0 t aptConvertScreenForCapture
0010557c 00000008 W aptDspSleep
00105584 00000004 W aptDspWakeup
00105588 00000004 W aptDspCancel
0010558c 0000015c T aptSendCommand
001056e8 00000038 t aptExitProcess
00105720 000002f0 T aptExit
00105a10 000000d8 T aptHandleSleep
00105ae8 00000084 T APT_SleepIfShellClosed
00105b6c 00000084 T aptSetSleepAllowed
00105bf0 00000084 T APT_UnlockTransition
00105c78 00000484 t aptEventHandler
001060fc 000000b0 T APT_ReceiveParameter
001061ac 000000b0 t aptReceiveParameter.constprop.0
00106260 000002bc t aptScreenTransfer
0010651c 000002d0 t aptWaitForWakeUp.isra.0
001067ec 000000f8 T aptJumpToHomeMenu
001068e4 0000004c T aptMainLoop
00106930 00000234 T aptInit
00106b64 0000007c T APT_CheckNew3DS
00106be0 00000074 T ndmuInit
00106c54 00000048 T ndmuExit
00106c9c 0000003c T NDMU_EnterExclusiveState
00106cd8 00000034 T NDMU_LeaveExclusiveState
00106d0c 00000024 W hidShouldUseIrrst
00106d30 0000018c T hidInit
00106ebc 000000e8 T hidExit
00106fa4 00000294 T hidScanInput
00107238 00000010 T hidKeysHeld
00107248 00000010 T hidKeysDown
00107258 000000e8 T utf16_to_utf8
00107340 00000064 T decode_utf16
001073a4 000000c0 T utf8_to_utf16
00107464 00000038 W __libctru_init
0010749c 000000f0 W __system_initArgv
0010758c T svcControlMemory
001075ac T svcQueryMemory
001075dc T svcExitProcess
001075e4 T svcCreateThread
00107604 T svcExitThread
0010760c T svcSleepThread
00107614 T svcReleaseMutex
0010761c T svcCreateEvent
00107630 T svcSignalEvent
00107638 T svcClearEvent
00107640 T svcCreateMemoryBlock
00107658 T svcMapMemoryBlock
00107660 T svcUnmapMemoryBlock
00107668 T svcCreateAddressArbiter
0010767c T svcArbitrateAddressNoTimeout
00107684 T svcCloseHandle
0010768c T svcWaitSynchronization
00107694 T svcWaitSynchronizationN
001076bc T svcDuplicateHandle
001076d0 T svcGetSystemTick
001076d8 T svcConnectToPort
001076ec T svcSendSyncRequest
001076f4 T svcGetResourceLimit
00107708 T svcGetResourceLimitLimitValues
00107710 T svcGetResourceLimitCurrentValues
00107718 T svcBreak
00107720 W initSystem
00107770 W __ctru_exit
00107788 00000024 t addrMapNodeComparator(rbtree_node const*, rbtree_node const*)
001077ac 00000004 t addrMapNodeDestructor(rbtree_node*)
001077b0 00000114 T vramMemAlign
001078c4 00000008 T vramAlloc
001078cc 0000005c T vramFree
00107928 00000024 t addrMapNodeComparator(rbtree_node const*, rbtree_node const*)
0010794c 00000004 t addrMapNodeDestructor(rbtree_node*)
00107950 00000120 T linearMemAlign
00107a70 00000008 T linearAlloc
00107a78 0000005c T linearFree
00107ad4 00000084 T MemPool::CoalesceRight(MemBlock*)
00107b58 00000170 T MemPool::Allocate(MemChunk&, unsigned long, int)
00107cc8 000000fc T MemPool::Deallocate(MemChunk const&)
00107dc4 0000000c T __sync_init
00107dd0 00000018 T __sync_fini
00107de8 0000002c T syncArbitrateAddress
00107e14 0000001c T LightLock_Init
00107e30 00000094 T LightLock_Lock
00107ec4 00000044 T LightLock_TryLock
00107f08 00000040 T LightLock_Unlock
00107f48 00000024 T RecursiveLock_Init
00107f6c 00000030 T RecursiveLock_Lock
00107f9c 00000078 T RecursiveLock_TryLock
00108014 00000054 T RecursiveLock_Unlock
00108068 00000040 T LightEvent_Init
001080a8 000000a4 T LightEvent_Clear
0010814c 000000c8 T LightEvent_Signal
00108214 00000058 T LightEvent_TryWait
0010826c 000000b0 T LightEvent_Wait
0010831c 00000054 T osGetTimeRef
00108370 000000e4 T osGetTime
00108454 00000074 T __libctru_gtod
001084c8 00000034 T __ctru_speedup_config
001084fc 00000124 T srvInit
00108620 00000058 T srvExit
00108678 00000080 T srvGetServiceHandleDirect
001086f8 00000048 T srvGetServiceHandle
00108740 00000038 T srvPublishToSubscriber
00108778 00000188 T threadCreate
00108900 0000002c T threadFree
0010892c 00000024 T threadJoin
00108950 00000030 T threadGetCurrent
00108980 00000040 T threadExit
001089c0 00000044 t _thread_begin
00108a04 00000094 t mappableFindAddressWithin
00108a98 00000028 T mappableInit
00108ac0 00000080 T mappableAlloc
00108b40 00000004 T mappableFree
00108b44 00000160 T irrstInit
00108ca4 000000cc T irrstExit
00108d70 000000b0 T irrstScanInput
00108e20 00000024 T irrstKeysHeld
00108e44 000000a4 T cfguInit
00108ee8 0000003c T cfguExit
00108f24 0000004c T CFGU_GetConfigInfoBlk2
00108f70 0000000c T srvPmGetSessionHandle
00108f7c 00000074 T ptmSysmInit
00108ff0 0000003c T ptmSysmExit
0010902c 00000034 T PTMSYSM_ConfigureNew3DSCPU
00109060 00000010 T rbtree_init
00109070 000001a0 t do_insert
00109210 00000008 T rbtree_insert
00109218 00000090 T rbtree_rotate
001092a8 00000338 T rbtree_remove
001095e0 00000074 T rbtree_find
00109654 00000060 T encode_utf16
001096b4 000000fc T encode_utf8
001097b0 0000013c T decode_utf8
001098ec 00000030 W __appInit
0010991c 00000030 t __libctru_nanosleep
0010994c 00000030 t __libctru_get_reent
0010997c 000000f8 T __system_initSyscalls
00109a78 000001e0 W __system_allocateHeaps
00109c58 00000030 W __appExit
00109c88 00000090 W __libctru_exit
00109d18 00000084 W envGetHandle
00109d9c 00000050 W envDestroyHandles
00109dec 00000014 t archive_link
00109e00 00000014 t archive_dirreset
00109e14 00000014 t archive_chmod
00109e28 00000024 t error_cmp
00109e4c 00000050 t archive_translate_error
00109e9c 000000d4 t archive_seek
00109f70 0000007c t _archiveInit.part.0
00109fec 0000008c t archiveFindDevice.part.0
0010a078 00000294 t archive_utf16path
0010a30c 000000a0 t _archiveUnmountDeviceStruct.part.0
0010a3ac 00000014 t archive_fchmod
0010a3c0 00000014 t archive_statvfs
0010a3d4 00000158 t _archiveMountDevice
0010a52c 000000e8 t archive_diropen
0010a614 000000a4 t archive_fstat
0010a6b8 0000006c t archive_close
0010a724 0000006c t archive_fsync
0010a790 00000070 t archive_dirclose
0010a800 000000e8 t sdmc_statvfs
0010a8e8 00000080 t archive_ftruncate
0010a968 000000fc t archive_chdir
0010aa64 000000b0 t archive_read
0010ab14 000000ac t archive_unlink
0010abc0 000000c8 t archive_rmdir
0010ac88 000000ec t archive_mkdir
0010ad74 000001a8 t archive_stat
0010af1c 00000184 t archive_rename
0010b0a0 00000168 t archive_dirnext
0010b208 0000012c t archive_write
0010b334 000001f0 t archive_open
0010b524 000001a4 T archiveMountSdmc
0010b6c8 00000054 T archiveUnmountAll
0010b71c 000000c8 T fsInit
0010b7e4 0000003c T fsExit
0010b820 00000060 T fsExemptFromSession
0010b880 00000050 T fsUnexemptFromSession
0010b8d0 000000cc T FSUSER_OpenFile
0010b99c 000000bc T FSUSER_DeleteFile
0010ba58 000000f8 T FSUSER_RenameFile
0010bb50 000000bc T FSUSER_DeleteDirectory
0010bc0c 000000d4 T FSUSER_CreateFile
0010bce0 000000c4 T FSUSER_CreateDirectory
0010bda4 000000f8 T FSUSER_RenameDirectory
0010be9c 000000b4 T FSUSER_OpenDirectory
0010bf50 00000094 T FSUSER_OpenArchive
0010bfe4 0000008c T FSUSER_CloseArchive
0010c070 00000074 T FSUSER_GetSdmcArchiveResource
0010c0e4 00000064 T FSUSER_IsSdmcWritable
0010c148 00000058 T FSFILE_Read
0010c1a0 00000060 T FSFILE_Write
0010c200 00000038 T FSFILE_GetSize
0010c238 00000028 T FSFILE_SetSize
0010c260 0000003c T FSFILE_Close
0010c29c 00000024 T FSFILE_Flush
0010c2c0 00000050 T FSDIR_Read
0010c310 0000003c T FSDIR_Close
0010c34c 00000050 T rbtree_node_next
0010c39c T __aeabi_read_tp
0010c3a8 00000120 T __udivmoddi4
0010c4c8 00000078 T bsearch
0010c540 00000028 T calloc
0010c568 00000094 T _calloc_r
0010c5fc 0000000c T __errno
0010c608 00000034 T exit
0010c63c 0000003c T __libc_fini_array
0010c678 0000007c T __libc_init_array
0010c6f4 00000028 T memalign
0010c71c 00000148 T _memalign_r
0010c864 00000020 T malloc
0010c884 00000020 T free
0010c8a4 000007f0 T _malloc_r
0010d094 000000e0 T memchr
0010d174 0000011c T memcpy
0010d290 00000118 T memset
0010d3a8 0000000c T __malloc_lock
0010d3b4 0000000c T __malloc_unlock
0010d3c0 00000034 T printf
0010d3f4 000000e0 T _puts_r
0010d4d4 00000020 T puts
0010d4f4 00000260 T setvbuf
0010d754 00000074 T sscanf
0010d7c8 00000044 T __sread
0010d80c 00000008 T __seofread
0010d814 00000068 T __swrite
0010d87c 00000048 T __sseek
0010d8c4 00000008 T __sclose
0010d8cc 0000005c T strlen
0010d928 000000ec T strncat
0010da14 000000dc T strncmp
0010daf0 000000c0 T strncpy
0010dbb0 00000048 T strnlen
0010dbf8 00000050 t get_arg
0010dc48 00002b68 T __ssvfscanf_r
001107b0 0000064c t get_arg
00110dfc 00000034 T __sprint_r
00110e30 00002584 T _vfiprintf_r
001133b4 000000d4 t __sbprintf
00113488 0000064c t get_arg
00113ad8 000038d4 T _vfprintf_r
001173ac 000000d4 t __sbprintf
00117480 00000054 T _wcrtomb_r
001174d4 00000028 T _wcsrtombs_r
001174fc 00000154 T __swsetup_r
00117650 00000114 T __call_exitprocs
00117764 000001a8 t quorem
00117910 000012ec T _dtoa_r
00118bfc 00000258 T __sflush_r
00118e54 00000094 T _fflush_r
00118ee8 0000000c T _cleanup_r
00118ef4 00000184 T __sinit
00119078 0000000c T __sfp_lock_acquire
00119084 0000000c T __sfp_lock_release
00119090 000000f8 T _malloc_trim_r
00119188 000002e4 T _free_r
0011946c 000004a4 T __sfvwrite_r
00119910 00000070 T _fwalk_reent
00119980 00000008 T iswspace
00119988 0000000c T _localeconv_r
00119994 00000010 T __locale_mb_cur_max
001199a4 00000138 T __smakebuf_r
00119adc 00000094 T __swhatbuf_r
00119b70 00000068 T _mbrtowc_r
00119bd8 000002fc T __utf8_mbtowc
00119ed4 00000154 T memmove
0011a028 00000088 T _Balloc
0011a0b0 0000001c T _Bfree
0011a0cc 000000f4 T __multadd
0011a1c0 00000110 T __s2b
0011a2d0 00000058 T __hi0bits
0011a328 0000009c T __lo0bits
0011a3c4 000000a4 T __i2b
0011a468 00000204 T __multiply
0011a66c 00000120 T __pow5mult
0011a78c 0000013c T __lshift
0011a8c8 00000058 T __mcmp
0011a920 000001cc T __mdiff
0011aaec 00000088 T __ulp
0011ab74 000000d4 T __b2d
0011ac48 0000012c T __d2b
0011ad74 00000078 T __ratio
0011adec 00000088 T __copybits
0011ae74 0000005c T __any_on
0011aed0 00000028 T realloc
0011aef8 00000598 T _realloc_r
0011b490 000000e4 T __sccl
0011b574 0000000c T nanf
0011b580 000000a8 T frexp
0011b628 00000064 T sprintf
0011b68c 000000b8 T stpncpy
0011b744 00000144 T strchr
0011b888 0000130c T _strtod_l
0011cb94 0000000c T _strtod_r
0011cba0 0000022c t _strtoll_l.constprop.0
0011cdcc 00000004 T _strtoll_r
0011cdd0 000001b0 t _strtol_l.part.0
0011cf80 0000003c T _strtol_r
0011cfbc 00000244 t _strtoull_l.constprop.0
0011d200 00000004 T _strtoull_r
0011d204 000001c8 t _strtoul_l.constprop.0
0011d3cc 00000004 T _strtoul_r
0011d3d0 00000188 T __ssprint_r
0011d558 000000e0 T _sungetc_r
0011d638 0000006c T __ssrefill_r
0011d6a4 000000c8 T _sfread_r
0011d76c 0000064c t get_arg
0011ddb8 00003808 T _svfprintf_r
001215c0 000000a8 T __submore
00121668 00000190 T _wcsnrtombs_l
001217f8 0000004c T _wcsnrtombs_r
00121844 000000f0 T __utf8_wctomb
00121934 0000005c T __assert_func
00121990 00000160 T _fclose_r
00121af0 0000003c T fiprintf
00121b2c 000000ec t rshift
00121c18 00000928 T __gethex
00122540 0000004c T __match
0012258c 0000029c T __hexnan
00122828 0000003c T iswspace_l
00122864 000001d4 t __jp2uc
00122a38 0000009c T _jp2uc_l
00122ad8 00000010 T nan
00122ae8 00000014 T abort
00122afc 00000084 T category
00122b80 00000098 T _raise_r
00122c18 00000020 T raise
00122c38 00000008 t null_write
00122c40 00000018 T setDefaultDevice
00122c58 000000c8 T FindDevice
00122d20 00000028 T RemoveDevice
00122d48 0000009c T AddDevice
00122de4 00000020 T GetDeviceOpTab
00122e04 00000078 T _fstat_r
00122e7c 00000014 T _getpid_r
00122e90 00000008 T _isatty_r
00122e98 00000014 T _kill_r
00122eac 00000084 T _lseek_r
00122f30 00000080 T _read_r
00122fb0 00000078 T _sbrk_r
00123028 00000080 T _write_r
001230a8 00000024 T _exit
001230cc 000001b8 T _concatenate_path
00123284 00000160 T chdir
001233e4 00000008 T __flockfile
001233ec 00000008 T __funlockfile
001233f4 00000018 T __libc_lock_acquire
0012340c 00000018 T __libc_lock_release
00123424 00000018 T __libc_lock_init_recursive
0012343c 00000018 T __libc_lock_acquire_recursive
00123454 00000018 T __libc_lock_release_recursive
0012346c 00000018 T __libc_lock_close_recursive
00123484 0000003c T __get_handle
001234c0 000000f4 T _close_r
001235b4 00000028 T __getreent
001235dc 00000038 T __aeabi_d2lz
001235dc 00000038 T __fixdfdi
00123618 00000040 T __aeabi_d2ulz
00123618 00000040 T __fixunsdfdi
00123658 00000044 T strrchr
0012369c T _fini
0012477c 00000030 r colorTable
001247ac 00000070 r dotab_stdout
0012484c 00000008 r morton_x.3
00124854 00000008 r morton_y.2
0012485c 00000008 r s_sleepWakeEvents.4
00124884 R default_font_bin
00125084 R default_font_bin_end
001250d4 00000070 r archive_devoptab
00125144 00000030 r error_table
0012517c 00000004 R _global_impure_ptr
00125188 00000022 r basefix.0
001251d4 00000010 r blanks.1
001251e4 00000010 r zeroes.0
00125208 00000010 r blanks.1
00125218 00000010 r zeroes.0
00125228 00000101 R _ctype_
0012533c r .LC2
00125418 00000028 R __mprec_bigtens
00125440 000000c8 R __mprec_tens
00125508 0000000c r p05.0
00125524 00000014 r fpi.1
00125538 00000014 r fpinan.0
00125550 00000028 r tinytens
00125578 0000006c R __action_table
001255e4 00000100 R __chclass
001256e4 0000006c R __state_table
00125750 00000010 r blanks.1
00125760 00000010 r zeroes.0
001257f8 00000100 R __hexdig
0012590c 000000bc r a1
001259c8 000000bc r a2
00125a84 0000005b r a3
00125ae0 00000070 r a6
00125b50 000000a2 r a7
00125bf4 00000040 r a8
00125c34 0000172a r b02cf
00127360 00001a7c r d02f4
00128ddc 0000000c R _C_numeric_locale
00128de8 000031e6 r categories
0012bfd0 00000070 R dotab_stdnull
0012c040 r 
0012c040 R __exidx_end
0012c040 R __exidx_start
0012d000 00000004 D currentConsole
0012d004 0000004c D defaultConsole
0012d050 00000001 d firstConsoleInit.0
0012d054 00000004 d kCount
0012d058 00000004 d kDelay
0012d05c 00000004 d kInterval
0012d060 W __stacksize__
0012d064 00000004 D _impure_ptr
0012d068 00000460 d impure_data
0012d4c8 00000408 D __malloc_av_
0012d8d0 00000004 D __malloc_sbrk_base
0012d8d4 00000004 D __malloc_trim_threshold
0012d8d8 0000000c d __malloc_recursive_mutex
0012d8e4 0000000c D __atexit_recursive_mutex
0012d8f0 0000000c d __sfp_recursive_mutex
0012d8fc 0000000c d __sinit_recursive_mutex
0012d908 0000016c D __global_locale
0012da74 00000002 d numempty
0012da78 00000004 d defaultDevice
0012da7c 0000008c D devoptab_list
0012db08 00000400 d _current_working_directory
0012df08 00000004 d __hndl_lock
0012df0c 0000000c d __stderr_handle
0012df18 0000000c d __stdin_handle
0012df24 0000000c d __stdout_handle
0012df30 00001000 d handles
0012ef38 d _GLOBAL_OFFSET_TABLE_
0012ef44 d __frame_dummy_init_array_entry
0012ef44 D __init_array_start
0012ef44 B __preinit_array_end
0012ef44 B __preinit_array_start
0012ef44 D __tdata_lma
0012ef44 D __tdata_lma_end
0012ef48 d __do_global_dtors_aux_fini_array_entry
0012ef48 D __fini_array_start
0012ef48 D __init_array_end
0012ef4c D __bss_start__
0012ef4c D __fini_array_end
0012ef4c b completed.1
0012ef50 b object.0
0012ef68 0000004c B currentCopy
0012efb4 00000004 b gfxBottomFramebufferMaxSize
0012efb8 00000008 b gfxBottomFramebuffers
0012efc0 00000002 b gfxCurBuf
0012efc4 00000002 b gfxFramebufferFormats
0012efc8 00000002 b gfxIsDoubleBuf
0012efca 00000001 b gfxIsVram
0012efcc 00000004 b gfxTopFramebufferMaxSize
0012efd0 00000008 b gfxTopFramebuffers
0012efd8 00000001 b gfxTopMode
0012efdc 00000004 b screenAlloc
0012efe0 00000004 b screenFree
0012efe4 00000004 b gspEvent
0012efe8 0000001c b gspEventCb
0012f004 0000001c b gspEventCbData
0012f020 00000007 b gspEventCbOneShot
0012f028 00000004 b gspEventThread
0012f02c 00000038 b gspEvents
0012f064 00000004 b gspGpuHandle
0012f068 00000001 b gspGpuRight
0012f06c 00000004 b gspLastEvent
0012f070 00000004 b gspRefCount
0012f074 00000001 b gspRunEvents
0012f078 00000004 b gspSharedMem
0012f07c 00000004 b gspSharedMemHandle
0012f080 00000001 b gspThreadId
0012f084 00000004 b __uds_connectionstatus_event
0012f088 00000004 b __uds_refcount
0012f08c 00000004 B __uds_servhandle
0012f090 00000004 B __uds_sharedmem_addr
0012f094 00000004 b __uds_sharedmem_handle
0012f098 00000004 b __uds_sharedmem_size
0012f09c 00000004 b bind_allocbitmask
0012f0a0 00000001 b aptChainloadFlags
0012f0a1 00000001 b aptChainloadMediatype
0012f0a8 00000008 b aptChainloadTid
0012f0b0 00000004 b aptEventHandlerThread
0012f0b4 00000001 b aptEventHandlerThreadQuit
0012f0b8 00000008 b aptEvents
0012f0c0 0000000c b aptFirstHook
0012f0cc 00000004 b aptFlags
0012f0d0 00000001 b aptHomeButtonState
0012f0d4 00000004 b aptLockHandle
0012f0d8 00000004 b aptMessageFunc
0012f0dc 00000004 b aptMessageFuncData
0012f0e0 00001000 b aptParameters
001300e0 00000008 b aptReceiveEvent
001300e8 00000004 b aptRefCount
001300ec 00000008 b aptSleepEvent
001300f4 00000001 b flagInit.1
001300f5 00000001 b flagValue.0
001300f8 00000004 b serviceName.6
001300fc 00000004 B ndmuHandle
00130100 00000004 b ndmuRefCount
00130104 00000006 b aVec
0013010c 00000004 b cPos
00130110 00000006 b gRate
00130118 00000014 B hidEvents
0013012c 00000004 B hidHandle
00130130 00000004 B hidMemHandle
00130134 00000004 b hidRefCount
00130138 00000004 B hidSharedMem
0013013c 00000004 b kDown
00130140 00000004 b kHeld
00130144 00000004 b kOld
00130148 00000004 b kRepeat
0013014c 00000004 b kUp
00130150 00000004 b tPos
00130154 00000001 b usingIrrst
00130158 00000004 B __system_retAddr
0013015c 00000004 B __system_argc
00130160 00000004 B __system_argv
00130164 b saved_stack
0013016c 0000000c b sAddrMap
00130178 00000008 b sVramPool
00130180 00000008 b sLinearPool
00130188 0000000c b sAddrMap
00130194 00000004 b arbiter
00130198 00000001 V __ctru_speedup
0013019c 00000004 b srvHandle
001301a0 00000004 b srvRefCount
001301a4 00000004 b currentAddr
001301a8 00000004 b maxAddr
001301ac 00000004 b minAddr
001301b0 00000004 b csPos
001301b4 00000004 B irrstEvent
001301b8 00000004 B irrstHandle
001301bc 00000004 B irrstMemHandle
001301c0 00000004 b irrstRefCount
001301c4 00000004 B irrstSharedMem
001301c8 00000004 b kHeld
001301cc 00000004 b cfguHandle
001301d0 00000004 b cfguRefCount
001301d4 00000004 b srvPmHandle
001301d8 00000004 b ptmSysmHandle
001301dc 00000004 b ptmSysmRefCount
001301e0 00000004 B __ctru_heap
001301e4 00000004 V __ctru_heap_size
001301e8 00000004 B __ctru_linear_heap
001301ec 00000004 V __ctru_linear_heap_size
001301f0 00000004 b archive_device_cwd
001301f8 00000540 b archive_devices
00130738 00000001 b archive_initialized
00130740 00000080 b fsExemptArchives
001307c0 00000004 b fsuHandle
001307c4 00000004 b fsuRefCount
001307c8 00000028 B __malloc_current_mallinfo
001307f0 00000004 B __malloc_max_sbrked_mem
001307f4 00000004 B __malloc_max_total_mem
001307f8 00000004 B __malloc_top_pad
001307fc 00000004 b heap_start.0
00130800 00000004 B fake_heap_end
00130804 00000004 B fake_heap_start
00130808 00000400 b temp_cwd
00130c08 00000048 B __syscalls
00130c50 B __tls_start
00131858 B __bss_end__
00131858 A __end__
00131858 B __tls_end
