         w __deregister_frame_info
         w __register_frame_info
         w userAppExit
         w userAppInit
00000000 00000401 B __ctru_dev_path_buf
00000000 b _TLS_MODULE_BASE_
00000000 a shift
00000000 a shift
00000404 00000802 B __ctru_dev_utf16_buf
00100000 A __start__
00100000 T _start
00100008 T __service_ptr
0010000c T __apt_appid
00100010 T __heap_size
00100014 T __linear_heap_size
00100018 T __system_arglist
0010001c T __system_runflags
00100020 t startup
00100058 t ClearMem
0010006c t ClrLoop
00100094 T _init
001000ac T __aeabi_idiv
001000ac 00000220 T __divsi3
001000b4 t .divsi3_skip_div0_test
001002cc 00000020 T __aeabi_idivmod
001002ec 00000004 W __aeabi_idiv0
001002ec 00000004 W __aeabi_ldiv0
001002f0 T __aeabi_drsub
001002f8 000002b0 T __aeabi_dsub
001002f8 000002b0 T __subdf3
001002fc 000002ac T __adddf3
001002fc 000002ac T __aeabi_dadd
001005a8 00000024 T __aeabi_ui2d
001005a8 00000024 T __floatunsidf
001005cc 00000028 T __aeabi_i2d
001005cc 00000028 T __floatsidf
001005f4 00000048 T __aeabi_f2d
001005f4 00000048 T __extendsfdf2
0010063c 00000074 T __aeabi_ul2d
0010063c 00000074 T __floatundidf
00100650 00000060 T __aeabi_l2d
00100650 00000060 T __floatdidf
001006b0 T __aeabi_ldivmod
00100784 T __aeabi_uldivmod
001007c8 00000390 T strcmp
00100b50 t .udivsi3_skip_div0_test
00100b50 T __aeabi_uidiv
00100b50 000001ec T __udivsi3
00100d3c 00000020 T __aeabi_uidivmod
00100d5c t __do_global_dtors_aux
00100d9c t frame_dummy
00100dc8 0000053c T main
00101304 00000004 W C3Di_LightEnvUpdate
00101308 00000004 W C3Di_LightEnvDirty
0010130c 00000004 W C3Di_ProcTexUpdate
00101310 00000004 W C3Di_ProcTexDirty
00101314 000000b4 t C3Di_AptEventHook
001013c8 00000004 W C3Di_GasUpdate
001013cc 000001e0 T C3D_Init
001015ac 00000098 T C3D_SetViewport
00101644 000004ec T C3Di_UpdateContext
00101b30 000000e0 T C3Di_SplitFrame
00101c10 00000044 T C3D_Fini
00101c54 00000108 T C3D_BindProgram
00101d5c 0000004c t onVBlank0
00101da8 0000004c t onVBlank1
00101df4 00000080 t C3Di_RenderTargetDestroy
00101e74 000000f4 t onQueueFinish
00101f68 00000038 T C3Di_RenderQueueEnableVBlank
00101fa0 00000030 T C3Di_RenderQueueDisableVBlank
00101fd0 00000060 T C3Di_RenderQueueInit
00102030 000000b0 T C3Di_RenderQueueExit
001020e0 00000034 T C3Di_RenderQueueWaitDone
00102114 000000e4 T C3D_FrameBegin
001021f8 00000048 T C3D_FrameDrawOn
00102240 000001d8 T C3D_FrameEnd
00102418 00000128 T C3D_RenderTargetCreate
00102540 000000a8 T C3D_RenderTargetSetOutput
001025e8 000000fc T C3D_SyncTextureCopy
001026e4 000002a0 T C3D_TexInitWithParams
00102984 000000c8 T C3D_TexLoadImage
00102a4c 00000044 T C3D_TexBind
00102a90 00000074 T C3D_TexDelete
00102b04 0000016c T C3Di_SetTex
00102c70 000003f4 t Tex3DSi_ImportCommon
00103064 00000034 T Tex3DS_TextureImport
00103098 0000001c T C3D_CalcColorBufSize
001030b4 0000001c T C3D_CalcDepthBufSize
001030d0 00000044 T C3D_SetFrameBuf
00103114 0000016c T C3Di_FrameBufBind
00103280 000000cc T C3D_FrameBufClear
0010334c 00000044 T C3D_FrameBufTransfer
00103390 000000b8 T FogLut_FromArray
00103448 000000b8 T FogLut_Exp
00103500 00000058 T C3D_FogGasMode
00103558 00000020 T C3D_FogColor
00103578 00000030 T C3D_FogLutBind
001035a8 00000034 T C3D_GetTexEnv
001035dc 00000024 T C3Di_TexEnvBind
00103600 00000024 T BufInfo_Init
00103624 00000080 T BufInfo_Add
001036a4 00000020 T C3D_GetBufInfo
001036c4 00000048 T C3Di_BufInfoBind
0010370c 00000148 T C3D_DrawArrays
00103854 00000040 T C3D_DepthMap
00103894 0000001c T C3D_CullFace
001038b0 00000040 T C3D_StencilTest
001038f0 00000024 T C3D_StencilOp
00103914 0000001c T C3D_BlendingColor
00103930 00000024 T C3D_EarlyDepthTest
00103954 0000002c T C3D_DepthTest
00103980 0000002c T C3D_AlphaTest
001039ac 00000050 T C3D_AlphaBlend
001039fc 00000030 T C3D_FragOpMode
00103a2c 00000044 T C3D_FragOpShadow
00103a70 000001ac T C3Di_EffectBind
00103c1c 00000028 T AttrInfo_Init
00103c44 00000098 T AttrInfo_AddLoader
00103cdc 00000020 T C3D_GetAttrInfo
00103cfc 00000080 T C3Di_AttrInfoBind
00103d7c 000000a8 T C3D_ImmSendAttrib
00103e24 0000029c T C3D_UpdateUniforms
001040c0 000000c0 T C3Di_DirtyUniforms
00104180 000000d8 T C3Di_LoadShaderUniforms
00104258 00000028 T C3Di_ClearShaderUniforms
00104280 000000a4 T Mtx_RotateX
00104324 00000094 T Mtx_PerspTilt
001043b8 000000a0 T Mtx_Translate
00104458 000000a0 T Mtx_RotateY
001044f8 00000024 t addrMapNodeComparator(rbtree_node const*, rbtree_node const*)
0010451c 00000004 t addrMapNodeDestructor(rbtree_node*)
00104520 00000114 T vramMemAlign
00104634 00000008 T vramAlloc
0010463c 0000005c T vramFree
00104698 00000024 t addrMapNodeComparator(rbtree_node const*, rbtree_node const*)
001046bc 00000004 t addrMapNodeDestructor(rbtree_node*)
001046c0 00000120 T linearMemAlign
001047e0 00000008 T linearAlloc
001047e8 0000005c T linearFree
00104844 00000084 T MemPool::CoalesceRight(MemBlock*)
001048c8 00000170 T MemPool::Allocate(MemChunk&, unsigned long, int)
00104a38 000000fc T MemPool::Deallocate(MemChunk const&)
00104b34 00000074 T osConvertVirtToPhys
00104ba8 00000054 T osGetTimeRef
00104bfc 000000e4 T osGetTime
00104ce0 00000074 T __libctru_gtod
00104d54 00000034 T __ctru_speedup_config
00104d88 00000178 T consoleDrawChar
00104f00 00000124 T consolePrintChar
00105024 00000a00 T con_write
00105a24 00000168 T consoleInit
00105b8c 000000f4 t newRow
00105c80 000000d0 t gfxPresentFramebuffer
00105d50 0000001c T gfxIsWide
00105d6c 000000ec T gfxSetScreenFormat
00105e58 00000010 T gfxSetDoubleBuffering
00105e68 00000108 T gfxInit
00105f70 00000010 T gfxInitDefault
00105f80 000000b4 T gfxExit
00106034 000000a0 T gfxGetFramebuffer
001060d4 0000010c T gfxFlushBuffers
001061e0 00000030 T gfxScreenSwapBuffers
00106210 00000050 T gfxSwapBuffersGpu
00106260 000001e0 T shaderInstanceInit
00106440 00000018 T shaderInstanceGetUniformLocation
00106458 0000001c T shaderProgramInit
00106474 00000064 T shaderProgramFree
001064d8 00000080 T shaderProgramSetVsh
00106558 000008c0 T shaderProgramConfigure
00106e18 000001f8 t DVLE_GenerateOutmap.part.0
00107010 000001cc T DVLB_ParseFile
001071dc 00000038 T DVLB_Free
00107214 00000074 T DVLE_GetUniformRegister
00107288 00000010 T GX_BindQueue
00107298 00000078 T GX_ProcessCommandList
00107310 00000074 T GX_MemoryFill
00107384 00000070 T GX_DisplayTransfer
001073f4 00000074 T GX_TextureCopy
00107468 00000068 t gxCmdQueueDoCommands.part.0
001074d0 000000c8 T gxCmdQueueInterrupt
00107598 0000004c T gxCmdQueueClear
001075e4 000000f8 T gxCmdQueueAdd
001076dc 00000080 T gxCmdQueueRun
0010775c 00000060 T gxCmdQueueStop
001077bc 00000074 T gxCmdQueueWait
00107830 0000013c T GPUCMD_Add
0010796c 000000ac T GPUCMD_Split
00107a18 00000040 T f32tof16
00107a58 00000040 T f32tof24
00107a98 00000044 T f32tof31
00107adc 00000c58 t gspHardwareInit
00108734 00000254 T gspInit
00108988 000000f0 T gspExit
00108a78 00000010 T gspHasGpuRight
00108a88 00000098 T gspPresentBuffer
00108b20 00000030 T gspSetEventCallback
00108b50 00000050 T gspWaitForEvent
00108ba0 0000004c T gspWaitForAnyEvent
00108bec 00000160 t gspEventThreadMain
00108d4c 00000130 T gspSubmitGxCommand
00108e7c 00000050 T GSPGPU_FlushDataCache
00108ecc 00000034 T GSPGPU_SetLcdForceBlack
00108f00 00000068 T GSPGPU_AcquireRight
00108f68 00000048 T GSPGPU_ReleaseRight
00108fb0 0000007c T GSPGPU_ImportDisplayCaptureInfo
0010902c 0000002c T GSPGPU_SaveVramSysArea
00109058 0000002c T GSPGPU_RestoreVramSysArea
00109084 000001b0 t aptConvertScreenForCapture
00109234 00000008 W aptDspSleep
0010923c 00000004 W aptDspWakeup
00109240 00000004 W aptDspCancel
00109244 0000015c T aptSendCommand
001093a0 00000038 t aptExitProcess
001093d8 000002f0 T aptExit
001096c8 000000d8 T aptHandleSleep
001097a0 00000030 T aptHook
001097d0 00000030 T aptUnhook
00109800 00000084 T APT_SleepIfShellClosed
00109884 00000084 T aptSetSleepAllowed
00109908 00000084 T APT_UnlockTransition
00109990 00000484 t aptEventHandler
00109e14 000000b0 T APT_ReceiveParameter
00109ec4 000000b0 t aptReceiveParameter.constprop.0
00109f78 000002bc t aptScreenTransfer
0010a234 000002d0 t aptWaitForWakeUp.isra.0
0010a504 000000f8 T aptJumpToHomeMenu
0010a5fc 0000004c T aptMainLoop
0010a648 00000234 T aptInit
0010a87c 0000007c T APT_CheckNew3DS
0010a8f8 00000024 W hidShouldUseIrrst
0010a91c 0000018c T hidInit
0010aaa8 000000e8 T hidExit
0010ab90 00000294 T hidScanInput
0010ae24 00000010 T hidKeysDown
0010ae34 00000074 T ptmSysmInit
0010aea8 0000003c T ptmSysmExit
0010aee4 00000034 T PTMSYSM_ConfigureNew3DSCPU
0010af18 000000cc t buffer_read
0010afe4 000000d0 t iov_read
0010b0b4 00000128 t iov_memmove
0010b1dc 000001d8 t decompress_rle
0010b3b4 00000258 t decompress_lzss
0010b60c 000002ec t decompress_huff.part.0
0010b8f8 00000440 t decompress_lz11
0010bd38 000000e4 T decompressHeader
0010be1c 00000250 T decompressV
0010c06c 00000010 T rbtree_init
0010c07c 000001a0 t do_insert
0010c21c 00000008 T rbtree_insert
0010c224 00000090 T rbtree_rotate
0010c2b4 00000338 T rbtree_remove
0010c5ec 00000074 T rbtree_find
0010c660 000001e0 W __system_allocateHeaps
0010c840 00000038 W __libctru_init
0010c878 000000f0 W __system_initArgv
0010c968 T svcControlMemory
0010c988 T svcQueryMemory
0010c9b8 T svcExitProcess
0010c9c0 T svcCreateThread
0010c9e0 T svcExitThread
0010c9e8 T svcSleepThread
0010c9f0 T svcReleaseMutex
0010c9f8 T svcCreateEvent
0010ca0c T svcSignalEvent
0010ca14 T svcClearEvent
0010ca1c T svcMapMemoryBlock
0010ca24 T svcUnmapMemoryBlock
0010ca2c T svcCreateAddressArbiter
0010ca40 T svcArbitrateAddressNoTimeout
0010ca48 T svcCloseHandle
0010ca50 T svcWaitSynchronization
0010ca58 T svcWaitSynchronizationN
0010ca80 T svcDuplicateHandle
0010ca94 T svcGetSystemTick
0010ca9c T svcConnectToPort
0010cab0 T svcSendSyncRequest
0010cab8 T svcGetResourceLimit
0010cacc T svcGetResourceLimitLimitValues
0010cad4 T svcGetResourceLimitCurrentValues
0010cadc T svcBreak
0010cae4 W initSystem
0010cb34 W __ctru_exit
0010cb4c 0000000c T __sync_init
0010cb58 00000018 T __sync_fini
0010cb70 0000002c T syncArbitrateAddress
0010cb9c 0000001c T LightLock_Init
0010cbb8 00000094 T LightLock_Lock
0010cc4c 00000044 T LightLock_TryLock
0010cc90 00000040 T LightLock_Unlock
0010ccd0 00000024 T RecursiveLock_Init
0010ccf4 00000030 T RecursiveLock_Lock
0010cd24 00000078 T RecursiveLock_TryLock
0010cd9c 00000054 T RecursiveLock_Unlock
0010cdf0 00000040 T LightEvent_Init
0010ce30 000000a4 T LightEvent_Clear
0010ced4 000000c8 T LightEvent_Signal
0010cf9c 00000058 T LightEvent_TryWait
0010cff4 000000b0 T LightEvent_Wait
0010d0a4 00000124 T srvInit
0010d1c8 00000058 T srvExit
0010d220 00000080 T srvGetServiceHandleDirect
0010d2a0 00000048 T srvGetServiceHandle
0010d2e8 00000038 T srvPublishToSubscriber
0010d320 00000188 T threadCreate
0010d4a8 0000002c T threadFree
0010d4d4 00000024 T threadJoin
0010d4f8 00000030 T threadGetCurrent
0010d528 00000040 T threadExit
0010d568 00000044 t _thread_begin
0010d5ac 00000094 t mappableFindAddressWithin
0010d640 00000028 T mappableInit
0010d668 00000080 T mappableAlloc
0010d6e8 00000004 T mappableFree
0010d6ec 00000160 T irrstInit
0010d84c 000000cc T irrstExit
0010d918 000000b0 T irrstScanInput
0010d9c8 00000024 T irrstKeysHeld
0010d9ec 0000000c T srvPmGetSessionHandle
0010d9f8 00000050 T rbtree_node_next
0010da48 00000030 W __appInit
0010da78 00000030 t __libctru_nanosleep
0010daa8 00000030 t __libctru_get_reent
0010dad8 000000f8 T __system_initSyscalls
0010dbd0 00000030 W __appExit
0010dc00 00000090 W __libctru_exit
0010dc90 00000084 W envGetHandle
0010dd14 00000050 W envDestroyHandles
0010dd64 00000014 t archive_link
0010dd78 00000014 t archive_dirreset
0010dd8c 00000014 t archive_chmod
0010dda0 00000024 t error_cmp
0010ddc4 00000050 t archive_translate_error
0010de14 000000d4 t archive_seek
0010dee8 0000007c t _archiveInit.part.0
0010df64 0000008c t archiveFindDevice.part.0
0010dff0 00000294 t archive_utf16path
0010e284 000000a0 t _archiveUnmountDeviceStruct.part.0
0010e324 00000014 t archive_fchmod
0010e338 00000014 t archive_statvfs
0010e34c 00000158 t _archiveMountDevice
0010e4a4 000000e8 t archive_diropen
0010e58c 000000a4 t archive_fstat
0010e630 0000006c t archive_close
0010e69c 0000006c t archive_fsync
0010e708 00000070 t archive_dirclose
0010e778 000000e8 t sdmc_statvfs
0010e860 00000080 t archive_ftruncate
0010e8e0 000000fc t archive_chdir
0010e9dc 000000b0 t archive_read
0010ea8c 000000ac t archive_unlink
0010eb38 000000c8 t archive_rmdir
0010ec00 000000ec t archive_mkdir
0010ecec 000001a8 t archive_stat
0010ee94 00000184 t archive_rename
0010f018 00000168 t archive_dirnext
0010f180 0000012c t archive_write
0010f2ac 000001f0 t archive_open
0010f49c 000001a4 T archiveMountSdmc
0010f640 00000054 T archiveUnmountAll
0010f694 000000c8 T fsInit
0010f75c 0000003c T fsExit
0010f798 00000060 T fsExemptFromSession
0010f7f8 00000050 T fsUnexemptFromSession
0010f848 000000cc T FSUSER_OpenFile
0010f914 000000bc T FSUSER_DeleteFile
0010f9d0 000000f8 T FSUSER_RenameFile
0010fac8 000000bc T FSUSER_DeleteDirectory
0010fb84 000000d4 T FSUSER_CreateFile
0010fc58 000000c4 T FSUSER_CreateDirectory
0010fd1c 000000f8 T FSUSER_RenameDirectory
0010fe14 000000b4 T FSUSER_OpenDirectory
0010fec8 00000094 T FSUSER_OpenArchive
0010ff5c 0000008c T FSUSER_CloseArchive
0010ffe8 00000074 T FSUSER_GetSdmcArchiveResource
0011005c 00000064 T FSUSER_IsSdmcWritable
001100c0 00000058 T FSFILE_Read
00110118 00000060 T FSFILE_Write
00110178 00000038 T FSFILE_GetSize
001101b0 00000028 T FSFILE_SetSize
001101d8 0000003c T FSFILE_Close
00110214 00000024 T FSFILE_Flush
00110238 00000050 T FSDIR_Read
00110288 0000003c T FSDIR_Close
001102c4 000000e8 T utf16_to_utf8
001103ac 00000064 T decode_utf16
00110410 0000013c T decode_utf8
0011054c 000000c0 T utf8_to_utf16
0011060c T __aeabi_read_tp
00110618 00000060 T encode_utf16
00110678 000000fc T encode_utf8
00110778 0000022c T cosf
001109a4 00000024 t with_errnof
001109c8 00000018 t xflowf
001109e0 0000000c T __math_uflowf
001109ec 0000000c T __math_may_uflowf
001109f8 0000000c T __math_oflowf
00110a04 00000030 T __math_divzerof
00110a34 0000001c T __math_invalidf
00110a50 00000120 T expf
00110b70 000003ec T powf
00110f5c 00000070 T tanf
00110fd0 00000274 T sinf
00111244 000002f0 T __ieee754_rem_pio2f
00111534 00000868 T __kernel_rem_pio2f
00111d9c 00000208 T __kernel_tanf
00111fa4 00000010 T fabsf
00111fb4 000000b4 T floorf
00112068 00000154 T scalbnf
001121bc 00000120 T __udivmoddi4
001122dc 00000078 T bsearch
00112354 00000028 T calloc
0011237c 00000094 T _calloc_r
00112410 0000000c T __errno
0011241c 00000034 T exit
00112450 0000003c T __libc_fini_array
0011248c 000000f8 T _malloc_trim_r
00112584 000002e4 T _free_r
00112868 0000007c T __libc_init_array
001128e4 00000028 T memalign
0011290c 00000148 T _memalign_r
00112a54 00000020 T malloc
00112a74 00000020 T free
00112a94 000007f0 T _malloc_r
00113284 000000e0 T memchr
00113364 0000011c T memcpy
00113480 00000118 T memset
00113598 0000000c T __malloc_lock
001135a4 0000000c T __malloc_unlock
001135b0 00000260 T setvbuf
00113810 00000074 T sscanf
00113884 00000044 T __sread
001138c8 00000008 T __seofread
001138d0 00000068 T __swrite
00113938 00000048 T __sseek
00113980 00000008 T __sclose
00113988 0000005c T strlen
001139e4 000000ec T strncat
00113ad0 000000dc T strncmp
00113bac 000000c0 T strncpy
00113c6c 00000048 T strnlen
00113cb4 00000050 t get_arg
00113d04 00002b68 T __ssvfscanf_r
0011686c 0000064c t get_arg
00116eb8 00000034 T __sprint_r
00116eec 00002584 T _vfiprintf_r
00119470 000000d4 t __sbprintf
00119544 00000054 T _wcrtomb_r
00119598 00000028 T _wcsrtombs_r
001195c0 00000154 T __swsetup_r
00119714 00000114 T __call_exitprocs
00119828 00000258 T __sflush_r
00119a80 00000094 T _fflush_r
00119b14 0000000c T _cleanup_r
00119b20 00000184 T __sinit
00119ca4 0000000c T __sfp_lock_acquire
00119cb0 0000000c T __sfp_lock_release
00119cbc 000004a4 T __sfvwrite_r
0011a160 00000070 T _fwalk_reent
0011a1d0 00000008 T iswspace
0011a1d8 0000000c T _localeconv_r
0011a1e4 00000010 T __locale_mb_cur_max
0011a1f4 00000138 T __smakebuf_r
0011a32c 00000094 T __swhatbuf_r
0011a3c0 00000068 T _mbrtowc_r
0011a428 000002fc T __utf8_mbtowc
0011a724 00000154 T memmove
0011a878 00000028 T realloc
0011a8a0 00000598 T _realloc_r
0011ae38 000000e4 T __sccl
0011af1c 0000000c T nanf
0011af28 00000064 T sprintf
0011af8c 000000b8 T stpncpy
0011b044 00000144 T strchr
0011b188 0000130c T _strtod_l
0011c494 0000000c T _strtod_r
0011c4a0 0000022c t _strtoll_l.constprop.0
0011c6cc 00000004 T _strtoll_r
0011c6d0 000001b0 t _strtol_l.part.0
0011c880 0000003c T _strtol_r
0011c8bc 00000244 t _strtoull_l.constprop.0
0011cb00 00000004 T _strtoull_r
0011cb04 000001c8 t _strtoul_l.constprop.0
0011cccc 00000004 T _strtoul_r
0011ccd0 00000188 T __ssprint_r
0011ce58 000000e0 T _sungetc_r
0011cf38 0000006c T __ssrefill_r
0011cfa4 000000c8 T _sfread_r
0011d06c 0000064c t get_arg
0011d6b8 00003808 T _svfprintf_r
00120ec0 000000a8 T __submore
00120f68 00000190 T _wcsnrtombs_l
001210f8 0000004c T _wcsnrtombs_r
00121144 000000f0 T __utf8_wctomb
00121234 000001a8 t quorem
001213e0 000012ec T _dtoa_r
001226cc 00000160 T _fclose_r
0012282c 000000ec t rshift
00122918 00000928 T __gethex
00123240 0000004c T __match
0012328c 0000029c T __hexnan
00123528 0000003c T iswspace_l
00123564 000001d4 t __jp2uc
00123738 0000009c T _jp2uc_l
001237d4 00000088 T _Balloc
0012385c 0000001c T _Bfree
00123878 000000f4 T __multadd
0012396c 00000110 T __s2b
00123a7c 00000058 T __hi0bits
00123ad4 0000009c T __lo0bits
00123b70 000000a4 T __i2b
00123c14 00000204 T __multiply
00123e18 00000120 T __pow5mult
00123f38 0000013c T __lshift
00124074 00000058 T __mcmp
001240cc 000001cc T __mdiff
00124298 00000088 T __ulp
00124320 000000d4 T __b2d
001243f4 0000012c T __d2b
00124520 00000078 T __ratio
00124598 00000088 T __copybits
00124620 0000005c T __any_on
00124680 000000a8 T frexp
00124728 00000010 T nan
00124738 0000005c T __assert_func
00124794 00000084 T category
00124818 0000003c T fiprintf
00124854 00000014 T abort
00124868 00000098 T _raise_r
00124900 00000020 T raise
00124920 00000008 t null_write
00124928 00000018 T setDefaultDevice
00124940 000000c8 T FindDevice
00124a08 00000028 T RemoveDevice
00124a30 0000009c T AddDevice
00124acc 00000020 T GetDeviceOpTab
00124aec 00000078 T _fstat_r
00124b64 00000014 T _getpid_r
00124b78 00000008 T _isatty_r
00124b80 00000014 T _kill_r
00124b94 00000084 T _lseek_r
00124c18 00000080 T _read_r
00124c98 00000078 T _sbrk_r
00124d10 00000080 T _write_r
00124d90 00000024 T _exit
00124db4 000001b8 T _concatenate_path
00124f6c 00000160 T chdir
001250cc 00000008 T __flockfile
001250d4 00000008 T __funlockfile
001250dc 00000018 T __libc_lock_acquire
001250f4 00000018 T __libc_lock_release
0012510c 00000018 T __libc_lock_init_recursive
00125124 00000018 T __libc_lock_acquire_recursive
0012513c 00000018 T __libc_lock_release_recursive
00125154 00000018 T __libc_lock_close_recursive
0012516c 0000003c T __get_handle
001251a8 000000f4 T _close_r
0012529c 00000028 T __getreent
001252c4 00000038 T __aeabi_d2lz
001252c4 00000038 T __fixdfdi
00125300 00000040 T __aeabi_d2ulz
00125300 00000040 T __fixunsdfdi
00125340 00000044 T strrchr
00125384 T _fini
00126000 00000480 r vertex_list
00126490 R vshader_shbin
00126698 R vshader_shbin_end
00126698 R vshader_shbin_size
0012669c R kitten_t3x
0014b2c5 R kitten_t3x_end
0014b314 00000038 r CSWTCH.18
0014b34c 00000005 r colorFmtSizes
0014b354 00000004 r depthFmtSizes
0014b3bc 00000030 r colorTable
0014b3ec 00000070 r dotab_stdout
0014b480 00000008 r morton_x.3
0014b488 00000008 r morton_y.2
0014b490 00000008 r s_sleepWakeEvents.4
0014b4bc R default_font_bin
0014bcbc R default_font_bin_end
0014bce8 00000070 r archive_devoptab
0014bd58 00000030 r error_table
0014bd90 00000060 R __inv_pio4
0014bdf0 000000e0 R __sincosf_table
0014bed0 00000080 r npio2_hw
0014bf50 00000318 r two_over_pi
0014c268 0000002c r PIo2
0014c294 0000000c r init_jk
0014c2a0 00000148 R __exp2f_data
0014c3e8 00000128 R __powf_log2_data
0014c510 00000004 R _global_impure_ptr
0014c51c 00000022 r basefix.0
0014c568 00000010 r blanks.1
0014c578 00000010 r zeroes.0
0014c588 00000101 R _ctype_
0014c6e4 00000014 r fpi.1
0014c6f8 00000014 r fpinan.0
0014c710 00000028 r tinytens
0014c738 0000006c R __action_table
0014c7a4 00000100 R __chclass
0014c8a4 0000006c R __state_table
0014c924 00000010 r blanks.1
0014c934 00000010 r zeroes.0
0014c954 r .LC2
0014c9f4 00000100 R __hexdig
0014cb08 000000bc r a1
0014cbc4 000000bc r a2
0014cc80 0000005b r a3
0014ccdc 00000070 r a6
0014cd4c 000000a2 r a7
0014cdf0 00000040 r a8
0014ce30 0000172a r b02cf
0014e55c 00001a7c r d02f4
0014ffd8 0000000c R _C_numeric_locale
00150028 00000028 R __mprec_bigtens
00150050 000000c8 R __mprec_tens
00150118 0000000c r p05.0
00150164 000031e6 r categories
0015334c 00000070 R dotab_stdnull
001533bc r 
001533bc R __exidx_end
001533bc R __exidx_start
00154000 00000040 d material
00154040 00000004 d framerate
00154044 00000008 d framerateCounter
0015404c 00000004 D currentConsole
00154050 0000004c D defaultConsole
0015409c 00000001 d firstConsoleInit.0
001540a0 00000004 d queueLock
001540a4 00000004 d kCount
001540a8 00000004 d kDelay
001540ac 00000004 d kInterval
001540b0 W __stacksize__
001540b4 00000004 D _impure_ptr
001540b8 00000460 d impure_data
00154518 00000408 D __malloc_av_
00154920 00000004 D __malloc_sbrk_base
00154924 00000004 D __malloc_trim_threshold
00154928 0000000c d __malloc_recursive_mutex
00154934 0000000c D __atexit_recursive_mutex
00154940 0000000c d __sfp_recursive_mutex
0015494c 0000000c d __sinit_recursive_mutex
00154958 0000016c D __global_locale
00154ac4 00000002 d numempty
00154ac8 00000004 d defaultDevice
00154acc 0000008c D devoptab_list
00154b58 00000400 d _current_working_directory
00154f58 00000004 d __hndl_lock
00154f5c 0000000c d __stderr_handle
00154f68 0000000c d __stdin_handle
00154f74 0000000c d __stdout_handle
00154f80 00001000 d handles
00155f88 d _GLOBAL_OFFSET_TABLE_
00155f94 d __frame_dummy_init_array_entry
00155f94 D __init_array_start
00155f94 B __preinit_array_end
00155f94 B __preinit_array_start
00155f94 D __tdata_lma
00155f94 D __tdata_lma_end
00155f98 d __do_global_dtors_aux_fini_array_entry
00155f98 D __fini_array_start
00155f98 D __init_array_end
00155f9c D __bss_start__
00155f9c D __fini_array_end
00155f9c 00000004 b vshader_dvlb
00155fa0 00000014 b program
00155fb4 00000004 b uLoc_projection
00155fb8 00000004 b uLoc_modelView
00155fbc 00000004 b uLoc_lightVec
00155fc0 00000004 b uLoc_lightHalfVec
00155fc4 00000004 b uLoc_lightClr
00155fc8 00000004 b uLoc_material
00155fcc 00000040 b projection
0015600c 00000004 b vbo_data
00156010 00000018 b logo_tex
00156028 00000200 b fog_Lut
00156228 00000004 b angleX
0015622c 00000004 b angleY
00156230 b completed.1
00156234 b object.0
00156250 000002d0 B __C3D_Context
00156520 0000000c b hookCookie
00156530 00000010 b cpuTime
00156540 00000004 b firstTarget
00156544 00000008 b frameCounter
0015654c 00000004 b frameEndCb
00156550 00000004 b frameEndCbData
00156558 00000010 b gpuTime
00156568 00000001 b inFrame
00156569 00000001 b inSafeTransfer
0015656a 00000001 b isTopStereo
0015656c 00000004 b lastTarget
00156570 0000000c b linkedTarget
0015657c 00000001 b measureGpuTime
0015657d 00000001 b needSwapBot
0015657e 00000001 b needSwapTop
00156580 00000004 B C3D_BoolUnifs
00156584 00000002 B C3D_BoolUnifsDirty
00156588 00000c00 B C3D_FVUnif
00157188 000000c0 B C3D_FVUnifDirty
00157248 00000020 B C3D_IVUnif
00157268 00000008 B C3D_IVUnifDirty
00157270 000000c0 b C3Di_FVUnifEverDirty
00157330 00000008 b C3Di_IVUnifEverDirty
00157338 00000018 b C3Di_ShaderFVecData
00157350 0000000c b sAddrMap
0015735c 00000008 b sVramPool
00157364 00000008 b sLinearPool
0015736c 0000000c b sAddrMap
00157378 00000001 V __ctru_speedup
0015737c 0000004c B currentCopy
001573c8 00000004 b gfxBottomFramebufferMaxSize
001573cc 00000008 b gfxBottomFramebuffers
001573d4 00000002 b gfxCurBuf
001573d8 00000002 b gfxFramebufferFormats
001573dc 00000002 b gfxIsDoubleBuf
001573de 00000001 b gfxIsVram
001573e0 00000004 b gfxTopFramebufferMaxSize
001573e4 00000008 b gfxTopFramebuffers
001573ec 00000001 b gfxTopMode
001573f0 00000004 b screenAlloc
001573f4 00000004 b screenFree
001573f8 00000004 b boundQueue
001573fc 00000004 b curQueue
00157400 00000001 b isActive
00157401 00000001 b isRunning
00157402 00000001 b shouldStop
00157404 00000004 B gpuCmdBuf
00157408 00000004 B gpuCmdBufOffset
0015740c 00000004 B gpuCmdBufSize
00157410 00000004 b gspEvent
00157414 0000001c b gspEventCb
00157430 0000001c b gspEventCbData
0015744c 00000007 b gspEventCbOneShot
00157454 00000004 b gspEventThread
00157458 00000038 b gspEvents
00157490 00000004 b gspGpuHandle
00157494 00000001 b gspGpuRight
00157498 00000004 b gspLastEvent
0015749c 00000004 b gspRefCount
001574a0 00000001 b gspRunEvents
001574a4 00000004 b gspSharedMem
001574a8 00000004 b gspSharedMemHandle
001574ac 00000001 b gspThreadId
001574ad 00000001 b aptChainloadFlags
001574ae 00000001 b aptChainloadMediatype
001574b0 00000008 b aptChainloadTid
001574b8 00000004 b aptEventHandlerThread
001574bc 00000001 b aptEventHandlerThreadQuit
001574c0 00000008 b aptEvents
001574c8 0000000c b aptFirstHook
001574d4 00000004 b aptFlags
001574d8 00000001 b aptHomeButtonState
001574dc 00000004 b aptLockHandle
001574e0 00000004 b aptMessageFunc
001574e4 00000004 b aptMessageFuncData
001574e8 00001000 b aptParameters
001584e8 00000008 b aptReceiveEvent
001584f0 00000004 b aptRefCount
001584f4 00000008 b aptSleepEvent
001584fc 00000001 b flagInit.1
001584fd 00000001 b flagValue.0
00158500 00000004 b serviceName.6
00158504 00000006 b aVec
0015850c 00000004 b cPos
00158510 00000006 b gRate
00158518 00000014 B hidEvents
0015852c 00000004 B hidHandle
00158530 00000004 B hidMemHandle
00158534 00000004 b hidRefCount
00158538 00000004 B hidSharedMem
0015853c 00000004 b kDown
00158540 00000004 b kHeld
00158544 00000004 b kOld
00158548 00000004 b kRepeat
0015854c 00000004 b kUp
00158550 00000004 b tPos
00158554 00000001 b usingIrrst
00158558 00000004 b ptmSysmHandle
0015855c 00000004 b ptmSysmRefCount
00158560 00000004 B __ctru_heap
00158564 00000004 V __ctru_heap_size
00158568 00000004 B __ctru_linear_heap
0015856c 00000004 V __ctru_linear_heap_size
00158570 00000004 B __system_retAddr
00158574 00000004 B __system_argc
00158578 00000004 B __system_argv
0015857c b saved_stack
00158584 00000004 b arbiter
00158588 00000004 b srvHandle
0015858c 00000004 b srvRefCount
00158590 00000004 b currentAddr
00158594 00000004 b maxAddr
00158598 00000004 b minAddr
0015859c 00000004 b csPos
001585a0 00000004 B irrstEvent
001585a4 00000004 B irrstHandle
001585a8 00000004 B irrstMemHandle
001585ac 00000004 b irrstRefCount
001585b0 00000004 B irrstSharedMem
001585b4 00000004 b kHeld
001585b8 00000004 b srvPmHandle
001585bc 00000004 b archive_device_cwd
001585c0 00000540 b archive_devices
00158b00 00000001 b archive_initialized
00158b08 00000080 b fsExemptArchives
00158b88 00000004 b fsuHandle
00158b8c 00000004 b fsuRefCount
00158b90 00000028 B __malloc_current_mallinfo
00158bb8 00000004 B __malloc_max_sbrked_mem
00158bbc 00000004 B __malloc_max_total_mem
00158bc0 00000004 B __malloc_top_pad
00158bc4 00000004 b heap_start.0
00158bc8 00000004 B fake_heap_end
00158bcc 00000004 B fake_heap_start
00158bd0 00000400 b temp_cwd
00158fd0 00000048 B __syscalls
00159018 B __tls_start
00159c20 B __bss_end__
00159c20 A __end__
00159c20 B __tls_end
