         w __deregister_frame_info
         w __register_frame_info
         w userAppExit
         w userAppInit
00000000 00000401 B __ctru_dev_path_buf
00000000 b _TLS_MODULE_BASE_
00000000 a shift
00000000 a shift
00000404 00000802 B __ctru_dev_utf16_buf
00100000 A __start__
00100000 T _start
00100008 T __service_ptr
0010000c T __apt_appid
00100010 T __heap_size
00100014 T __linear_heap_size
00100018 T __system_arglist
0010001c T __system_runflags
00100020 t startup
00100058 t ClearMem
0010006c t ClrLoop
00100094 T _init
001000ac T __aeabi_idiv
001000ac 00000220 T __divsi3
001000b4 t .divsi3_skip_div0_test
001002cc 00000020 T __aeabi_idivmod
001002ec 00000004 W __aeabi_idiv0
001002ec 00000004 W __aeabi_ldiv0
001002f0 T __aeabi_ldivmod
001003c4 T __aeabi_uldivmod
00100408 00000390 T strcmp
00100790 t .udivsi3_skip_div0_test
00100790 T __aeabi_uidiv
00100790 000001ec T __udivsi3
0010097c 00000020 T __aeabi_uidivmod
0010099c T __aeabi_drsub
001009a4 000002b0 T __aeabi_dsub
001009a4 000002b0 T __subdf3
001009a8 000002ac T __adddf3
001009a8 000002ac T __aeabi_dadd
00100c54 00000024 T __aeabi_ui2d
00100c54 00000024 T __floatunsidf
00100c78 00000028 T __aeabi_i2d
00100c78 00000028 T __floatsidf
00100ca0 00000048 T __aeabi_f2d
00100ca0 00000048 T __extendsfdf2
00100ce8 00000074 T __aeabi_ul2d
00100ce8 00000074 T __floatundidf
00100cfc 00000060 T __aeabi_l2d
00100cfc 00000060 T __floatdidf
00100d5c t __do_global_dtors_aux
00100d9c t frame_dummy
00100dc8 00000170 T main
00100f38 00000178 T consoleDrawChar
001010b0 00000124 T consolePrintChar
001011d4 00000a00 T con_write
00101bd4 00000168 T consoleInit
00101d3c 000000f4 t newRow
00101e30 000000d0 t gfxPresentFramebuffer
00101f00 0000001c T gfxIsWide
00101f1c 000000ec T gfxSetScreenFormat
00102008 00000010 T gfxSetDoubleBuffering
00102018 00000108 T gfxInit
00102120 00000010 T gfxInitDefault
00102130 000000b4 T gfxExit
001021e4 000000a0 T gfxGetFramebuffer
00102284 0000010c T gfxFlushBuffers
00102390 00000050 T gfxSwapBuffers
001023e0 00000050 T gfxSwapBuffersGpu
00102430 00000c58 t gspHardwareInit
00103088 00000254 T gspInit
001032dc 000000f0 T gspExit
001033cc 00000010 T gspHasGpuRight
001033dc 00000098 T gspPresentBuffer
00103474 00000050 T gspWaitForEvent
001034c4 00000004 W gxCmdQueueInterrupt
001034c8 00000160 t gspEventThreadMain
00103628 00000050 T GSPGPU_FlushDataCache
00103678 00000034 T GSPGPU_SetLcdForceBlack
001036ac 00000068 T GSPGPU_AcquireRight
00103714 00000048 T GSPGPU_ReleaseRight
0010375c 0000007c T GSPGPU_ImportDisplayCaptureInfo
001037d8 0000002c T GSPGPU_SaveVramSysArea
00103804 0000002c T GSPGPU_RestoreVramSysArea
00103830 000001b0 t aptConvertScreenForCapture
001039e0 00000008 W aptDspSleep
001039e8 00000004 W aptDspWakeup
001039ec 00000004 W aptDspCancel
001039f0 0000015c T aptSendCommand
00103b4c 00000038 t aptExitProcess
00103b84 000002f0 T aptExit
00103e74 000000d8 T aptHandleSleep
00103f4c 00000084 T APT_SleepIfShellClosed
00103fd0 00000084 T aptSetSleepAllowed
00104054 00000084 T APT_UnlockTransition
001040d8 00000484 t aptEventHandler
0010455c 000000b0 T APT_ReceiveParameter
0010460c 000000b0 t aptReceiveParameter.constprop.0
001046c0 000002bc t aptScreenTransfer
0010497c 000002d0 t aptWaitForWakeUp.isra.0
00104c4c 000000f8 T aptJumpToHomeMenu
00104d44 0000004c T aptMainLoop
00104d90 00000234 T aptInit
00104fc4 0000007c T APT_CheckNew3DS
00105040 00000024 W hidShouldUseIrrst
00105064 0000018c T hidInit
001051f0 000000e8 T hidExit
001052d8 00000294 T hidScanInput
0010556c 00000010 T hidKeysDown
0010557c 00000038 W __libctru_init
001055b4 000000f0 W __system_initArgv
001056a4 T svcControlMemory
001056c4 T svcQueryMemory
001056f4 T svcExitProcess
001056fc T svcCreateThread
0010571c T svcExitThread
00105724 T svcSleepThread
0010572c T svcReleaseMutex
00105734 T svcCreateEvent
00105748 T svcSignalEvent
00105750 T svcClearEvent
00105758 T svcMapMemoryBlock
00105760 T svcUnmapMemoryBlock
00105768 T svcCreateAddressArbiter
0010577c T svcArbitrateAddressNoTimeout
00105784 T svcCloseHandle
0010578c T svcWaitSynchronization
00105794 T svcWaitSynchronizationN
001057bc T svcDuplicateHandle
001057d0 T svcGetSystemTick
001057d8 T svcConnectToPort
001057ec T svcSendSyncRequest
001057f4 T svcGetResourceLimit
00105808 T svcGetResourceLimitLimitValues
00105810 T svcGetResourceLimitCurrentValues
00105818 T svcBreak
00105820 W initSystem
00105870 W __ctru_exit
00105888 00000024 t addrMapNodeComparator(rbtree_node const*, rbtree_node const*)
001058ac 00000004 t addrMapNodeDestructor(rbtree_node*)
001058b0 00000114 T vramMemAlign
001059c4 00000008 T vramAlloc
001059cc 0000005c T vramFree
00105a28 00000024 t addrMapNodeComparator(rbtree_node const*, rbtree_node const*)
00105a4c 00000004 t addrMapNodeDestructor(rbtree_node*)
00105a50 00000120 T linearMemAlign
00105b70 00000008 T linearAlloc
00105b78 0000005c T linearFree
00105bd4 00000084 T MemPool::CoalesceRight(MemBlock*)
00105c58 00000170 T MemPool::Allocate(MemChunk&, unsigned long, int)
00105dc8 000000fc T MemPool::Deallocate(MemChunk const&)
00105ec4 0000000c T __sync_init
00105ed0 00000018 T __sync_fini
00105ee8 0000002c T syncArbitrateAddress
00105f14 0000001c T LightLock_Init
00105f30 00000094 T LightLock_Lock
00105fc4 00000044 T LightLock_TryLock
00106008 00000040 T LightLock_Unlock
00106048 00000024 T RecursiveLock_Init
0010606c 00000030 T RecursiveLock_Lock
0010609c 00000078 T RecursiveLock_TryLock
00106114 00000054 T RecursiveLock_Unlock
00106168 00000040 T LightEvent_Init
001061a8 000000a4 T LightEvent_Clear
0010624c 000000c8 T LightEvent_Signal
00106314 00000058 T LightEvent_TryWait
0010636c 000000b0 T LightEvent_Wait
0010641c 00000054 T osGetTimeRef
00106470 000000e4 T osGetTime
00106554 00000074 T __libctru_gtod
001065c8 00000034 T __ctru_speedup_config
001065fc 00000124 T srvInit
00106720 00000058 T srvExit
00106778 00000080 T srvGetServiceHandleDirect
001067f8 00000048 T srvGetServiceHandle
00106840 00000038 T srvPublishToSubscriber
00106878 00000188 T threadCreate
00106a00 0000002c T threadFree
00106a2c 00000024 T threadJoin
00106a50 00000030 T threadGetCurrent
00106a80 00000040 T threadExit
00106ac0 00000044 t _thread_begin
00106b04 00000094 t mappableFindAddressWithin
00106b98 00000028 T mappableInit
00106bc0 00000080 T mappableAlloc
00106c40 00000004 T mappableFree
00106c44 00000160 T irrstInit
00106da4 000000cc T irrstExit
00106e70 000000b0 T irrstScanInput
00106f20 00000024 T irrstKeysHeld
00106f44 0000000c T srvPmGetSessionHandle
00106f50 00000074 T ptmSysmInit
00106fc4 0000003c T ptmSysmExit
00107000 00000034 T PTMSYSM_ConfigureNew3DSCPU
00107034 00000010 T rbtree_init
00107044 000001a0 t do_insert
001071e4 00000008 T rbtree_insert
001071ec 00000090 T rbtree_rotate
0010727c 00000338 T rbtree_remove
001075b4 00000074 T rbtree_find
00107628 00000030 W __appInit
00107658 00000030 t __libctru_nanosleep
00107688 00000030 t __libctru_get_reent
001076b8 000000f8 T __system_initSyscalls
001077b0 000001e0 W __system_allocateHeaps
00107990 00000030 W __appExit
001079c0 00000090 W __libctru_exit
00107a50 00000084 W envGetHandle
00107ad4 00000050 W envDestroyHandles
00107b24 00000014 t archive_link
00107b38 00000014 t archive_dirreset
00107b4c 00000014 t archive_chmod
00107b60 00000024 t error_cmp
00107b84 00000050 t archive_translate_error
00107bd4 000000d4 t archive_seek
00107ca8 0000007c t _archiveInit.part.0
00107d24 0000008c t archiveFindDevice.part.0
00107db0 00000294 t archive_utf16path
00108044 000000a0 t _archiveUnmountDeviceStruct.part.0
001080e4 00000014 t archive_fchmod
001080f8 00000014 t archive_statvfs
0010810c 00000158 t _archiveMountDevice
00108264 000000e8 t archive_diropen
0010834c 000000a4 t archive_fstat
001083f0 0000006c t archive_close
0010845c 0000006c t archive_fsync
001084c8 00000070 t archive_dirclose
00108538 000000e8 t sdmc_statvfs
00108620 00000080 t archive_ftruncate
001086a0 000000fc t archive_chdir
0010879c 000000b0 t archive_read
0010884c 000000ac t archive_unlink
001088f8 000000c8 t archive_rmdir
001089c0 000000ec t archive_mkdir
00108aac 000001a8 t archive_stat
00108c54 00000184 t archive_rename
00108dd8 00000168 t archive_dirnext
00108f40 0000012c t archive_write
0010906c 000001f0 t archive_open
0010925c 000001a4 T archiveMountSdmc
00109400 00000054 T archiveUnmountAll
00109454 000000c8 T fsInit
0010951c 0000003c T fsExit
00109558 00000060 T fsExemptFromSession
001095b8 00000050 T fsUnexemptFromSession
00109608 000000cc T FSUSER_OpenFile
001096d4 000000bc T FSUSER_DeleteFile
00109790 000000f8 T FSUSER_RenameFile
00109888 000000bc T FSUSER_DeleteDirectory
00109944 000000d4 T FSUSER_CreateFile
00109a18 000000c4 T FSUSER_CreateDirectory
00109adc 000000f8 T FSUSER_RenameDirectory
00109bd4 000000b4 T FSUSER_OpenDirectory
00109c88 00000094 T FSUSER_OpenArchive
00109d1c 0000008c T FSUSER_CloseArchive
00109da8 00000074 T FSUSER_GetSdmcArchiveResource
00109e1c 00000064 T FSUSER_IsSdmcWritable
00109e80 00000058 T FSFILE_Read
00109ed8 00000060 T FSFILE_Write
00109f38 00000038 T FSFILE_GetSize
00109f70 00000028 T FSFILE_SetSize
00109f98 0000003c T FSFILE_Close
00109fd4 00000024 T FSFILE_Flush
00109ff8 00000050 T FSDIR_Read
0010a048 0000003c T FSDIR_Close
0010a084 00000050 T rbtree_node_next
0010a0d4 000000e8 T utf16_to_utf8
0010a1bc 00000064 T decode_utf16
0010a220 0000013c T decode_utf8
0010a35c 000000c0 T utf8_to_utf16
0010a41c T __aeabi_read_tp
0010a428 00000060 T encode_utf16
0010a488 000000fc T encode_utf8
0010a584 00000120 T __udivmoddi4
0010a6a4 00000078 T bsearch
0010a71c 0000000c T __errno
0010a728 00000034 T exit
0010a75c 0000003c T __libc_fini_array
0010a798 00000020 T gmtime
0010a7b8 00000274 T gmtime_r
0010aa2c 0000007c T __libc_init_array
0010aaa8 00000028 T memalign
0010aad0 00000148 T _memalign_r
0010ac18 00000020 T malloc
0010ac38 00000020 T free
0010ac58 000007f0 T _malloc_r
0010b448 000000e0 T memchr
0010b528 0000011c T memcpy
0010b644 00000118 T memset
0010b75c 0000000c T __malloc_lock
0010b768 0000000c T __malloc_unlock
0010b774 00000034 T printf
0010b7a8 00000260 T setvbuf
0010ba08 00000074 T sscanf
0010ba7c 00000044 T __sread
0010bac0 00000008 T __seofread
0010bac8 00000068 T __swrite
0010bb30 00000048 T __sseek
0010bb78 00000008 T __sclose
0010bb80 0000005c T strlen
0010bbdc 000000ec T strncat
0010bcc8 000000dc T strncmp
0010bda4 000000c0 T strncpy
0010be64 00000048 T strnlen
0010beac 00000050 t get_arg
0010befc 00002b68 T __ssvfscanf_r
0010ea64 0000003c T time
0010eaa0 0000064c t get_arg
0010f0ec 00000034 T __sprint_r
0010f120 00002584 T _vfiprintf_r
001116a4 000000d4 t __sbprintf
00111778 0000064c t get_arg
00111dc8 000038d4 T _vfprintf_r
0011569c 000000d4 t __sbprintf
00115770 00000054 T _wcrtomb_r
001157c4 00000028 T _wcsrtombs_r
001157ec 00000154 T __swsetup_r
00115940 00000114 T __call_exitprocs
00115a54 000001a8 t quorem
00115c00 000012ec T _dtoa_r
00116eec 00000258 T __sflush_r
00117144 00000094 T _fflush_r
001171d8 0000000c T _cleanup_r
001171e4 00000184 T __sinit
00117368 0000000c T __sfp_lock_acquire
00117374 0000000c T __sfp_lock_release
00117380 000000f8 T _malloc_trim_r
00117478 000002e4 T _free_r
0011775c 000004a4 T __sfvwrite_r
00117c00 00000070 T _fwalk_reent
00117c70 00000008 T iswspace
00117c78 0000000c T _localeconv_r
00117c84 00000010 T __locale_mb_cur_max
00117c94 00000138 T __smakebuf_r
00117dcc 00000094 T __swhatbuf_r
00117e60 00000068 T _mbrtowc_r
00117ec8 000002fc T __utf8_mbtowc
001181c4 00000154 T memmove
00118318 00000088 T _Balloc
001183a0 0000001c T _Bfree
001183bc 000000f4 T __multadd
001184b0 00000110 T __s2b
001185c0 00000058 T __hi0bits
00118618 0000009c T __lo0bits
001186b4 000000a4 T __i2b
00118758 00000204 T __multiply
0011895c 00000120 T __pow5mult
00118a7c 0000013c T __lshift
00118bb8 00000058 T __mcmp
00118c10 000001cc T __mdiff
00118ddc 00000088 T __ulp
00118e64 000000d4 T __b2d
00118f38 0000012c T __d2b
00119064 00000078 T __ratio
001190dc 00000088 T __copybits
00119164 0000005c T __any_on
001191c0 00000028 T realloc
001191e8 00000598 T _realloc_r
00119780 000000e4 T __sccl
00119864 0000000c T nanf
00119870 000000a8 T frexp
00119918 00000064 T sprintf
0011997c 000000b8 T stpncpy
00119a34 00000144 T strchr
00119b78 0000130c T _strtod_l
0011ae84 0000000c T _strtod_r
0011ae90 0000022c t _strtoll_l.constprop.0
0011b0bc 00000004 T _strtoll_r
0011b0c0 000001b0 t _strtol_l.part.0
0011b270 0000003c T _strtol_r
0011b2ac 00000244 t _strtoull_l.constprop.0
0011b4f0 00000004 T _strtoull_r
0011b4f4 000001c8 t _strtoul_l.constprop.0
0011b6bc 00000004 T _strtoul_r
0011b6c0 00000188 T __ssprint_r
0011b848 000000e0 T _sungetc_r
0011b928 0000006c T __ssrefill_r
0011b994 000000c8 T _sfread_r
0011ba5c 0000064c t get_arg
0011c0a8 00003808 T _svfprintf_r
0011f8b0 000000a8 T __submore
0011f958 00000190 T _wcsnrtombs_l
0011fae8 0000004c T _wcsnrtombs_r
0011fb34 000000f0 T __utf8_wctomb
0011fc24 0000005c T __assert_func
0011fc80 00000094 T _calloc_r
0011fd14 00000160 T _fclose_r
0011fe74 0000003c T fiprintf
0011feb0 000000ec t rshift
0011ff9c 00000928 T __gethex
001208c4 0000004c T __match
00120910 0000029c T __hexnan
00120bac 0000003c T iswspace_l
00120be8 000001d4 t __jp2uc
00120dbc 0000009c T _jp2uc_l
00120e58 00000010 T nan
00120e68 00000014 T abort
00120e7c 00000084 T category
00120f00 00000098 T _raise_r
00120f98 00000020 T raise
00120fb8 00000008 t null_write
00120fc0 00000018 T setDefaultDevice
00120fd8 000000c8 T FindDevice
001210a0 00000028 T RemoveDevice
001210c8 0000009c T AddDevice
00121164 00000020 T GetDeviceOpTab
00121184 00000078 T _fstat_r
001211fc 00000014 T _getpid_r
00121210 00000038 T _gettimeofday_r
00121248 00000008 T _isatty_r
00121250 00000014 T _kill_r
00121264 00000084 T _lseek_r
001212e8 00000080 T _read_r
00121368 00000078 T _sbrk_r
001213e0 00000080 T _write_r
00121460 00000024 T _exit
00121484 000001b8 T _concatenate_path
0012163c 00000160 T chdir
0012179c 00000008 T __flockfile
001217a4 00000008 T __funlockfile
001217ac 00000018 T __libc_lock_acquire
001217c4 00000018 T __libc_lock_release
001217dc 00000018 T __libc_lock_init_recursive
001217f4 00000018 T __libc_lock_acquire_recursive
0012180c 00000018 T __libc_lock_release_recursive
00121824 00000018 T __libc_lock_close_recursive
0012183c 0000003c T __get_handle
00121878 000000f4 T _close_r
0012196c 00000028 T __getreent
00121994 00000038 T __aeabi_d2lz
00121994 00000038 T __fixdfdi
001219d0 00000040 T __aeabi_d2ulz
001219d0 00000040 T __fixunsdfdi
00121a10 00000044 T strrchr
00121a54 T _fini
00122000 00000030 R months
00122030 0000001c R weekDays
0012204c 00000018 R daysAtStartOfMonthLUT
001221d0 00000030 r colorTable
00122200 00000070 r dotab_stdout
00122294 00000008 r morton_x.3
0012229c 00000008 r morton_y.2
001222a4 00000008 r s_sleepWakeEvents.4
001222c4 R default_font_bin
00122ac4 R default_font_bin_end
00122afc 00000070 r archive_devoptab
00122b6c 00000030 r error_table
00122ba4 00000004 R _global_impure_ptr
00122bb0 00000022 r basefix.0
00122bfc 00000010 r blanks.1
00122c0c 00000010 r zeroes.0
00122c30 00000010 r blanks.1
00122c40 00000010 r zeroes.0
00122c50 00000101 R _ctype_
00122d64 r .LC2
00122e48 00000028 R __mprec_bigtens
00122e70 000000c8 R __mprec_tens
00122f38 0000000c r p05.0
00122f54 00000014 r fpi.1
00122f68 00000014 r fpinan.0
00122f80 00000028 r tinytens
00122fa8 0000006c R __action_table
00123014 00000100 R __chclass
00123114 0000006c R __state_table
00123180 00000010 r blanks.1
00123190 00000010 r zeroes.0
00123228 00000100 R __hexdig
0012333c 000000bc r a1
001233f8 000000bc r a2
001234b4 0000005b r a3
00123510 00000070 r a6
00123580 000000a2 r a7
00123624 00000040 r a8
00123664 0000172a r b02cf
00124d90 00001a7c r d02f4
0012680c 0000000c R _C_numeric_locale
00126818 000031e6 r categories
00129a00 00000070 R dotab_stdnull
00129a70 r 
00129a70 R __exidx_end
00129a70 R __exidx_start
0012a000 00000004 D currentConsole
0012a004 0000004c D defaultConsole
0012a050 00000001 d firstConsoleInit.0
0012a054 00000004 d kCount
0012a058 00000004 d kDelay
0012a05c 00000004 d kInterval
0012a060 W __stacksize__
0012a064 00000004 D _impure_ptr
0012a068 00000460 d impure_data
0012a4c8 00000408 D __malloc_av_
0012a8d0 00000004 D __malloc_sbrk_base
0012a8d4 00000004 D __malloc_trim_threshold
0012a8d8 0000000c d __malloc_recursive_mutex
0012a8e4 0000000c D __atexit_recursive_mutex
0012a8f0 0000000c d __sfp_recursive_mutex
0012a8fc 0000000c d __sinit_recursive_mutex
0012a908 0000016c D __global_locale
0012aa74 00000002 d numempty
0012aa78 00000004 d defaultDevice
0012aa7c 0000008c D devoptab_list
0012ab08 00000400 d _current_working_directory
0012af08 00000004 d __hndl_lock
0012af0c 0000000c d __stderr_handle
0012af18 0000000c d __stdin_handle
0012af24 0000000c d __stdout_handle
0012af30 00001000 d handles
0012bf38 d _GLOBAL_OFFSET_TABLE_
0012bf44 d __frame_dummy_init_array_entry
0012bf44 D __init_array_start
0012bf44 B __preinit_array_end
0012bf44 B __preinit_array_start
0012bf44 D __tdata_lma
0012bf44 D __tdata_lma_end
0012bf48 d __do_global_dtors_aux_fini_array_entry
0012bf48 D __fini_array_start
0012bf48 D __init_array_end
0012bf4c D __bss_start__
0012bf4c D __fini_array_end
0012bf4c b completed.1
0012bf50 b object.0
0012bf68 0000004c B currentCopy
0012bfb4 00000004 b gfxBottomFramebufferMaxSize
0012bfb8 00000008 b gfxBottomFramebuffers
0012bfc0 00000002 b gfxCurBuf
0012bfc4 00000002 b gfxFramebufferFormats
0012bfc8 00000002 b gfxIsDoubleBuf
0012bfca 00000001 b gfxIsVram
0012bfcc 00000004 b gfxTopFramebufferMaxSize
0012bfd0 00000008 b gfxTopFramebuffers
0012bfd8 00000001 b gfxTopMode
0012bfdc 00000004 b screenAlloc
0012bfe0 00000004 b screenFree
0012bfe4 00000004 b gspEvent
0012bfe8 0000001c b gspEventCb
0012c004 0000001c b gspEventCbData
0012c020 00000007 b gspEventCbOneShot
0012c028 00000004 b gspEventThread
0012c02c 00000038 b gspEvents
0012c064 00000004 b gspGpuHandle
0012c068 00000001 b gspGpuRight
0012c06c 00000004 b gspLastEvent
0012c070 00000004 b gspRefCount
0012c074 00000001 b gspRunEvents
0012c078 00000004 b gspSharedMem
0012c07c 00000004 b gspSharedMemHandle
0012c080 00000001 b gspThreadId
0012c081 00000001 b aptChainloadFlags
0012c082 00000001 b aptChainloadMediatype
0012c088 00000008 b aptChainloadTid
0012c090 00000004 b aptEventHandlerThread
0012c094 00000001 b aptEventHandlerThreadQuit
0012c098 00000008 b aptEvents
0012c0a0 0000000c b aptFirstHook
0012c0ac 00000004 b aptFlags
0012c0b0 00000001 b aptHomeButtonState
0012c0b4 00000004 b aptLockHandle
0012c0b8 00000004 b aptMessageFunc
0012c0bc 00000004 b aptMessageFuncData
0012c0c0 00001000 b aptParameters
0012d0c0 00000008 b aptReceiveEvent
0012d0c8 00000004 b aptRefCount
0012d0cc 00000008 b aptSleepEvent
0012d0d4 00000001 b flagInit.1
0012d0d5 00000001 b flagValue.0
0012d0d8 00000004 b serviceName.6
0012d0dc 00000006 b aVec
0012d0e4 00000004 b cPos
0012d0e8 00000006 b gRate
0012d0f0 00000014 B hidEvents
0012d104 00000004 B hidHandle
0012d108 00000004 B hidMemHandle
0012d10c 00000004 b hidRefCount
0012d110 00000004 B hidSharedMem
0012d114 00000004 b kDown
0012d118 00000004 b kHeld
0012d11c 00000004 b kOld
0012d120 00000004 b kRepeat
0012d124 00000004 b kUp
0012d128 00000004 b tPos
0012d12c 00000001 b usingIrrst
0012d130 00000004 B __system_retAddr
0012d134 00000004 B __system_argc
0012d138 00000004 B __system_argv
0012d13c b saved_stack
0012d144 0000000c b sAddrMap
0012d150 00000008 b sVramPool
0012d158 00000008 b sLinearPool
0012d160 0000000c b sAddrMap
0012d16c 00000004 b arbiter
0012d170 00000001 V __ctru_speedup
0012d174 00000004 b srvHandle
0012d178 00000004 b srvRefCount
0012d17c 00000004 b currentAddr
0012d180 00000004 b maxAddr
0012d184 00000004 b minAddr
0012d188 00000004 b csPos
0012d18c 00000004 B irrstEvent
0012d190 00000004 B irrstHandle
0012d194 00000004 B irrstMemHandle
0012d198 00000004 b irrstRefCount
0012d19c 00000004 B irrstSharedMem
0012d1a0 00000004 b kHeld
0012d1a4 00000004 b srvPmHandle
0012d1a8 00000004 b ptmSysmHandle
0012d1ac 00000004 b ptmSysmRefCount
0012d1b0 00000004 B __ctru_heap
0012d1b4 00000004 V __ctru_heap_size
0012d1b8 00000004 B __ctru_linear_heap
0012d1bc 00000004 V __ctru_linear_heap_size
0012d1c0 00000004 b archive_device_cwd
0012d1c8 00000540 b archive_devices
0012d708 00000001 b archive_initialized
0012d710 00000080 b fsExemptArchives
0012d790 00000004 b fsuHandle
0012d794 00000004 b fsuRefCount
0012d798 00000028 B __malloc_current_mallinfo
0012d7c0 00000004 B __malloc_max_sbrked_mem
0012d7c4 00000004 B __malloc_max_total_mem
0012d7c8 00000004 B __malloc_top_pad
0012d7cc 00000004 b heap_start.0
0012d7d0 00000004 B fake_heap_end
0012d7d4 00000004 B fake_heap_start
0012d7d8 00000400 b temp_cwd
0012dbd8 00000048 B __syscalls
0012dc20 B __tls_start
0012e828 B __bss_end__
0012e828 A __end__
0012e828 B __tls_end
