         w __deregister_frame_info
         w __register_frame_info
         w userAppExit
         w userAppInit
00000000 00000401 B __ctru_dev_path_buf
00000000 b _TLS_MODULE_BASE_
00000000 a shift
00000000 a shift
00000404 00000802 B __ctru_dev_utf16_buf
00100000 A __start__
00100000 T _start
00100008 T __service_ptr
0010000c T __apt_appid
00100010 T __heap_size
00100014 T __linear_heap_size
00100018 T __system_arglist
0010001c T __system_runflags
00100020 t startup
00100058 t ClearMem
0010006c t ClrLoop
00100094 T _init
001000ac T __aeabi_idiv
001000ac 00000220 T __divsi3
001000b4 t .divsi3_skip_div0_test
001002cc 00000020 T __aeabi_idivmod
001002ec 00000004 W __aeabi_idiv0
001002ec 00000004 W __aeabi_ldiv0
001002f0 T __aeabi_ldivmod
001003c4 T __aeabi_uldivmod
00100408 00000390 T strcmp
00100790 t .udivsi3_skip_div0_test
00100790 T __aeabi_uidiv
00100790 000001ec T __udivsi3
0010097c 00000020 T __aeabi_uidivmod
0010099c T __aeabi_drsub
001009a4 000002b0 T __aeabi_dsub
001009a4 000002b0 T __subdf3
001009a8 000002ac T __adddf3
001009a8 000002ac T __aeabi_dadd
00100c54 00000024 T __aeabi_ui2d
00100c54 00000024 T __floatunsidf
00100c78 00000028 T __aeabi_i2d
00100c78 00000028 T __floatsidf
00100ca0 00000048 T __aeabi_f2d
00100ca0 00000048 T __extendsfdf2
00100ce8 00000074 T __aeabi_ul2d
00100ce8 00000074 T __floatundidf
00100cfc 00000060 T __aeabi_l2d
00100cfc 00000060 T __floatdidf
00100d5c t __do_global_dtors_aux
00100d9c t frame_dummy
00100dc8 00000634 T nfc_test
001013fc 0000009c T main
00101498 00000178 T consoleDrawChar
00101610 00000124 T consolePrintChar
00101734 00000a00 T con_write
00102134 00000168 T consoleInit
0010229c 000000f4 t newRow
00102390 000000d0 t gfxPresentFramebuffer
00102460 0000001c T gfxIsWide
0010247c 000000ec T gfxSetScreenFormat
00102568 00000010 T gfxSetDoubleBuffering
00102578 00000108 T gfxInit
00102680 00000010 T gfxInitDefault
00102690 000000b4 T gfxExit
00102744 000000a0 T gfxGetFramebuffer
001027e4 0000010c T gfxFlushBuffers
001028f0 00000050 T gfxSwapBuffersGpu
00102940 00000c58 t gspHardwareInit
00103598 00000254 T gspInit
001037ec 000000f0 T gspExit
001038dc 00000010 T gspHasGpuRight
001038ec 00000098 T gspPresentBuffer
00103984 00000050 T gspWaitForEvent
001039d4 00000004 W gxCmdQueueInterrupt
001039d8 00000160 t gspEventThreadMain
00103b38 00000050 T GSPGPU_FlushDataCache
00103b88 00000034 T GSPGPU_SetLcdForceBlack
00103bbc 00000068 T GSPGPU_AcquireRight
00103c24 00000048 T GSPGPU_ReleaseRight
00103c6c 0000007c T GSPGPU_ImportDisplayCaptureInfo
00103ce8 0000002c T GSPGPU_SaveVramSysArea
00103d14 0000002c T GSPGPU_RestoreVramSysArea
00103d40 000000e4 t NFC_StartCommsAdapter
00103e24 00000104 T nfcInit
00103f28 0000006c T nfcExit
00103f94 00000044 T nfcStartScanning
00103fd8 00000060 T nfcStopScanning
00104038 0000002c T nfcLoadAmiiboData
00104064 0000002c T nfcResetTagScanState
00104090 00000034 T nfcUpdateStoredAmiiboData
001040c4 00000050 T nfcGetTagState
00104114 000000a0 T nfcGetTagInfo
001041b4 00000034 T nfcOpenAppData
001041e8 00000108 T nfcInitializeWriteAppData
001042f0 00000058 T nfcReadAppData
00104348 000000d4 T nfcWriteAppData
0010441c 00000068 T nfcGetAmiiboSettings
00104484 00000088 T nfcGetAmiiboConfig
0010450c 000001b0 t aptConvertScreenForCapture
001046bc 00000008 W aptDspSleep
001046c4 00000004 W aptDspWakeup
001046c8 00000004 W aptDspCancel
001046cc 0000015c T aptSendCommand
00104828 00000038 t aptExitProcess
00104860 000002f0 T aptExit
00104b50 000000d8 T aptHandleSleep
00104c28 00000084 T APT_SleepIfShellClosed
00104cac 00000084 T aptSetSleepAllowed
00104d30 00000084 T APT_UnlockTransition
00104db8 00000484 t aptEventHandler
0010523c 000000b0 T APT_ReceiveParameter
001052ec 000000b0 t aptReceiveParameter.constprop.0
001053a0 000002bc t aptScreenTransfer
0010565c 000002d0 t aptWaitForWakeUp.isra.0
0010592c 000000f8 T aptJumpToHomeMenu
00105a24 0000004c T aptMainLoop
00105a70 00000234 T aptInit
00105ca4 0000007c T APT_CheckNew3DS
00105d20 00000024 W hidShouldUseIrrst
00105d44 0000018c T hidInit
00105ed0 000000e8 T hidExit
00105fb8 00000294 T hidScanInput
0010624c 00000010 T hidKeysHeld
0010625c 00000010 T hidKeysDown
0010626c 00000038 W __libctru_init
001062a4 000000f0 W __system_initArgv
00106394 T svcControlMemory
001063b4 T svcQueryMemory
001063e4 T svcExitProcess
001063ec T svcCreateThread
0010640c T svcExitThread
00106414 T svcSleepThread
0010641c T svcReleaseMutex
00106424 T svcCreateEvent
00106438 T svcSignalEvent
00106440 T svcClearEvent
00106448 T svcMapMemoryBlock
00106450 T svcUnmapMemoryBlock
00106458 T svcCreateAddressArbiter
0010646c T svcArbitrateAddressNoTimeout
00106474 T svcCloseHandle
0010647c T svcWaitSynchronization
00106484 T svcWaitSynchronizationN
001064ac T svcDuplicateHandle
001064c0 T svcGetSystemTick
001064c8 T svcConnectToPort
001064dc T svcSendSyncRequest
001064e4 T svcGetResourceLimit
001064f8 T svcGetResourceLimitLimitValues
00106500 T svcGetResourceLimitCurrentValues
00106508 T svcBreak
00106510 W initSystem
00106560 W __ctru_exit
00106578 00000024 t addrMapNodeComparator(rbtree_node const*, rbtree_node const*)
0010659c 00000004 t addrMapNodeDestructor(rbtree_node*)
001065a0 00000114 T vramMemAlign
001066b4 00000008 T vramAlloc
001066bc 0000005c T vramFree
00106718 00000024 t addrMapNodeComparator(rbtree_node const*, rbtree_node const*)
0010673c 00000004 t addrMapNodeDestructor(rbtree_node*)
00106740 00000120 T linearMemAlign
00106860 00000008 T linearAlloc
00106868 0000005c T linearFree
001068c4 00000084 T MemPool::CoalesceRight(MemBlock*)
00106948 00000170 T MemPool::Allocate(MemChunk&, unsigned long, int)
00106ab8 000000fc T MemPool::Deallocate(MemChunk const&)
00106bb4 0000000c T __sync_init
00106bc0 00000018 T __sync_fini
00106bd8 0000002c T syncArbitrateAddress
00106c04 0000001c T LightLock_Init
00106c20 00000094 T LightLock_Lock
00106cb4 00000044 T LightLock_TryLock
00106cf8 00000040 T LightLock_Unlock
00106d38 00000024 T RecursiveLock_Init
00106d5c 00000030 T RecursiveLock_Lock
00106d8c 00000078 T RecursiveLock_TryLock
00106e04 00000054 T RecursiveLock_Unlock
00106e58 00000040 T LightEvent_Init
00106e98 000000a4 T LightEvent_Clear
00106f3c 000000c8 T LightEvent_Signal
00107004 00000058 T LightEvent_TryWait
0010705c 000000b0 T LightEvent_Wait
0010710c 00000054 T osGetTimeRef
00107160 000000e4 T osGetTime
00107244 00000074 T __libctru_gtod
001072b8 00000034 T __ctru_speedup_config
001072ec 00000124 T srvInit
00107410 00000058 T srvExit
00107468 00000080 T srvGetServiceHandleDirect
001074e8 00000048 T srvGetServiceHandle
00107530 00000038 T srvPublishToSubscriber
00107568 00000188 T threadCreate
001076f0 0000002c T threadFree
0010771c 00000024 T threadJoin
00107740 00000030 T threadGetCurrent
00107770 00000040 T threadExit
001077b0 00000044 t _thread_begin
001077f4 00000094 t mappableFindAddressWithin
00107888 00000028 T mappableInit
001078b0 00000080 T mappableAlloc
00107930 00000004 T mappableFree
00107934 00000160 T irrstInit
00107a94 000000cc T irrstExit
00107b60 000000b0 T irrstScanInput
00107c10 00000024 T irrstKeysHeld
00107c34 0000000c T srvPmGetSessionHandle
00107c40 00000074 T ptmSysmInit
00107cb4 0000003c T ptmSysmExit
00107cf0 00000034 T PTMSYSM_ConfigureNew3DSCPU
00107d24 00000010 T rbtree_init
00107d34 000001a0 t do_insert
00107ed4 00000008 T rbtree_insert
00107edc 00000090 T rbtree_rotate
00107f6c 00000338 T rbtree_remove
001082a4 00000074 T rbtree_find
00108318 00000030 W __appInit
00108348 00000030 t __libctru_nanosleep
00108378 00000030 t __libctru_get_reent
001083a8 000000f8 T __system_initSyscalls
001084a0 000001e0 W __system_allocateHeaps
00108680 00000030 W __appExit
001086b0 00000090 W __libctru_exit
00108740 00000084 W envGetHandle
001087c4 00000050 W envDestroyHandles
00108814 00000014 t archive_link
00108828 00000014 t archive_dirreset
0010883c 00000014 t archive_chmod
00108850 00000024 t error_cmp
00108874 00000050 t archive_translate_error
001088c4 000000d4 t archive_seek
00108998 0000007c t _archiveInit.part.0
00108a14 0000008c t archiveFindDevice.part.0
00108aa0 00000294 t archive_utf16path
00108d34 000000a0 t _archiveUnmountDeviceStruct.part.0
00108dd4 00000014 t archive_fchmod
00108de8 00000014 t archive_statvfs
00108dfc 00000158 t _archiveMountDevice
00108f54 000000e8 t archive_diropen
0010903c 000000a4 t archive_fstat
001090e0 0000006c t archive_close
0010914c 0000006c t archive_fsync
001091b8 00000070 t archive_dirclose
00109228 000000e8 t sdmc_statvfs
00109310 00000080 t archive_ftruncate
00109390 000000fc t archive_chdir
0010948c 000000b0 t archive_read
0010953c 000000ac t archive_unlink
001095e8 000000c8 t archive_rmdir
001096b0 000000ec t archive_mkdir
0010979c 000001a8 t archive_stat
00109944 00000184 t archive_rename
00109ac8 00000168 t archive_dirnext
00109c30 0000012c t archive_write
00109d5c 000001f0 t archive_open
00109f4c 000001a4 T archiveMountSdmc
0010a0f0 00000054 T archiveUnmountAll
0010a144 000000c8 T fsInit
0010a20c 0000003c T fsExit
0010a248 00000060 T fsExemptFromSession
0010a2a8 00000050 T fsUnexemptFromSession
0010a2f8 000000cc T FSUSER_OpenFile
0010a3c4 000000bc T FSUSER_DeleteFile
0010a480 000000f8 T FSUSER_RenameFile
0010a578 000000bc T FSUSER_DeleteDirectory
0010a634 000000d4 T FSUSER_CreateFile
0010a708 000000c4 T FSUSER_CreateDirectory
0010a7cc 000000f8 T FSUSER_RenameDirectory
0010a8c4 000000b4 T FSUSER_OpenDirectory
0010a978 00000094 T FSUSER_OpenArchive
0010aa0c 0000008c T FSUSER_CloseArchive
0010aa98 00000074 T FSUSER_GetSdmcArchiveResource
0010ab0c 00000064 T FSUSER_IsSdmcWritable
0010ab70 00000058 T FSFILE_Read
0010abc8 00000060 T FSFILE_Write
0010ac28 00000038 T FSFILE_GetSize
0010ac60 00000028 T FSFILE_SetSize
0010ac88 0000003c T FSFILE_Close
0010acc4 00000024 T FSFILE_Flush
0010ace8 00000050 T FSDIR_Read
0010ad38 0000003c T FSDIR_Close
0010ad74 00000050 T rbtree_node_next
0010adc4 000000e8 T utf16_to_utf8
0010aeac 00000064 T decode_utf16
0010af10 0000013c T decode_utf8
0010b04c 000000c0 T utf8_to_utf16
0010b10c T __aeabi_read_tp
0010b118 00000060 T encode_utf16
0010b178 000000fc T encode_utf8
0010b274 00000120 T __udivmoddi4
0010b394 00000078 T bsearch
0010b40c 0000000c T __errno
0010b418 00000034 T exit
0010b44c 00000160 T _fclose_r
0010b5ac 00000020 T fclose
0010b5cc 00000258 T __sflush_r
0010b824 00000094 T _fflush_r
0010b8b8 00000038 T fflush
0010b8f0 0000000c T _cleanup_r
0010b8fc 00000184 T __sinit
0010ba80 00000134 T __sfp
0010bbb4 0000000c T __sfp_lock_acquire
0010bbc0 0000000c T __sfp_lock_release
0010bbcc 0000003c T __libc_fini_array
0010bc08 00000140 T _fopen_r
0010bd48 00000028 T fopen
0010bd70 000002d0 T _fread_r
0010c040 00000038 T fread
0010c078 000000f8 T _malloc_trim_r
0010c170 000002e4 T _free_r
0010c454 0000001c T _fseek_r
0010c470 000004f8 T _fseeko_r
0010c968 000001bc T _ftello_r
0010cb24 00000068 T _fwalk
0010cb8c 00000070 T _fwalk_reent
0010cbfc 000000f8 T _fwrite_r
0010ccf4 00000038 T fwrite
0010cd2c 0000007c T __libc_init_array
0010cda8 00000138 T __smakebuf_r
0010cee0 00000094 T __swhatbuf_r
0010cf74 00000028 T memalign
0010cf9c 00000148 T _memalign_r
0010d0e4 00000020 T malloc
0010d104 00000020 T free
0010d124 000007f0 T _malloc_r
0010d914 000000e0 T memchr
0010d9f4 0000011c T memcpy
0010db10 00000118 T memset
0010dc28 0000000c T __malloc_lock
0010dc34 0000000c T __malloc_unlock
0010dc40 00000034 T printf
0010dc74 00000024 T putchar
0010dc98 000000dc T _putc_r
0010dd74 000000e0 T _puts_r
0010de54 00000020 T puts
0010de74 0000001c t lflush
0010de90 000001ac T __srefill_r
0010e03c 00000260 T setvbuf
0010e29c 000000cc T snprintf
0010e368 00000074 T sscanf
0010e3dc 00000044 T __sread
0010e420 00000008 T __seofread
0010e428 00000068 T __swrite
0010e490 00000048 T __sseek
0010e4d8 00000008 T __sclose
0010e4e0 0000005c T strlen
0010e53c 000000ec T strncat
0010e628 000000dc T strncmp
0010e704 000000c0 T strncpy
0010e7c4 00000048 T strnlen
0010e80c 0000064c t get_arg
0010ee58 00003808 T _svfprintf_r
00112660 00000050 t get_arg
001126b0 00002b68 T __ssvfscanf_r
00115218 0000064c t get_arg
00115864 00000034 T __sprint_r
00115898 00002584 T _vfiprintf_r
00117e1c 000000d4 t __sbprintf
00117ef0 0000064c t get_arg
00118540 000038d4 T _vfprintf_r
0011be14 000000d4 t __sbprintf
0011bee8 00000108 T __swbuf_r
0011bff0 00000054 T _wcrtomb_r
0011c044 00000028 T _wcsrtombs_r
0011c06c 00000154 T __swsetup_r
0011c1c0 00000114 T __call_exitprocs
0011c2d4 000001a8 t quorem
0011c480 000012ec T _dtoa_r
0011d76c 000000c8 T __sflags
0011d834 000004a4 T __sfvwrite_r
0011dcd8 00000008 T iswspace
0011dce0 0000000c T _localeconv_r
0011dcec 00000010 T __locale_mb_cur_max
0011dcfc 00000068 T _mbrtowc_r
0011dd64 000002fc T __utf8_mbtowc
0011e060 00000154 T memmove
0011e1b4 00000088 T _Balloc
0011e23c 0000001c T _Bfree
0011e258 000000f4 T __multadd
0011e34c 00000110 T __s2b
0011e45c 00000058 T __hi0bits
0011e4b4 0000009c T __lo0bits
0011e550 000000a4 T __i2b
0011e5f4 00000204 T __multiply
0011e7f8 00000120 T __pow5mult
0011e918 0000013c T __lshift
0011ea54 00000058 T __mcmp
0011eaac 000001cc T __mdiff
0011ec78 00000088 T __ulp
0011ed00 000000d4 T __b2d
0011edd4 0000012c T __d2b
0011ef00 00000078 T __ratio
0011ef78 00000088 T __copybits
0011f000 0000005c T __any_on
0011f05c 00000028 T realloc
0011f084 00000598 T _realloc_r
0011f61c 000000e4 T __sccl
0011f700 0000000c T nanf
0011f710 000000a8 T frexp
0011f7b8 00000064 T sprintf
0011f81c 000000b8 T stpncpy
0011f8d4 00000144 T strchr
0011fa18 0000130c T _strtod_l
00120d24 0000000c T _strtod_r
00120d30 0000022c t _strtoll_l.constprop.0
00120f5c 00000004 T _strtoll_r
00120f60 000001b0 t _strtol_l.part.0
00121110 0000003c T _strtol_r
0012114c 00000244 t _strtoull_l.constprop.0
00121390 00000004 T _strtoull_r
00121394 000001c8 t _strtoul_l.constprop.0
0012155c 00000004 T _strtoul_r
00121560 00000188 T __ssprint_r
001216e8 000000e0 T _sungetc_r
001217c8 0000006c T __ssrefill_r
00121834 000000c8 T _sfread_r
001218fc 000000a8 T __submore
001219a4 00000190 T _wcsnrtombs_l
00121b34 0000004c T _wcsnrtombs_r
00121b80 000000f0 T __utf8_wctomb
00121c70 0000005c T __assert_func
00121ccc 00000094 T _calloc_r
00121d60 0000003c T fiprintf
00121d9c 000000ec t rshift
00121e88 00000928 T __gethex
001227b0 0000004c T __match
001227fc 0000029c T __hexnan
00122a98 0000003c T iswspace_l
00122ad4 000001d4 t __jp2uc
00122ca8 0000009c T _jp2uc_l
00122d48 00000010 T nan
00122d58 00000014 T abort
00122d6c 00000084 T category
00122df0 00000098 T _raise_r
00122e88 00000020 T raise
00122ea8 00000008 t null_write
00122eb0 00000018 T setDefaultDevice
00122ec8 000000c8 T FindDevice
00122f90 00000028 T RemoveDevice
00122fb8 0000009c T AddDevice
00123054 00000020 T GetDeviceOpTab
00123074 00000078 T _fstat_r
001230ec 00000014 T _getpid_r
00123100 00000008 T _isatty_r
00123108 00000014 T _kill_r
0012311c 00000084 T _lseek_r
001231a0 000000c8 T _open_r
00123268 00000080 T _read_r
001232e8 00000078 T _sbrk_r
00123360 00000080 T _write_r
001233e0 00000024 T _exit
00123404 000001b8 T _concatenate_path
001235bc 00000160 T chdir
0012371c 00000008 T __flockfile
00123724 00000008 T __funlockfile
0012372c 00000018 T __libc_lock_acquire
00123744 00000018 T __libc_lock_release
0012375c 00000018 T __libc_lock_init_recursive
00123774 00000018 T __libc_lock_acquire_recursive
0012378c 00000018 T __libc_lock_release_recursive
001237a4 00000018 T __libc_lock_close_recursive
001237bc 0000008c T __release_handle
00123848 000000b4 T __alloc_handle
001238fc 0000003c T __get_handle
00123938 000000f4 T _close_r
00123a2c 00000028 T __getreent
00123a54 00000038 T __aeabi_d2lz
00123a54 00000038 T __fixdfdi
00123a90 00000040 T __aeabi_d2ulz
00123a90 00000040 T __fixunsdfdi
00123ad0 00000044 T strrchr
00123b14 T _fini
00124850 00000030 r colorTable
00124880 00000070 r dotab_stdout
00124924 00000008 r morton_x.3
0012492c 00000008 r morton_y.2
00124934 00000008 r s_sleepWakeEvents.4
00124954 R default_font_bin
00125154 R default_font_bin_end
0012518c 00000070 r archive_devoptab
001251fc 00000030 r error_table
00125234 00000004 R _global_impure_ptr
00125274 00000010 r blanks.1
00125284 00000010 r zeroes.0
0012529c 00000022 r basefix.0
001252c0 00000010 r blanks.1
001252d0 00000010 r zeroes.0
001252e0 00000010 r blanks.1
001252f0 00000010 r zeroes.0
00125300 00000101 R _ctype_
00125414 r .LC2
001254f0 00000028 R __mprec_bigtens
00125518 000000c8 R __mprec_tens
001255e0 0000000c r p05.0
001255fc 00000014 r fpi.1
00125610 00000014 r fpinan.0
00125628 00000028 r tinytens
00125650 0000006c R __action_table
001256bc 00000100 R __chclass
001257bc 0000006c R __state_table
001258b0 00000100 R __hexdig
001259c4 000000bc r a1
00125a80 000000bc r a2
00125b3c 0000005b r a3
00125b98 00000070 r a6
00125c08 000000a2 r a7
00125cac 00000040 r a8
00125cec 0000172a r b02cf
00127418 00001a7c r d02f4
00128e94 0000000c R _C_numeric_locale
00128ea0 000031e6 r categories
0012c088 00000070 R dotab_stdnull
0012c0f8 r 
0012c0f8 R __exidx_end
0012c0f8 R __exidx_start
0012d000 00000004 D currentConsole
0012d004 0000004c D defaultConsole
0012d050 00000001 d firstConsoleInit.0
0012d051 00000001 d nfc_optype
0012d054 00000004 d kCount
0012d058 00000004 d kDelay
0012d05c 00000004 d kInterval
0012d060 W __stacksize__
0012d064 0000000c d __sfp_recursive_mutex
0012d070 0000000c d __sinit_recursive_mutex
0012d07c 00000004 D _impure_ptr
0012d080 00000460 d impure_data
0012d4e0 00000408 D __malloc_av_
0012d8e8 00000004 D __malloc_sbrk_base
0012d8ec 00000004 D __malloc_trim_threshold
0012d8f0 0000000c d __malloc_recursive_mutex
0012d8fc 0000000c D __atexit_recursive_mutex
0012d908 0000016c D __global_locale
0012da74 00000002 d numempty
0012da78 00000004 d defaultDevice
0012da7c 0000008c D devoptab_list
0012db08 00000400 d _current_working_directory
0012df08 00000004 d __hndl_lock
0012df0c 0000000c d __stderr_handle
0012df18 0000000c d __stdin_handle
0012df24 0000000c d __stdout_handle
0012df30 00001000 d handles
0012ef38 d _GLOBAL_OFFSET_TABLE_
0012ef44 d __frame_dummy_init_array_entry
0012ef44 D __init_array_start
0012ef44 B __preinit_array_end
0012ef44 B __preinit_array_start
0012ef44 D __tdata_lma
0012ef44 D __tdata_lma_end
0012ef48 d __do_global_dtors_aux_fini_array_entry
0012ef48 D __fini_array_start
0012ef48 D __init_array_end
0012ef4c D __bss_start__
0012ef4c D __fini_array_end
0012ef4c b completed.1
0012ef50 b object.0
0012ef68 0000004c B currentCopy
0012efb4 00000004 b gfxBottomFramebufferMaxSize
0012efb8 00000008 b gfxBottomFramebuffers
0012efc0 00000002 b gfxCurBuf
0012efc4 00000002 b gfxFramebufferFormats
0012efc8 00000002 b gfxIsDoubleBuf
0012efca 00000001 b gfxIsVram
0012efcc 00000004 b gfxTopFramebufferMaxSize
0012efd0 00000008 b gfxTopFramebuffers
0012efd8 00000001 b gfxTopMode
0012efdc 00000004 b screenAlloc
0012efe0 00000004 b screenFree
0012efe4 00000004 b gspEvent
0012efe8 0000001c b gspEventCb
0012f004 0000001c b gspEventCbData
0012f020 00000007 b gspEventCbOneShot
0012f028 00000004 b gspEventThread
0012f02c 00000038 b gspEvents
0012f064 00000004 b gspGpuHandle
0012f068 00000001 b gspGpuRight
0012f06c 00000004 b gspLastEvent
0012f070 00000004 b gspRefCount
0012f074 00000001 b gspRunEvents
0012f078 00000004 b gspSharedMem
0012f07c 00000004 b gspSharedMemHandle
0012f080 00000001 b gspThreadId
0012f084 00000004 b nfcHandle
0012f088 00000004 b nfcRefCount
0012f08c 00000001 b aptChainloadFlags
0012f08d 00000001 b aptChainloadMediatype
0012f090 00000008 b aptChainloadTid
0012f098 00000004 b aptEventHandlerThread
0012f09c 00000001 b aptEventHandlerThreadQuit
0012f0a0 00000008 b aptEvents
0012f0a8 0000000c b aptFirstHook
0012f0b4 00000004 b aptFlags
0012f0b8 00000001 b aptHomeButtonState
0012f0bc 00000004 b aptLockHandle
0012f0c0 00000004 b aptMessageFunc
0012f0c4 00000004 b aptMessageFuncData
0012f0c8 00001000 b aptParameters
001300c8 00000008 b aptReceiveEvent
001300d0 00000004 b aptRefCount
001300d4 00000008 b aptSleepEvent
001300dc 00000001 b flagInit.1
001300dd 00000001 b flagValue.0
001300e0 00000004 b serviceName.6
001300e4 00000006 b aVec
001300ec 00000004 b cPos
001300f0 00000006 b gRate
001300f8 00000014 B hidEvents
0013010c 00000004 B hidHandle
00130110 00000004 B hidMemHandle
00130114 00000004 b hidRefCount
00130118 00000004 B hidSharedMem
0013011c 00000004 b kDown
00130120 00000004 b kHeld
00130124 00000004 b kOld
00130128 00000004 b kRepeat
0013012c 00000004 b kUp
00130130 00000004 b tPos
00130134 00000001 b usingIrrst
00130138 00000004 B __system_retAddr
0013013c 00000004 B __system_argc
00130140 00000004 B __system_argv
00130144 b saved_stack
0013014c 0000000c b sAddrMap
00130158 00000008 b sVramPool
00130160 00000008 b sLinearPool
00130168 0000000c b sAddrMap
00130174 00000004 b arbiter
00130178 00000001 V __ctru_speedup
0013017c 00000004 b srvHandle
00130180 00000004 b srvRefCount
00130184 00000004 b currentAddr
00130188 00000004 b maxAddr
0013018c 00000004 b minAddr
00130190 00000004 b csPos
00130194 00000004 B irrstEvent
00130198 00000004 B irrstHandle
0013019c 00000004 B irrstMemHandle
001301a0 00000004 b irrstRefCount
001301a4 00000004 B irrstSharedMem
001301a8 00000004 b kHeld
001301ac 00000004 b srvPmHandle
001301b0 00000004 b ptmSysmHandle
001301b4 00000004 b ptmSysmRefCount
001301b8 00000004 B __ctru_heap
001301bc 00000004 V __ctru_heap_size
001301c0 00000004 B __ctru_linear_heap
001301c4 00000004 V __ctru_linear_heap_size
001301c8 00000004 b archive_device_cwd
001301d0 00000540 b archive_devices
00130710 00000001 b archive_initialized
00130718 00000080 b fsExemptArchives
00130798 00000004 b fsuHandle
0013079c 00000004 b fsuRefCount
001307a0 00000028 B __malloc_current_mallinfo
001307c8 00000004 B __malloc_max_sbrked_mem
001307cc 00000004 B __malloc_max_total_mem
001307d0 00000004 B __malloc_top_pad
001307d4 00000004 b heap_start.0
001307d8 00000004 B fake_heap_end
001307dc 00000004 B fake_heap_start
001307e0 00000400 b temp_cwd
00130be0 00000048 B __syscalls
00130c28 B __tls_start
00131830 B __bss_end__
00131830 A __end__
00131830 B __tls_end
