         w __deregister_frame_info
         w __register_frame_info
         w userAppExit
         w userAppInit
00000000 00000401 B __ctru_dev_path_buf
00000000 b _TLS_MODULE_BASE_
00000000 a shift
00000000 a shift
00000404 00000802 B __ctru_dev_utf16_buf
00100000 A __start__
00100000 T _start
00100008 T __service_ptr
0010000c T __apt_appid
00100010 T __heap_size
00100014 T __linear_heap_size
00100018 T __system_arglist
0010001c T __system_runflags
00100020 t startup
00100058 t ClearMem
0010006c t ClrLoop
00100094 T _init
001000ac T __aeabi_idiv
001000ac 00000220 T __divsi3
001000b4 t .divsi3_skip_div0_test
001002cc 00000020 T __aeabi_idivmod
001002ec 00000004 W __aeabi_idiv0
001002ec 00000004 W __aeabi_ldiv0
001002f0 T __aeabi_ldivmod
001003c4 T __aeabi_uldivmod
00100408 00000390 T strcmp
00100790 t .udivsi3_skip_div0_test
00100790 T __aeabi_uidiv
00100790 000001ec T __udivsi3
0010097c 00000020 T __aeabi_uidivmod
0010099c T __aeabi_drsub
001009a4 000002b0 T __aeabi_dsub
001009a4 000002b0 T __subdf3
001009a8 000002ac T __adddf3
001009a8 000002ac T __aeabi_dadd
00100c54 00000024 T __aeabi_ui2d
00100c54 00000024 T __floatunsidf
00100c78 00000028 T __aeabi_i2d
00100c78 00000028 T __floatsidf
00100ca0 00000048 T __aeabi_f2d
00100ca0 00000048 T __extendsfdf2
00100ce8 00000074 T __aeabi_ul2d
00100ce8 00000074 T __floatundidf
00100cfc 00000060 T __aeabi_l2d
00100cfc 00000060 T __floatdidf
00100d5c t __do_global_dtors_aux
00100d9c t frame_dummy
00100dc8 000003dc T http_post
001011a4 0000007c T main
00101220 00000178 T consoleDrawChar
00101398 00000124 T consolePrintChar
001014bc 00000a00 T con_write
00101ebc 00000168 T consoleInit
00102024 000000f4 t newRow
00102118 000000d0 t gfxPresentFramebuffer
001021e8 0000001c T gfxIsWide
00102204 000000ec T gfxSetScreenFormat
001022f0 00000010 T gfxSetDoubleBuffering
00102300 00000108 T gfxInit
00102408 00000010 T gfxInitDefault
00102418 000000b4 T gfxExit
001024cc 000000a0 T gfxGetFramebuffer
0010256c 0000010c T gfxFlushBuffers
00102678 00000050 T gfxSwapBuffers
001026c8 00000050 T gfxSwapBuffersGpu
00102718 00000c58 t gspHardwareInit
00103370 00000254 T gspInit
001035c4 000000f0 T gspExit
001036b4 00000010 T gspHasGpuRight
001036c4 00000098 T gspPresentBuffer
0010375c 00000050 T gspWaitForEvent
001037ac 00000004 W gxCmdQueueInterrupt
001037b0 00000160 t gspEventThreadMain
00103910 00000050 T GSPGPU_FlushDataCache
00103960 00000034 T GSPGPU_SetLcdForceBlack
00103994 00000068 T GSPGPU_AcquireRight
001039fc 00000048 T GSPGPU_ReleaseRight
00103a44 0000007c T GSPGPU_ImportDisplayCaptureInfo
00103ac0 0000002c T GSPGPU_SaveVramSysArea
00103aec 0000002c T GSPGPU_RestoreVramSysArea
00103b18 000001b0 t aptConvertScreenForCapture
00103cc8 00000008 W aptDspSleep
00103cd0 00000004 W aptDspWakeup
00103cd4 00000004 W aptDspCancel
00103cd8 0000015c T aptSendCommand
00103e34 00000038 t aptExitProcess
00103e6c 000002f0 T aptExit
0010415c 000000d8 T aptHandleSleep
00104234 00000084 T APT_SleepIfShellClosed
001042b8 00000084 T aptSetSleepAllowed
0010433c 00000084 T APT_UnlockTransition
001043c0 00000484 t aptEventHandler
00104844 000000b0 T APT_ReceiveParameter
001048f4 000000b0 t aptReceiveParameter.constprop.0
001049a8 000002bc t aptScreenTransfer
00104c64 000002d0 t aptWaitForWakeUp.isra.0
00104f34 000000f8 T aptJumpToHomeMenu
0010502c 0000004c T aptMainLoop
00105078 00000234 T aptInit
001052ac 0000007c T APT_CheckNew3DS
00105328 00000024 W hidShouldUseIrrst
0010534c 0000018c T hidInit
001054d8 000000e8 T hidExit
001055c0 00000294 T hidScanInput
00105854 00000010 T hidKeysDown
00105864 0000019c T httpcInit
00105a00 00000094 T httpcExit
00105a94 00000150 T httpcOpenContext
00105be4 00000040 T httpcCloseContext
00105c24 0000012c T httpcDownloadData
00105d50 00000084 T httpcAddRequestHeaderField
00105dd4 00000044 T httpcAddPostDataRaw
00105e18 00000030 T httpcBeginRequest
00105e48 00000054 T httpcGetDownloadSizeState
00105e9c 00000078 T httpcGetResponseHeader
00105f14 0000003c T httpcGetResponseStatusCode
00105f50 00000034 T httpcSetSSLOpt
00105f84 00000034 T httpcSetKeepAlive
00105fb8 00000038 W __libctru_init
00105ff0 000000f0 W __system_initArgv
001060e0 T svcControlMemory
00106100 T svcQueryMemory
00106130 T svcExitProcess
00106138 T svcCreateThread
00106158 T svcExitThread
00106160 T svcSleepThread
00106168 T svcReleaseMutex
00106170 T svcCreateEvent
00106184 T svcSignalEvent
0010618c T svcClearEvent
00106194 T svcCreateMemoryBlock
001061ac T svcMapMemoryBlock
001061b4 T svcUnmapMemoryBlock
001061bc T svcCreateAddressArbiter
001061d0 T svcArbitrateAddressNoTimeout
001061d8 T svcCloseHandle
001061e0 T svcWaitSynchronization
001061e8 T svcWaitSynchronizationN
00106210 T svcDuplicateHandle
00106224 T svcGetSystemTick
0010622c T svcConnectToPort
00106240 T svcSendSyncRequest
00106248 T svcGetResourceLimit
0010625c T svcGetResourceLimitLimitValues
00106264 T svcGetResourceLimitCurrentValues
0010626c T svcBreak
00106274 W initSystem
001062c4 W __ctru_exit
001062dc 00000024 t addrMapNodeComparator(rbtree_node const*, rbtree_node const*)
00106300 00000004 t addrMapNodeDestructor(rbtree_node*)
00106304 00000114 T vramMemAlign
00106418 00000008 T vramAlloc
00106420 0000005c T vramFree
0010647c 00000024 t addrMapNodeComparator(rbtree_node const*, rbtree_node const*)
001064a0 00000004 t addrMapNodeDestructor(rbtree_node*)
001064a4 00000120 T linearMemAlign
001065c4 00000008 T linearAlloc
001065cc 0000005c T linearFree
00106628 00000084 T MemPool::CoalesceRight(MemBlock*)
001066ac 00000170 T MemPool::Allocate(MemChunk&, unsigned long, int)
0010681c 000000fc T MemPool::Deallocate(MemChunk const&)
00106918 0000000c T __sync_init
00106924 00000018 T __sync_fini
0010693c 0000002c T syncArbitrateAddress
00106968 0000001c T LightLock_Init
00106984 00000094 T LightLock_Lock
00106a18 00000044 T LightLock_TryLock
00106a5c 00000040 T LightLock_Unlock
00106a9c 00000024 T RecursiveLock_Init
00106ac0 00000030 T RecursiveLock_Lock
00106af0 00000078 T RecursiveLock_TryLock
00106b68 00000054 T RecursiveLock_Unlock
00106bbc 00000040 T LightEvent_Init
00106bfc 000000a4 T LightEvent_Clear
00106ca0 000000c8 T LightEvent_Signal
00106d68 00000058 T LightEvent_TryWait
00106dc0 000000b0 T LightEvent_Wait
00106e70 00000054 T osGetTimeRef
00106ec4 000000e4 T osGetTime
00106fa8 00000074 T __libctru_gtod
0010701c 00000034 T __ctru_speedup_config
00107050 00000124 T srvInit
00107174 00000058 T srvExit
001071cc 00000080 T srvGetServiceHandleDirect
0010724c 00000048 T srvGetServiceHandle
00107294 00000038 T srvPublishToSubscriber
001072cc 00000188 T threadCreate
00107454 0000002c T threadFree
00107480 00000024 T threadJoin
001074a4 00000030 T threadGetCurrent
001074d4 00000040 T threadExit
00107514 00000044 t _thread_begin
00107558 00000094 t mappableFindAddressWithin
001075ec 00000028 T mappableInit
00107614 00000080 T mappableAlloc
00107694 00000004 T mappableFree
00107698 00000160 T irrstInit
001077f8 000000cc T irrstExit
001078c4 000000b0 T irrstScanInput
00107974 00000024 T irrstKeysHeld
00107998 0000000c T srvPmGetSessionHandle
001079a4 00000074 T ptmSysmInit
00107a18 0000003c T ptmSysmExit
00107a54 00000034 T PTMSYSM_ConfigureNew3DSCPU
00107a88 00000010 T rbtree_init
00107a98 000001a0 t do_insert
00107c38 00000008 T rbtree_insert
00107c40 00000090 T rbtree_rotate
00107cd0 00000338 T rbtree_remove
00108008 00000074 T rbtree_find
0010807c 00000030 W __appInit
001080ac 00000030 t __libctru_nanosleep
001080dc 00000030 t __libctru_get_reent
0010810c 000000f8 T __system_initSyscalls
00108208 000001e0 W __system_allocateHeaps
001083e8 00000030 W __appExit
00108418 00000090 W __libctru_exit
001084a8 00000084 W envGetHandle
0010852c 00000050 W envDestroyHandles
0010857c 00000014 t archive_link
00108590 00000014 t archive_dirreset
001085a4 00000014 t archive_chmod
001085b8 00000024 t error_cmp
001085dc 00000050 t archive_translate_error
0010862c 000000d4 t archive_seek
00108700 0000007c t _archiveInit.part.0
0010877c 0000008c t archiveFindDevice.part.0
00108808 00000294 t archive_utf16path
00108a9c 000000a0 t _archiveUnmountDeviceStruct.part.0
00108b3c 00000014 t archive_fchmod
00108b50 00000014 t archive_statvfs
00108b64 00000158 t _archiveMountDevice
00108cbc 000000e8 t archive_diropen
00108da4 000000a4 t archive_fstat
00108e48 0000006c t archive_close
00108eb4 0000006c t archive_fsync
00108f20 00000070 t archive_dirclose
00108f90 000000e8 t sdmc_statvfs
00109078 00000080 t archive_ftruncate
001090f8 000000fc t archive_chdir
001091f4 000000b0 t archive_read
001092a4 000000ac t archive_unlink
00109350 000000c8 t archive_rmdir
00109418 000000ec t archive_mkdir
00109504 000001a8 t archive_stat
001096ac 00000184 t archive_rename
00109830 00000168 t archive_dirnext
00109998 0000012c t archive_write
00109ac4 000001f0 t archive_open
00109cb4 000001a4 T archiveMountSdmc
00109e58 00000054 T archiveUnmountAll
00109eac 000000c8 T fsInit
00109f74 0000003c T fsExit
00109fb0 00000060 T fsExemptFromSession
0010a010 00000050 T fsUnexemptFromSession
0010a060 000000cc T FSUSER_OpenFile
0010a12c 000000bc T FSUSER_DeleteFile
0010a1e8 000000f8 T FSUSER_RenameFile
0010a2e0 000000bc T FSUSER_DeleteDirectory
0010a39c 000000d4 T FSUSER_CreateFile
0010a470 000000c4 T FSUSER_CreateDirectory
0010a534 000000f8 T FSUSER_RenameDirectory
0010a62c 000000b4 T FSUSER_OpenDirectory
0010a6e0 00000094 T FSUSER_OpenArchive
0010a774 0000008c T FSUSER_CloseArchive
0010a800 00000074 T FSUSER_GetSdmcArchiveResource
0010a874 00000064 T FSUSER_IsSdmcWritable
0010a8d8 00000058 T FSFILE_Read
0010a930 00000060 T FSFILE_Write
0010a990 00000038 T FSFILE_GetSize
0010a9c8 00000028 T FSFILE_SetSize
0010a9f0 0000003c T FSFILE_Close
0010aa2c 00000024 T FSFILE_Flush
0010aa50 00000050 T FSDIR_Read
0010aaa0 0000003c T FSDIR_Close
0010aadc 00000050 T rbtree_node_next
0010ab2c 000000e8 T utf16_to_utf8
0010ac14 00000064 T decode_utf16
0010ac78 0000013c T decode_utf8
0010adb4 000000c0 T utf8_to_utf16
0010ae74 T __aeabi_read_tp
0010ae80 00000060 T encode_utf16
0010aee0 000000fc T encode_utf8
0010afdc 00000120 T __udivmoddi4
0010b0fc 00000078 T bsearch
0010b174 0000000c T __errno
0010b180 00000034 T exit
0010b1b4 0000003c T __libc_fini_array
0010b1f0 0000007c T __libc_init_array
0010b26c 00000028 T memalign
0010b294 00000148 T _memalign_r
0010b3dc 00000020 T malloc
0010b3fc 00000020 T free
0010b41c 000007f0 T _malloc_r
0010bc0c 000000e0 T memchr
0010bcec 0000011c T memcpy
0010be08 00000118 T memset
0010bf20 0000000c T __malloc_lock
0010bf2c 0000000c T __malloc_unlock
0010bf38 00000034 T printf
0010bf6c 00000024 T putchar
0010bf90 000000dc T _putc_r
0010c06c 00000028 T realloc
0010c094 00000598 T _realloc_r
0010c62c 00000260 T setvbuf
0010c88c 00000074 T sscanf
0010c900 00000044 T __sread
0010c944 00000008 T __seofread
0010c94c 00000068 T __swrite
0010c9b4 00000048 T __sseek
0010c9fc 00000008 T __sclose
0010ca04 0000005c T strlen
0010ca60 000000ec T strncat
0010cb4c 000000dc T strncmp
0010cc28 000000c0 T strncpy
0010cce8 00000048 T strnlen
0010cd30 00000050 t get_arg
0010cd80 00002b68 T __ssvfscanf_r
0010f8e8 0000064c t get_arg
0010ff34 00000034 T __sprint_r
0010ff68 00002584 T _vfiprintf_r
001124ec 000000d4 t __sbprintf
001125c0 0000064c t get_arg
00112c10 000038d4 T _vfprintf_r
001164e4 000000d4 t __sbprintf
001165b8 00000108 T __swbuf_r
001166c0 00000054 T _wcrtomb_r
00116714 00000028 T _wcsrtombs_r
0011673c 00000154 T __swsetup_r
00116890 00000114 T __call_exitprocs
001169a4 000001a8 t quorem
00116b50 000012ec T _dtoa_r
00117e3c 00000258 T __sflush_r
00118094 00000094 T _fflush_r
00118128 0000000c T _cleanup_r
00118134 00000184 T __sinit
001182b8 0000000c T __sfp_lock_acquire
001182c4 0000000c T __sfp_lock_release
001182d0 000000f8 T _malloc_trim_r
001183c8 000002e4 T _free_r
001186ac 000004a4 T __sfvwrite_r
00118b50 00000070 T _fwalk_reent
00118bc0 00000008 T iswspace
00118bc8 0000000c T _localeconv_r
00118bd4 00000010 T __locale_mb_cur_max
00118be4 00000138 T __smakebuf_r
00118d1c 00000094 T __swhatbuf_r
00118db0 00000068 T _mbrtowc_r
00118e18 000002fc T __utf8_mbtowc
00119114 00000154 T memmove
00119268 00000088 T _Balloc
001192f0 0000001c T _Bfree
0011930c 000000f4 T __multadd
00119400 00000110 T __s2b
00119510 00000058 T __hi0bits
00119568 0000009c T __lo0bits
00119604 000000a4 T __i2b
001196a8 00000204 T __multiply
001198ac 00000120 T __pow5mult
001199cc 0000013c T __lshift
00119b08 00000058 T __mcmp
00119b60 000001cc T __mdiff
00119d2c 00000088 T __ulp
00119db4 000000d4 T __b2d
00119e88 0000012c T __d2b
00119fb4 00000078 T __ratio
0011a02c 00000088 T __copybits
0011a0b4 0000005c T __any_on
0011a110 000000e4 T __sccl
0011a1f4 0000000c T nanf
0011a200 000000a8 T frexp
0011a2a8 00000064 T sprintf
0011a30c 000000b8 T stpncpy
0011a3c4 00000144 T strchr
0011a508 0000130c T _strtod_l
0011b814 0000000c T _strtod_r
0011b820 0000022c t _strtoll_l.constprop.0
0011ba4c 00000004 T _strtoll_r
0011ba50 000001b0 t _strtol_l.part.0
0011bc00 0000003c T _strtol_r
0011bc3c 00000244 t _strtoull_l.constprop.0
0011be80 00000004 T _strtoull_r
0011be84 000001c8 t _strtoul_l.constprop.0
0011c04c 00000004 T _strtoul_r
0011c050 00000188 T __ssprint_r
0011c1d8 000000e0 T _sungetc_r
0011c2b8 0000006c T __ssrefill_r
0011c324 000000c8 T _sfread_r
0011c3ec 0000064c t get_arg
0011ca38 00003808 T _svfprintf_r
00120240 000000a8 T __submore
001202e8 00000190 T _wcsnrtombs_l
00120478 0000004c T _wcsnrtombs_r
001204c4 000000f0 T __utf8_wctomb
001205b4 0000005c T __assert_func
00120610 00000094 T _calloc_r
001206a4 00000160 T _fclose_r
00120804 0000003c T fiprintf
00120840 000000ec t rshift
0012092c 00000928 T __gethex
00121254 0000004c T __match
001212a0 0000029c T __hexnan
0012153c 0000003c T iswspace_l
00121578 000001d4 t __jp2uc
0012174c 0000009c T _jp2uc_l
001217e8 00000010 T nan
001217f8 00000014 T abort
0012180c 00000084 T category
00121890 00000098 T _raise_r
00121928 00000020 T raise
00121948 00000008 t null_write
00121950 00000018 T setDefaultDevice
00121968 000000c8 T FindDevice
00121a30 00000028 T RemoveDevice
00121a58 0000009c T AddDevice
00121af4 00000020 T GetDeviceOpTab
00121b14 00000078 T _fstat_r
00121b8c 00000014 T _getpid_r
00121ba0 00000008 T _isatty_r
00121ba8 00000014 T _kill_r
00121bbc 00000084 T _lseek_r
00121c40 00000080 T _read_r
00121cc0 00000078 T _sbrk_r
00121d38 00000080 T _write_r
00121db8 00000024 T _exit
00121ddc 000001b8 T _concatenate_path
00121f94 00000160 T chdir
001220f4 00000008 T __flockfile
001220fc 00000008 T __funlockfile
00122104 00000018 T __libc_lock_acquire
0012211c 00000018 T __libc_lock_release
00122134 00000018 T __libc_lock_init_recursive
0012214c 00000018 T __libc_lock_acquire_recursive
00122164 00000018 T __libc_lock_release_recursive
0012217c 00000018 T __libc_lock_close_recursive
00122194 0000003c T __get_handle
001221d0 000000f4 T _close_r
001222c4 00000028 T __getreent
001222ec 00000038 T __aeabi_d2lz
001222ec 00000038 T __fixdfdi
00122328 00000040 T __aeabi_d2ulz
00122328 00000040 T __fixunsdfdi
00122368 00000044 T strrchr
001223ac T _fini
00123234 00000030 r colorTable
00123264 00000070 r dotab_stdout
001232f8 00000008 r morton_x.3
00123300 00000008 r morton_y.2
00123308 00000008 r s_sleepWakeEvents.4
00123330 R default_font_bin
00123b30 R default_font_bin_end
00123b68 00000070 r archive_devoptab
00123bd8 00000030 r error_table
00123c10 00000004 R _global_impure_ptr
00123c1c 00000022 r basefix.0
00123c68 00000010 r blanks.1
00123c78 00000010 r zeroes.0
00123c9c 00000010 r blanks.1
00123cac 00000010 r zeroes.0
00123cbc 00000101 R _ctype_
00123dd0 r .LC2
00123eb0 00000028 R __mprec_bigtens
00123ed8 000000c8 R __mprec_tens
00123fa0 0000000c r p05.0
00123fbc 00000014 r fpi.1
00123fd0 00000014 r fpinan.0
00123fe8 00000028 r tinytens
00124010 0000006c R __action_table
0012407c 00000100 R __chclass
0012417c 0000006c R __state_table
001241e8 00000010 r blanks.1
001241f8 00000010 r zeroes.0
00124290 00000100 R __hexdig
001243a4 000000bc r a1
00124460 000000bc r a2
0012451c 0000005b r a3
00124578 00000070 r a6
001245e8 000000a2 r a7
0012468c 00000040 r a8
001246cc 0000172a r b02cf
00125df8 00001a7c r d02f4
00127874 0000000c R _C_numeric_locale
00127880 000031e6 r categories
0012aa68 00000070 R dotab_stdnull
0012aad8 r 
0012aad8 R __exidx_end
0012aad8 R __exidx_start
0012b000 00000004 D currentConsole
0012b004 0000004c D defaultConsole
0012b050 00000001 d firstConsoleInit.0
0012b054 00000004 d kCount
0012b058 00000004 d kDelay
0012b05c 00000004 d kInterval
0012b060 W __stacksize__
0012b064 00000004 D _impure_ptr
0012b068 00000460 d impure_data
0012b4c8 00000408 D __malloc_av_
0012b8d0 00000004 D __malloc_sbrk_base
0012b8d4 00000004 D __malloc_trim_threshold
0012b8d8 0000000c d __malloc_recursive_mutex
0012b8e4 0000000c D __atexit_recursive_mutex
0012b8f0 0000000c d __sfp_recursive_mutex
0012b8fc 0000000c d __sinit_recursive_mutex
0012b908 0000016c D __global_locale
0012ba74 00000002 d numempty
0012ba78 00000004 d defaultDevice
0012ba7c 0000008c D devoptab_list
0012bb08 00000400 d _current_working_directory
0012bf08 00000004 d __hndl_lock
0012bf0c 0000000c d __stderr_handle
0012bf18 0000000c d __stdin_handle
0012bf24 0000000c d __stdout_handle
0012bf30 00001000 d handles
0012cf38 d _GLOBAL_OFFSET_TABLE_
0012cf44 d __frame_dummy_init_array_entry
0012cf44 D __init_array_start
0012cf44 B __preinit_array_end
0012cf44 B __preinit_array_start
0012cf44 D __tdata_lma
0012cf44 D __tdata_lma_end
0012cf48 d __do_global_dtors_aux_fini_array_entry
0012cf48 D __fini_array_start
0012cf48 D __init_array_end
0012cf4c D __bss_start__
0012cf4c D __fini_array_end
0012cf4c b completed.1
0012cf50 b object.0
0012cf68 0000004c B currentCopy
0012cfb4 00000004 b gfxBottomFramebufferMaxSize
0012cfb8 00000008 b gfxBottomFramebuffers
0012cfc0 00000002 b gfxCurBuf
0012cfc4 00000002 b gfxFramebufferFormats
0012cfc8 00000002 b gfxIsDoubleBuf
0012cfca 00000001 b gfxIsVram
0012cfcc 00000004 b gfxTopFramebufferMaxSize
0012cfd0 00000008 b gfxTopFramebuffers
0012cfd8 00000001 b gfxTopMode
0012cfdc 00000004 b screenAlloc
0012cfe0 00000004 b screenFree
0012cfe4 00000004 b gspEvent
0012cfe8 0000001c b gspEventCb
0012d004 0000001c b gspEventCbData
0012d020 00000007 b gspEventCbOneShot
0012d028 00000004 b gspEventThread
0012d02c 00000038 b gspEvents
0012d064 00000004 b gspGpuHandle
0012d068 00000001 b gspGpuRight
0012d06c 00000004 b gspLastEvent
0012d070 00000004 b gspRefCount
0012d074 00000001 b gspRunEvents
0012d078 00000004 b gspSharedMem
0012d07c 00000004 b gspSharedMemHandle
0012d080 00000001 b gspThreadId
0012d081 00000001 b aptChainloadFlags
0012d082 00000001 b aptChainloadMediatype
0012d088 00000008 b aptChainloadTid
0012d090 00000004 b aptEventHandlerThread
0012d094 00000001 b aptEventHandlerThreadQuit
0012d098 00000008 b aptEvents
0012d0a0 0000000c b aptFirstHook
0012d0ac 00000004 b aptFlags
0012d0b0 00000001 b aptHomeButtonState
0012d0b4 00000004 b aptLockHandle
0012d0b8 00000004 b aptMessageFunc
0012d0bc 00000004 b aptMessageFuncData
0012d0c0 00001000 b aptParameters
0012e0c0 00000008 b aptReceiveEvent
0012e0c8 00000004 b aptRefCount
0012e0cc 00000008 b aptSleepEvent
0012e0d4 00000001 b flagInit.1
0012e0d5 00000001 b flagValue.0
0012e0d8 00000004 b serviceName.6
0012e0dc 00000006 b aVec
0012e0e4 00000004 b cPos
0012e0e8 00000006 b gRate
0012e0f0 00000014 B hidEvents
0012e104 00000004 B hidHandle
0012e108 00000004 B hidMemHandle
0012e10c 00000004 b hidRefCount
0012e110 00000004 B hidSharedMem
0012e114 00000004 b kDown
0012e118 00000004 b kHeld
0012e11c 00000004 b kOld
0012e120 00000004 b kRepeat
0012e124 00000004 b kUp
0012e128 00000004 b tPos
0012e12c 00000001 b usingIrrst
0012e130 00000004 b __httpc_refcount
0012e134 00000004 B __httpc_servhandle
0012e138 00000004 B __httpc_sharedmem_addr
0012e13c 00000004 b __httpc_sharedmem_handle
0012e140 00000004 b __httpc_sharedmem_size
0012e144 00000004 B __system_retAddr
0012e148 00000004 B __system_argc
0012e14c 00000004 B __system_argv
0012e150 b saved_stack
0012e158 0000000c b sAddrMap
0012e164 00000008 b sVramPool
0012e16c 00000008 b sLinearPool
0012e174 0000000c b sAddrMap
0012e180 00000004 b arbiter
0012e184 00000001 V __ctru_speedup
0012e188 00000004 b srvHandle
0012e18c 00000004 b srvRefCount
0012e190 00000004 b currentAddr
0012e194 00000004 b maxAddr
0012e198 00000004 b minAddr
0012e19c 00000004 b csPos
0012e1a0 00000004 B irrstEvent
0012e1a4 00000004 B irrstHandle
0012e1a8 00000004 B irrstMemHandle
0012e1ac 00000004 b irrstRefCount
0012e1b0 00000004 B irrstSharedMem
0012e1b4 00000004 b kHeld
0012e1b8 00000004 b srvPmHandle
0012e1bc 00000004 b ptmSysmHandle
0012e1c0 00000004 b ptmSysmRefCount
0012e1c4 00000004 B __ctru_heap
0012e1c8 00000004 V __ctru_heap_size
0012e1cc 00000004 B __ctru_linear_heap
0012e1d0 00000004 V __ctru_linear_heap_size
0012e1d4 00000004 b archive_device_cwd
0012e1d8 00000540 b archive_devices
0012e718 00000001 b archive_initialized
0012e720 00000080 b fsExemptArchives
0012e7a0 00000004 b fsuHandle
0012e7a4 00000004 b fsuRefCount
0012e7a8 00000028 B __malloc_current_mallinfo
0012e7d0 00000004 B __malloc_max_sbrked_mem
0012e7d4 00000004 B __malloc_max_total_mem
0012e7d8 00000004 B __malloc_top_pad
0012e7dc 00000004 b heap_start.0
0012e7e0 00000004 B fake_heap_end
0012e7e4 00000004 B fake_heap_start
0012e7e8 00000400 b temp_cwd
0012ebe8 00000048 B __syscalls
0012ec30 B __tls_start
0012f838 B __bss_end__
0012f838 A __end__
0012f838 B __tls_end
